

 **************************************
 *                                    *
 *    OUTPUT FROM PROGRAM PLACZEK     *
 *                                    *
 **************************************
                                                             
 *  A Program Designed to Compute Infrared and Raman Spectra 
 *                                                           
 *  Written by Luciano N. Vidal                              
 *  Universidade Tecnologica Federal do Parana, Brazil       
 *                                                           
 *  If results obtained with this code are published,        
 *  an appropriate citation would be:                        
 *                                                           
 ** For Raman Properties:                                    
 *                                                           
 *  Vidal, L.N., P.A.M. Vazquez; Quim. Nova, 26(4), (2003), 507-511
 *  Vidal, L.N., P.A.M. Vazquez; Int. J. Quant. Chem., 103(5), (2005), 632-648
 *                                                           
 ** For Infrared Properties:                                 
 *                                                           
 *  Faria, S.H.D.M., da Silva Jr., J.V., Haiduke, R.L.A., Vidal, L.N.,
 *  Vazquez, P.A.M., Bruns, R.E.; J. Phys. Chem. A, 111, (2007), 7870-7875
 *                                                           
 *  NOTE:                                                    
 *                                                           
 *  This is an experimental code. The author accept no responsibility for the
 *  performance of the code or for the correctness of the results. Report
 *  bugs to lnvidal@utfpr.edu.br                          
 *                                                           
 *****************************
 * Release date: August.2020 *
 *****************************

       RUNCTRL OPTIONS
       ===============

       REMOTE   = F
       RESTART  = F
       FRIEND   = AIMAll              

       USE SYMMETRY  = F


       VIBANA OPTIONS
       ==============

       HF    = F
       MP2   = F
       CCS   = F
       CC2   = F
       CCSD  = F
       QCISD = F
       DHF   = F
       DFT   = F

       DALHESS    = F
       GAMHESS    = F
       GAUSHES    = T
       C4HESS     = F
       GRADHESS   = F

       RUN        = F


       INFRARED OPTIONS
       ================


       HF    = F
       MP2   = T
       CCS   = F
       CC2   = F
       CCSD  = F
       QCISD = F
       DHF   = F
       DFT   = F


       RUN  = T

       ANGSTROM = T


       OVERTONES = F

       EXPENSIVE DERIVATIVES = F


 *************************************
 **** OUTPUT FROM PROGRAM ROTOANA ****
 *************************************

 ------------------------------------------------------
 - ROTATIONAL ANALYSIS WAS DONE USING FRIEND.INP FILE -
 ------------------------------------------------------
                             x            y            z
 * Center of Mass (in A):    0.000000     0.000000    -0.672959

 Inertia Tensor (in u*A^2)
 ------------------------- 
                   x              y              z
  x       289.823588       0.000000       0.000000
  y         0.000000     146.660919       0.000000
  z         0.000000       0.000000     143.162669

 Principal Moments and Principal Axes of Inertia
 -----------------------------------------------
                                 x       y       z
 IA  =    143.162669  u*A^2    ( 0.0000  0.0000  1.0000 )
 IB  =    146.660919  u*A^2    ( 0.0000  1.0000  0.0000 )
 IC  =    289.823588  u*A^2    ( 1.0000  0.0000  0.0000 )

 Principal Cartesian Coordinates 
 ------------------------------- 
       x                    y                    z
C      0.000000000000000    0.000000000000000    0.283543880391324
Cl     0.000000000000000   -2.703697321748597   -1.564581823465520
Cl     0.000000000000000    2.703697321748597   -1.564581823465520
S      0.000000000000000    0.000000000000000    3.316042211271818

 * Molecule Recognized as Non-Linear

 Rotational Constants
 --------------------
 A =         3530.10 MHz     (        0.117752 cm-1)
 B =         3445.90 MHz     (        0.114943 cm-1)
 C =         1743.75 MHz     (        0.058165 cm-1)
 * The molecule is an Asymmetric Top
 * The molecule is Planar

 Atom  Z   Isotopic Mass   Abundance        x             y             z
 C     6.      12.000000    98.900 %        0.000000      0.000000     -0.522914
 Cl   17.      34.968853    75.770 %        0.000000     -1.430735     -1.500900
 Cl   17.      34.968853    75.770 %        0.000000      1.430735     -1.500900
 S    16.      31.972071    95.020 %        0.000000      0.000000      1.081815

 Total mass:         113.909777 amu
 Natural abundance:   53.952 %


 **************************************
 **** OUTPUT FROM PROGRAM SYMMETRY ****
 **************************************

 * Threshold to consider two distances equal (angstrom) : 5.00D-03

 * Threshold to consider two inertia moments equal : 1.00D-01


 * The following coordinates were used to locate the point group : 
   (center of mass in the origin)

   #  Atom  Z   Isotopic Mass        x             y             z
   1    C   6.      12.000000        0.000000      0.000000      0.150045
   2    Cl 17.      34.968853        0.000000     -1.430735     -0.827941
   3    Cl 17.      34.968853        0.000000      1.430735     -0.827941
   4    S  16.      31.972071        0.000000      0.000000      1.754774

 Interatomic distances (in A) 
 ---------------------------- 
            1 C      2 Cl     3 Cl     4 S 
   1 C    0.0000   1.7330   1.7330   1.6047
   2 Cl   1.7330   0.0000   2.8615   2.9525
   3 Cl   1.7330   2.8615   0.0000   2.9525
   4 S    1.6047   2.9525   2.9525   0.0000


 Symmetrically Equivalent Atoms (SEA): 
 -------------------------------------   
 Set | # Atoms | SEA 
   1 |     1   |    1

   2 |     2   |    2   3

   3 |     1   |    4


 * The number of C_n^k axes found is :  1
   ---------------------------------
 Cn-Axis   n   k   theta         Direction (x y z)
    1      2   1     180    0.00000   0.00000  -1.00000

 * The number of reflexion planes found is :  2
   ---------------------------------------
 Plane    Normal vector (x y z)
   1      0.00000  -1.00000   0.00000
   2      1.00000   0.00000   0.00000

 --------------------
 * Point group found: C2v 
 --------------------

 * Order of the group:    4

 * The number of atoms is:    4

 ************************************
 **** OUTPUT FROM PROGRAM VIBANA ****
 ************************************


 @ MOLECULAR HESSIAN READ FROM GAUSSIAN.log FILE                                


                         ==========================
                         =  ENERGY HESSIAN (a.u.) =
                         ==========================


                                1 C                           2 Cl
                        X         Y         Z         X         Y         Z
                        1         2         3         4         5         6
         X   1   0.093055  0.000000  0.000002 -0.028948 -0.000004 -0.000003
   1 C   Y   2   0.000000  0.272578 -0.000002  0.000000 -0.118003 -0.060074
         Z   3   0.000002 -0.000002  0.508234 -0.000001 -0.057418 -0.072195

         X   4  -0.028948  0.000000 -0.000001  0.009011  0.000003  0.000003
   2 Cl  Y   5  -0.000004 -0.118003 -0.057418  0.000003  0.171331  0.083826
         Z   6  -0.000003 -0.060074 -0.072195  0.000003  0.083826  0.099681

         X   7  -0.028948  0.000000  0.000000  0.008993  0.000003  0.000003
   3 Cl  Y   8   0.000004 -0.118014  0.057417 -0.000003 -0.048966  0.004652
         Z   9  -0.000003  0.060083 -0.072196  0.000003 -0.004651  0.007319

         X  10  -0.035157  0.000000  0.000004  0.010947 -0.000008 -0.000007
   4 S   Y  11   0.000000 -0.036548  0.000000  0.000000 -0.004361 -0.028397
         Z  12   0.000004 -0.000008 -0.363852 -0.000004 -0.021766 -0.034804


                                3 Cl                          4 S 
                        X         Y         Z         X         Y         Z
                        7         8         9        10        11        12
         X   1  -0.028948  0.000004 -0.000003 -0.035157  0.000000  0.000004
   1 C   Y   2   0.000000 -0.118014  0.060083  0.000000 -0.036548 -0.000008
         Z   3   0.000000  0.057417 -0.072196  0.000004  0.000000 -0.363852

         X   4   0.008993 -0.000003  0.000003  0.010947  0.000000 -0.000004
   2 Cl  Y   5   0.000003 -0.048966 -0.004651 -0.000008 -0.004361 -0.021766
         Z   6   0.000003  0.004652  0.007319 -0.000007 -0.028397 -0.034804

         X   7   0.009011 -0.000003  0.000003  0.010947  0.000000 -0.000005
   3 Cl  Y   8  -0.000003  0.171330 -0.083826  0.000008 -0.004361  0.021767
         Z   9   0.000003 -0.083826  0.099682 -0.000007  0.028397 -0.034804

         X  10   0.010947  0.000008 -0.000007  0.013253  0.000000  0.000009
   4 S   Y  11   0.000000 -0.004361  0.028397  0.000000  0.045266  0.000000
         Z  12  -0.000005  0.021767 -0.034804  0.000009  0.000000  0.433466



 @  VIBRATIONAL FREQUENCIES  ( in cm-1 )               
    NORMAL COORDINATES       ( in bohr*sqrt(amu) ) and 
    REDUCED MASSES           ( in amu )                


 ----------------------------------------------------------------
 MODE #                 1         2         3         4         5
 VIB FREQ         1172.27    840.45    512.05    479.06    305.84 

 REDMASS          13.6765   13.3778   31.9230   12.8870   30.8832

 ----------------------------------------------------------------
         X   1   0.000000 -0.000000  0.000079  0.272774  0.000000
   1 C   Y   2  -0.000000  0.265055  0.000006 -0.000000 -0.064999
         Z   3   0.258905 -0.000002  0.052694 -0.000015  0.000000

         X   4  -0.000000  0.000000 -0.000011 -0.029120  0.000000
   2 Cl  Y   5  -0.008754 -0.040938 -0.076549  0.000022 -0.038433
         Z   6  -0.009785 -0.022867 -0.056012  0.000015 -0.081965

         X   7   0.000000 -0.000000 -0.000011 -0.029120 -0.000000
   3 Cl  Y   8   0.008754 -0.040943  0.076541 -0.000022 -0.038440
         Z   9  -0.009785  0.022871 -0.056007  0.000015  0.081965

         X  10   0.000000 -0.000000  0.000000 -0.038678 -0.000000
   4 S   Y  11   0.000000 -0.009923 -0.000000 -0.000000  0.108462
         Z  12  -0.075771 -0.000004  0.102745 -0.000028 -0.000001
 ----------------------------------------------------------------

 ----------------------------------------------------------------
 MODE #                 6         7         8         9        10
 VIB FREQ          297.21      3.75      3.69      0.85      0.11 

 REDMASS          31.0125   33.5401   34.9668   28.9826   28.5148

 ----------------------------------------------------------------
         X   1  -0.000000 -0.000003  0.000020  0.087370 -0.025014
   1 C   Y   2   0.000002  0.016290  0.000035  0.000078  0.000647
         Z   3   0.068885 -0.000253  0.001493  0.025700  0.090091

         X   4  -0.000000 -0.000639 -0.119534  0.099378 -0.026183
   2 Cl  Y   5   0.091448 -0.040905  0.000342  0.000038  0.000530
         Z   6  -0.047822  0.083478  0.001043  0.025762  0.090264

         X   7  -0.000000  0.000631  0.119584  0.098281 -0.029831
   3 Cl  Y   8  -0.091447 -0.040905  0.000342  0.000034  0.000520
         Z   9  -0.047825 -0.083983  0.001943  0.025638  0.089906

         X  10   0.000003 -0.000002  0.000011  0.068506 -0.020086
   4 S   Y  11  -0.000002  0.110366 -0.000471  0.000148  0.000848
         Z  12   0.078742 -0.000252  0.001493  0.025699  0.090089
 ----------------------------------------------------------------

 ----------------------------------
 MODE #                11        12
 VIB FREQ            0.66i     5.41i
 REDMASS          28.6877   32.1011
 ----------------------------------
         X   1   0.000102  0.025857
   1 C   Y   2   0.092674 -0.000001
         Z   3  -0.000606  0.000307

         X   4   0.000255 -0.053839
   2 Cl  Y   5   0.097319  0.000003
         Z   6  -0.007407  0.000316

         X   7  -0.000031 -0.053843
   3 Cl  Y   8   0.097322 -0.000005
         Z   9   0.006190  0.000316

         X  10   0.000084  0.157114
   4 S   Y  11   0.085048 -0.000000
         Z  12  -0.000605  0.000304
 ----------------------------------

 -------------------------------------------
 ----  CARTESIAN CHARGE TENSORS (a.u.)  ----
 -------------------------------------------


@       ATOMIC POLAR TENSOR FOR ATOM  C   1

              dX          dY          dZ

  d PX  -0.27083893  0.00000000  0.00000000
  d PY   0.00000000 -0.27083893  0.00000000
  d PZ   0.00000000  0.00000000 -0.27083893


@       ATOMIC POLAR TENSOR FOR ATOM  Cl  2

              dX          dY          dZ

  d PX  -0.11582277  0.00000000  0.00000000
  d PY   0.00000000 -0.11582277  0.00000000
  d PZ   0.00000000  0.00000000 -0.11582277


@       ATOMIC POLAR TENSOR FOR ATOM  Cl  3

              dX          dY          dZ

  d PX  -0.11582418  0.00000000  0.00000000
  d PY   0.00000000 -0.11582418  0.00000000
  d PZ   0.00000000  0.00000000 -0.11582418


@       ATOMIC POLAR TENSOR FOR ATOM  S   4

              dX          dY          dZ

  d PX   0.50244738  0.00000000  0.00000000
  d PY   0.00000000  0.50244738  0.00000000
  d PZ   0.00000000  0.00000000  0.50244738



 @ 
 @ GAPT Atomic Charges from => ATOMIC CHARGE TENSORS <=                       
 @ 
 @ J. Cioslowski, J. Am. Chem. Soc., 111(22), 8333-8336, 1989
 @ 

 -------------------------
 Atom  #     Charge / a.u.
 -------------------------
 C     1         -0.270839
 Cl    2         -0.115823
 Cl    3         -0.115824
 S     4          0.502447
 -------------------------
 Total Charge :  -0.000039
 -------------------------


 ------------------------------------------------
 ----  CARTESIAN CHARGE FLUX TENSORS (a.u.)  ----
 ------------------------------------------------


@       ATOMIC POLAR TENSOR FOR ATOM  C   1

              dX          dY          dZ

  d PX   0.00000000  0.00000000  0.00000000
  d PY   0.00001402  1.45255299  0.00001781
  d PZ  -0.00029575 -0.00936204  4.96791424


@       ATOMIC POLAR TENSOR FOR ATOM  Cl  2

              dX          dY          dZ

  d PX   0.00000000  0.00000000  0.00000000
  d PY   0.00004042 -0.60901803 -0.28495055
  d PZ   0.00383952 -0.36918506 -0.37419895


@       ATOMIC POLAR TENSOR FOR ATOM  Cl  3

              dX          dY          dZ

  d PX   0.00000000  0.00000000  0.00000000
  d PY  -0.00003520 -0.60901059  0.28491149
  d PZ  -0.00605605  0.36163426 -0.38146249


@       ATOMIC POLAR TENSOR FOR ATOM  S   4

              dX          dY          dZ

  d PX   0.00000000  0.00000000  0.00000000
  d PY  -0.00004235 -0.23438923  0.00001052
  d PZ   0.00267003  0.00706737 -4.20652619



 @ 
 @ GAPT Atomic Charges from => ATOMIC CHARGE FLUX TENSORS <=                  
 @ 
 @ J. Cioslowski, J. Am. Chem. Soc., 111(22), 8333-8336, 1989
 @ 

 -------------------------
 Atom  #     Charge / a.u.
 -------------------------
 C     1          2.140156
 Cl    2         -0.327739
 Cl    3         -0.330158
 S     4         -1.480305
 -------------------------
 Total Charge :   0.001954
 -------------------------


 ------------------------------------------------
 ----  CARTESIAN DIPOLE FLUX TENSORS (a.u.)  ----
 ------------------------------------------------


@       ATOMIC POLAR TENSOR FOR ATOM  C   1

              dX          dY          dZ

  d PX   0.16074667  0.01864605 -0.00222221
  d PY  -0.00541386  0.20374278 -0.02067705
  d PZ   0.00047563 -0.01129069 -2.92355891


@       ATOMIC POLAR TENSOR FOR ATOM  Cl  2

              dX          dY          dZ

  d PX   0.16204553  0.00374584 -0.01580388
  d PY   0.01834516  0.07108708 -0.04596866
  d PZ  -0.01035297 -0.12228200  0.03510503


@       ATOMIC POLAR TENSOR FOR ATOM  Cl  3

              dX          dY          dZ

  d PX   0.16516345  0.00778316  0.01574095
  d PY   0.02692522  0.07895149  0.07392733
  d PZ   0.01461011  0.10640817  0.04873014


@       ATOMIC POLAR TENSOR FOR ATOM  S   4

              dX          dY          dZ

  d PX  -0.48758416 -0.02581864  0.00095060
  d PY  -0.03878120 -0.37788964  0.00500782
  d PZ  -0.00502729 -0.01266863  2.83008048



 @ 
 @ GAPT Atomic Charges from => ATOMIC DIPOLE FLUX TENSORS <=                  
 @ 
 @ J. Cioslowski, J. Am. Chem. Soc., 111(22), 8333-8336, 1989
 @ 

 -------------------------
 Atom  #     Charge / a.u.
 -------------------------
 C     1         -0.853023
 Cl    2          0.089413
 Cl    3          0.097615
 S     4          0.654869
 -------------------------
 Total Charge :  -0.011127
 -------------------------


 ---------------------------------------------------
 ----  CARTESIAN MOLECULAR POLAR TENSOR (a.u.)  ----
 ---------------------------------------------------


@       ATOMIC POLAR TENSOR FOR ATOM  C   1

              dX          dY          dZ

  d PX  -0.11009226  0.01864605 -0.00222221
  d PY  -0.00539984  1.38545684 -0.02065924
  d PZ   0.00017988 -0.02065273  1.77351639


@       ATOMIC POLAR TENSOR FOR ATOM  Cl  2

              dX          dY          dZ

  d PX   0.04622276  0.00374584 -0.01580388
  d PY   0.01838557 -0.65375373 -0.33091920
  d PZ  -0.00651346 -0.49146706 -0.45491668


@       ATOMIC POLAR TENSOR FOR ATOM  Cl  3

              dX          dY          dZ

  d PX   0.04933927  0.00778316  0.01574095
  d PY   0.02689003 -0.64588329  0.35883882
  d PZ   0.00855406  0.46804243 -0.44855653


@       ATOMIC POLAR TENSOR FOR ATOM  S   4

              dX          dY          dZ

  d PX   0.01486322 -0.02581864  0.00095060
  d PY  -0.03882355 -0.10983150  0.00501833
  d PZ  -0.00235726 -0.00560125 -0.87399834



 @ 
 @ GAPT Atomic Charges from => TOTAL (C+CF+DF) ATOMIC POLAR TENSOR <=         
 @ 
 @ J. Cioslowski, J. Am. Chem. Soc., 111(22), 8333-8336, 1989
 @ 

 -------------------------
 Atom  #     Charge / a.u.
 -------------------------
 C     1          1.016294
 Cl    2         -0.354149
 Cl    3         -0.348367
 S     4         -0.322989
 -------------------------
 Total Charge :  -0.009211
 -------------------------




 ************************************
 *   OUTPUT FROM PROGRAM INFRAINT   *
 ************************************

 -----------------------------------------------------------------------------------
 ATOMIC CONTRIBUTIONS TO THE IR INTENSITIES

 Ax = K.( \sum_b{ (dPx^a/dxb).(dxb/dQj) +
                  (dPx^a/dyb).(dyb/dQj) +
                  (dPx^a/dzb).(dzb/dQj) } ).(dPx/dQj)

 Ay = K.( \sum_b{ (dPy^a/dxb).(dxb/dQj) +
                  (dPy^a/dyb).(dyb/dQj) +
                  (dPy^a/dzb).(dzb/dQj) } ).(dPy/dQj)

 Az = K.( \sum_b{ (dPz^a/dxb).(dxb/dQj) +
                  (dPz^a/dyb).(dyb/dQj) +
                  (dPz^a/dzb).(dzb/dQj) } ).(dPz/dQj)

  K = 974.864 km.amu / (mol.e^2)

 Px^a = x-component of the atomic dipole moment of atom a
 Py^a = y-component of the atomic dipole moment of atom a
 Pz^a = z-component of the atomic dipole moment of atom a

 xb = x-coordinate of atom b
 yb = y-coordinate of atom b
 zb = z-coordinate of atom b
 -----------------------------------------------------------------------------------

 -------------------------------------------------------------------------------------------------------------
 MODE # 1 ( 1172.27 cm-1)
 -------------------------------------------------------------------------------------------------------------

  ATOM         Ax          Ay          Az      (Ax + Ay + Az)
 C    1        0.00        0.03      -28.10       -28.06
 Cl   2        0.00       -0.83       49.42        48.59
 Cl   3       -0.00        0.83       49.41        50.24
 S    4        0.00        0.00      216.32       216.32

 ----------------------------------------------
  ATOM        C         CT        DP      TOTAL
 C    1    -37.09    191.05   -182.02    -28.06
 Cl   2      0.59     76.33    -28.34     48.59
 Cl   3      0.61     77.94    -28.30     50.24
 S    4    -20.14    510.99   -274.53    216.32

 -------------------------------------------------------------------------------------------------------------
  ATOM       C.C      CT.CT     DP.DP      C.CT     CT.C       C.DP     DP.C      CT.DP     DP.CT     TOTAL
 C    1      7.24    569.93    325.53   -110.66    -37.29     66.32     35.54   -341.58   -543.09    -28.06
 Cl   2     -0.12    230.11     50.62      1.79    -15.06     -1.08      5.53   -138.72    -84.48     48.59
 Cl   3     -0.12    230.10     50.65      1.79    -15.06     -1.07      5.53   -137.10    -84.48     50.24
 S    4      3.93   1524.34    490.83    -60.08    -99.75     36.01     53.59   -913.60   -818.94    216.32
 -------------------------------------------------------------------------------------------------------------
 Total intensity =  287.09 km/mol
 -------------------------------------------------------------------------------------------------------------

 -------------------------------------------------------------------------------------------------------------
 MODE # 2 (  840.45 cm-1)
 -------------------------------------------------------------------------------------------------------------

  ATOM         Ax          Ay          Az      (Ax + Ay + Az)
 C    1        0.03       32.62        0.02        32.67
 Cl   2       -0.00       70.62       -0.97        69.64
 Cl   3       -0.00       70.61        0.97        71.59
 S    4        0.00       12.57        0.00        12.57

 ----------------------------------------------
  ATOM        C         CT        DP      TOTAL
 C    1    -30.60      0.01     63.26     32.67
 Cl   2      2.01     94.97    -27.34     69.64
 Cl   3      2.03     96.96    -27.41     71.59
 S    4     -2.13     -0.00     14.69     12.57

 -------------------------------------------------------------------------------------------------------------
  ATOM       C.C      CT.CT     DP.DP      C.CT     CT.C       C.DP     DP.C      CT.DP     DP.CT     TOTAL
 C    1      4.71      0.01      7.89    -31.51      0.00     -3.80     -9.73      0.00     65.10     32.67
 Cl   2     -0.31     98.25     -3.39      2.07    -14.77      0.25      4.21     11.49    -28.16     69.64
 Cl   3     -0.31     99.36     -3.42      2.09    -14.77      0.26      4.21     12.37    -28.20     71.59
 S    4      0.33     -0.00      1.83     -2.19     -0.00     -0.26     -2.26     -0.00     15.13     12.57
 -------------------------------------------------------------------------------------------------------------
 Total intensity =  186.47 km/mol
 -------------------------------------------------------------------------------------------------------------

 -------------------------------------------------------------------------------------------------------------
 MODE # 3 (  512.05 cm-1)
 -------------------------------------------------------------------------------------------------------------

  ATOM         Ax          Ay          Az      (Ax + Ay + Az)
 C    1        0.00        0.00        5.55         5.56
 Cl   2       -0.00        0.00       -1.07        -1.06
 Cl   3       -0.00       -0.00       -1.07        -1.07
 S    4        0.00       -0.00       12.48        12.48

 ----------------------------------------------
  ATOM        C         CT        DP      TOTAL
 C    1     -1.78     -5.10     12.43      5.56
 Cl   2      0.79      1.89     -3.75     -1.06
 Cl   3      0.82      1.93     -3.82     -1.07
 S    4      6.43     -7.70     13.75     12.48

 -------------------------------------------------------------------------------------------------------------
  ATOM       C.C      CT.CT     DP.DP      C.CT     CT.C       C.DP     DP.C      CT.DP     DP.CT     TOTAL
 C    1     -0.70      2.88     14.56      1.00     -2.01     -2.08      4.90     -5.97     -7.02      5.56
 Cl   2      0.32     -1.08     -4.39     -0.46      0.75      0.93     -1.49      2.21      2.14     -1.06
 Cl   3      0.32     -1.08     -4.46     -0.46      0.75      0.96     -1.49      2.25      2.14     -1.07
 S    4      2.53      4.35     16.10     -3.63     -3.03      7.53      5.42     -9.01     -7.77     12.48
 -------------------------------------------------------------------------------------------------------------
 Total intensity =   15.90 km/mol
 -------------------------------------------------------------------------------------------------------------

 -------------------------------------------------------------------------------------------------------------
 MODE # 4 (  479.06 cm-1)
 -------------------------------------------------------------------------------------------------------------

  ATOM         Ax          Ay          Az      (Ax + Ay + Az)
 C    1        3.52        0.00        0.00         3.52
 Cl   2        0.30       -0.00       -0.00         0.30
 Cl   3        0.30       -0.00       -0.00         0.30
 S    4       -3.04       -0.00       -0.00        -3.04

 ----------------------------------------------
  ATOM        C         CT        DP      TOTAL
 C    1      2.40     -0.00      1.12      3.52
 Cl   2     -0.11      0.00      0.41      0.30
 Cl   3     -0.11     -0.00      0.41      0.30
 S    4      0.63      0.00     -3.68     -3.04

 -------------------------------------------------------------------------------------------------------------
  ATOM       C.C      CT.CT     DP.DP      C.CT     CT.C       C.DP     DP.C      CT.DP     DP.CT     TOTAL
 C    1      6.23      0.00     -1.78     -0.00      0.00     -3.83      2.90     -0.00     -0.00      3.52
 Cl   2     -0.28      0.00     -0.66      0.00      0.00      0.17      1.07      0.00     -0.00      0.30
 Cl   3     -0.28      0.00     -0.66      0.00      0.00      0.17      1.07     -0.00     -0.00      0.30
 S    4      1.64     -0.00      5.85      0.00     -0.00     -1.01     -9.53      0.00      0.00     -3.04
 -------------------------------------------------------------------------------------------------------------
 Total intensity =    1.09 km/mol
 -------------------------------------------------------------------------------------------------------------

 -------------------------------------------------------------------------------------------------------------
 MODE # 5 (  305.84 cm-1)
 -------------------------------------------------------------------------------------------------------------

  ATOM         Ax          Ay          Az      (Ax + Ay + Az)
 C    1        0.00        0.11        0.00         0.11
 Cl   2        0.00       -0.06       -0.05        -0.11
 Cl   3        0.00       -0.06        0.05        -0.01
 S    4       -0.00        0.03        0.00         0.03

 ----------------------------------------------
  ATOM        C         CT        DP      TOTAL
 C    1      0.08      0.00      0.03      0.11
 Cl   2      0.04     -0.09     -0.06     -0.11
 Cl   3     -0.00     -0.03      0.02     -0.01
 S    4      0.24      0.00     -0.21      0.03

 -------------------------------------------------------------------------------------------------------------
  ATOM       C.C      CT.CT     DP.DP      C.CT     CT.C       C.DP     DP.C      CT.DP     DP.CT     TOTAL
 C    1      1.39      0.00     -0.32     -0.45     -0.00     -0.86      0.52      0.00     -0.17      0.11
 Cl   2      0.35      0.32      0.20     -0.10     -1.04     -0.21     -0.35      0.63      0.09     -0.11
 Cl   3      0.35      0.35      0.24     -0.12     -1.04     -0.23     -0.35      0.66      0.13     -0.01
 S    4      4.30      0.00      2.34     -1.40     -0.00     -2.67     -3.78      0.00      1.23      0.03
 -------------------------------------------------------------------------------------------------------------
 Total intensity =    0.03 km/mol
 -------------------------------------------------------------------------------------------------------------

 -------------------------------------------------------------------------------------------------------------
 MODE # 6 (  297.21 cm-1)
 -------------------------------------------------------------------------------------------------------------

  ATOM         Ax          Ay          Az      (Ax + Ay + Az)
 C    1        0.00        0.01       -0.32        -0.31
 Cl   2        0.00       -0.05       -0.02        -0.08
 Cl   3       -0.00        0.05       -0.02         0.03
 S    4       -0.00       -0.00        0.44         0.44

 ----------------------------------------------
  ATOM        C         CT        DP      TOTAL
 C    1     -0.16     -0.16      0.01     -0.31
 Cl   2      0.08      0.06     -0.21     -0.08
 Cl   3      0.02      0.11     -0.10      0.03
 S    4      0.34     -0.18      0.28      0.44

 -------------------------------------------------------------------------------------------------------------
  ATOM       C.C      CT.CT     DP.DP      C.CT     CT.C       C.DP     DP.C      CT.DP     DP.CT     TOTAL
 C    1     -0.58      0.36      0.01      0.36     -0.59      0.06     -0.00      0.06      0.00     -0.31
 Cl   2      0.17     -0.19      0.00     -0.11      0.31      0.01     -0.56     -0.06      0.35     -0.08
 Cl   3      0.17     -0.19      0.12     -0.11      0.31     -0.05     -0.56     -0.01      0.35      0.03
 S    4      1.23      0.39     -0.11     -0.76     -0.64     -0.13      1.02      0.07     -0.63      0.44
 -------------------------------------------------------------------------------------------------------------
 Total intensity =    0.09 km/mol
 -------------------------------------------------------------------------------------------------------------

 -------------------------------------------------------------------------------------------------------------
 MODE # 7 (    3.75 cm-1)
 -------------------------------------------------------------------------------------------------------------

  ATOM         Ax          Ay          Az      (Ax + Ay + Az)
 C    1        0.03       -0.15        0.00        -0.12
 Cl   2       -0.00        0.04        0.01         0.05
 Cl   3        0.00        0.04       -0.01         0.04
 S    4        0.00        0.10        0.00         0.10

 ----------------------------------------------
  ATOM        C         CT        DP      TOTAL
 C    1     -0.03     -0.00     -0.10     -0.12
 Cl   2      0.03     -0.00      0.02      0.05
 Cl   3      0.02     -0.00      0.01      0.04
 S    4      0.32     -0.00     -0.22      0.10

 -------------------------------------------------------------------------------------------------------------
  ATOM       C.C      CT.CT     DP.DP      C.CT     CT.C       C.DP     DP.C      CT.DP     DP.CT     TOTAL
 C    1     -0.26      0.00      1.22      0.00      0.00      0.23     -1.32     -0.00     -0.00     -0.12
 Cl   2      0.28     -0.00     -0.14     -0.01     -0.00     -0.23      0.17      0.00     -0.01      0.05
 Cl   3      0.28      0.00     -0.16      0.01     -0.00     -0.27      0.17      0.00      0.00      0.04
 S    4      3.27      0.00      2.01     -0.01      0.00     -2.95     -2.23     -0.00      0.00      0.10
 -------------------------------------------------------------------------------------------------------------
 Total intensity =    0.06 km/mol
 -------------------------------------------------------------------------------------------------------------

 -------------------------------------------------------------------------------------------------------------
 MODE # 8 (    3.69 cm-1)
 -------------------------------------------------------------------------------------------------------------

  ATOM         Ax          Ay          Az      (Ax + Ay + Az)
 C    1        0.00        0.00        0.00         0.00
 Cl   2        0.01       -0.00       -0.00         0.01
 Cl   3       -0.01       -0.00       -0.00        -0.01
 S    4        0.00       -0.00        0.00         0.00

 ----------------------------------------------
  ATOM        C         CT        DP      TOTAL
 C    1     -0.00     -0.00      0.01      0.00
 Cl   2      0.01     -0.00      0.00      0.01
 Cl   3     -0.01      0.00     -0.00     -0.01
 S    4      0.00      0.00      0.00      0.00

 -------------------------------------------------------------------------------------------------------------
  ATOM       C.C      CT.CT     DP.DP      C.CT     CT.C       C.DP     DP.C      CT.DP     DP.CT     TOTAL
 C    1      0.00      0.00      0.01      0.00      0.00     -0.00     -0.00     -0.00     -0.00      0.00
 Cl   2     -0.00      0.00      0.00      0.00      0.00      0.01     -0.00     -0.00     -0.00      0.01
 Cl   3      0.00     -0.00     -0.00      0.00      0.00     -0.01      0.00      0.00      0.00     -0.01
 S    4      0.00     -0.00      0.00     -0.00     -0.00      0.00     -0.00      0.00     -0.00      0.00
 -------------------------------------------------------------------------------------------------------------
 Total intensity =    0.00 km/mol
 -------------------------------------------------------------------------------------------------------------

 -------------------------------------------------------------------------------------------------------------
 MODE # 9 (    0.85 cm-1)
 -------------------------------------------------------------------------------------------------------------

  ATOM         Ax          Ay          Az      (Ax + Ay + Az)
 C    1       -0.01        0.00        0.00        -0.01
 Cl   2       -0.01        0.00        0.00        -0.01
 Cl   3       -0.01       -0.00        0.00        -0.01
 S    4        0.03        0.00       -0.00         0.03

 ----------------------------------------------
  ATOM        C         CT        DP      TOTAL
 C    1     -0.02     -0.00      0.01     -0.01
 Cl   2     -0.01      0.00     -0.00     -0.01
 Cl   3     -0.01     -0.00     -0.00     -0.01
 S    4      0.03     -0.00      0.01      0.03

 -------------------------------------------------------------------------------------------------------------
  ATOM       C.C      CT.CT     DP.DP      C.CT     CT.C       C.DP     DP.C      CT.DP     DP.CT     TOTAL
 C    1      0.28      0.00      0.08     -0.00     -0.00     -0.30     -0.08     -0.00     -0.00     -0.01
 Cl   2      0.14      0.00     -0.01     -0.00      0.00     -0.14      0.01      0.00     -0.00     -0.01
 Cl   3      0.13      0.00     -0.01     -0.00     -0.00     -0.14      0.01     -0.00      0.00     -0.01
 S    4     -0.41      0.00      0.10      0.00     -0.00      0.43     -0.09     -0.00     -0.00      0.03
 -------------------------------------------------------------------------------------------------------------
 Total intensity =    0.00 km/mol
 -------------------------------------------------------------------------------------------------------------

 -------------------------------------------------------------------------------------------------------------
 MODE #10 (    0.11 cm-1)
 -------------------------------------------------------------------------------------------------------------

  ATOM         Ax          Ay          Az      (Ax + Ay + Az)
 C    1       -0.00        0.00        0.01         0.01
 Cl   2       -0.00       -0.00        0.00         0.00
 Cl   3       -0.00       -0.00        0.00         0.00
 S    4        0.00        0.00       -0.02        -0.01

 ----------------------------------------------
  ATOM        C         CT        DP      TOTAL
 C    1      0.01     -0.00      0.00      0.01
 Cl   2      0.00      0.00     -0.00      0.00
 Cl   3      0.00     -0.00     -0.00      0.00
 S    4     -0.02     -0.00      0.00     -0.01

 -------------------------------------------------------------------------------------------------------------
  ATOM       C.C      CT.CT     DP.DP      C.CT     CT.C       C.DP     DP.C      CT.DP     DP.CT     TOTAL
 C    1      0.02      0.00      0.01     -0.01     -0.00     -0.00     -0.01     -0.00     -0.00      0.01
 Cl   2      0.01      0.00     -0.00     -0.01      0.00     -0.00      0.00     -0.00     -0.00      0.00
 Cl   3      0.01      0.00     -0.00     -0.01     -0.00     -0.00      0.00     -0.00      0.00      0.00
 S    4     -0.03      0.00      0.01      0.02     -0.00     -0.01     -0.01     -0.00     -0.00     -0.01
 -------------------------------------------------------------------------------------------------------------
 Total intensity =    0.00 km/mol
 -------------------------------------------------------------------------------------------------------------

 -------------------------------------------------------------------------------------------------------------
 MODE #11 (    0.66 cm-1)
 -------------------------------------------------------------------------------------------------------------

  ATOM         Ax          Ay          Az      (Ax + Ay + Az)
 C    1        0.00        0.07        0.02         0.09
 Cl   2       -0.00        0.03       -0.01         0.03
 Cl   3        0.00        0.03        0.00         0.04
 S    4        0.00       -0.12        0.00        -0.12

 ----------------------------------------------
  ATOM        C         CT        DP      TOTAL
 C    1      0.07      0.00      0.02      0.09
 Cl   2      0.03     -0.00     -0.00      0.03
 Cl   3      0.03      0.00      0.00      0.04
 S    4     -0.11      0.00     -0.01     -0.12

 -------------------------------------------------------------------------------------------------------------
  ATOM       C.C      CT.CT     DP.DP      C.CT     CT.C       C.DP     DP.C      CT.DP     DP.CT     TOTAL
 C    1      0.12      0.00      0.01     -0.00     -0.00     -0.05      0.00      0.00      0.00      0.09
 Cl   2      0.05     -0.00     -0.00     -0.00     -0.00     -0.03      0.00     -0.00     -0.00      0.03
 Cl   3      0.05      0.00      0.00      0.00     -0.00     -0.02      0.00      0.00      0.00      0.04
 S    4     -0.20      0.00      0.01      0.00     -0.00      0.09     -0.01      0.00      0.00     -0.12
 -------------------------------------------------------------------------------------------------------------
 Total intensity =    0.03 km/mol
 -------------------------------------------------------------------------------------------------------------

 -------------------------------------------------------------------------------------------------------------
 MODE #12 (    5.41 cm-1)
 -------------------------------------------------------------------------------------------------------------

  ATOM         Ax          Ay          Az      (Ax + Ay + Az)
 C    1        0.29        0.07        0.00         0.36
 Cl   2       -0.06        0.00        0.00        -0.06
 Cl   3       -0.06       -0.00        0.00        -0.06
 S    4       -0.14        0.00       -0.00        -0.14

 ----------------------------------------------
  ATOM        C         CT        DP      TOTAL
 C    1      0.04     -0.00      0.32      0.36
 Cl   2     -0.03      0.00     -0.02     -0.06
 Cl   3     -0.03     -0.00     -0.02     -0.06
 S    4     -0.44     -0.00      0.29     -0.14

 -------------------------------------------------------------------------------------------------------------
  ATOM       C.C      CT.CT     DP.DP      C.CT     CT.C       C.DP     DP.C      CT.DP     DP.CT     TOTAL
 C    1     -0.58      0.00      4.03     -0.00     -0.00      0.61     -3.71     -0.00     -0.00      0.36
 Cl   2      0.51     -0.00     -0.34     -0.00      0.00     -0.55      0.32      0.00      0.00     -0.06
 Cl   3      0.51     -0.00     -0.34     -0.00      0.00     -0.55      0.32     -0.00      0.00     -0.06
 S    4      6.50      0.00      4.64      0.00     -0.00     -6.93     -4.35     -0.00     -0.00     -0.14
 -------------------------------------------------------------------------------------------------------------
 Total intensity =    0.10 km/mol
 -------------------------------------------------------------------------------------------------------------

 -----------------------------------------------------------------------------------
 DYNAMIC CONTRIBUTIONS TO THE IR INTENSITIES

 Ax = K.( (dPx/dxa).(dxa/dQj) +
          (dPx/dya).(dya/dQj) +
          (dPx/dza).(dza/dQj) ).(dPx/dQj)

 Ay = K.( (dPy/dxa).(dxa/dQj) +
          (dPy/dya).(dya/dQj) +
          (dPy/dza).(dza/dQj) ).(dPy/dQj)

 Az = K.( (dPz/dxa).(dxa/dQj) +
          (dPz/dya).(dya/dQj) +
          (dPz/dza).(dza/dQj) ).(dPz/dQj)

  K = 974.864 km.amu / (mol.e^2)

 Px = x-component of the molecular dipole moment
 Py = y-component of the molecular dipole moment
 Pz = z-component of the molecular dipole moment

 xa = x-coordinate of atom a
 ya = y-coordinate of atom a
 za = z-coordinate of atom a
 -----------------------------------------------------------------------------------

 -------------------------------------------------------------------------------------------------------------
 MODE # 1 ( 1172.27 cm-1)
 -------------------------------------------------------------------------------------------------------------

  ATOM         Ax          Ay          Az      (Ax + Ay + Az)
 C    1        0.00        0.03      242.90       242.93
 Cl   2       -0.00       -0.05        4.63         4.58
 Cl   3        0.00        0.05        4.49         4.54
 S    4        0.00        0.00       35.03        35.03

 ----------------------------------------------
  ATOM        C         CT        DP      TOTAL
 C    1    -37.09    680.41   -400.38    242.93
 Cl   2      0.59      3.60      0.39      4.58
 Cl   3      0.61      3.70      0.24      4.54
 S    4    -20.14    168.61   -113.44     35.03

 -------------------------------------------------------------------------------------------------------------
  ATOM       C.C      CF.CF     DF.DF      C.CF     CF.C       C.DF     DF.C      CF.DF     DF.CF     TOTAL
 C    1      7.24   2029.73    715.93   -110.66   -132.82     66.32     78.16  -1216.50  -1194.47    242.93
 Cl   2     -0.12     10.88     -0.69      1.79     -0.71     -1.08     -0.08     -6.57      1.15      4.58
 Cl   3     -0.12     10.89     -0.43      1.79     -0.71     -1.07     -0.05     -6.48      0.72      4.54
 S    4      3.93    502.98    202.82    -60.08    -32.91     36.01     22.14   -301.46   -338.40     35.03
 -------------------------------------------------------------------------------------------------------------
 Total intensity =  287.09 km/mol
 -------------------------------------------------------------------------------------------------------------

 -------------------------------------------------------------------------------------------------------------
 MODE # 2 (  840.45 cm-1)
 -------------------------------------------------------------------------------------------------------------

  ATOM         Ax          Ay          Az      (Ax + Ay + Az)
 C    1        0.03      156.55        0.02       156.60
 Cl   2        0.00       14.64       -0.13        14.51
 Cl   3        0.00       14.77        0.12        14.90
 S    4        0.00        0.46       -0.00         0.47

 ----------------------------------------------
  ATOM        C         CT        DP      TOTAL
 C    1    -30.60    164.14     23.06    156.60
 Cl   2      2.01     13.31     -0.81     14.51
 Cl   3      2.03     13.51     -0.64     14.90
 S    4     -2.13      0.99      1.60      0.47

 -------------------------------------------------------------------------------------------------------------
  ATOM       C.C      CF.CF     DF.DF      C.CF     CF.C       C.DF     DF.C      CF.DF     DF.CF     TOTAL
 C    1      4.71    168.99      2.89    -31.51    -25.26     -3.80     -3.54     20.40     23.71    156.60
 Cl   2     -0.31     13.75     -0.11      2.07     -2.06      0.25      0.12      1.62     -0.83     14.51
 Cl   3     -0.31     13.86     -0.08      2.09     -2.06      0.26      0.10      1.71     -0.67     14.90
 S    4      0.33      1.02      0.20     -2.19     -0.15     -0.26     -0.25      0.12      1.65      0.47
 -------------------------------------------------------------------------------------------------------------
 Total intensity =  186.47 km/mol
 -------------------------------------------------------------------------------------------------------------

 -------------------------------------------------------------------------------------------------------------
 MODE # 3 (  512.05 cm-1)
 -------------------------------------------------------------------------------------------------------------

  ATOM         Ax          Ay          Az      (Ax + Ay + Az)
 C    1       -0.00        0.00       11.63        11.64
 Cl   2        0.00       -0.10        7.86         7.75
 Cl   3       -0.00        0.10        7.59         7.69
 S    4        0.00       -0.00      -11.18       -11.18

 ----------------------------------------------
  ATOM        C         CT        DP      TOTAL
 C    1     -1.78     32.59    -19.18     11.64
 Cl   2      0.79      6.03      0.92      7.75
 Cl   3      0.82      6.20      0.67      7.69
 S    4      6.43    -53.81     36.20    -11.18

 -------------------------------------------------------------------------------------------------------------
  ATOM       C.C      CF.CF     DF.DF      C.CF     CF.C       C.DF     DF.C      CF.DF     DF.CF     TOTAL
 C    1     -0.70    -18.41    -22.46      1.00     12.84     -2.08     -7.56     38.16     10.84     11.64
 Cl   2      0.32     -3.46      1.08     -0.46      2.41      0.93      0.36      7.08     -0.52      7.75
 Cl   3      0.32     -3.45      0.79     -0.46      2.41      0.96      0.27      7.24     -0.38      7.69
 S    4      2.53     30.40     42.39     -3.63    -21.20      7.53     14.27    -63.00    -20.45    -11.18
 -------------------------------------------------------------------------------------------------------------
 Total intensity =   15.90 km/mol
 -------------------------------------------------------------------------------------------------------------

 -------------------------------------------------------------------------------------------------------------
 MODE # 4 (  479.06 cm-1)
 -------------------------------------------------------------------------------------------------------------

  ATOM         Ax          Ay          Az      (Ax + Ay + Az)
 C    1        0.98        0.00        0.00         0.98
 Cl   2        0.04        0.00        0.00         0.04
 Cl   3        0.05        0.00       -0.00         0.05
 S    4        0.02       -0.00        0.00         0.02

 ----------------------------------------------
  ATOM        C         CT        DP      TOTAL
 C    1      2.40     -0.00     -1.43      0.98
 Cl   2     -0.11      0.00      0.15      0.04
 Cl   3     -0.11     -0.00      0.16      0.05
 S    4      0.63     -0.00     -0.62      0.02

 -------------------------------------------------------------------------------------------------------------
  ATOM       C.C      CF.CF     DF.DF      C.CF     CF.C       C.DF     DF.C      CF.DF     DF.CF     TOTAL
 C    1      6.23      0.00      2.27     -0.00      0.00     -3.83     -3.70     -0.00     -0.00      0.98
 Cl   2     -0.28      0.00     -0.24      0.00      0.00      0.17      0.40      0.00     -0.00      0.04
 Cl   3     -0.28     -0.00     -0.25      0.00     -0.00      0.17      0.41      0.00      0.00      0.05
 S    4      1.64     -0.00      0.98      0.00     -0.00     -1.01     -1.59      0.00     -0.00      0.02
 -------------------------------------------------------------------------------------------------------------
 Total intensity =    1.09 km/mol
 -------------------------------------------------------------------------------------------------------------

 -------------------------------------------------------------------------------------------------------------
 MODE # 5 (  305.84 cm-1)
 -------------------------------------------------------------------------------------------------------------

  ATOM         Ax          Ay          Az      (Ax + Ay + Az)
 C    1        0.00       -0.40        0.00        -0.39
 Cl   2       -0.00        0.23        0.12         0.35
 Cl   3       -0.00        0.24       -0.11         0.12
 S    4        0.01       -0.05       -0.00        -0.05

 ----------------------------------------------
  ATOM        C         CT        DP      TOTAL
 C    1      0.08     -0.42     -0.05     -0.39
 Cl   2      0.04      0.30      0.01      0.35
 Cl   3     -0.00      0.11      0.01      0.12
 S    4      0.24     -0.11     -0.18     -0.05

 -------------------------------------------------------------------------------------------------------------
  ATOM       C.C      CF.CF     DF.DF      C.CF     CF.C       C.DF     DF.C      CF.DF     DF.CF     TOTAL
 C    1      1.39      2.42      0.65     -0.45     -7.46     -0.86     -1.05      4.62      0.34     -0.39
 Cl   2      0.35     -1.15     -0.05     -0.10      3.69     -0.21      0.08     -2.24     -0.02      0.35
 Cl   3      0.35     -1.25     -0.15     -0.12      3.69     -0.23      0.24     -2.33     -0.08      0.12
 S    4      4.30      0.65      2.01     -1.40     -2.01     -2.67     -3.24      1.24      1.05     -0.05
 -------------------------------------------------------------------------------------------------------------
 Total intensity =    0.03 km/mol
 -------------------------------------------------------------------------------------------------------------

 -------------------------------------------------------------------------------------------------------------
 MODE # 6 (  297.21 cm-1)
 -------------------------------------------------------------------------------------------------------------

  ATOM         Ax          Ay          Az      (Ax + Ay + Az)
 C    1        0.00        0.00        1.05         1.05
 Cl   2       -0.00        0.13       -0.20        -0.07
 Cl   3        0.00       -0.13       -0.18        -0.31
 S    4       -0.00       -0.00       -0.59        -0.59

 ----------------------------------------------
  ATOM        C         CT        DP      TOTAL
 C    1     -0.16      2.94     -1.73      1.05
 Cl   2      0.08     -0.01     -0.14     -0.07
 Cl   3      0.02     -0.25     -0.07     -0.31
 S    4      0.34     -2.85      1.91     -0.59

 -------------------------------------------------------------------------------------------------------------
  ATOM       C.C      CF.CF     DF.DF      C.CF     CF.C       C.DF     DF.C      CF.DF     DF.CF     TOTAL
 C    1     -0.58     -6.57      0.68      0.36     10.67      0.06     -6.28     -1.16      3.87      1.05
 Cl   2      0.17      0.30      0.02     -0.11     -0.49      0.01     -0.40      0.18      0.25     -0.07
 Cl   3      0.17      0.29      0.07     -0.11     -0.46     -0.05     -0.38     -0.08      0.23     -0.31
 S    4      1.23      6.36     -0.75     -0.76    -10.33     -0.13      6.95      1.12     -4.28     -0.59
 -------------------------------------------------------------------------------------------------------------
 Total intensity =    0.09 km/mol
 -------------------------------------------------------------------------------------------------------------

 -------------------------------------------------------------------------------------------------------------
 MODE # 7 (    3.75 cm-1)
 -------------------------------------------------------------------------------------------------------------

  ATOM         Ax          Ay          Az      (Ax + Ay + Az)
 C    1       -0.00        0.13        0.00         0.13
 Cl   2        0.01       -0.01        0.01         0.01
 Cl   3        0.01       -0.02       -0.01        -0.02
 S    4        0.02       -0.07        0.00        -0.05

 ----------------------------------------------
  ATOM        C         CT        DP      TOTAL
 C    1     -0.03      0.14      0.02      0.13
 Cl   2      0.03      0.01     -0.03      0.01
 Cl   3      0.02     -0.00     -0.04     -0.02
 S    4      0.32     -0.15     -0.22     -0.05

 -------------------------------------------------------------------------------------------------------------
  ATOM       C.C      CF.CF     DF.DF      C.CF     CF.C       C.DF     DF.C      CF.DF     DF.CF     TOTAL
 C    1     -0.26     -0.00     -0.18      0.00      1.40      0.23      0.20     -1.26      0.00      0.13
 Cl   2      0.28     -0.02      0.35     -0.01      0.07     -0.23     -0.40     -0.03      0.01      0.01
 Cl   3      0.28      0.03      0.53      0.01      0.06     -0.27     -0.56     -0.09     -0.01     -0.02
 S    4      3.27      0.01      2.24     -0.01     -1.53     -2.95     -2.46      1.37      0.00     -0.05
 -------------------------------------------------------------------------------------------------------------
 Total intensity =    0.06 km/mol
 -------------------------------------------------------------------------------------------------------------

 -------------------------------------------------------------------------------------------------------------
 MODE # 8 (    3.69 cm-1)
 -------------------------------------------------------------------------------------------------------------

  ATOM         Ax          Ay          Az      (Ax + Ay + Az)
 C    1       -0.00        0.00        0.00         0.00
 Cl   2       -0.00       -0.00        0.00        -0.00
 Cl   3        0.00        0.00        0.00         0.01
 S    4        0.00        0.00       -0.00        -0.00

 ----------------------------------------------
  ATOM        C         CT        DP      TOTAL
 C    1     -0.00      0.01     -0.01      0.00
 Cl   2      0.01     -0.00     -0.01     -0.00
 Cl   3     -0.01     -0.00      0.01      0.01
 S    4      0.00     -0.01      0.01     -0.00

 -------------------------------------------------------------------------------------------------------------
  ATOM       C.C      CF.CF     DF.DF      C.CF     CF.C       C.DF     DF.C      CF.DF     DF.CF     TOTAL
 C    1      0.00     -0.01     -0.01      0.00     -0.00     -0.00      0.00      0.02      0.01      0.00
 Cl   2     -0.00      0.00     -0.01      0.00      0.00      0.01      0.00     -0.00     -0.00     -0.00
 Cl   3      0.00      0.00      0.02      0.00     -0.00     -0.01     -0.00     -0.00     -0.00      0.01
 S    4      0.00      0.01      0.01     -0.00     -0.00      0.00     -0.00     -0.02     -0.00     -0.00
 -------------------------------------------------------------------------------------------------------------
 Total intensity =    0.00 km/mol
 -------------------------------------------------------------------------------------------------------------

 -------------------------------------------------------------------------------------------------------------
 MODE # 9 (    0.85 cm-1)
 -------------------------------------------------------------------------------------------------------------

  ATOM         Ax          Ay          Az      (Ax + Ay + Az)
 C    1       -0.01       -0.00       -0.00        -0.01
 Cl   2        0.00       -0.01        0.00        -0.01
 Cl   3        0.00        0.02        0.00         0.02
 S    4        0.00       -0.00        0.00        -0.00

 ----------------------------------------------
  ATOM        C         CT        DP      TOTAL
 C    1     -0.02     -0.01      0.01     -0.01
 Cl   2     -0.01     -0.01      0.01     -0.01
 Cl   3     -0.01      0.01      0.02      0.02
 S    4      0.03      0.01     -0.03     -0.00

 -------------------------------------------------------------------------------------------------------------
  ATOM       C.C      CF.CF     DF.DF      C.CF     CF.C       C.DF     DF.C      CF.DF     DF.CF     TOTAL
 C    1      0.28      0.01      0.19     -0.00     -0.00     -0.30     -0.17     -0.02     -0.01     -0.01
 Cl   2      0.14     -0.00      0.20     -0.00     -0.00     -0.14     -0.19     -0.01     -0.00     -0.01
 Cl   3      0.13     -0.00      0.22     -0.00      0.00     -0.14     -0.20      0.01      0.00      0.02
 S    4     -0.41     -0.01     -0.44      0.00      0.00      0.43      0.39      0.02      0.01     -0.00
 -------------------------------------------------------------------------------------------------------------
 Total intensity =    0.00 km/mol
 -------------------------------------------------------------------------------------------------------------

 -------------------------------------------------------------------------------------------------------------
 MODE #10 (    0.11 cm-1)
 -------------------------------------------------------------------------------------------------------------

  ATOM         Ax          Ay          Az      (Ax + Ay + Az)
 C    1       -0.00       -0.00       -0.07        -0.07
 Cl   2        0.00       -0.02        0.02        -0.00
 Cl   3        0.00        0.02        0.02         0.04
 S    4        0.00        0.00        0.03         0.03

 ----------------------------------------------
  ATOM        C         CT        DP      TOTAL
 C    1      0.01     -0.19      0.11     -0.07
 Cl   2      0.00     -0.00     -0.00     -0.00
 Cl   3      0.00      0.03      0.00      0.04
 S    4     -0.02      0.16     -0.11      0.03

 -------------------------------------------------------------------------------------------------------------
  ATOM       C.C      CF.CF     DF.DF      C.CF     CF.C       C.DF     DF.C      CF.DF     DF.CF     TOTAL
 C    1      0.02      0.24      0.27     -0.01     -0.00     -0.00     -0.01     -0.43     -0.14     -0.07
 Cl   2      0.01     -0.02      0.01     -0.01     -0.00     -0.00     -0.02      0.02      0.00     -0.00
 Cl   3      0.01     -0.02      0.01     -0.01      0.00     -0.00     -0.01      0.05      0.00      0.04
 S    4     -0.03     -0.21     -0.28      0.02      0.00     -0.01      0.03      0.36      0.14      0.03
 -------------------------------------------------------------------------------------------------------------
 Total intensity =    0.00 km/mol
 -------------------------------------------------------------------------------------------------------------

 -------------------------------------------------------------------------------------------------------------
 MODE #11 (    0.66 cm-1)
 -------------------------------------------------------------------------------------------------------------

  ATOM         Ax          Ay          Az      (Ax + Ay + Az)
 C    1        0.00       -0.34        0.01        -0.33
 Cl   2        0.00        0.16        0.20         0.36
 Cl   3        0.00        0.16       -0.19        -0.03
 S    4       -0.00        0.03       -0.00         0.02

 ----------------------------------------------
  ATOM        C         CT        DP      TOTAL
 C    1      0.07     -0.34     -0.05     -0.33
 Cl   2      0.03      0.30      0.04      0.36
 Cl   3      0.03      0.01     -0.07     -0.03
 S    4     -0.11      0.04      0.10      0.02

 -------------------------------------------------------------------------------------------------------------
  ATOM       C.C      CF.CF     DF.DF      C.CF     CF.C       C.DF     DF.C      CF.DF     DF.CF     TOTAL
 C    1      0.12      0.01      0.04     -0.00     -0.64     -0.05     -0.09      0.30     -0.00     -0.33
 Cl   2      0.05      0.03      0.06     -0.00      0.27     -0.03     -0.03     -0.00      0.01      0.36
 Cl   3      0.05     -0.03     -0.02      0.00      0.28     -0.02     -0.04     -0.23     -0.01     -0.03
 S    4     -0.20     -0.00     -0.06      0.00      0.10      0.09      0.15     -0.05      0.00      0.02
 -------------------------------------------------------------------------------------------------------------
 Total intensity =    0.03 km/mol
 -------------------------------------------------------------------------------------------------------------

 -------------------------------------------------------------------------------------------------------------
 MODE #12 (    5.41 cm-1)
 -------------------------------------------------------------------------------------------------------------

  ATOM         Ax          Ay          Az      (Ax + Ay + Az)
 C    1        0.02        0.00       -0.00         0.02
 Cl   2        0.01        0.01       -0.00         0.02
 Cl   3        0.01        0.01        0.00         0.03
 S    4       -0.01        0.05        0.00         0.04

 ----------------------------------------------
  ATOM        C         CT        DP      TOTAL
 C    1      0.04     -0.00     -0.02      0.02
 Cl   2     -0.03      0.00      0.06      0.02
 Cl   3     -0.03     -0.00      0.06      0.03
 S    4     -0.44      0.00      0.47      0.04

 -------------------------------------------------------------------------------------------------------------
  ATOM       C.C      CF.CF     DF.DF      C.CF     CF.C       C.DF     DF.C      CF.DF     DF.CF     TOTAL
 C    1     -0.58      0.00     -0.36     -0.00     -0.00      0.61      0.34     -0.00     -0.00      0.02
 Cl   2      0.51     -0.00      0.77     -0.00      0.00     -0.55     -0.72      0.00      0.00      0.02
 Cl   3      0.51      0.00      0.79     -0.00     -0.00     -0.55     -0.73     -0.00     -0.00      0.03
 S    4      6.50     -0.00      6.78      0.00      0.00     -6.93     -6.30      0.00      0.00      0.04
 -------------------------------------------------------------------------------------------------------------
 Total intensity =    0.10 km/mol
 -------------------------------------------------------------------------------------------------------------



********************************************************************************
 THEORY LEVEL OF THE DIPOLE MOMENT: MP2                            
********************************************************************************



          Dipole Moment / a.u. (Atomic Contrib.)
          --------------------------------------
          Charge        Dipole        Total
          --------------------------------------
     X    0.00000000   -0.00023670   -0.00023670
     Y   -0.00000382   -0.00057030   -0.00057412
     Z    1.95182157   -2.12436999   -0.17254842

  Norm    1.95182157    2.12437008    0.17254953
          --------------------------------------



          Dipole Moment / Debye (Atomic Contrib.)
          --------------------------------------
          Charge        Dipole        Total
          --------------------------------------
     X    0.00000000   -0.00060164   -0.00060164
     Y   -0.00000971   -0.00144957   -0.00145928
     Z    4.96108151   -5.39965990   -0.43857839

  Norm    4.96108151    5.39966013    0.43858123
          --------------------------------------




 ------------------------------------------------------- 
 MOLECULAR CHARGE TENSOR IN THE NORMAL COORDINATES BASIS 
 units = e / sqrt(amu)                                      
 ------------------------------------------------------- 

         d Q  1      d Q  2      d Q  3      d Q  4      d Q  5
  d PX   0.00000007 -0.00000000 -0.00001859 -0.08656587 -0.00000000
  d PY   0.00000005 -0.06728933 -0.00000078  0.00000000  0.08100449
  d PZ  -0.10592603 -0.00000189  0.05032651 -0.00001382 -0.00000054
  Norm   0.10592603  0.06728933  0.05032652  0.08656587  0.08100449


         d Q  6      d Q  7      d Q  8      d Q  9      d Q 10
  d PX   0.00000147  0.00000088 -0.00000610 -0.01213607  0.00317017
  d PY  -0.00000172  0.06051693 -0.00032529  0.00004480  0.00012915
  d PZ   0.03198511  0.00000035 -0.00000006 -0.00000122 -0.00000292
  Norm   0.03198511  0.06051693  0.00032535  0.01213615  0.00317280


         d Q 11      d Q 12
  d PX  -0.00001121  0.08441057
  d PY  -0.00491167  0.00000028
  d PZ   0.00000104 -0.00000362
  Norm   0.00491168  0.08441057



 ------------------------------------------------------------ 
 MOLECULAR CHARGE FLUX TENSOR IN THE NORMAL COORDINATES BASIS 
 units = e / sqrt(amu)                                      
 ------------------------------------------------------------ 

         d Q  1      d Q  2      d Q  3      d Q  4      d Q  5
  d PX   0.00000000  0.00000000  0.00000000  0.00000000  0.00000000
  d PY   0.00000410  0.45023132  0.00002001  0.00000531 -0.02631176
  d PZ   1.61874488 -0.00240538 -0.07215481 -0.00010093  0.00107145
  Norm   1.61874488  0.45023775  0.07215481  0.00010107  0.02633357


         d Q  6      d Q  7      d Q  8      d Q  9      d Q 10
  d PX   0.00000000  0.00000000  0.00000000  0.00000000  0.00000000
  d PY   0.00000459 -0.00009791 -0.00000852 -0.00000146 -0.00000065
  d PZ  -0.01970792  0.00153530 -0.00118503  0.00009100  0.00055486
  Norm   0.01970792  0.00153842  0.00118506  0.00009101  0.00055486


         d Q 11      d Q 12
  d PX   0.00000000  0.00000000
  d PY   0.00001372 -0.00000658
  d PZ  -0.00105324  0.00053475
  Norm   0.00105333  0.00053479



 ------------------------------------------------------------ 
 MOLECULAR DIPOLE FLUX TENSOR IN THE NORMAL COORDINATES BASIS 
 units = e / sqrt(amu)                                      
 ------------------------------------------------------------ 

         d Q  1      d Q  2      d Q  3      d Q  4      d Q  5
  d PX  -0.00061153  0.00544783  0.00030219  0.05317789 -0.00186990
  d PY  -0.00593765  0.05435223 -0.00153900 -0.00129462 -0.05016955
  d PZ  -0.97018206 -0.00191108  0.14953134  0.00015944  0.00108326
  Norm   0.97020042  0.05465799  0.14953956  0.05319388  0.05021607


         d Q  6      d Q  7      d Q  8      d Q  9      d Q 10
  d PX  -0.00044579 -0.00565724  0.00040807  0.01293992 -0.00352667
  d PY  -0.00308522 -0.05456138  0.00133516  0.00161341  0.00060658
  d PZ  -0.00346624 -0.00205421  0.00297702 -0.00014916 -0.00097965
  Norm   0.00466177  0.05489233  0.00328813  0.01304097  0.00371012


         d Q 11      d Q 12
  d PX   0.00088102 -0.09006767
  d PY   0.00215244 -0.00866673
  d PZ  -0.00357117 -0.00101775
  Norm   0.00426174  0.09048941



 ------------------------------------------------------ 
 MOLECULAR POLAR TENSOR IN THE NORMAL COORDINATES BASIS 
 units = e / sqrt(amu)                                      
 ------------------------------------------------------ 

         d Q  1      d Q  2      d Q  3      d Q  4      d Q  5
  d PX  -0.00061146  0.00544783  0.00028359 -0.03338798 -0.00186990
  d PY  -0.00593351  0.43729423 -0.00151977 -0.00128931  0.00452318
  d PZ   0.54263680 -0.00431836  0.12770304  0.00004470  0.00215416
  Norm   0.54266958  0.43734948  0.12771240  0.03341289  0.00534754


         d Q  6      d Q  7      d Q  8      d Q  9      d Q 10
  d PX  -0.00044432 -0.00565636  0.00040197  0.00080385 -0.00035649
  d PY  -0.00308234  0.00585764  0.00100135  0.00165675  0.00073508
  d PZ   0.00881095 -0.00051856  0.00179193 -0.00005938 -0.00042771
  Norm   0.00934511  0.00815937  0.00209172  0.00184242  0.00092215


         d Q 11      d Q 12
  d PX   0.00086981 -0.00565710
  d PY  -0.00274550 -0.00867303
  d PZ  -0.00462337 -0.00048663
  Norm   0.00544701  0.01036634



   Vibrational Frequencies and IR Intensities
   ------------------------------------------

  ============================================================
  mode    frequency          IR intensity      Boltzmann(298K)
  ============================================================
       cm-1    hartrees     km/mol  (D/A)**2/amu
  ------------------------------------------------------------
   1  1172.27   0.005341     287.088    6.7942    0.996506860
   2   840.45   0.003829     186.467    4.4129    0.982676646
   3   512.05   0.002333      15.900    0.3763    0.915496822
   4   479.06   0.002183       1.088    0.0258    0.900914869
   5   305.84   0.001394       0.028    0.0007    0.771427310
   6   297.21   0.001354       0.085    0.0020    0.761705174
   7     3.75   0.000017       0.065    0.0015    0.017932958
   8     3.69   0.000017       0.004    0.0001    0.017671271
   9     0.85   0.000004       0.003    0.0001    0.004077842
  10     0.11   0.000001       0.001    0.0000    0.000552787
  11     0.66   0.000003       0.029    0.0007    0.003156652
  12     5.41   0.000025       0.105    0.0025    0.025756042
  -----------------------------------------------------------




      Host name     : trapista                                
      Date and time : Sun Nov 28 04:28:04 2021



      **************************************
      ****  END OF PLACZEK CALCULATION  ****
      **************************************


