

 **************************************
 *                                    *
 *    OUTPUT FROM PROGRAM PLACZEK     *
 *                                    *
 **************************************
                                                             
 *  A Program Designed to Compute Infrared and Raman Spectra 
 *                                                           
 *  Written by Luciano N. Vidal                              
 *  Universidade Tecnologica Federal do Parana, Brazil       
 *                                                           
 *  If results obtained with this code are published,        
 *  an appropriate citation would be:                        
 *                                                           
 ** For Raman Properties:                                    
 *                                                           
 *  Vidal, L.N., P.A.M. Vazquez; Quim. Nova, 26(4), (2003), 507-511
 *  Vidal, L.N., P.A.M. Vazquez; Int. J. Quant. Chem., 103(5), (2005), 632-648
 *                                                           
 ** For Infrared Properties:                                 
 *                                                           
 *  Faria, S.H.D.M., da Silva Jr., J.V., Haiduke, R.L.A., Vidal, L.N.,
 *  Vazquez, P.A.M., Bruns, R.E.; J. Phys. Chem. A, 111, (2007), 7870-7875
 *                                                           
 *  NOTE:                                                    
 *                                                           
 *  This is an experimental code. The author accept no responsibility for the
 *  performance of the code or for the correctness of the results. Report
 *  bugs to lnvidal@utfpr.edu.br                          
 *                                                           
 *****************************
 * Release date: August.2020 *
 *****************************

       RUNCTRL OPTIONS
       ===============

       REMOTE   = F
       RESTART  = F
       FRIEND   = AIMAll              

       USE SYMMETRY  = F


       VIBANA OPTIONS
       ==============

       HF    = F
       MP2   = F
       CCS   = F
       CC2   = F
       CCSD  = F
       QCISD = F
       DHF   = F
       DFT   = F

       DALHESS    = F
       GAMHESS    = F
       GAUSHES    = T
       C4HESS     = F
       GRADHESS   = F

       RUN        = F


       INFRARED OPTIONS
       ================


       HF    = F
       MP2   = T
       CCS   = F
       CC2   = F
       CCSD  = F
       QCISD = F
       DHF   = F
       DFT   = F


       RUN  = T

       ANGSTROM = T


       OVERTONES = F

       EXPENSIVE DERIVATIVES = F


 *************************************
 **** OUTPUT FROM PROGRAM ROTOANA ****
 *************************************

 ------------------------------------------------------
 - ROTATIONAL ANALYSIS WAS DONE USING FRIEND.INP FILE -
 ------------------------------------------------------
                             x            y            z
 * Center of Mass (in A):    0.000000     0.000000    -0.256046

 Inertia Tensor (in u*A^2)
 ------------------------- 
                   x              y              z
  x       141.149403       0.000000       0.000000
  y         0.000000      98.840287       0.000000
  z         0.000000       0.000000      42.309115

 Principal Moments and Principal Axes of Inertia
 -----------------------------------------------
                                 x       y       z
 IA  =     42.309115  u*A^2    ( 0.0000  0.0000  1.0000 )
 IB  =     98.840287  u*A^2    ( 0.0000  1.0000  0.0000 )
 IC  =    141.149403  u*A^2    ( 1.0000  0.0000  0.0000 )

 Principal Cartesian Coordinates 
 ------------------------------- 
       x                    y                    z
C      0.000000000000000    0.000000000000000   -0.499459984739004
S      0.000000000000000    0.000000000000000    2.521973999621108
F      0.000000000000000   -1.994078701892996   -1.964354897597761
F      0.000000000000000    1.994078701892996   -1.964354897597761

 * Molecule Recognized as Non-Linear

 Rotational Constants
 --------------------
 A =        11944.92 MHz     (        0.398440 cm-1)
 B =         5113.09 MHz     (        0.170554 cm-1)
 C =         3580.46 MHz     (        0.119431 cm-1)
 * The molecule is an Asymmetric Top
 * The molecule is Planar

 Atom  Z   Isotopic Mass   Abundance        x             y             z
 C     6.      12.000000    98.900 %        0.000000      0.000000     -0.520349
 S    16.      31.972071    95.020 %        0.000000      0.000000      1.078525
 F     9.      18.998403   100.000 %        0.000000     -1.055221     -1.295538
 F     9.      18.998403   100.000 %        0.000000      1.055221     -1.295538

 Total mass:          81.968877 amu
 Natural abundance:   93.975 %


 **************************************
 **** OUTPUT FROM PROGRAM SYMMETRY ****
 **************************************

 * Threshold to consider two distances equal (angstrom) : 5.00D-03

 * Threshold to consider two inertia moments equal : 1.00D-01


 * The following coordinates were used to locate the point group : 
   (center of mass in the origin)

   #  Atom  Z   Isotopic Mass        x             y             z
   1    C   6.      12.000000        0.000000      0.000000     -0.264303
   2    S  16.      31.972071        0.000000      0.000000      1.334571
   3    F   9.      18.998403        0.000000     -1.055221     -1.039492
   4    F   9.      18.998403        0.000000      1.055221     -1.039492

 Interatomic distances (in A) 
 ---------------------------- 
            1 C      2 S      3 F      4 F 
   1 C    0.0000   1.5989   1.3094   1.3094
   2 S    1.5989   0.0000   2.5980   2.5980
   3 F    1.3094   2.5980   0.0000   2.1104
   4 F    1.3094   2.5980   2.1104   0.0000


 Symmetrically Equivalent Atoms (SEA): 
 -------------------------------------   
 Set | # Atoms | SEA 
   1 |     1   |    1

   2 |     1   |    2

   3 |     2   |    3   4


 * The number of C_n^k axes found is :  1
   ---------------------------------
 Cn-Axis   n   k   theta         Direction (x y z)
    1      2   1     180    0.00000   0.00000  -1.00000

 * The number of reflexion planes found is :  2
   ---------------------------------------
 Plane    Normal vector (x y z)
   1      0.00000  -1.00000   0.00000
   2      1.00000   0.00000   0.00000

 --------------------
 * Point group found: C2v 
 --------------------

 * Order of the group:    4

 * The number of atoms is:    4

 ************************************
 **** OUTPUT FROM PROGRAM VIBANA ****
 ************************************


 @ MOLECULAR HESSIAN READ FROM GAUSSIAN.log FILE                                


                         ==========================
                         =  ENERGY HESSIAN (a.u.) =
                         ==========================


                                1 C                           2 S 
                        X         Y         Z         X         Y         Z
                        1         2         3         4         5         6
         X   1   0.155834  0.000000 -0.000003 -0.050853  0.000000  0.000008
   1 C   Y   2   0.000000  0.513276  0.000000  0.000000 -0.040350 -0.000002
         Z   3  -0.000003  0.000000  0.727022  0.000000 -0.000001 -0.361287

         X   4  -0.050853  0.000000  0.000000  0.016587  0.000000  0.000001
   2 S   Y   5   0.000000 -0.040350 -0.000001  0.000000  0.045526  0.000001
         Z   6   0.000008 -0.000002 -0.361287  0.000001  0.000001  0.454559

         X   7  -0.052483  0.000006  0.000003  0.017141  0.000000 -0.000004
   3 F   Y   8  -0.000005 -0.236462 -0.123783 -0.000001 -0.002586 -0.025513
         Z   9  -0.000002 -0.143108 -0.182866  0.000000 -0.036422 -0.046619

         X  10  -0.052483 -0.000006  0.000002  0.017141  0.000000 -0.000003
   4 F   Y  11   0.000005 -0.236465  0.123783  0.000001 -0.002586  0.025513
         Z  12  -0.000002  0.143110 -0.182866  0.000000  0.036423 -0.046620


                                3 F                           4 F 
                        X         Y         Z         X         Y         Z
                        7         8         9        10        11        12
         X   1  -0.052483 -0.000005 -0.000002 -0.052483  0.000005 -0.000002
   1 C   Y   2   0.000006 -0.236462 -0.143108 -0.000006 -0.236465  0.143110
         Z   3   0.000003 -0.123783 -0.182866  0.000002  0.123783 -0.182866

         X   4   0.017141 -0.000001  0.000000  0.017141  0.000001  0.000000
   2 S   Y   5   0.000000 -0.002586 -0.036422  0.000000 -0.002586  0.036423
         Z   6  -0.000004 -0.025513 -0.046619 -0.000003  0.025513 -0.046620

         X   7   0.017677 -0.000001  0.000000  0.017649 -0.000004  0.000001
   3 F   Y   8  -0.000001  0.335074  0.164430  0.000004 -0.096026 -0.015104
         Z   9   0.000000  0.164430  0.208259  0.000002  0.015104  0.021209

         X  10   0.017649  0.000004  0.000002  0.017677  0.000000  0.000000
   4 F   Y  11  -0.000004 -0.096026  0.015104  0.000000  0.335074 -0.164430
         Z  12   0.000001 -0.015104  0.021209  0.000000 -0.164430  0.208259



 @  VIBRATIONAL FREQUENCIES  ( in cm-1 )               
    NORMAL COORDINATES       ( in bohr*sqrt(amu) ) and 
    REDUCED MASSES           ( in amu )                


 ----------------------------------------------------------------
 MODE #                 1         2         3         4         5
 VIB FREQ         1398.82   1257.10    808.57    637.21    533.77 

 REDMASS          13.1679   13.5023   20.7006   12.8439   21.3528

 ----------------------------------------------------------------
         X   1  -0.000001 -0.000000  0.000021  0.265382 -0.000003
   1 C   Y   2  -0.000000  0.241206  0.000000  0.000000 -0.000000
         Z   3   0.259152  0.000001 -0.048481  0.000005  0.040306

         X   4   0.000000  0.000000 -0.000001 -0.032507  0.000000
   2 S   Y   5  -0.000000 -0.003052  0.000000  0.000000  0.000000
         Z   6  -0.045813 -0.000001  0.087213 -0.000006  0.096826

         X   7   0.000001  0.000002 -0.000005 -0.056451  0.000001
   3 F   Y   8  -0.038305 -0.073608 -0.125710  0.000011  0.095120
         Z   9  -0.043296 -0.050175 -0.058077  0.000003 -0.094172

         X  10   0.000000 -0.000002 -0.000005 -0.056451  0.000001
   4 F   Y  11   0.038306 -0.073609  0.125709 -0.000011 -0.095120
         Z  12  -0.043296  0.050176 -0.058075  0.000003 -0.094172
 ----------------------------------------------------------------

 ----------------------------------------------------------------
 MODE #                 6         7         8         9        10
 VIB FREQ          424.59      6.23      2.32      0.77      0.42 

 REDMASS          18.9317   19.0037   24.2276   21.2571   20.5481

 ----------------------------------------------------------------
         X   1  -0.000000 -0.000008  0.095423  0.003644 -0.011343
   1 C   Y   2  -0.111613 -0.002275 -0.002598  0.106621  0.015902
         Z   3   0.000000 -0.000535  0.013070 -0.016054  0.108485

         X   4   0.000000 -0.000015  0.146520  0.006182 -0.016157
   2 S   Y   5   0.080301 -0.004895 -0.002265  0.119049  0.018406
         Z   6  -0.000001 -0.000536  0.013069 -0.016053  0.108479

         X   7  -0.000002 -0.162152  0.070655 -0.001683 -0.010431
   3 F   Y   8  -0.032320 -0.001013 -0.002759  0.100600  0.014676
         Z   9  -0.126147 -0.002259  0.013291 -0.007857  0.110152

         X  10   0.000002  0.162142  0.070704  0.006513 -0.007594
   4 F   Y  11  -0.032321 -0.001012 -0.002758  0.100596  0.014703
         Z  12   0.126148  0.001188  0.012853 -0.024256  0.106849
 ----------------------------------------------------------------

 ----------------------------------
 MODE #                11        12
 VIB FREQ            5.95i     6.72i
 REDMASS          21.7370   20.7408
 ----------------------------------
         X   1   0.001582 -0.060462
   1 C   Y   2  -0.032559 -0.001508
         Z   3  -0.000558 -0.000707

         X   4  -0.003590  0.091872
   2 S   Y   5   0.101347  0.002799
         Z   6  -0.000559 -0.000708

         X   7   0.001332 -0.134352
   3 F   Y   8  -0.097457 -0.003594
         Z   9   0.087794  0.002135

         X  10   0.006844 -0.134214
   4 F   Y  11  -0.097457 -0.003596
         Z  12  -0.088911 -0.003549
 ----------------------------------

 -------------------------------------------
 ----  CARTESIAN CHARGE TENSORS (a.u.)  ----
 -------------------------------------------


@       ATOMIC POLAR TENSOR FOR ATOM  C   1

              dX          dY          dZ

  d PX   0.92230542  0.00000000  0.00000000
  d PY   0.00000000  0.92230542  0.00000000
  d PZ   0.00000000  0.00000000  0.92230542


@       ATOMIC POLAR TENSOR FOR ATOM  S   2

              dX          dY          dZ

  d PX   0.47891435  0.00000000  0.00000000
  d PY   0.00000000  0.47891435  0.00000000
  d PZ   0.00000000  0.00000000  0.47891435


@       ATOMIC POLAR TENSOR FOR ATOM  F   3

              dX          dY          dZ

  d PX  -0.70054704  0.00000000  0.00000000
  d PY   0.00000000 -0.70054704  0.00000000
  d PZ   0.00000000  0.00000000 -0.70054704


@       ATOMIC POLAR TENSOR FOR ATOM  F   4

              dX          dY          dZ

  d PX  -0.70054411  0.00000000  0.00000000
  d PY   0.00000000 -0.70054411  0.00000000
  d PZ   0.00000000  0.00000000 -0.70054411



 @ 
 @ GAPT Atomic Charges from => ATOMIC CHARGE TENSORS <=                       
 @ 
 @ J. Cioslowski, J. Am. Chem. Soc., 111(22), 8333-8336, 1989
 @ 

 -------------------------
 Atom  #     Charge / a.u.
 -------------------------
 C     1          0.922305
 S     2          0.478914
 F     3         -0.700547
 F     4         -0.700544
 -------------------------
 Total Charge :   0.000129
 -------------------------


 ------------------------------------------------
 ----  CARTESIAN CHARGE FLUX TENSORS (a.u.)  ----
 ------------------------------------------------


@       ATOMIC POLAR TENSOR FOR ATOM  C   1

              dX          dY          dZ

  d PX   0.00000000  0.00000000  0.00000000
  d PY   0.00018234 -0.78523081  0.00007875
  d PZ  -0.00470944 -0.00150571  4.00979587


@       ATOMIC POLAR TENSOR FOR ATOM  S   2

              dX          dY          dZ

  d PX   0.00000000  0.00000000  0.00000000
  d PY  -0.00001925 -0.04541657 -0.00000146
  d PZ  -0.00158928 -0.00845648 -3.62312573


@       ATOMIC POLAR TENSOR FOR ATOM  F   3

              dX          dY          dZ

  d PX   0.00000000  0.00000000  0.00000000
  d PY   0.00006323  0.41560114  0.33971475
  d PZ  -0.00196656 -0.10242123 -0.20306756


@       ATOMIC POLAR TENSOR FOR ATOM  F   4

              dX          dY          dZ

  d PX   0.00000000  0.00000000  0.00000000
  d PY  -0.00011024  0.41545163 -0.33975579
  d PZ   0.00620332  0.11053699 -0.19378214



 @ 
 @ GAPT Atomic Charges from => ATOMIC CHARGE FLUX TENSORS <=                  
 @ 
 @ J. Cioslowski, J. Am. Chem. Soc., 111(22), 8333-8336, 1989
 @ 

 -------------------------
 Atom  #     Charge / a.u.
 -------------------------
 C     1          1.074855
 S     2         -1.222847
 F     3          0.070845
 F     4          0.073890
 -------------------------
 Total Charge :  -0.003258
 -------------------------


 ------------------------------------------------
 ----  CARTESIAN DIPOLE FLUX TENSORS (a.u.)  ----
 ------------------------------------------------


@       ATOMIC POLAR TENSOR FOR ATOM  C   1

              dX          dY          dZ

  d PX  -0.77805275  0.03209622 -0.00373932
  d PY   0.00780298  1.37547460  0.02877678
  d PZ   0.00383971 -0.00120488 -2.39001821


@       ATOMIC POLAR TENSOR FOR ATOM  S   2

              dX          dY          dZ

  d PX  -0.54347257  0.00540897 -0.00512411
  d PY   0.00542804 -0.55482640 -0.01436304
  d PZ   0.00114191  0.00656382  2.44335285


@       ATOMIC POLAR TENSOR FOR ATOM  F   3

              dX          dY          dZ

  d PX   0.67878196 -0.00055490  0.00728420
  d PY  -0.00415361 -0.38802109 -0.79847511
  d PZ   0.00250150 -0.54080263 -0.01258029


@       ATOMIC POLAR TENSOR FOR ATOM  F   4

              dX          dY          dZ

  d PX   0.64313179 -0.00066190 -0.01206079
  d PY  -0.01525779 -0.39330836  0.76996911
  d PZ  -0.00557935  0.54716809 -0.03630274



 @ 
 @ GAPT Atomic Charges from => ATOMIC DIPOLE FLUX TENSORS <=                  
 @ 
 @ J. Cioslowski, J. Am. Chem. Soc., 111(22), 8333-8336, 1989
 @ 

 -------------------------
 Atom  #     Charge / a.u.
 -------------------------
 C     1         -0.597532
 S     2          0.448351
 F     3          0.092727
 F     4          0.071174
 -------------------------
 Total Charge :   0.014720
 -------------------------


 ---------------------------------------------------
 ----  CARTESIAN MOLECULAR POLAR TENSOR (a.u.)  ----
 ---------------------------------------------------


@       ATOMIC POLAR TENSOR FOR ATOM  C   1

              dX          dY          dZ

  d PX   0.14425267  0.03209622 -0.00373932
  d PY   0.00798532  1.51254921  0.02885552
  d PZ  -0.00086973 -0.00271059  2.54208308


@       ATOMIC POLAR TENSOR FOR ATOM  S   2

              dX          dY          dZ

  d PX  -0.06455823  0.00540897 -0.00512411
  d PY   0.00540879 -0.12132863 -0.01436450
  d PZ  -0.00044738 -0.00189266 -0.70085853


@       ATOMIC POLAR TENSOR FOR ATOM  F   3

              dX          dY          dZ

  d PX  -0.02176508 -0.00055490  0.00728420
  d PY  -0.00409038 -0.67296698 -0.45876037
  d PZ   0.00053494 -0.64322386 -0.91619488


@       ATOMIC POLAR TENSOR FOR ATOM  F   4

              dX          dY          dZ

  d PX  -0.05741232 -0.00066190 -0.01206079
  d PY  -0.01536804 -0.67840085  0.43021331
  d PZ   0.00062397  0.65770508 -0.93062899



 @ 
 @ GAPT Atomic Charges from => TOTAL (C+CF+DF) ATOMIC POLAR TENSOR <=         
 @ 
 @ J. Cioslowski, J. Am. Chem. Soc., 111(22), 8333-8336, 1989
 @ 

 -------------------------
 Atom  #     Charge / a.u.
 -------------------------
 C     1          1.399628
 S     2         -0.295582
 F     3         -0.536976
 F     4         -0.555481
 -------------------------
 Total Charge :   0.011590
 -------------------------




 ************************************
 *   OUTPUT FROM PROGRAM INFRAINT   *
 ************************************

 -----------------------------------------------------------------------------------
 ATOMIC CONTRIBUTIONS TO THE IR INTENSITIES

 Ax = K.( \sum_b{ (dPx^a/dxb).(dxb/dQj) +
                  (dPx^a/dyb).(dyb/dQj) +
                  (dPx^a/dzb).(dzb/dQj) } ).(dPx/dQj)

 Ay = K.( \sum_b{ (dPy^a/dxb).(dxb/dQj) +
                  (dPy^a/dyb).(dyb/dQj) +
                  (dPy^a/dzb).(dzb/dQj) } ).(dPy/dQj)

 Az = K.( \sum_b{ (dPz^a/dxb).(dxb/dQj) +
                  (dPz^a/dyb).(dyb/dQj) +
                  (dPz^a/dzb).(dzb/dQj) } ).(dPz/dQj)

  K = 974.864 km.amu / (mol.e^2)

 Px^a = x-component of the atomic dipole moment of atom a
 Py^a = y-component of the atomic dipole moment of atom a
 Pz^a = z-component of the atomic dipole moment of atom a

 xb = x-coordinate of atom b
 yb = y-coordinate of atom b
 zb = z-coordinate of atom b
 -----------------------------------------------------------------------------------

 -------------------------------------------------------------------------------------------------------------
 MODE # 1 ( 1398.82 cm-1)
 -------------------------------------------------------------------------------------------------------------

  ATOM         Ax          Ay          Az      (Ax + Ay + Az)
 C    1        0.00        0.08      465.90       465.98
 S    2        0.00       -0.00      396.67       396.67
 F    3       -0.00        0.24     -102.98      -102.74
 F    4        0.00       -0.24     -103.00      -103.23

 ----------------------------------------------
  ATOM        C         CT        DP      TOTAL
 C    1    191.23    465.08   -190.32    465.98
 S    2    -17.55    761.17   -346.95    396.67
 F    3     24.51   -121.99     -5.25   -102.74
 F    4     24.03   -119.81     -7.45   -103.23

 -------------------------------------------------------------------------------------------------------------
  ATOM       C.C      CT.CT     DP.DP      C.CT     CT.C       C.DP     DP.C      CT.DP     DP.CT     TOTAL
 C    1     64.72    697.30    159.59    286.71    157.39   -160.20    -64.44   -389.62   -285.48    465.98
 S    2     -5.94   1141.24    290.65    -26.32    257.60     14.71   -117.42   -637.66   -520.19    396.67
 F    3      8.21   -181.26      6.41     36.38    -40.91    -20.09     -2.15    100.18     -9.52   -102.74
 F    4      8.21   -181.28      4.23     36.38    -40.92    -20.57     -2.15    102.39     -9.53   -103.23
 -------------------------------------------------------------------------------------------------------------
 Total intensity =  656.68 km/mol
 -------------------------------------------------------------------------------------------------------------

 -------------------------------------------------------------------------------------------------------------
 MODE # 2 ( 1257.10 cm-1)
 -------------------------------------------------------------------------------------------------------------

  ATOM         Ax          Ay          Az      (Ax + Ay + Az)
 C    1        0.05      265.91        0.01       265.96
 S    2       -0.00        0.59        0.00         0.59
 F    3        0.00       -6.82        0.06        -6.76
 F    4        0.00       -6.82       -0.06        -6.88

 ----------------------------------------------
  ATOM        C         CT        DP      TOTAL
 C    1    110.45      0.00    155.51    265.96
 S    2     -0.73     -0.00      1.31      0.59
 F    3     25.52    -70.22     37.95     -6.76
 F    4     25.69    -71.04     38.47     -6.88

 -------------------------------------------------------------------------------------------------------------
  ATOM       C.C      CT.CT     DP.DP      C.CT     CT.C       C.DP     DP.C      CT.DP     DP.CT     TOTAL
 C    1     70.30      0.00    143.41    -61.71     -0.00    101.86     98.94      0.00    -86.85    265.96
 S    2     -0.46     -0.00      1.21      0.41      0.00     -0.67      0.83     -0.00     -0.73      0.59
 F    3     16.29     39.54     35.03    -14.32    -44.96     23.54     24.32    -64.81    -21.40     -6.76
 F    4     16.29     39.38     35.45    -14.29    -44.95     23.68     24.32    -65.47    -21.29     -6.88
 -------------------------------------------------------------------------------------------------------------
 Total intensity =  252.90 km/mol
 -------------------------------------------------------------------------------------------------------------

 -------------------------------------------------------------------------------------------------------------
 MODE # 3 (  808.57 cm-1)
 -------------------------------------------------------------------------------------------------------------

  ATOM         Ax          Ay          Az      (Ax + Ay + Az)
 C    1        0.00        0.00        8.88         8.88
 S    2       -0.00        0.00        2.16         2.16
 F    3       -0.00        0.01       -1.88        -1.87
 F    4       -0.00       -0.01       -1.88        -1.89

 ----------------------------------------------
  ATOM        C         CT        DP      TOTAL
 C    1     -3.77     -3.51     16.16      8.88
 S    2      3.52    -19.99     18.63      2.16
 F    3      3.28     -7.53      2.38     -1.87
 F    4      3.57     -7.77      2.31     -1.89

 -------------------------------------------------------------------------------------------------------------
  ATOM       C.C      CT.CT     DP.DP      C.CT     CT.C       C.DP     DP.C      CT.DP     DP.CT     TOTAL
 C    1     -3.42     18.73     87.61     20.08     -3.19    -20.43     14.66    -19.05    -86.11      8.88
 S    2      3.19    106.55    101.01    -18.75    -18.14     19.08     16.91   -108.40    -99.29      2.16
 F    3      3.11     40.76     12.75    -18.27     -6.94     18.44      2.13    -41.35    -12.49     -1.87
 F    4      3.11     40.75     12.67    -18.26     -6.94     18.73      2.13    -41.58    -12.49     -1.89
 -------------------------------------------------------------------------------------------------------------
 Total intensity =    7.28 km/mol
 -------------------------------------------------------------------------------------------------------------

 -------------------------------------------------------------------------------------------------------------
 MODE # 4 (  637.21 cm-1)
 -------------------------------------------------------------------------------------------------------------

  ATOM         Ax          Ay          Az      (Ax + Ay + Az)
 C    1        2.59        0.01        0.00         2.59
 S    2        4.34       -0.00        0.00         4.34
 F    3       -2.48        0.00       -0.00        -2.48
 F    4       -2.48       -0.00       -0.00        -2.48

 ----------------------------------------------
  ATOM        C         CT        DP      TOTAL
 C    1     10.70      0.00     -8.11      2.59
 S    2     -0.68     -0.00      5.02      4.34
 F    3      1.73      0.00     -4.21     -2.48
 F    4      1.73     -0.00     -4.21     -2.48

 -------------------------------------------------------------------------------------------------------------
  ATOM       C.C      CT.CT     DP.DP      C.CT     CT.C       C.DP     DP.C      CT.DP     DP.CT     TOTAL
 C    1     73.56      0.00     47.68     -0.00      0.00    -62.86    -55.79     -0.00     -0.00      2.59
 S    2     -4.68     -0.00    -29.49      0.00     -0.00      4.00     34.52      0.00      0.00      4.34
 F    3     11.89     -0.00     24.74      0.00     -0.00    -10.16    -28.95      0.00      0.00     -2.48
 F    4     11.89     -0.00     24.74      0.00     -0.00    -10.16    -28.95     -0.00      0.00     -2.48
 -------------------------------------------------------------------------------------------------------------
 Total intensity =    1.97 km/mol
 -------------------------------------------------------------------------------------------------------------

 -------------------------------------------------------------------------------------------------------------
 MODE # 5 (  533.77 cm-1)
 -------------------------------------------------------------------------------------------------------------

  ATOM         Ax          Ay          Az      (Ax + Ay + Az)
 C    1        0.00        0.01        1.81         1.82
 S    2        0.00       -0.00        4.27         4.27
 F    3       -0.00       -0.04        0.47         0.42
 F    4       -0.00        0.04        0.46         0.51

 ----------------------------------------------
  ATOM        C         CT        DP      TOTAL
 C    1      3.07     -4.47      3.21      1.82
 S    2      3.83     -9.52      9.96      4.27
 F    3      5.26     -0.12     -4.72      0.42
 F    4      5.65     -0.11     -5.02      0.51

 -------------------------------------------------------------------------------------------------------------
  ATOM       C.C      CT.CT     DP.DP      C.CT     CT.C       C.DP     DP.C      CT.DP     DP.CT     TOTAL
 C    1      7.81      9.07      1.57     -6.24    -11.35      1.50      8.14     -2.18     -6.50      1.82
 S    2      9.74     19.33      4.86     -7.78    -24.20      1.87     25.31     -4.65    -20.21      4.27
 F    3     13.86      0.23     -2.23    -11.07     -0.29      2.47    -12.38     -0.06      9.89      0.42
 F    4     13.86      0.24     -2.53    -11.07     -0.30      2.85    -12.38     -0.05      9.88      0.51
 -------------------------------------------------------------------------------------------------------------
 Total intensity =    7.01 km/mol
 -------------------------------------------------------------------------------------------------------------

 -------------------------------------------------------------------------------------------------------------
 MODE # 6 (  424.59 cm-1)
 -------------------------------------------------------------------------------------------------------------

  ATOM         Ax          Ay          Az      (Ax + Ay + Az)
 C    1        0.03        1.33        0.00         1.36
 S    2       -0.00        0.38       -0.00         0.38
 F    3       -0.00       -0.60       -0.06        -0.66
 F    4        0.00       -0.60        0.06        -0.54

 ----------------------------------------------
  ATOM        C         CT        DP      TOTAL
 C    1      2.28     -0.00     -0.92      1.36
 S    2     -0.85     -0.00      1.23      0.38
 F    3     -0.69      0.35     -0.33     -0.66
 F    4     -0.32      0.28     -0.50     -0.54

 -------------------------------------------------------------------------------------------------------------
  ATOM       C.C      CT.CT     DP.DP      C.CT     CT.C       C.DP     DP.C      CT.DP     DP.CT     TOTAL
 C    1      1.93      0.00      1.09      2.87     -0.00     -2.51     -0.81     -0.00     -1.20      1.36
 S    2     -0.72      0.00     -1.35     -1.07     -0.00      0.94      1.04     -0.00      1.55      0.38
 F    3     -0.42      0.39      0.56     -0.60      0.27      0.33     -0.35     -0.31     -0.54     -0.66
 F    4     -0.42      0.41      0.35     -0.67      0.27      0.77     -0.35     -0.39     -0.51     -0.54
 -------------------------------------------------------------------------------------------------------------
 Total intensity =    0.54 km/mol
 -------------------------------------------------------------------------------------------------------------

 -------------------------------------------------------------------------------------------------------------
 MODE # 7 (    6.23 cm-1)
 -------------------------------------------------------------------------------------------------------------

  ATOM         Ax          Ay          Az      (Ax + Ay + Az)
 C    1        0.03        0.00        0.00         0.04
 S    2       -0.00        0.00        0.00         0.00
 F    3       -0.49       -0.00       -0.00        -0.49
 F    4        0.49       -0.00        0.00         0.49

 ----------------------------------------------
  ATOM        C         CT        DP      TOTAL
 C    1      0.00     -0.00      0.03      0.04
 S    2      0.00     -0.00     -0.00      0.00
 F    3     -0.66      0.00      0.16     -0.49
 F    4      0.65     -0.00     -0.16      0.49

 -------------------------------------------------------------------------------------------------------------
  ATOM       C.C      CT.CT     DP.DP      C.CT     CT.C       C.DP     DP.C      CT.DP     DP.CT     TOTAL
 C    1      0.01      0.00      0.04     -0.00      0.00     -0.00      0.00     -0.00     -0.00      0.04
 S    2      0.01      0.00      0.00     -0.00      0.00     -0.00     -0.00     -0.00     -0.00      0.00
 F    3     -0.00     -0.00      0.16      0.00      0.00     -0.65     -0.00      0.00     -0.00     -0.49
 F    4     -0.00     -0.00     -0.16     -0.00     -0.00      0.66     -0.00      0.00      0.00      0.49
 -------------------------------------------------------------------------------------------------------------
 Total intensity =    0.04 km/mol
 -------------------------------------------------------------------------------------------------------------

 -------------------------------------------------------------------------------------------------------------
 MODE # 8 (    2.32 cm-1)
 -------------------------------------------------------------------------------------------------------------

  ATOM         Ax          Ay          Az      (Ax + Ay + Az)
 C    1       -0.09        0.00       -0.00        -0.09
 S    2       -0.08        0.00       -0.00        -0.08
 F    3        0.08       -0.00        0.00         0.08
 F    4        0.08       -0.00        0.00         0.08

 ----------------------------------------------
  ATOM        C         CT        DP      TOTAL
 C    1     -0.14      0.00      0.05     -0.09
 S    2     -0.11     -0.00      0.03     -0.08
 F    3      0.08     -0.00      0.01      0.08
 F    4      0.08      0.00      0.01      0.08

 -------------------------------------------------------------------------------------------------------------
  ATOM       C.C      CT.CT     DP.DP      C.CT     CT.C       C.DP     DP.C      CT.DP     DP.CT     TOTAL
 C    1      5.07      0.00      1.88     -0.01      0.00     -5.20     -1.83     -0.00     -0.00     -0.09
 S    2      4.05     -0.00      1.18     -0.00     -0.00     -4.15     -1.15      0.00      0.00     -0.08
 F    3     -2.85     -0.00      0.27      0.00      0.00      2.93     -0.26     -0.00     -0.00      0.08
 F    4     -2.86      0.00      0.27      0.00      0.00      2.93     -0.26     -0.00      0.00      0.08
 -------------------------------------------------------------------------------------------------------------
 Total intensity =    0.00 km/mol
 -------------------------------------------------------------------------------------------------------------

 -------------------------------------------------------------------------------------------------------------
 MODE # 9 (    0.77 cm-1)
 -------------------------------------------------------------------------------------------------------------

  ATOM         Ax          Ay          Az      (Ax + Ay + Az)
 C    1        0.02        0.35       -0.02         0.36
 S    2        0.01        0.19       -0.01         0.19
 F    3        0.00       -0.26        0.01        -0.26
 F    4       -0.02       -0.26        0.02        -0.26

 ----------------------------------------------
  ATOM        C         CT        DP      TOTAL
 C    1      0.36     -0.00     -0.00      0.36
 S    2      0.21     -0.00     -0.02      0.19
 F    3     -0.25      0.00     -0.01     -0.26
 F    4     -0.26      0.00     -0.00     -0.26

 -------------------------------------------------------------------------------------------------------------
  ATOM       C.C      CT.CT     DP.DP      C.CT     CT.C       C.DP     DP.C      CT.DP     DP.CT     TOTAL
 C    1      1.39      0.00      0.04      0.01     -0.00     -1.04     -0.04     -0.00     -0.00      0.36
 S    2      0.81      0.00      0.05      0.00     -0.00     -0.60     -0.07     -0.00     -0.00      0.19
 F    3     -0.99     -0.00      0.01     -0.00      0.00      0.74     -0.02     -0.00     -0.00     -0.26
 F    4     -1.00      0.00      0.01     -0.01      0.00      0.75     -0.01     -0.00      0.00     -0.26
 -------------------------------------------------------------------------------------------------------------
 Total intensity =    0.03 km/mol
 -------------------------------------------------------------------------------------------------------------

 -------------------------------------------------------------------------------------------------------------
 MODE #10 (    0.42 cm-1)
 -------------------------------------------------------------------------------------------------------------

  ATOM         Ax          Ay          Az      (Ax + Ay + Az)
 C    1        0.01       -0.01       -0.04        -0.05
 S    2        0.00       -0.01       -0.02        -0.03
 F    3       -0.01        0.01        0.03         0.04
 F    4       -0.00        0.01        0.03         0.04

 ----------------------------------------------
  ATOM        C         CT        DP      TOTAL
 C    1     -0.05      0.00      0.00     -0.05
 S    2     -0.03     -0.00     -0.00     -0.03
 F    3      0.04     -0.00     -0.00      0.04
 F    4      0.04     -0.00     -0.00      0.04

 -------------------------------------------------------------------------------------------------------------
  ATOM       C.C      CT.CT     DP.DP      C.CT     CT.C       C.DP     DP.C      CT.DP     DP.CT     TOTAL
 C    1      0.10      0.00      0.02     -0.11      0.00     -0.04     -0.02     -0.00     -0.00     -0.05
 S    2      0.07     -0.00      0.01     -0.06     -0.00     -0.04     -0.01      0.00      0.00     -0.03
 F    3     -0.07     -0.00      0.00      0.08      0.00      0.02     -0.00     -0.00     -0.00      0.04
 F    4     -0.06      0.00      0.00      0.08      0.00      0.02     -0.00     -0.00      0.00      0.04
 -------------------------------------------------------------------------------------------------------------
 Total intensity =    0.00 km/mol
 -------------------------------------------------------------------------------------------------------------

 -------------------------------------------------------------------------------------------------------------
 MODE #11 (    5.95 cm-1)
 -------------------------------------------------------------------------------------------------------------

  ATOM         Ax          Ay          Az      (Ax + Ay + Az)
 C    1        0.01        0.98        0.00         0.98
 S    2        0.00        0.03        0.00         0.03
 F    3       -0.00       -0.47        0.01        -0.46
 F    4       -0.01       -0.47       -0.01        -0.48

 ----------------------------------------------
  ATOM        C         CT        DP      TOTAL
 C    1      0.25      0.00      0.73      0.98
 S    2     -0.40      0.00      0.43      0.03
 F    3     -0.55      0.00      0.09     -0.46
 F    4     -0.59     -0.00      0.10     -0.48

 -------------------------------------------------------------------------------------------------------------
  ATOM       C.C      CT.CT     DP.DP      C.CT     CT.C       C.DP     DP.C      CT.DP     DP.CT     TOTAL
 C    1     -4.55      0.01     14.02      0.00      0.00      4.80    -13.28     -0.00     -0.01      0.98
 S    2      7.35      0.00      8.32      0.00      0.00     -7.75     -7.88     -0.00     -0.00      0.03
 F    3     10.33      0.00      1.93      0.14     -0.00    -11.02     -1.80      0.00     -0.04     -0.46
 F    4     10.35      0.00      1.87     -0.14      0.00    -10.79     -1.81     -0.00      0.04     -0.48
 -------------------------------------------------------------------------------------------------------------
 Total intensity =    0.07 km/mol
 -------------------------------------------------------------------------------------------------------------

 -------------------------------------------------------------------------------------------------------------
 MODE #12 (    6.72 cm-1)
 -------------------------------------------------------------------------------------------------------------

  ATOM         Ax          Ay          Az      (Ax + Ay + Az)
 C    1        0.58       -0.00        0.00         0.58
 S    2        0.06       -0.00        0.00         0.06
 F    3       -0.31        0.00        0.00        -0.31
 F    4       -0.31        0.00       -0.00        -0.31

 ----------------------------------------------
  ATOM        C         CT        DP      TOTAL
 C    1      0.21      0.00      0.37      0.58
 S    2     -0.17     -0.00      0.23      0.06
 F    3     -0.36      0.00      0.05     -0.31
 F    4     -0.36     -0.00      0.05     -0.31

 -------------------------------------------------------------------------------------------------------------
  ATOM       C.C      CT.CT     DP.DP      C.CT     CT.C       C.DP     DP.C      CT.DP     DP.CT     TOTAL
 C    1     -9.60      0.00     16.54      0.00     -0.00      9.81    -16.18     -0.00     -0.00      0.58
 S    2      7.57     -0.00     10.42      0.00      0.00     -7.74    -10.19      0.00      0.00      0.06
 F    3     16.20     -0.00      2.38      0.00      0.00    -16.56     -2.33     -0.00     -0.00     -0.31
 F    4     16.18     -0.00      2.38     -0.00     -0.00    -16.54     -2.32      0.00      0.00     -0.31
 -------------------------------------------------------------------------------------------------------------
 Total intensity =    0.02 km/mol
 -------------------------------------------------------------------------------------------------------------

 -----------------------------------------------------------------------------------
 DYNAMIC CONTRIBUTIONS TO THE IR INTENSITIES

 Ax = K.( (dPx/dxa).(dxa/dQj) +
          (dPx/dya).(dya/dQj) +
          (dPx/dza).(dza/dQj) ).(dPx/dQj)

 Ay = K.( (dPy/dxa).(dxa/dQj) +
          (dPy/dya).(dya/dQj) +
          (dPy/dza).(dza/dQj) ).(dPy/dQj)

 Az = K.( (dPz/dxa).(dxa/dQj) +
          (dPz/dya).(dya/dQj) +
          (dPz/dza).(dza/dQj) ).(dPz/dQj)

  K = 974.864 km.amu / (mol.e^2)

 Px = x-component of the molecular dipole moment
 Py = y-component of the molecular dipole moment
 Pz = z-component of the molecular dipole moment

 xa = x-coordinate of atom a
 ya = y-coordinate of atom a
 za = z-coordinate of atom a
 -----------------------------------------------------------------------------------

 -------------------------------------------------------------------------------------------------------------
 MODE # 1 ( 1398.82 cm-1)
 -------------------------------------------------------------------------------------------------------------

  ATOM         Ax          Ay          Az      (Ax + Ay + Az)
 C    1        0.00        0.07      527.07       527.13
 S    2       -0.00        0.01       25.69        25.69
 F    3        0.00        0.41       51.45        51.86
 F    4       -0.00       -0.40       52.39        51.99

 ----------------------------------------------
  ATOM        C         CT        DP      TOTAL
 C    1    191.23    831.38   -495.47    527.13
 S    2    -17.55    132.80    -89.55     25.69
 F    3     24.51      9.90     17.45     51.86
 F    4     24.03     10.37     17.59     51.99

 -------------------------------------------------------------------------------------------------------------
  ATOM       C.C      CF.CF     DF.DF      C.CF     CF.C       C.DF     DF.C      CF.DF     DF.CF     TOTAL
 C    1     64.72   1246.50    415.20    286.71    281.36   -160.20   -167.70   -696.48   -742.97    527.13
 S    2     -5.94    199.11     75.03    -26.32     44.94     14.71    -30.31   -111.25   -134.27     25.69
 F    3      8.21     15.25    -13.81     36.38      3.44    -20.09      5.76     -8.80     25.50     51.86
 F    4      8.21     15.14    -15.53     36.38      3.42    -20.57      6.10     -8.19     27.03     51.99
 -------------------------------------------------------------------------------------------------------------
 Total intensity =  656.68 km/mol
 -------------------------------------------------------------------------------------------------------------

 -------------------------------------------------------------------------------------------------------------
 MODE # 2 ( 1257.10 cm-1)
 -------------------------------------------------------------------------------------------------------------

  ATOM         Ax          Ay          Az      (Ax + Ay + Az)
 C    1        0.05      181.14        0.00       181.19
 S    2       -0.00        0.18       -0.00         0.18
 F    3       -0.00       36.02       -0.22        35.80
 F    4       -0.00       35.51        0.23        35.73

 ----------------------------------------------
  ATOM        C         CT        DP      TOTAL
 C    1    110.45    -94.03    164.77    181.19
 S    2     -0.73      0.07      0.84      0.18
 F    3     25.52    -23.69     33.97     35.80
 F    4     25.69    -23.60     33.65     35.73

 -------------------------------------------------------------------------------------------------------------
  ATOM       C.C      CF.CF     DF.DF      C.CF     CF.C       C.DF     DF.C      CF.DF     DF.CF     TOTAL
 C    1     70.30     52.54    151.96    -61.71    -59.85    101.86    104.84    -86.72    -92.03    181.19
 S    2     -0.46     -0.04      0.78      0.41      0.04     -0.67      0.54      0.06     -0.47      0.18
 F    3     16.29     13.21     31.34    -14.32    -15.05     23.54     21.68    -21.85    -19.05     35.80
 F    4     16.29     13.22     31.02    -14.29    -15.05     23.68     21.36    -21.77    -18.73     35.73
 -------------------------------------------------------------------------------------------------------------
 Total intensity =  252.90 km/mol
 -------------------------------------------------------------------------------------------------------------

 -------------------------------------------------------------------------------------------------------------
 MODE # 3 (  808.57 cm-1)
 -------------------------------------------------------------------------------------------------------------

  ATOM         Ax          Ay          Az      (Ax + Ay + Az)
 C    1        0.00        0.00      -10.38       -10.38
 S    2       -0.00        0.00       -5.15        -5.15
 F    3       -0.00       -0.18       11.30        11.11
 F    4        0.00        0.18       11.52        11.70

 ----------------------------------------------
  ATOM        C         CT        DP      TOTAL
 C    1     -3.77    -16.38      9.77    -10.38
 S    2      3.52    -26.62     17.96     -5.15
 F    3      3.28      2.20      5.63     11.11
 F    4      3.57      2.00      6.13     11.70

 -------------------------------------------------------------------------------------------------------------
  ATOM       C.C      CF.CF     DF.DF      C.CF     CF.C       C.DF     DF.C      CF.DF     DF.CF     TOTAL
 C    1     -3.42     87.28     52.93     20.08    -14.86    -20.43      8.86    -88.80    -52.02    -10.38
 S    2      3.19    141.87     97.34    -18.75    -24.16     19.08     16.29   -144.34    -95.67     -5.15
 F    3      3.11    -11.07     31.23    -18.27      1.89     18.44      5.25     11.38    -30.85     11.11
 F    4      3.11    -11.29     32.53    -18.26      1.92     18.73      5.42     11.37    -31.83     11.70
 -------------------------------------------------------------------------------------------------------------
 Total intensity =    7.28 km/mol
 -------------------------------------------------------------------------------------------------------------

 -------------------------------------------------------------------------------------------------------------
 MODE # 4 (  637.21 cm-1)
 -------------------------------------------------------------------------------------------------------------

  ATOM         Ax          Ay          Az      (Ax + Ay + Az)
 C    1        1.67        0.01        0.00         1.68
 S    2        0.09       -0.00       -0.00         0.09
 F    3        0.05        0.00        0.00         0.05
 F    4        0.14        0.00        0.00         0.14

 ----------------------------------------------
  ATOM        C         CT        DP      TOTAL
 C    1     10.70      0.00     -9.02      1.68
 S    2     -0.68     -0.00      0.77      0.09
 F    3      1.73     -0.00     -1.67      0.05
 F    4      1.73      0.00     -1.58      0.14

 -------------------------------------------------------------------------------------------------------------
  ATOM       C.C      CF.CF     DF.DF      C.CF     CF.C       C.DF     DF.C      CF.DF     DF.CF     TOTAL
 C    1     73.56      0.00     53.03     -0.00      0.00    -62.86    -62.06     -0.00     -0.00      1.68
 S    2     -4.68     -0.00     -4.54      0.00     -0.00      4.00      5.31      0.00      0.00      0.09
 F    3     11.89     -0.00      9.84      0.00     -0.00    -10.16    -11.52      0.00      0.00      0.05
 F    4     11.89      0.00      9.33      0.00      0.00    -10.16    -10.91     -0.00     -0.00      0.14
 -------------------------------------------------------------------------------------------------------------
 Total intensity =    1.97 km/mol
 -------------------------------------------------------------------------------------------------------------

 -------------------------------------------------------------------------------------------------------------
 MODE # 5 (  533.77 cm-1)
 -------------------------------------------------------------------------------------------------------------

  ATOM         Ax          Ay          Az      (Ax + Ay + Az)
 C    1        0.00        0.00        8.47         8.47
 S    2        0.00       -0.00       -5.61        -5.61
 F    3        0.00       -0.06        2.07         2.01
 F    4       -0.00        0.07        2.07         2.14

 ----------------------------------------------
  ATOM        C         CT        DP      TOTAL
 C    1      3.07     13.36     -7.96      8.47
 S    2      3.83    -28.99     19.55     -5.61
 F    3      5.26      0.80     -4.04      2.01
 F    4      5.65      0.62     -4.12      2.14

 -------------------------------------------------------------------------------------------------------------
  ATOM       C.C      CF.CF     DF.DF      C.CF     CF.C       C.DF     DF.C      CF.DF     DF.CF     TOTAL
 C    1      7.81    -27.11     -3.88     -6.24     33.95      1.50    -20.24      6.52     16.16      8.47
 S    2      9.74     58.85      9.54     -7.78    -73.70      1.87     49.70    -14.15    -39.69     -5.61
 F    3     13.86     -1.57     -1.92    -11.07      1.97      2.47    -10.56      0.40      8.43      2.01
 F    4     13.86     -1.30     -2.06    -11.07      1.62      2.85    -10.22      0.29      8.16      2.14
 -------------------------------------------------------------------------------------------------------------
 Total intensity =    7.01 km/mol
 -------------------------------------------------------------------------------------------------------------

 -------------------------------------------------------------------------------------------------------------
 MODE # 6 (  424.59 cm-1)
 -------------------------------------------------------------------------------------------------------------

  ATOM         Ax          Ay          Az      (Ax + Ay + Az)
 C    1        0.02        3.74       -0.00         3.76
 S    2       -0.00        0.22        0.00         0.21
 F    3        0.00       -1.77       -0.28        -2.04
 F    4        0.01       -1.69        0.29        -1.39

 ----------------------------------------------
  ATOM        C         CT        DP      TOTAL
 C    1      2.28     -1.94      3.42      3.76
 S    2     -0.85      0.08      0.98      0.21
 F    3     -0.69      1.19     -2.55     -2.04
 F    4     -0.32      1.31     -2.38     -1.39

 -------------------------------------------------------------------------------------------------------------
  ATOM       C.C      CF.CF     DF.DF      C.CF     CF.C       C.DF     DF.C      CF.DF     DF.CF     TOTAL
 C    1      1.93     -2.44     -3.73      2.87     -1.64     -2.51      2.87      2.14      4.28      3.76
 S    2     -0.72      0.10     -1.09     -1.07      0.07      0.94      0.83     -0.09      1.24      0.21
 F    3     -0.42      1.58      2.72     -0.60      1.05      0.33     -2.12     -1.45     -3.15     -2.04
 F    4     -0.42      1.56      2.74     -0.67      1.05      0.77     -2.06     -1.30     -3.07     -1.39
 -------------------------------------------------------------------------------------------------------------
 Total intensity =    0.54 km/mol
 -------------------------------------------------------------------------------------------------------------

 -------------------------------------------------------------------------------------------------------------
 MODE # 7 (    6.23 cm-1)
 -------------------------------------------------------------------------------------------------------------

  ATOM         Ax          Ay          Az      (Ax + Ay + Az)
 C    1        0.00        0.01        0.00         0.01
 S    2        0.00       -0.00       -0.00        -0.00
 F    3       -0.02       -0.00       -0.00        -0.02
 F    4        0.05        0.00        0.00         0.06

 ----------------------------------------------
  ATOM        C         CT        DP      TOTAL
 C    1      0.00     -0.00      0.01      0.01
 S    2      0.00     -0.00     -0.00     -0.00
 F    3     -0.66      0.00      0.63     -0.02
 F    4      0.65      0.00     -0.60      0.06

 -------------------------------------------------------------------------------------------------------------
  ATOM       C.C      CF.CF     DF.DF      C.CF     CF.C       C.DF     DF.C      CF.DF     DF.CF     TOTAL
 C    1      0.01     -0.00     -0.01     -0.00     -0.01     -0.00      0.01      0.01      0.00      0.01
 S    2      0.01      0.00      0.01     -0.00     -0.00     -0.00     -0.01     -0.00     -0.00     -0.00
 F    3     -0.00      0.00      0.64      0.00      0.00     -0.65     -0.01     -0.00      0.00     -0.02
 F    4     -0.00      0.00     -0.60     -0.00      0.00      0.66      0.00     -0.00     -0.00      0.06
 -------------------------------------------------------------------------------------------------------------
 Total intensity =    0.04 km/mol
 -------------------------------------------------------------------------------------------------------------

 -------------------------------------------------------------------------------------------------------------
 MODE # 8 (    2.32 cm-1)
 -------------------------------------------------------------------------------------------------------------

  ATOM         Ax          Ay          Az      (Ax + Ay + Az)
 C    1       -0.02        0.00       -0.01        -0.03
 S    2        0.01       -0.00        0.00         0.02
 F    3        0.00        0.00        0.00         0.00
 F    4        0.01       -0.00        0.00         0.01

 ----------------------------------------------
  ATOM        C         CT        DP      TOTAL
 C    1     -0.14     -0.01      0.12     -0.03
 S    2     -0.11      0.01      0.12      0.02
 F    3      0.08      0.00     -0.07      0.00
 F    4      0.08      0.00     -0.07      0.01

 -------------------------------------------------------------------------------------------------------------
  ATOM       C.C      CF.CF     DF.DF      C.CF     CF.C       C.DF     DF.C      CF.DF     DF.CF     TOTAL
 C    1      5.07     -0.03      4.39     -0.01      0.00     -5.20     -4.29      0.02      0.02     -0.03
 S    2      4.05      0.02      4.73     -0.00      0.00     -4.15     -4.60     -0.02     -0.02      0.02
 F    3     -2.85      0.00     -2.84      0.00      0.00      2.93      2.77     -0.00     -0.00      0.00
 F    4     -2.86      0.00     -2.69      0.00     -0.00      2.93      2.62      0.00      0.00      0.01
 -------------------------------------------------------------------------------------------------------------
 Total intensity =    0.00 km/mol
 -------------------------------------------------------------------------------------------------------------

 -------------------------------------------------------------------------------------------------------------
 MODE # 9 (    0.77 cm-1)
 -------------------------------------------------------------------------------------------------------------

  ATOM         Ax          Ay          Az      (Ax + Ay + Az)
 C    1        0.02        0.59       -0.05         0.56
 S    2        0.00       -0.05        0.01        -0.04
 F    3       -0.00       -0.24       -0.06        -0.30
 F    4       -0.00       -0.29        0.10        -0.19

 ----------------------------------------------
  ATOM        C         CT        DP      TOTAL
 C    1      0.36     -0.38      0.59      0.56
 S    2      0.21      0.04     -0.30     -0.04
 F    3     -0.25      0.13     -0.19     -0.30
 F    4     -0.26      0.20     -0.14     -0.19

 -------------------------------------------------------------------------------------------------------------
  ATOM       C.C      CF.CF     DF.DF      C.CF     CF.C       C.DF     DF.C      CF.DF     DF.CF     TOTAL
 C    1      1.39      0.01     -1.47      0.01     -1.18     -1.04      2.06      0.78     -0.00      0.56
 S    2      0.81     -0.01      0.63      0.00     -0.08     -0.60     -0.93      0.13      0.01     -0.04
 F    3     -0.99      0.00      0.27     -0.00      0.55      0.74     -0.46     -0.42      0.01     -0.30
 F    4     -1.00     -0.00      0.69     -0.01      0.70      0.75     -0.81     -0.50     -0.02     -0.19
 -------------------------------------------------------------------------------------------------------------
 Total intensity =    0.03 km/mol
 -------------------------------------------------------------------------------------------------------------

 -------------------------------------------------------------------------------------------------------------
 MODE #10 (    0.42 cm-1)
 -------------------------------------------------------------------------------------------------------------

  ATOM         Ax          Ay          Az      (Ax + Ay + Az)
 C    1        0.00       -0.03       -0.12        -0.15
 S    2       -0.00        0.00        0.03         0.04
 F    3       -0.00        0.06        0.05         0.11
 F    4        0.00       -0.04        0.04         0.00

 ----------------------------------------------
  ATOM        C         CT        DP      TOTAL
 C    1     -0.05     -0.18      0.08     -0.15
 S    2     -0.03      0.17     -0.11      0.04
 F    3      0.04     -0.03      0.10      0.11
 F    4      0.04      0.04     -0.07      0.00

 -------------------------------------------------------------------------------------------------------------
  ATOM       C.C      CF.CF     DF.DF      C.CF     CF.C       C.DF     DF.C      CF.DF     DF.CF     TOTAL
 C    1      0.10     -0.47     -0.22     -0.11     -0.04     -0.04      0.02      0.33      0.28     -0.15
 S    2      0.07      0.43      0.26     -0.06      0.00     -0.04     -0.08     -0.25     -0.29      0.04
 F    3     -0.07      0.03      0.33      0.08      0.12      0.02     -0.23     -0.18      0.01      0.11
 F    4     -0.06      0.02     -0.32      0.08     -0.09      0.02      0.25      0.10     -0.00      0.00
 -------------------------------------------------------------------------------------------------------------
 Total intensity =    0.00 km/mol
 -------------------------------------------------------------------------------------------------------------

 -------------------------------------------------------------------------------------------------------------
 MODE #11 (    5.95 cm-1)
 -------------------------------------------------------------------------------------------------------------

  ATOM         Ax          Ay          Az      (Ax + Ay + Az)
 C    1       -0.00        0.41        0.00         0.41
 S    2        0.00        0.10       -0.00         0.10
 F    3        0.00       -0.21        0.00        -0.20
 F    4        0.00       -0.23       -0.00        -0.23

 ----------------------------------------------
  ATOM        C         CT        DP      TOTAL
 C    1      0.25     -0.21      0.37      0.41
 S    2     -0.40      0.04      0.47      0.10
 F    3     -0.55      0.09      0.26     -0.20
 F    4     -0.59      0.08      0.27     -0.23

 -------------------------------------------------------------------------------------------------------------
  ATOM       C.C      CF.CF     DF.DF      C.CF     CF.C       C.DF     DF.C      CF.DF     DF.CF     TOTAL
 C    1     -4.55      0.01      7.13      0.00      3.86      4.80     -6.76     -4.08     -0.00      0.41
 S    2      7.35     -0.00      8.98      0.00     -0.70     -7.75     -8.52      0.74      0.00      0.10
 F    3     10.33      0.02      5.27      0.14     -1.61    -11.02     -4.89      1.69     -0.12     -0.20
 F    4     10.35     -0.02      4.76     -0.14     -1.55    -10.79     -4.60      1.65      0.12     -0.23
 -------------------------------------------------------------------------------------------------------------
 Total intensity =    0.07 km/mol
 -------------------------------------------------------------------------------------------------------------

 -------------------------------------------------------------------------------------------------------------
 MODE #12 (    6.72 cm-1)
 -------------------------------------------------------------------------------------------------------------

  ATOM         Ax          Ay          Az      (Ax + Ay + Az)
 C    1        0.03       -0.01        0.00         0.03
 S    2        0.02        0.00       -0.00         0.02
 F    3       -0.01        0.00       -0.00        -0.01
 F    4       -0.03        0.01       -0.00        -0.02

 ----------------------------------------------
  ATOM        C         CT        DP      TOTAL
 C    1      0.21      0.00     -0.19      0.03
 S    2     -0.17     -0.00      0.19      0.02
 F    3     -0.36     -0.00      0.35     -0.01
 F    4     -0.36     -0.00      0.34     -0.02

 -------------------------------------------------------------------------------------------------------------
  ATOM       C.C      CF.CF     DF.DF      C.CF     CF.C       C.DF     DF.C      CF.DF     DF.CF     TOTAL
 C    1     -9.60      0.00     -8.26      0.00      0.01      9.81      8.07     -0.00     -0.00      0.03
 S    2      7.57     -0.00      8.78      0.00     -0.00     -7.74     -8.59      0.00      0.00      0.02
 F    3     16.20     -0.00     16.03      0.00     -0.00    -16.56    -15.68      0.00     -0.00     -0.01
 F    4     16.18      0.00     15.17     -0.00     -0.00    -16.54    -14.83      0.00      0.00     -0.02
 -------------------------------------------------------------------------------------------------------------
 Total intensity =    0.02 km/mol
 -------------------------------------------------------------------------------------------------------------



********************************************************************************
 THEORY LEVEL OF THE DIPOLE MOMENT: MP2                            
********************************************************************************



          Dipole Moment / a.u. (Atomic Contrib.)
          --------------------------------------
          Charge        Dipole        Total
          --------------------------------------
     X    0.00000000   -0.00054918   -0.00054918
     Y    0.00000583   -0.00117501   -0.00116918
     Z    3.49933290   -3.58858464   -0.08925174

  Norm    3.49933290    3.58858487    0.08926108
          --------------------------------------



          Dipole Moment / Debye (Atomic Contrib.)
          --------------------------------------
          Charge        Dipole        Total
          --------------------------------------
     X    0.00000000   -0.00139588   -0.00139588
     Y    0.00001482   -0.00298661   -0.00297179
     Z    8.89449939   -9.12135678   -0.22685738

  Norm    8.89449939    9.12135737    0.22688114
          --------------------------------------




 ------------------------------------------------------- 
 MOLECULAR CHARGE TENSOR IN THE NORMAL COORDINATES BASIS 
 units = e / sqrt(amu)                                      
 ------------------------------------------------------- 

         d Q  1      d Q  2      d Q  3      d Q  4      d Q  5
  d PX  -0.00000149 -0.00000002  0.00002542  0.30828785 -0.00000384
  d PY  -0.00000060  0.32413686  0.00000198 -0.00000004  0.00000002
  d PZ   0.27773867  0.00000020  0.07842276 -0.00000237  0.21548974
  Norm   0.27773867  0.32413686  0.07842276  0.30828785  0.21548974


         d Q  6      d Q  7      d Q  8      d Q  9      d Q 10
  d PX   0.00000003 -0.00000718  0.05915099  0.00293795 -0.00557251
  d PY  -0.01920000 -0.00302384  0.00038415  0.01440484  0.00290091
  d PZ  -0.00000012  0.00000003 -0.00000177  0.00000202 -0.00001105
  Norm   0.01920000  0.00302385  0.05915224  0.01470139  0.00628238


         d Q 11      d Q 12
  d PX  -0.00598798  0.17637728
  d PY   0.15505258  0.00498687
  d PZ  -0.00000038  0.00000008
  Norm   0.15516817  0.17644777



 ------------------------------------------------------------ 
 MOLECULAR CHARGE FLUX TENSOR IN THE NORMAL COORDINATES BASIS 
 units = e / sqrt(amu)                                      
 ------------------------------------------------------------ 

         d Q  1      d Q  2      d Q  3      d Q  4      d Q  5
  d PX   0.00000000  0.00000000  0.00000000  0.00000000  0.00000000
  d PY   0.00001706 -0.28452954 -0.00002179  0.00005166  0.00002095
  d PZ   1.23047116 -0.00046441 -0.46056261 -0.00139846 -0.17207655
  Norm   1.23047116  0.28452992  0.46056261  0.00139941  0.17207655


         d Q  6      d Q  7      d Q  8      d Q  9      d Q 10
  d PX   0.00000000  0.00000000  0.00000000  0.00000000  0.00000000
  d PY  -0.02857852 -0.00003180  0.00001072  0.00004370  0.00000907
  d PZ   0.00040086  0.00138353 -0.00051214 -0.00024922 -0.00110917
  Norm   0.02858133  0.00138390  0.00051225  0.00025302  0.00110920


         d Q 11      d Q 12
  d PX   0.00000000  0.00000000
  d PY   0.00000466 -0.00000654
  d PZ  -0.00237408 -0.00049523
  Norm   0.00237408  0.00049527



 ------------------------------------------------------------ 
 MOLECULAR DIPOLE FLUX TENSOR IN THE NORMAL COORDINATES BASIS 
 units = e / sqrt(amu)                                      
 ------------------------------------------------------------ 

         d Q  1      d Q  2      d Q  3      d Q  4      d Q  5
  d PX  -0.00053030  0.00684430 -0.00002361 -0.26343758 -0.00018356
  d PY   0.00914645  0.46967671 -0.00165466  0.00299038  0.00295663
  d PZ  -0.68752283 -0.00197291  0.46856861  0.00111685  0.04136247
  Norm   0.68758387  0.46973072  0.46857154  0.26345692  0.04146841


         d Q  6      d Q  7      d Q  8      d Q  9      d Q 10
  d PX  -0.00554913 -0.00589704 -0.06070846  0.00117259  0.00478660
  d PY   0.02503396  0.00128733 -0.00052087 -0.01066186 -0.00395263
  d PZ  -0.00253932 -0.00138960  0.00034708  0.00139714  0.00067062
  Norm   0.02576704  0.00619381  0.06071168  0.01081675  0.00624376


         d Q 11      d Q 12
  d PX   0.00736454 -0.18036469
  d PY  -0.16355385 -0.00263217
  d PZ   0.00214354  0.00034331
  Norm   0.16373361  0.18038422



 ------------------------------------------------------ 
 MOLECULAR POLAR TENSOR IN THE NORMAL COORDINATES BASIS 
 units = e / sqrt(amu)                                      
 ------------------------------------------------------ 

         d Q  1      d Q  2      d Q  3      d Q  4      d Q  5
  d PX  -0.00053179  0.00684429  0.00000181  0.04485027 -0.00018740
  d PY   0.00916291  0.50928403 -0.00167447  0.00304199  0.00297760
  d PZ   0.82068700 -0.00243712  0.08642876 -0.00028398  0.08477567
  Norm   0.82073832  0.50933585  0.08644498  0.04495421  0.08482815


         d Q  6      d Q  7      d Q  8      d Q  9      d Q 10
  d PX  -0.00554910 -0.00590423 -0.00155746  0.00411054 -0.00078591
  d PY  -0.02274455 -0.00176831 -0.00012600  0.00378668 -0.00104265
  d PZ  -0.00213858 -0.00000603 -0.00016682  0.00114994 -0.00044959
  Norm   0.02350916  0.00616335  0.00157143  0.00570595  0.00138091


         d Q 11      d Q 12
  d PX   0.00137655 -0.00398741
  d PY  -0.00849661  0.00234816
  d PZ  -0.00023092 -0.00015184
  Norm   0.00861050  0.00462994



   Vibrational Frequencies and IR Intensities
   ------------------------------------------

  ============================================================
  mode    frequency          IR intensity      Boltzmann(298K)
  ============================================================
       cm-1    hartrees     km/mol  (D/A)**2/amu
  ------------------------------------------------------------
   1  1398.82   0.006374     656.679   15.5410    0.998829406
   2  1257.10   0.005728     252.902    5.9852    0.997680316
   3   808.57   0.003684       7.285    0.1724    0.979795963
   4   637.21   0.002903       1.970    0.0466    0.953808509
   5   533.77   0.002432       7.015    0.1660    0.923905522
   6   424.59   0.001935       0.539    0.0128    0.871127921
   7     6.23   0.000028       0.037    0.0009    0.029631978
   8     2.32   0.000011       0.002    0.0001    0.011134011
   9     0.77   0.000004       0.032    0.0008    0.003718721
  10     0.42   0.000002       0.002    0.0000    0.002006706
  11     5.95   0.000027       0.072    0.0017    0.028304907
  12     6.72   0.000031       0.021    0.0005    0.031907146
  -----------------------------------------------------------




      Host name     : trapista                                
      Date and time : Sat Nov 27 10:04:33 2021



      **************************************
      ****  END OF PLACZEK CALCULATION  ****
      **************************************


