

 **************************************
 *                                    *
 *    OUTPUT FROM PROGRAM PLACZEK     *
 *                                    *
 **************************************
                                                             
 *  A Program Designed to Compute Infrared and Raman Spectra 
 *                                                           
 *  Written by Luciano N. Vidal                              
 *  Universidade Tecnologica Federal do Parana, Brazil       
 *                                                           
 *  If results obtained with this code are published,        
 *  an appropriate citation would be:                        
 *                                                           
 ** For Raman Properties:                                    
 *                                                           
 *  Vidal, L.N., P.A.M. Vazquez; Quim. Nova, 26(4), (2003), 507-511
 *  Vidal, L.N., P.A.M. Vazquez; Int. J. Quant. Chem., 103(5), (2005), 632-648
 *                                                           
 ** For Infrared Properties:                                 
 *                                                           
 *  Faria, S.H.D.M., da Silva Jr., J.V., Haiduke, R.L.A., Vidal, L.N.,
 *  Vazquez, P.A.M., Bruns, R.E.; J. Phys. Chem. A, 111, (2007), 7870-7875
 *                                                           
 *  NOTE:                                                    
 *                                                           
 *  This is an experimental code. The author accept no responsibility for the
 *  performance of the code or for the correctness of the results. Report
 *  bugs to lnvidal@utfpr.edu.br                          
 *                                                           
 ********************************
 * Release date: September.2020 *
 ********************************

       RUNCTRL OPTIONS
       ===============

       REMOTE   = F
       RESTART  = F
       FRIEND   = GAUSSIAN            

       USE SYMMETRY  = F


       VIBANA OPTIONS
       ==============

       HF    = F
       MP2   = F
       CCS   = F
       CC2   = F
       CCSD  = F
       QCISD = F
       DHF   = F
       DFT   = F

       DALHESS    = F
       GAMHESS    = F
       GAUSHES    = T
       C4HESS     = F
       GRADHESS   = F

       RUN        = F


       INFRARED OPTIONS
       ================


       HF    = F
       MP2   = F
       CCS   = F
       CC2   = F
       CCSD  = F
       QCISD = T
       DHF   = F
       DFT   = F


       RUN  = F

       ANGSTROM = T


       OVERTONES = F

       EXPENSIVE DERIVATIVES = F

 * CCTDP ANALYSIS USING HIRSHFELD ATOMIC CHARGES AND DIPOLES


 *************************************
 **** OUTPUT FROM PROGRAM ROTOANA ****
 *************************************

 ------------------------------------------------------
 - ROTATIONAL ANALYSIS WAS DONE USING FRIEND.INP FILE -
 ------------------------------------------------------
                             x            y            z
 * Center of Mass (in A):    0.000000     0.000000    -0.672959

 Inertia Tensor (in u*A^2)
 ------------------------- 
                   x              y              z
  x       289.823588       0.000000       0.000000
  y         0.000000     146.660919       0.000000
  z         0.000000       0.000000     143.162669

 Principal Moments and Principal Axes of Inertia
 -----------------------------------------------
                                 x       y       z
 IA  =    143.162669  u*A^2    ( 0.0000  0.0000  1.0000 )
 IB  =    146.660919  u*A^2    ( 0.0000  1.0000  0.0000 )
 IC  =    289.823588  u*A^2    ( 1.0000  0.0000  0.0000 )

 Principal Cartesian Coordinates 
 ------------------------------- 
       x                    y                    z
C      0.000000000000000    0.000000000000000    0.283543880391324
Cl     0.000000000000000   -2.703697321748597   -1.564581823465520
Cl     0.000000000000000    2.703697321748597   -1.564581823465520
S      0.000000000000000    0.000000000000000    3.316042211271818

 * Molecule Recognized as Non-Linear

 Rotational Constants
 --------------------
 A =         3530.10 MHz     (        0.117752 cm-1)
 B =         3445.90 MHz     (        0.114943 cm-1)
 C =         1743.75 MHz     (        0.058165 cm-1)
 * The molecule is an Asymmetric Top
 * The molecule is Planar

 Atom  Z   Isotopic Mass   Abundance        x             y             z
 C     6.      12.000000    98.900 %        0.000000      0.000000     -0.522914
 Cl   17.      34.968853    75.770 %        0.000000     -1.430735     -1.500900
 Cl   17.      34.968853    75.770 %        0.000000      1.430735     -1.500900
 S    16.      31.972071    95.020 %        0.000000      0.000000      1.081815

 Total mass:         113.909777 amu
 Natural abundance:   53.952 %


 **************************************
 **** OUTPUT FROM PROGRAM SYMMETRY ****
 **************************************

 * Threshold to consider two distances equal (angstrom) : 5.00D-03

 * Threshold to consider two inertia moments equal : 1.00D-01


 * The following coordinates were used to locate the point group : 
   (center of mass in the origin)

   #  Atom  Z   Isotopic Mass        x             y             z
   1    C   6.      12.000000        0.000000      0.000000      0.150045
   2    Cl 17.      34.968853        0.000000     -1.430735     -0.827941
   3    Cl 17.      34.968853        0.000000      1.430735     -0.827941
   4    S  16.      31.972071        0.000000      0.000000      1.754774

 Interatomic distances (in A) 
 ---------------------------- 
            1 C      2 Cl     3 Cl     4 S 
   1 C    0.0000   1.7330   1.7330   1.6047
   2 Cl   1.7330   0.0000   2.8615   2.9525
   3 Cl   1.7330   2.8615   0.0000   2.9525
   4 S    1.6047   2.9525   2.9525   0.0000


 Symmetrically Equivalent Atoms (SEA): 
 -------------------------------------   
 Set | # Atoms | SEA 
   1 |     1   |    1

   2 |     2   |    2   3

   3 |     1   |    4


 * The number of C_n^k axes found is :  1
   ---------------------------------
 Cn-Axis   n   k   theta         Direction (x y z)
    1      2   1     180    0.00000   0.00000  -1.00000

 * The number of reflexion planes found is :  2
   ---------------------------------------
 Plane    Normal vector (x y z)
   1      0.00000  -1.00000   0.00000
   2      1.00000   0.00000   0.00000

 --------------------
 * Point group found: C2v 
 --------------------

 * Order of the group:    4

 * The number of atoms is:    4

 ************************************
 **** OUTPUT FROM PROGRAM VIBANA ****
 ************************************


 @ MOLECULAR HESSIAN READ FROM GAUSSIAN.log FILE                                


                         ==========================
                         =  ENERGY HESSIAN (a.u.) =
                         ==========================


                                1 C                           2 Cl
                        X         Y         Z         X         Y         Z
                        1         2         3         4         5         6
         X   1   0.093055  0.000000  0.000002 -0.028948 -0.000004 -0.000003
   1 C   Y   2   0.000000  0.272578 -0.000002  0.000000 -0.118003 -0.060074
         Z   3   0.000002 -0.000002  0.508234 -0.000001 -0.057418 -0.072195

         X   4  -0.028948  0.000000 -0.000001  0.009011  0.000003  0.000003
   2 Cl  Y   5  -0.000004 -0.118003 -0.057418  0.000003  0.171331  0.083826
         Z   6  -0.000003 -0.060074 -0.072195  0.000003  0.083826  0.099681

         X   7  -0.028948  0.000000  0.000000  0.008993  0.000003  0.000003
   3 Cl  Y   8   0.000004 -0.118014  0.057417 -0.000003 -0.048966  0.004652
         Z   9  -0.000003  0.060083 -0.072196  0.000003 -0.004651  0.007319

         X  10  -0.035157  0.000000  0.000004  0.010947 -0.000008 -0.000007
   4 S   Y  11   0.000000 -0.036548  0.000000  0.000000 -0.004361 -0.028397
         Z  12   0.000004 -0.000008 -0.363852 -0.000004 -0.021766 -0.034804


                                3 Cl                          4 S 
                        X         Y         Z         X         Y         Z
                        7         8         9        10        11        12
         X   1  -0.028948  0.000004 -0.000003 -0.035157  0.000000  0.000004
   1 C   Y   2   0.000000 -0.118014  0.060083  0.000000 -0.036548 -0.000008
         Z   3   0.000000  0.057417 -0.072196  0.000004  0.000000 -0.363852

         X   4   0.008993 -0.000003  0.000003  0.010947  0.000000 -0.000004
   2 Cl  Y   5   0.000003 -0.048966 -0.004651 -0.000008 -0.004361 -0.021766
         Z   6   0.000003  0.004652  0.007319 -0.000007 -0.028397 -0.034804

         X   7   0.009011 -0.000003  0.000003  0.010947  0.000000 -0.000005
   3 Cl  Y   8  -0.000003  0.171330 -0.083826  0.000008 -0.004361  0.021767
         Z   9   0.000003 -0.083826  0.099682 -0.000007  0.028397 -0.034804

         X  10   0.010947  0.000008 -0.000007  0.013253  0.000000  0.000009
   4 S   Y  11   0.000000 -0.004361  0.028397  0.000000  0.045266  0.000000
         Z  12  -0.000005  0.021767 -0.034804  0.000009  0.000000  0.433466



 *****************************************
 **** OUTPUT FROM PROGRAM POINT GROUP ****
 *****************************************



 Character Table
 --------------------------
 C2v   E   C2z  s(xz) s(yz)
 --------------------------
 A1    1.   1.   1.   1.
 A2    1.   1.  -1.  -1.
 B1    1.  -1.   1.  -1.
 B2    1.  -1.  -1.   1.
 --------------------------


 Translations, Rotations and
 Vibrations in each irreductive
 representation
------------------------------
 C2v     Trans  Rot   Vib   Tot
------------------------------
 A1       1     0     3     4
 A2       0     1     0     1
 B1       1     1     1     3
 B2       1     1     2     4
------------------------------
 Sum      3     3     6    12
------------------------------


 CARTESIAN COORDINATES 
 --------------------- 

  1  C     x     0.000000
  2        y     0.000000
  3        z    -0.522914

  4  Cl    x     0.000000
  5        y    -1.430735
  6        z    -1.500900

  7  Cl    x     0.000000
  8        y     1.430735
  9        z    -1.500900

 10  S     x     0.000000
 11        y     0.000000
 12        z     1.081815


 SYMMETRY COORDINATES 
 -------------------- 

                                1 C                           2 Cl
                        X         Y         Z         X         Y         Z
                        1         2         3         4         5         6
         A1    1   0.000000  0.000000  1.000000  0.000000  0.000000  0.000000
         A1    2   0.000000  0.000000  0.000000  0.000000  0.707107  0.000000
         A1    3   0.000000  0.000000  0.000000  0.000000  0.000000  0.707107
         A1    4   0.000000  0.000000  0.000000  0.000000  0.000000  0.000000

         A2    5   0.000000  0.000000  0.000000  0.707107  0.000000  0.000000

         B1    6   1.000000 -0.000000  0.000000  0.000000  0.000000  0.000000
         B1    7   0.000000  0.000000  0.000000  0.707107  0.000000  0.000000
         B1    8   0.000000  0.000000  0.000000  0.000000  0.000000  0.000000

         B2    9   0.000000  1.000000  0.000000  0.000000  0.000000  0.000000
         B2   10   0.000000  0.000000  0.000000  0.000000  0.707107  0.000000
         B2   11   0.000000  0.000000  0.000000  0.000000  0.000000  0.707107
         B2   12   0.000000  0.000000  0.000000  0.000000  0.000000  0.000000

                                3 Cl                          4 S 
                        X         Y         Z         X         Y         Z
                        7         8         9        10        11        12
         A1    1   0.000000  0.000000  0.000000  0.000000  0.000000  0.000000
         A1    2  -0.000000 -0.707107  0.000000  0.000000  0.000000  0.000000
         A1    3   0.000000  0.000000  0.707107  0.000000  0.000000  0.000000
         A1    4   0.000000  0.000000  0.000000  0.000000  0.000000  1.000000

         A2    5  -0.707107  0.000000  0.000000  0.000000  0.000000  0.000000

         B1    6   0.000000  0.000000  0.000000  0.000000  0.000000  0.000000
         B1    7   0.707107 -0.000000  0.000000  0.000000  0.000000  0.000000
         B1    8   0.000000  0.000000  0.000000  1.000000 -0.000000  0.000000

         B2    9   0.000000  0.000000  0.000000  0.000000  0.000000  0.000000
         B2   10   0.000000  0.707107  0.000000  0.000000  0.000000  0.000000
         B2   11   0.000000  0.000000 -0.707107  0.000000  0.000000  0.000000
         B2   12   0.000000  0.000000  0.000000  0.000000  1.000000  0.000000


 -------------------------------------------------- 
 BLOCK-DIAGONALIZED ENERGY HESSIAN (hartree/bohr^2) 
 -------------------------------------------------- 

  A1  BLOCK
  ---------

               1         2         3         4
   1     0.50823  -0.08120  -0.10210  -0.36385
   2    -0.08120   0.22030   0.07917  -0.03078
   3    -0.10210   0.07917   0.10700  -0.04922
   4    -0.36385  -0.03078  -0.04922   0.43347


  A2  BLOCK
  ---------

               1
   1     0.00002


  B1  BLOCK
  ---------

               1         2         3
   1     0.09305  -0.04094  -0.03516
   2    -0.04094   0.01800   0.01548
   3    -0.03516   0.01548   0.01325


  B2  BLOCK
  ---------

               1         2         3         4
   1     0.27258  -0.16689  -0.08496  -0.03655
   2    -0.16689   0.12236   0.08848  -0.00617
   3    -0.08496   0.08848   0.09236  -0.04016
   4    -0.03655  -0.00617  -0.04016   0.04527



 -------------
 @ POINT GROUP : C2v 
 ---------------------------
 IRREP   #   VIB FREQ / cm-1
 ---------------------------
 A1      1       1172.27 
 A1      2        512.05 
 A1      3        297.21 

 B1      4        479.06 

 B2      5        840.45 
 B2      6        305.84 
 ---------------------------


 @  VIBRATIONAL FREQUENCIES  ( in cm-1 )               
    NORMAL COORDINATES       ( in bohr*sqrt(amu) ) and 
    REDUCED MASSES           ( in amu )                


 ----------------------------------------------------------------
 MODE #                 1         2         3         4         5
 VIB FREQ         1172.27    840.45    512.05    479.06    305.84 

 REDMASS          13.6765   13.3778   31.9230   12.8870   30.8832

 ----------------------------------------------------------------
         X   1   0.000000 -0.000000  0.000079  0.272774  0.000000
   1 C   Y   2  -0.000000  0.265055  0.000006 -0.000000 -0.064999
         Z   3   0.258905 -0.000002  0.052694 -0.000015  0.000000

         X   4  -0.000000  0.000000 -0.000011 -0.029120  0.000000
   2 Cl  Y   5  -0.008754 -0.040938 -0.076549  0.000022 -0.038433
         Z   6  -0.009785 -0.022867 -0.056012  0.000015 -0.081965

         X   7   0.000000 -0.000000 -0.000011 -0.029120 -0.000000
   3 Cl  Y   8   0.008754 -0.040943  0.076541 -0.000022 -0.038440
         Z   9  -0.009785  0.022871 -0.056007  0.000015  0.081965

         X  10   0.000000 -0.000000  0.000000 -0.038678 -0.000000
   4 S   Y  11   0.000000 -0.009923 -0.000000 -0.000000  0.108462
         Z  12  -0.075771 -0.000004  0.102745 -0.000028 -0.000001
 ----------------------------------------------------------------

 ----------------------------------------------------------------
 MODE #                 6         7         8         9        10
 VIB FREQ          297.21      3.75      3.69      0.85      0.11 

 REDMASS          31.0125   33.5401   34.9668   28.9826   28.5148

 ----------------------------------------------------------------
         X   1  -0.000000 -0.000003  0.000020  0.087370 -0.025014
   1 C   Y   2   0.000002  0.016290  0.000035  0.000078  0.000647
         Z   3   0.068885 -0.000253  0.001493  0.025700  0.090091

         X   4  -0.000000 -0.000639 -0.119534  0.099378 -0.026183
   2 Cl  Y   5   0.091448 -0.040905  0.000342  0.000038  0.000530
         Z   6  -0.047822  0.083478  0.001043  0.025762  0.090264

         X   7  -0.000000  0.000631  0.119584  0.098281 -0.029831
   3 Cl  Y   8  -0.091447 -0.040905  0.000342  0.000034  0.000520
         Z   9  -0.047825 -0.083983  0.001943  0.025638  0.089906

         X  10   0.000003 -0.000002  0.000011  0.068506 -0.020086
   4 S   Y  11  -0.000002  0.110366 -0.000471  0.000148  0.000848
         Z  12   0.078742 -0.000252  0.001493  0.025699  0.090089
 ----------------------------------------------------------------

 ----------------------------------
 MODE #                11        12
 VIB FREQ            0.66i     5.41i
 REDMASS          28.6877   32.1011
 ----------------------------------
         X   1   0.000102  0.025857
   1 C   Y   2   0.092674 -0.000001
         Z   3  -0.000606  0.000307

         X   4   0.000255 -0.053839
   2 Cl  Y   5   0.097319  0.000003
         Z   6  -0.007407  0.000316

         X   7  -0.000031 -0.053843
   3 Cl  Y   8   0.097322 -0.000005
         Z   9   0.006190  0.000316

         X  10   0.000084  0.157114
   4 S   Y  11   0.085048 -0.000000
         Z  12  -0.000605  0.000304
 ----------------------------------

 -------------------------------------------
 ----  CARTESIAN CHARGE TENSORS (a.u.)  ----
 -------------------------------------------


@       ATOMIC POLAR TENSOR FOR ATOM  C   1

              dX          dY          dZ

  d PX   0.08049700  0.00000000  0.00000000
  d PY   0.00000000  0.08049700  0.00000000
  d PZ   0.00000000  0.00000000  0.08049700


@       ATOMIC POLAR TENSOR FOR ATOM  Cl  2

              dX          dY          dZ

  d PX  -0.00947200  0.00000000  0.00000000
  d PY   0.00000000 -0.00947200  0.00000000
  d PZ   0.00000000  0.00000000 -0.00947200


@       ATOMIC POLAR TENSOR FOR ATOM  Cl  3

              dX          dY          dZ

  d PX  -0.00947200  0.00000000  0.00000000
  d PY   0.00000000 -0.00947200  0.00000000
  d PZ   0.00000000  0.00000000 -0.00947200


@       ATOMIC POLAR TENSOR FOR ATOM  S   4

              dX          dY          dZ

  d PX  -0.06155400  0.00000000  0.00000000
  d PY   0.00000000 -0.06155400  0.00000000
  d PZ   0.00000000  0.00000000 -0.06155400



 @ 
 @ GAPT Atomic Charges from => ATOMIC CHARGE TENSORS <=                       
 @ 
 @ J. Cioslowski, J. Am. Chem. Soc., 111(22), 8333-8336, 1989
 @ 

 -------------------------
 Atom  #     Charge / a.u.
 -------------------------
 C     1          0.080497
 Cl    2         -0.009472
 Cl    3         -0.009472
 S     4         -0.061554
 -------------------------
 Total Charge :  -0.000001
 -------------------------


 ----------------------------------------------------
 ----  CARTESIAN CHARGE TRANSFER TENSORS (a.u.)  ----
 ----------------------------------------------------


@       ATOMIC POLAR TENSOR FOR ATOM  C   1

              dX          dY          dZ

  d PX   0.00000000  0.00000000  0.00000000
  d PY   0.00000000  1.40326489  0.00000000
  d PZ   0.00000000  0.00000000  1.61793253


@       ATOMIC POLAR TENSOR FOR ATOM  Cl  2

              dX          dY          dZ

  d PX   0.00000000  0.00000000  0.00000000
  d PY   0.00000000 -0.60226790 -0.30009667
  d PZ   0.00000000 -0.41866348 -0.43667398


@       ATOMIC POLAR TENSOR FOR ATOM  Cl  3

              dX          dY          dZ

  d PX   0.00000000  0.00000000  0.00000000
  d PY   0.00000000 -0.60226790  0.30009667
  d PZ   0.00000000  0.41866348 -0.43667398


@       ATOMIC POLAR TENSOR FOR ATOM  S   4

              dX          dY          dZ

  d PX   0.00000000  0.00000000  0.00000000
  d PY   0.00000000 -0.19887216  0.00000000
  d PZ   0.00000000  0.00000000 -0.74450433



 @ 
 @ GAPT Atomic Charges from => ATOMIC CHARGE TRANSFER TENSORS <=              
 @ 
 @ J. Cioslowski, J. Am. Chem. Soc., 111(22), 8333-8336, 1989
 @ 

 -------------------------
 Atom  #     Charge / a.u.
 -------------------------
 C     1          1.007066
 Cl    2         -0.346314
 Cl    3         -0.346314
 S     4         -0.314459
 -------------------------
 Total Charge :  -0.000021
 -------------------------


 --------------------------------------------------------
 ----  CARTESIAN DIPOLE POLARIZATION TENSORS (a.u.)  ----
 --------------------------------------------------------


@       ATOMIC POLAR TENSOR FOR ATOM  C   1

              dX          dY          dZ

  d PX  -0.19251467  0.00000000  0.00000000
  d PY   0.00000000 -0.05609278  0.00000000
  d PZ   0.00000000  0.00000000  0.06622653


@       ATOMIC POLAR TENSOR FOR ATOM  Cl  2

              dX          dY          dZ

  d PX   0.06180790  0.00000000  0.00000000
  d PY   0.00000000 -0.02174918 -0.07432294
  d PZ   0.00000000 -0.06458608 -0.00082022


@       ATOMIC POLAR TENSOR FOR ATOM  Cl  3

              dX          dY          dZ

  d PX   0.06180790  0.00000000  0.00000000
  d PY   0.00000000 -0.02174918  0.07432294
  d PZ   0.00000000  0.06458608 -0.00082022


@       ATOMIC POLAR TENSOR FOR ATOM  S   4

              dX          dY          dZ

  d PX   0.06884595  0.00000000  0.00000000
  d PY   0.00000000  0.09953823  0.00000000
  d PZ   0.00000000  0.00000000 -0.06450670



 @ 
 @ GAPT Atomic Charges from => ATOMIC DIPOLE POLARIZATION TENSORS <=          
 @ 
 @ J. Cioslowski, J. Am. Chem. Soc., 111(22), 8333-8336, 1989
 @ 

 -------------------------
 Atom  #     Charge / a.u.
 -------------------------
 C     1         -0.060794
 Cl    2          0.013079
 Cl    3          0.013079
 S     4          0.034626
 -------------------------
 Total Charge :  -0.000009
 -------------------------


 ---------------------------------------------------
 ----  CARTESIAN MOLECULAR POLAR TENSOR (a.u.)  ----
 ---------------------------------------------------


@       ATOMIC POLAR TENSOR FOR ATOM  C   1

              dX          dY          dZ

  d PX  -0.11201767  0.00000000  0.00000000
  d PY   0.00000000  1.42766910  0.00000000
  d PZ   0.00000000  0.00000000  1.76465606


@       ATOMIC POLAR TENSOR FOR ATOM  Cl  2

              dX          dY          dZ

  d PX   0.05233590  0.00000000  0.00000000
  d PY   0.00000000 -0.63348908 -0.37441961
  d PZ   0.00000000 -0.48324956 -0.44696621


@       ATOMIC POLAR TENSOR FOR ATOM  Cl  3

              dX          dY          dZ

  d PX   0.05233590  0.00000000  0.00000000
  d PY   0.00000000 -0.63348908  0.37441961
  d PZ   0.00000000  0.48324956 -0.44696621


@       ATOMIC POLAR TENSOR FOR ATOM  S   4

              dX          dY          dZ

  d PX   0.00729195  0.00000000  0.00000000
  d PY   0.00000000 -0.16088793  0.00000000
  d PZ   0.00000000  0.00000000 -0.87056503



 @ 
 @ GAPT Atomic Charges from => TOTAL (C+CF+DF) ATOMIC POLAR TENSOR <=         
 @ 
 @ J. Cioslowski, J. Am. Chem. Soc., 111(22), 8333-8336, 1989
 @ 

 -------------------------
 Atom  #     Charge / a.u.
 -------------------------
 C     1          1.026769
 Cl    2         -0.342706
 Cl    3         -0.342706
 S     4         -0.341387
 -------------------------
 Total Charge :  -0.000031
 -------------------------




 ************************************
 *   OUTPUT FROM PROGRAM INFRAINT   *
 ************************************

 -----------------------------------------------------------------------------------
 ATOMIC CONTRIBUTIONS TO THE IR INTENSITIES

 Ax = K.( \sum_b{ (dPx^a/dxb).(dxb/dQj) +
                  (dPx^a/dyb).(dyb/dQj) +
                  (dPx^a/dzb).(dzb/dQj) } ).(dPx/dQj)

 Ay = K.( \sum_b{ (dPy^a/dxb).(dxb/dQj) +
                  (dPy^a/dyb).(dyb/dQj) +
                  (dPy^a/dzb).(dzb/dQj) } ).(dPy/dQj)

 Az = K.( \sum_b{ (dPz^a/dxb).(dxb/dQj) +
                  (dPz^a/dyb).(dyb/dQj) +
                  (dPz^a/dzb).(dzb/dQj) } ).(dPz/dQj)

  K = 974.864 km.amu / (mol.e^2)

 Px^a = x-component of the atomic dipole moment of atom a
 Py^a = y-component of the atomic dipole moment of atom a
 Pz^a = z-component of the atomic dipole moment of atom a

 xb = x-coordinate of atom b
 yb = y-coordinate of atom b
 zb = z-coordinate of atom b
 -----------------------------------------------------------------------------------

 -------------------------------------------------------------------------------------------------------------
 MODE # 1 ( 1172.27 cm-1)
 -------------------------------------------------------------------------------------------------------------

  ATOM         Ax          Ay          Az      (Ax + Ay + Az)
 C    1       -0.00        0.00        8.03         8.03
 Cl   2        0.00       -0.00       44.74        44.74
 Cl   3        0.00        0.00       44.74        44.74
 S    4        0.00       -0.00      186.81       186.81

 ----------------------------------------------
  ATOM        C         CT        DP      TOTAL
 C    1     10.97      0.00     -2.94      8.03
 Cl   2      0.05     47.64     -2.95     44.74
 Cl   3      0.05     47.64     -2.95     44.74
 S    4      2.46    163.32     21.04    186.81
 -------------------------------------------------------------------------------------------------------------
 Total intensity =  284.32 km/mol
 -------------------------------------------------------------------------------------------------------------

 -------------------------------------------------------------------------------------------------------------
 MODE # 2 (  840.45 cm-1)
 -------------------------------------------------------------------------------------------------------------

  ATOM         Ax          Ay          Az      (Ax + Ay + Az)
 C    1       -0.00       15.30        0.00        15.30
 Cl   2        0.00      102.79       -0.00       102.79
 Cl   3       -0.00      102.79        0.00       102.79
 S    4        0.00      -24.34        0.00       -24.34

 ----------------------------------------------
  ATOM        C         CT        DP      TOTAL
 C    1      9.34      0.00      5.96     15.30
 Cl   2      0.17     95.63      6.99    102.79
 Cl   3      0.17     95.63      6.99    102.79
 S    4      0.27      0.00    -24.61    -24.34
 -------------------------------------------------------------------------------------------------------------
 Total intensity =  196.54 km/mol
 -------------------------------------------------------------------------------------------------------------

 -------------------------------------------------------------------------------------------------------------
 MODE # 3 (  512.05 cm-1)
 -------------------------------------------------------------------------------------------------------------

  ATOM         Ax          Ay          Az      (Ax + Ay + Az)
 C    1       -0.00        0.00        0.49         0.49
 Cl   2        0.00        0.00        2.51         2.51
 Cl   3        0.00       -0.00        2.50         2.50
 S    4        0.00       -0.00       10.37        10.37

 ----------------------------------------------
  ATOM        C         CT        DP      TOTAL
 C    1      0.53      0.00     -0.04      0.49
 Cl   2      0.07      3.87     -1.43      2.51
 Cl   3      0.07      3.86     -1.43      2.50
 S    4     -0.79      7.41      3.74     10.37
 -------------------------------------------------------------------------------------------------------------
 Total intensity =   15.87 km/mol
 -------------------------------------------------------------------------------------------------------------

 -------------------------------------------------------------------------------------------------------------
 MODE # 4 (  479.06 cm-1)
 -------------------------------------------------------------------------------------------------------------

  ATOM         Ax          Ay          Az      (Ax + Ay + Az)
 C    1       -2.25        0.00        0.00        -2.25
 Cl   2        0.79        0.00        0.00         0.79
 Cl   3        0.79       -0.00        0.00         0.79
 S    4        1.79       -0.00        0.00         1.79

 ----------------------------------------------
  ATOM        C         CT        DP      TOTAL
 C    1     -0.73      0.00     -1.53     -2.25
 Cl   2     -0.01      0.00      0.80      0.79
 Cl   3     -0.01      0.00      0.80      0.79
 S    4     -0.08      0.00      1.87      1.79
 -------------------------------------------------------------------------------------------------------------
 Total intensity =    1.12 km/mol
 -------------------------------------------------------------------------------------------------------------

 -------------------------------------------------------------------------------------------------------------
 MODE # 5 (  305.84 cm-1)
 -------------------------------------------------------------------------------------------------------------

  ATOM         Ax          Ay          Az      (Ax + Ay + Az)
 C    1       -0.00        0.00       -0.00         0.00
 Cl   2       -0.00        0.00        0.00         0.00
 Cl   3        0.00        0.00       -0.00         0.00
 S    4        0.00       -0.01        0.00        -0.01

 ----------------------------------------------
  ATOM        C         CT        DP      TOTAL
 C    1      0.00      0.00      0.00      0.00
 Cl   2     -0.00      0.00     -0.00      0.00
 Cl   3     -0.00      0.00     -0.00      0.00
 S    4      0.00      0.00     -0.01     -0.01
 -------------------------------------------------------------------------------------------------------------
 Total intensity =    0.00 km/mol
 -------------------------------------------------------------------------------------------------------------

 -------------------------------------------------------------------------------------------------------------
 MODE # 6 (  297.21 cm-1)
 -------------------------------------------------------------------------------------------------------------

  ATOM         Ax          Ay          Az      (Ax + Ay + Az)
 C    1       -0.00        0.00        0.10         0.10
 Cl   2        0.00        0.00       -0.07        -0.07
 Cl   3        0.00       -0.00       -0.07        -0.07
 S    4        0.00       -0.00        0.10         0.10

 ----------------------------------------------
  ATOM        C         CT        DP      TOTAL
 C    1      0.04      0.00      0.06      0.10
 Cl   2      0.00      0.03     -0.10     -0.07
 Cl   3      0.00      0.03     -0.10     -0.07
 S    4     -0.03      0.07      0.06      0.10
 -------------------------------------------------------------------------------------------------------------
 Total intensity =    0.05 km/mol
 -------------------------------------------------------------------------------------------------------------

 -----------------------------------------------------------------------------------
 DYNAMIC CONTRIBUTIONS TO THE IR INTENSITIES

 Ax = K.( (dPx/dxa).(dxa/dQj) +
          (dPx/dya).(dya/dQj) +
          (dPx/dza).(dza/dQj) ).(dPx/dQj)

 Ay = K.( (dPy/dxa).(dxa/dQj) +
          (dPy/dya).(dya/dQj) +
          (dPy/dza).(dza/dQj) ).(dPy/dQj)

 Az = K.( (dPz/dxa).(dxa/dQj) +
          (dPz/dya).(dya/dQj) +
          (dPz/dza).(dza/dQj) ).(dPz/dQj)

  K = 974.864 km.amu / (mol.e^2)

 Px = x-component of the molecular dipole moment
 Py = y-component of the molecular dipole moment
 Pz = z-component of the molecular dipole moment

 xa = x-coordinate of atom a
 ya = y-coordinate of atom a
 za = z-coordinate of atom a
 -----------------------------------------------------------------------------------

 -------------------------------------------------------------------------------------------------------------
 MODE # 1 ( 1172.27 cm-1)
 -------------------------------------------------------------------------------------------------------------

  ATOM         Ax          Ay          Az      (Ax + Ay + Az)
 C    1        0.00        0.00      240.54       240.54
 Cl   2        0.00       -0.00        4.53         4.53
 Cl   3       -0.00        0.00        4.53         4.53
 S    4       -0.00        0.00       34.73        34.73

 ----------------------------------------------
  ATOM        C         CT        DP      TOTAL
 C    1     10.97    220.54      9.03    240.54
 Cl   2      0.05      4.18      0.30      4.53
 Cl   3      0.05      4.18      0.30      4.53
 S    4      2.46     29.70      2.57     34.73
 -------------------------------------------------------------------------------------------------------------
 Total intensity =  284.32 km/mol
 -------------------------------------------------------------------------------------------------------------

 -------------------------------------------------------------------------------------------------------------
 MODE # 2 (  840.45 cm-1)
 -------------------------------------------------------------------------------------------------------------

  ATOM         Ax          Ay          Az      (Ax + Ay + Az)
 C    1        0.00      165.64        0.00       165.64
 Cl   2        0.00       15.10       -0.00        15.10
 Cl   3       -0.00       15.10        0.00        15.10
 S    4       -0.00        0.70       -0.00         0.70

 ----------------------------------------------
  ATOM        C         CT        DP      TOTAL
 C    1      9.34    162.81     -6.51    165.64
 Cl   2      0.17     13.80      1.13     15.10
 Cl   3      0.17     13.80      1.13     15.10
 S    4      0.27      0.86     -0.43      0.70
 -------------------------------------------------------------------------------------------------------------
 Total intensity =  196.54 km/mol
 -------------------------------------------------------------------------------------------------------------

 -------------------------------------------------------------------------------------------------------------
 MODE # 3 (  512.05 cm-1)
 -------------------------------------------------------------------------------------------------------------

  ATOM         Ax          Ay          Az      (Ax + Ay + Az)
 C    1        0.00        0.00       11.57        11.57
 Cl   2        0.00        0.00        7.72         7.72
 Cl   3        0.00       -0.00        7.71         7.71
 S    4       -0.00        0.00      -11.13       -11.13

 ----------------------------------------------
  ATOM        C         CT        DP      TOTAL
 C    1      0.53     10.60      0.43     11.57
 Cl   2      0.07      7.03      0.62      7.72
 Cl   3      0.07      7.03      0.62      7.71
 S    4     -0.79     -9.51     -0.82    -11.13
 -------------------------------------------------------------------------------------------------------------
 Total intensity =   15.87 km/mol
 -------------------------------------------------------------------------------------------------------------

 -------------------------------------------------------------------------------------------------------------
 MODE # 4 (  479.06 cm-1)
 -------------------------------------------------------------------------------------------------------------

  ATOM         Ax          Ay          Az      (Ax + Ay + Az)
 C    1        1.01        0.00        0.00         1.01
 Cl   2        0.05        0.00        0.00         0.05
 Cl   3        0.05       -0.00        0.00         0.05
 S    4        0.01       -0.00       -0.00         0.01

 ----------------------------------------------
  ATOM        C         CT        DP      TOTAL
 C    1     -0.73      0.00      1.73      1.01
 Cl   2     -0.01      0.00      0.06      0.05
 Cl   3     -0.01      0.00      0.06      0.05
 S    4     -0.08     -0.00      0.09      0.01
 -------------------------------------------------------------------------------------------------------------
 Total intensity =    1.12 km/mol
 -------------------------------------------------------------------------------------------------------------

 -------------------------------------------------------------------------------------------------------------
 MODE # 5 (  305.84 cm-1)
 -------------------------------------------------------------------------------------------------------------

  ATOM         Ax          Ay          Az      (Ax + Ay + Az)
 C    1        0.00        0.02       -0.00         0.02
 Cl   2       -0.00       -0.01       -0.00        -0.01
 Cl   3        0.00       -0.01        0.00        -0.01
 S    4        0.00        0.00       -0.00         0.00

 ----------------------------------------------
  ATOM        C         CT        DP      TOTAL
 C    1      0.00      0.02     -0.00      0.02
 Cl   2     -0.00     -0.01     -0.00     -0.01
 Cl   3     -0.00     -0.01     -0.00     -0.01
 S    4      0.00      0.00     -0.00      0.00
 -------------------------------------------------------------------------------------------------------------
 Total intensity =    0.00 km/mol
 -------------------------------------------------------------------------------------------------------------

 -------------------------------------------------------------------------------------------------------------
 MODE # 6 (  297.21 cm-1)
 -------------------------------------------------------------------------------------------------------------

  ATOM         Ax          Ay          Az      (Ax + Ay + Az)
 C    1        0.00        0.00        0.87         0.87
 Cl   2       -0.00       -0.00       -0.16        -0.16
 Cl   3       -0.00        0.00       -0.16        -0.16
 S    4        0.00        0.00       -0.49        -0.49

 ----------------------------------------------
  ATOM        C         CT        DP      TOTAL
 C    1      0.04      0.80      0.03      0.87
 Cl   2      0.00     -0.13     -0.04     -0.16
 Cl   3      0.00     -0.13     -0.04     -0.16
 S    4     -0.03     -0.42     -0.04     -0.49
 -------------------------------------------------------------------------------------------------------------
 Total intensity =    0.05 km/mol
 -------------------------------------------------------------------------------------------------------------



********************************************************************************
 THEORY LEVEL OF THE DIPOLE MOMENT: QCISD                          
********************************************************************************



          Dipole Moment / a.u. (Atomic Contrib.)
          --------------------------------------
          Charge        Dipole        Total
          --------------------------------------
     X    0.00000000    0.00000000    0.00000000
     Y    0.00000000    0.00000000    0.00000000
     Z   -0.15165052   -0.01953500   -0.17118552

  Norm    0.15165052    0.01953500    0.17118552
          --------------------------------------



          Dipole Moment / Debye (Atomic Contrib.)
          --------------------------------------
          Charge        Dipole        Total
          --------------------------------------
     X    0.00000000    0.00000000    0.00000000
     Y    0.00000000    0.00000000    0.00000000
     Z   -0.38546074   -0.04965348   -0.43511422

  Norm    0.38546074    0.04965348    0.43511422
          --------------------------------------




 ------------------------------------------------------- 
 MOLECULAR CHARGE TENSOR IN THE NORMAL COORDINATES BASIS 
 units = e / sqrt(amu)                                      
 ------------------------------------------------------- 

         d Q  1      d Q  2      d Q  3      d Q  4      d Q  5
  d PX   0.00000001 -0.00000000  0.00000651  0.02488989  0.00000000
  d PY  -0.00000001  0.02272252  0.00000056 -0.00000000 -0.01118037
  d PZ   0.02569049  0.00000004 -0.00102161  0.00000027  0.00000006
  Norm   0.02569049  0.02272252  0.00102163  0.02488989  0.01118037


         d Q  6
  d PX  -0.00000018
  d PY   0.00000028
  d PZ   0.00160414
  Norm   0.00160414



 ----------------------------------------------------------- 
 MOLECULAR CHARGE TRANSFER TENSOR IN THE NORMAL COORD. BASIS 
 units = e / sqrt(amu)                                      
 ----------------------------------------------------------- 

         d Q  1      d Q  2      d Q  3      d Q  4      d Q  5
  d PX   0.00000000  0.00000000  0.00000000  0.00000000  0.00000000
  d PY  -0.00000016  0.43695607  0.00001496 -0.00000000 -0.01728834
  d PZ   0.49117902 -0.00000411  0.12176981 -0.00003438 -0.00000208
  Norm   0.49117902  0.43695607  0.12176981  0.00003438  0.01728834


         d Q  6
  d PX   0.00000000
  d PY   0.00000114
  d PZ   0.01802281
  Norm   0.01802281



 ----------------------------------------------------------- 
 MOLECULAR DIPOLE POLARIZ. TENSOR IN THE NORMAL COORD. BASIS 
 units = e / sqrt(amu)                                      
 ----------------------------------------------------------- 

         d Q  1      d Q  2      d Q  3      d Q  4      d Q  5
  d PX  -0.00000006  0.00000000 -0.00001645 -0.05877542 -0.00000000
  d PY  -0.00000000 -0.01067513  0.00000022 -0.00000000  0.02829777
  d PZ   0.02318097 -0.00000021  0.00684137 -0.00000198 -0.00000039
  Norm   0.02318097  0.01067513  0.00684139  0.05877542  0.02829777


         d Q  6
  d PX   0.00000020
  d PY  -0.00000060
  d PZ  -0.01225141
  Norm   0.01225141



 ------------------------------------------------------ 
 MOLECULAR POLAR TENSOR IN THE NORMAL COORDINATES BASIS 
 units = e / sqrt(amu)                                      
 ------------------------------------------------------ 

         d Q  1      d Q  2      d Q  3      d Q  4      d Q  5
  d PX  -0.00000005  0.00000000 -0.00000994 -0.03388553 -0.00000000
  d PY  -0.00000018  0.44900346  0.00001574 -0.00000000 -0.00017094
  d PZ   0.54005049 -0.00000428  0.12758957 -0.00003609 -0.00000241
  Norm   0.54005049  0.44900346  0.12758957  0.03388555  0.00017096


         d Q  6
  d PX   0.00000002
  d PY   0.00000081
  d PZ   0.00737554
  Norm   0.00737554



   Vibrational Frequencies and IR Intensities
   ------------------------------------------

  ============================================================
  mode    frequency          IR intensity      Boltzmann(298K)
  ============================================================
       cm-1    hartrees     km/mol  (D/A)**2/amu
  ------------------------------------------------------------
   1  1172.27   0.005341     284.324    6.7288    0.996506860
   2   840.45   0.003829     196.537    4.6512    0.982676646
   3   512.05   0.002333      15.870    0.3756    0.915496822
   4   479.06   0.002183       1.119    0.0265    0.900914869
   5   305.84   0.001394       0.000    0.0000    0.771427310
   6   297.21   0.001354       0.053    0.0013    0.761705174
  -----------------------------------------------------------


 ===============================================================================
 IRREP    #   g_k  VIB FREQ      IR Intensities       Boltzmann  Dipole Operator
 ===============================================================================
                     cm-1       km/mol  (D/A)**2/amu     298K     mu_x mu_y mu_z
  ------------------------------------------------------------------------------
  A1      1    1    1172.27    284.324     6.7288     0.9965069    ia   ia    a
  A1      2    1     512.05     15.870     0.3756     0.9154968    ia   ia    a
  A1      3    1     297.21      0.053     0.0013     0.7617052    ia   ia    a
  B1      4    1     479.06      1.119     0.0265     0.9009149     a   ia   ia
  B2      5    1     840.45    196.537     4.6512     0.9826766    ia    a   ia
  B2      6    1     305.84      0.000     0.0000     0.7714273    ia    a   ia
  ------------------------------------------------------------------------------




      Host name     : trapista                                
      Date and time : Thu Sep 15 09:45:38 2022



      **************************************
      ****  END OF PLACZEK CALCULATION  ****
      **************************************


