

 **************************************
 *                                    *
 *    OUTPUT FROM PROGRAM PLACZEK     *
 *                                    *
 **************************************
                                                             
 *  A Program Designed to Compute Infrared and Raman Spectra 
 *                                                           
 *  Written by Luciano N. Vidal                              
 *  Universidade Tecnologica Federal do Parana, Brazil       
 *                                                           
 *  If results obtained with this code are published,        
 *  an appropriate citation would be:                        
 *                                                           
 ** For Raman Properties:                                    
 *                                                           
 *  Vidal, L.N., P.A.M. Vazquez; Quim. Nova, 26(4), (2003), 507-511
 *  Vidal, L.N., P.A.M. Vazquez; Int. J. Quant. Chem., 103(5), (2005), 632-648
 *                                                           
 ** For Infrared Properties:                                 
 *                                                           
 *  Faria, S.H.D.M., da Silva Jr., J.V., Haiduke, R.L.A., Vidal, L.N.,
 *  Vazquez, P.A.M., Bruns, R.E.; J. Phys. Chem. A, 111, (2007), 7870-7875
 *                                                           
 *  NOTE:                                                    
 *                                                           
 *  This is an experimental code. The author accept no responsibility for the
 *  performance of the code or for the correctness of the results. Report
 *  bugs to lnvidal@utfpr.edu.br                          
 *                                                           
 *****************************
 * Release date: August.2020 *
 *****************************

       RUNCTRL OPTIONS
       ===============

       REMOTE   = F
       RESTART  = F
       FRIEND   = AIMAll              

       USE SYMMETRY  = F


       VIBANA OPTIONS
       ==============

       HF    = F
       MP2   = F
       CCS   = F
       CC2   = F
       CCSD  = F
       QCISD = F
       DHF   = F
       DFT   = F

       DALHESS    = F
       GAMHESS    = F
       GAUSHES    = T
       C4HESS     = F
       GRADHESS   = F

       RUN        = F


       INFRARED OPTIONS
       ================


       HF    = F
       MP2   = T
       CCS   = F
       CC2   = F
       CCSD  = F
       QCISD = F
       DHF   = F
       DFT   = F


       RUN  = T

       ANGSTROM = T


       OVERTONES = F

       EXPENSIVE DERIVATIVES = F


 *************************************
 **** OUTPUT FROM PROGRAM ROTOANA ****
 *************************************

 ------------------------------------------------------
 - ROTATIONAL ANALYSIS WAS DONE USING FRIEND.INP FILE -
 ------------------------------------------------------
                             x            y            z
 * Center of Mass (in A):    0.000000     0.000000    -1.093817

 Inertia Tensor (in u*A^2)
 ------------------------- 
                   x              y              z
  x       580.961587       0.000000       0.000000
  y         0.000000     192.645108       0.000000
  z         0.000000       0.000000     388.316479

 Principal Moments and Principal Axes of Inertia
 -----------------------------------------------
                                 x       y       z
 IA  =    192.645108  u*A^2    ( 0.0000  1.0000  0.0000 )
 IB  =    388.316479  u*A^2    ( 0.0000  0.0000  1.0000 )
 IC  =    580.961587  u*A^2    ( 1.0000  0.0000  0.0000 )

 Principal Cartesian Coordinates 
 ------------------------------- 
       x                    y                    z
C      0.000000000000000    1.085393841124068    0.000000000000000
S      0.000000000000000    4.114895066354464    0.000000000000000
Br     0.000000000000000   -0.916051013243129   -2.964065678354008
Br     0.000000000000000   -0.916051013243129    2.964065678354008

 * Molecule Recognized as Non-Linear

 Rotational Constants
 --------------------
 A =         2623.37 MHz     (        0.087506 cm-1)
 B =         1301.46 MHz     (        0.043412 cm-1)
 C =          869.90 MHz     (        0.029017 cm-1)
 * The molecule is an Asymmetric Top
 * The molecule is Planar

 Atom  Z   Isotopic Mass   Abundance        x             y             z
 C     6.      12.000000    98.900 %        0.000000      0.000000     -0.519451
 S    16.      31.972071    95.020 %        0.000000      0.000000      1.083692
 Br   35.      78.918336    50.690 %        0.000000     -1.568516     -1.578570
 Br   35.      78.918336    50.690 %        0.000000      1.568516     -1.578570

 Total mass:         201.808743 amu
 Natural abundance:   24.147 %


 **************************************
 **** OUTPUT FROM PROGRAM SYMMETRY ****
 **************************************

 * Threshold to consider two distances equal (angstrom) : 5.00D-03

 * Threshold to consider two inertia moments equal : 1.00D-01


 * The following coordinates were used to locate the point group : 
   (center of mass in the origin)

   #  Atom  Z   Isotopic Mass        x             y             z
   1    C   6.      12.000000        0.000000      0.000000      0.574366
   2    S  16.      31.972071        0.000000      0.000000      2.177509
   3    Br 35.      78.918336        0.000000     -1.568516     -0.484753
   4    Br 35.      78.918336        0.000000      1.568516     -0.484753

 Interatomic distances (in A) 
 ---------------------------- 
            1 C      2 S      3 Br     4 Br
   1 C    0.0000   1.6031   1.8926   1.8926
   2 S    1.6031   0.0000   3.0900   3.0900
   3 Br   1.8926   3.0900   0.0000   3.1370
   4 Br   1.8926   3.0900   3.1370   0.0000


 Symmetrically Equivalent Atoms (SEA): 
 -------------------------------------   
 Set | # Atoms | SEA 
   1 |     1   |    1

   2 |     1   |    2

   3 |     2   |    3   4


 * The number of C_n^k axes found is :  1
   ---------------------------------
 Cn-Axis   n   k   theta         Direction (x y z)
    1      2   1     180    0.00000   0.00000  -1.00000

 * The number of reflexion planes found is :  2
   ---------------------------------------
 Plane    Normal vector (x y z)
   1      0.00000  -1.00000   0.00000
   2      1.00000   0.00000   0.00000

 --------------------
 * Point group found: C2v 
 --------------------

 * Order of the group:    4

 * The number of atoms is:    4

 ************************************
 **** OUTPUT FROM PROGRAM VIBANA ****
 ************************************


 @ MOLECULAR HESSIAN READ FROM GAUSSIAN.log FILE                                


                         ==========================
                         =  ENERGY HESSIAN (a.u.) =
                         ==========================


                                1 C                           2 S 
                        X         Y         Z         X         Y         Z
                        1         2         3         4         5         6
         X   1   0.077495  0.000000 -0.000002 -0.030921  0.000000  0.000008
   1 C   Y   2   0.000000  0.231261  0.000000  0.000000 -0.035809 -0.000004
         Z   3  -0.000002  0.000000  0.477671  0.000000  0.000000 -0.370035

         X   4  -0.030921  0.000000  0.000000  0.012357  0.000000 -0.000007
   2 S   Y   5   0.000000 -0.035809  0.000000  0.000000  0.043703  0.000006
         Z   6   0.000008 -0.000004 -0.370035 -0.000007  0.000006  0.431060

         X   7  -0.023287  0.000000  0.000000  0.009273  0.000000 -0.000004
   3 Br  Y   8  -0.000005 -0.097714 -0.045959  0.000005 -0.003955 -0.020074
         Z   9  -0.000003 -0.047725 -0.053818  0.000004 -0.024934 -0.030514

         X  10  -0.023287  0.000000 -0.000002  0.009273  0.000000 -0.000003
   4 Br  Y  11   0.000005 -0.097720  0.045958 -0.000005 -0.003947  0.020075
         Z  12  -0.000003  0.047730 -0.053818  0.000004  0.024928 -0.030514


                                3 Br                          4 Br
                        X         Y         Z         X         Y         Z
                        7         8         9        10        11        12
         X   1  -0.023287 -0.000005 -0.000003 -0.023287  0.000005 -0.000003
   1 C   Y   2   0.000000 -0.097714 -0.047725  0.000000 -0.097720  0.047730
         Z   3   0.000000 -0.045959 -0.053818 -0.000002  0.045958 -0.053818

         X   4   0.009273  0.000005  0.000004  0.009273 -0.000005  0.000004
   2 S   Y   5   0.000000 -0.003955 -0.024934  0.000000 -0.003947  0.024928
         Z   6  -0.000004 -0.020074 -0.030514 -0.000003  0.020075 -0.030514

         X   7   0.007018  0.000003  0.000002  0.007004 -0.000003  0.000002
   3 Br  Y   8   0.000003  0.139007  0.069340  0.000003 -0.037344 -0.003318
         Z   9   0.000002  0.069340  0.079459  0.000002  0.003318  0.004875

         X  10   0.007004  0.000003  0.000002  0.007018 -0.000003  0.000002
   4 Br  Y  11  -0.000003 -0.037344  0.003318 -0.000003  0.139007 -0.069340
         Z  12   0.000002 -0.003318  0.004875  0.000002 -0.069340  0.079459



 @  VIBRATIONAL FREQUENCIES  ( in cm-1 )               
    NORMAL COORDINATES       ( in bohr*sqrt(amu) ) and 
    REDUCED MASSES           ( in amu )                


 ----------------------------------------------------------------
 MODE #                 1         2         3         4         5
 VIB FREQ         1147.05    740.53    430.73    380.07    236.58 

 REDMASS          13.8615   12.7575   12.7085   33.1630   42.1120

 ----------------------------------------------------------------
         X   1  -0.000002 -0.000000  0.276855 -0.000091  0.000000
   1 C   Y   2   0.000001  0.278097  0.000000  0.000004 -0.021712
         Z   3   0.255922 -0.000002  0.000032  0.096934 -0.000006

         X   4   0.000000  0.000000 -0.041462  0.000009  0.000000
   2 S   Y   5  -0.000000 -0.015105  0.000000  0.000009  0.133960
         Z   6  -0.081324 -0.000002  0.000039  0.126473 -0.000008

         X   7   0.000000  0.000000 -0.012649  0.000003  0.000000
   3 Br  Y   8  -0.002751 -0.018081 -0.000012 -0.035959 -0.025488
         Z   9  -0.002984 -0.009090 -0.000010 -0.032990 -0.044888

         X  10  -0.000000 -0.000000 -0.012649  0.000003 -0.000000
   4 Br  Y  11   0.002751 -0.018083  0.000012  0.035956 -0.025489
         Z  12  -0.002984  0.009091 -0.000010 -0.032987  0.044892
 ----------------------------------------------------------------

 ----------------------------------------------------------------
 MODE #                 6         7         8         9        10
 VIB FREQ          187.69      5.43      5.16      2.15      0.38 

 REDMASS          56.0697   55.6567   41.2125   78.9167   50.4116

 ----------------------------------------------------------------
         X   1  -0.000004  0.000001  0.024350  0.000005  0.003081
   1 C   Y   2   0.000001  0.023634  0.000001  0.000064  0.044862
         Z   3  -0.059036  0.000025  0.000414  0.000418  0.054202

         X   4  -0.000003  0.000003  0.136539  0.000003  0.003653
   2 S   Y   5  -0.000002  0.090036 -0.000001  0.000063  0.044988
         Z   6  -0.060928  0.000025  0.000415  0.000418  0.054202

         X   7  -0.000000 -0.000002 -0.050140 -0.079588  0.003113
   3 Br  Y   8  -0.070959 -0.020327  0.000001  0.000065  0.044793
         Z   9   0.016840  0.065126  0.000412  0.000416  0.054312

         X  10  -0.000000  0.000001 -0.050139  0.079603  0.002292
   4 Br  Y  11   0.070959 -0.020329  0.000003  0.000065  0.044783
         Z  12   0.016838 -0.065072  0.000415  0.000419  0.054082
 ----------------------------------------------------------------

 ----------------------------------
 MODE #                11        12
 VIB FREQ            0.24i     1.22i
 REDMASS          50.3856   41.1150
 ----------------------------------
         X   1   0.002923  0.077935
   1 C   Y   2  -0.054337  0.000264
         Z   3   0.044745 -0.003949

         X   4   0.003526  0.104353
   2 S   Y   5  -0.054528  0.000266
         Z   6   0.044745 -0.003948

         X   7   0.002767  0.060379
   3 Br  Y   8  -0.054216  0.000260
         Z   9   0.044562 -0.003949

         X  10   0.002279  0.060419
   4 Br  Y  11  -0.054224  0.000265
         Z  12   0.044918 -0.003953
 ----------------------------------

 -------------------------------------------
 ----  CARTESIAN CHARGE TENSORS (a.u.)  ----
 -------------------------------------------


@       ATOMIC POLAR TENSOR FOR ATOM  C   1

              dX          dY          dZ

  d PX  -0.58060105  0.00000000  0.00000000
  d PY   0.00000000 -0.58060105  0.00000000
  d PZ   0.00000000  0.00000000 -0.58060105


@       ATOMIC POLAR TENSOR FOR ATOM  S   2

              dX          dY          dZ

  d PX   0.51170221  0.00000000  0.00000000
  d PY   0.00000000  0.51170221  0.00000000
  d PZ   0.00000000  0.00000000  0.51170221


@       ATOMIC POLAR TENSOR FOR ATOM  Br  3

              dX          dY          dZ

  d PX   0.03464264  0.00000000  0.00000000
  d PY   0.00000000  0.03464264  0.00000000
  d PZ   0.00000000  0.00000000  0.03464264


@       ATOMIC POLAR TENSOR FOR ATOM  Br  4

              dX          dY          dZ

  d PX   0.03464140  0.00000000  0.00000000
  d PY   0.00000000  0.03464140  0.00000000
  d PZ   0.00000000  0.00000000  0.03464140



 @ 
 @ GAPT Atomic Charges from => ATOMIC CHARGE TENSORS <=                       
 @ 
 @ J. Cioslowski, J. Am. Chem. Soc., 111(22), 8333-8336, 1989
 @ 

 -------------------------
 Atom  #     Charge / a.u.
 -------------------------
 C     1         -0.580601
 S     2          0.511702
 Br    3          0.034643
 Br    4          0.034641
 -------------------------
 Total Charge :   0.000385
 -------------------------


 ------------------------------------------------
 ----  CARTESIAN CHARGE FLUX TENSORS (a.u.)  ----
 ------------------------------------------------


@       ATOMIC POLAR TENSOR FOR ATOM  C   1

              dX          dY          dZ

  d PX   0.00000000  0.00000000  0.00000000
  d PY  -0.00008988  2.55489109  0.00009341
  d PZ  -0.00023026  0.00472002  5.55103313


@       ATOMIC POLAR TENSOR FOR ATOM  S   2

              dX          dY          dZ

  d PX   0.00000000  0.00000000  0.00000000
  d PY   0.00000894 -0.29450088  0.00003051
  d PZ   0.00082822 -0.00934830 -4.43091987


@       ATOMIC POLAR TENSOR FOR ATOM  Br  3

              dX          dY          dZ

  d PX   0.00000000  0.00000000  0.00000000
  d PY   0.00002306 -1.13002990 -0.61256298
  d PZ  -0.00162741 -0.61851003 -0.56472017


@       ATOMIC POLAR TENSOR FOR ATOM  Br  4

              dX          dY          dZ

  d PX   0.00000000  0.00000000  0.00000000
  d PY   0.00004266 -1.13018558  0.61248189
  d PZ   0.00074026  0.61506964 -0.55400713



 @ 
 @ GAPT Atomic Charges from => ATOMIC CHARGE FLUX TENSORS <=                  
 @ 
 @ J. Cioslowski, J. Am. Chem. Soc., 111(22), 8333-8336, 1989
 @ 

 -------------------------
 Atom  #     Charge / a.u.
 -------------------------
 C     1          2.701975
 S     2         -1.575140
 Br    3         -0.564917
 Br    4         -0.561398
 -------------------------
 Total Charge :   0.000520
 -------------------------


 ------------------------------------------------
 ----  CARTESIAN DIPOLE FLUX TENSORS (a.u.)  ----
 ------------------------------------------------


@       ATOMIC POLAR TENSOR FOR ATOM  C   1

              dX          dY          dZ

  d PX   0.41283924 -0.00230707 -0.00155839
  d PY   0.00050957 -0.57328848  0.03159067
  d PZ   0.00063277 -0.02890642 -3.35988960


@       ATOMIC POLAR TENSOR FOR ATOM  S   2

              dX          dY          dZ

  d PX  -0.48933083  0.00310780  0.00052032
  d PY   0.00197596 -0.42829439 -0.00817121
  d PZ  -0.00137271  0.01451029  2.96472672


@       ATOMIC POLAR TENSOR FOR ATOM  Br  3

              dX          dY          dZ

  d PX   0.03723505 -0.00232735 -0.00088413
  d PY  -0.00188935  0.50161567  0.25408069
  d PZ  -0.00265576  0.19453072  0.20016899


@       ATOMIC POLAR TENSOR FOR ATOM  Br  4

              dX          dY          dZ

  d PX   0.03880212 -0.00178221  0.00262059
  d PY   0.00032085  0.49948023 -0.28215864
  d PZ   0.00373444 -0.21230630  0.19310241



 @ 
 @ GAPT Atomic Charges from => ATOMIC DIPOLE FLUX TENSORS <=                  
 @ 
 @ J. Cioslowski, J. Am. Chem. Soc., 111(22), 8333-8336, 1989
 @ 

 -------------------------
 Atom  #     Charge / a.u.
 -------------------------
 C     1         -1.173446
 S     2          0.682367
 Br    3          0.246340
 Br    4          0.243795
 -------------------------
 Total Charge :  -0.000944
 -------------------------


 ---------------------------------------------------
 ----  CARTESIAN MOLECULAR POLAR TENSOR (a.u.)  ----
 ---------------------------------------------------


@       ATOMIC POLAR TENSOR FOR ATOM  C   1

              dX          dY          dZ

  d PX  -0.16776181 -0.00230707 -0.00155839
  d PY   0.00041970  1.40100155  0.03168407
  d PZ   0.00040251 -0.02418640  1.61054247


@       ATOMIC POLAR TENSOR FOR ATOM  S   2

              dX          dY          dZ

  d PX   0.02237139  0.00310780  0.00052032
  d PY   0.00198490 -0.21109306 -0.00814070
  d PZ  -0.00054450  0.00516199 -0.95449093


@       ATOMIC POLAR TENSOR FOR ATOM  Br  3

              dX          dY          dZ

  d PX   0.07187769 -0.00232735 -0.00088413
  d PY  -0.00186630 -0.59377159 -0.35848230
  d PZ  -0.00428316 -0.42397931 -0.32990853


@       ATOMIC POLAR TENSOR FOR ATOM  Br  4

              dX          dY          dZ

  d PX   0.07344352 -0.00178221  0.00262059
  d PY   0.00036351 -0.59606394  0.33032325
  d PZ   0.00447469  0.40276334 -0.32626332



 @ 
 @ GAPT Atomic Charges from => TOTAL (C+CF+DF) ATOMIC POLAR TENSOR <=         
 @ 
 @ J. Cioslowski, J. Am. Chem. Soc., 111(22), 8333-8336, 1989
 @ 

 -------------------------
 Atom  #     Charge / a.u.
 -------------------------
 C     1          0.947927
 S     2         -0.381071
 Br    3         -0.283934
 Br    4         -0.282961
 -------------------------
 Total Charge :  -0.000039
 -------------------------




 ************************************
 *   OUTPUT FROM PROGRAM INFRAINT   *
 ************************************

 -----------------------------------------------------------------------------------
 ATOMIC CONTRIBUTIONS TO THE IR INTENSITIES

 Ax = K.( \sum_b{ (dPx^a/dxb).(dxb/dQj) +
                  (dPx^a/dyb).(dyb/dQj) +
                  (dPx^a/dzb).(dzb/dQj) } ).(dPx/dQj)

 Ay = K.( \sum_b{ (dPy^a/dxb).(dxb/dQj) +
                  (dPy^a/dyb).(dyb/dQj) +
                  (dPy^a/dzb).(dzb/dQj) } ).(dPy/dQj)

 Az = K.( \sum_b{ (dPz^a/dxb).(dxb/dQj) +
                  (dPz^a/dyb).(dyb/dQj) +
                  (dPz^a/dzb).(dzb/dQj) } ).(dPz/dQj)

  K = 974.864 km.amu / (mol.e^2)

 Px^a = x-component of the atomic dipole moment of atom a
 Py^a = y-component of the atomic dipole moment of atom a
 Pz^a = z-component of the atomic dipole moment of atom a

 xb = x-coordinate of atom b
 yb = y-coordinate of atom b
 zb = z-coordinate of atom b
 -----------------------------------------------------------------------------------

 -------------------------------------------------------------------------------------------------------------
 MODE # 1 ( 1147.05 cm-1)
 -------------------------------------------------------------------------------------------------------------

  ATOM         Ax          Ay          Az      (Ax + Ay + Az)
 C    1        0.00        0.08     -119.79      -119.72
 S    2        0.00       -0.00      192.19       192.19
 Br   3        0.00        1.71       82.77        84.47
 Br   4        0.00       -1.71       82.76        81.05

 ----------------------------------------------
  ATOM        C         CT        DP      TOTAL
 C    1    -71.56    148.19   -196.34   -119.72
 S    2    -20.04    472.30   -260.07    192.19
 Br   3     -0.05    122.39    -37.86     84.47
 Br   4     -0.05    118.10    -36.99     81.05

 -------------------------------------------------------------------------------------------------------------
  ATOM       C.C      CT.CT     DP.DP      C.CT     CT.C       C.DP     DP.C      CT.DP     DP.CT     TOTAL
 C    1     27.58    536.23    438.71   -258.95    -57.11    159.81     75.70   -330.93   -710.76   -119.72
 S    2      7.72   1709.09    580.79    -72.52   -182.04     44.76    100.24  -1054.75   -941.09    192.19
 Br   3      0.02    435.14     83.15     -0.18    -46.35      0.11     14.43   -266.40   -135.44     84.47
 Br   4      0.02    435.09     84.02     -0.18    -46.34      0.11     14.43   -270.65   -135.44     81.05
 -------------------------------------------------------------------------------------------------------------
 Total intensity =  238.01 km/mol
 -------------------------------------------------------------------------------------------------------------

 -------------------------------------------------------------------------------------------------------------
 MODE # 2 (  740.53 cm-1)
 -------------------------------------------------------------------------------------------------------------

  ATOM         Ax          Ay          Az      (Ax + Ay + Az)
 C    1        0.00      -45.11        0.04       -45.07
 S    2        0.00       16.70        0.00        16.70
 Br   3        0.00      100.42       -2.02        98.40
 Br   4        0.00      100.43        2.02       102.45

 ----------------------------------------------
  ATOM        C         CT        DP      TOTAL
 C    1    -66.20     -0.01     21.14    -45.07
 S    2     -3.17      0.00     19.87     16.70
 Br   3     -0.25    154.82    -56.16     98.40
 Br   4     -0.26    159.64    -56.94    102.45

 -------------------------------------------------------------------------------------------------------------
  ATOM       C.C      CT.CT     DP.DP      C.CT     CT.C       C.DP     DP.C      CT.DP     DP.CT     TOTAL
 C    1     26.83      0.00     -8.76   -120.72      0.00     27.69     -8.55     -0.01     38.45    -45.07
 S    2      1.28     -0.00     -8.31     -5.78     -0.00      1.33     -8.05      0.00     36.24     16.70
 Br   3      0.10    287.32     24.13     -0.47    -63.72      0.11     22.92    -68.78   -103.21     98.40
 Br   4      0.10    286.13     23.18     -0.47    -63.72      0.10     22.92    -62.77   -103.03    102.45
 -------------------------------------------------------------------------------------------------------------
 Total intensity =  172.48 km/mol
 -------------------------------------------------------------------------------------------------------------

 -------------------------------------------------------------------------------------------------------------
 MODE # 3 (  430.73 cm-1)
 -------------------------------------------------------------------------------------------------------------

  ATOM         Ax          Ay          Az      (Ax + Ay + Az)
 C    1        7.58        0.00        0.00         7.58
 S    2       -4.56        0.00        0.00        -4.56
 Br   3       -0.33        0.00       -0.00        -0.33
 Br   4       -0.33       -0.00        0.00        -0.33

 ----------------------------------------------
  ATOM        C         CT        DP      TOTAL
 C    1      7.71     -0.00     -0.13      7.58
 S    2      1.02     -0.00     -5.57     -4.56
 Br   3      0.02      0.00     -0.35     -0.33
 Br   4      0.02      0.00     -0.36     -0.33

 -------------------------------------------------------------------------------------------------------------
  ATOM       C.C      CT.CT     DP.DP      C.CT     CT.C       C.DP     DP.C      CT.DP     DP.CT     TOTAL
 C    1     28.65      0.00      0.34      0.00     -0.00    -20.94     -0.47     -0.00     -0.00      7.58
 S    2      3.78      0.00     15.13     -0.00     -0.00     -2.76    -20.71     -0.00     -0.00     -4.56
 Br   3      0.08     -0.00      0.96      0.00      0.00     -0.06     -1.32      0.00      0.00     -0.33
 Br   4      0.08     -0.00      0.96      0.00      0.00     -0.06     -1.32      0.00      0.00     -0.33
 -------------------------------------------------------------------------------------------------------------
 Total intensity =    2.36 km/mol
 -------------------------------------------------------------------------------------------------------------

 -------------------------------------------------------------------------------------------------------------
 MODE # 4 (  380.07 cm-1)
 -------------------------------------------------------------------------------------------------------------

  ATOM         Ax          Ay          Az      (Ax + Ay + Az)
 C    1        0.00        0.01       -6.78        -6.77
 S    2        0.00        0.00        9.32         9.32
 Br   3        0.00        0.07        2.40         2.48
 Br   4        0.00       -0.07        2.40         2.33

 ----------------------------------------------
  ATOM        C         CT        DP      TOTAL
 C    1     -4.76     -5.52      3.50     -6.77
 S    2      5.47     -2.61      6.45      9.32
 Br   3     -0.10      6.77     -4.20      2.48
 Br   4     -0.09      6.34     -3.92      2.33

 -------------------------------------------------------------------------------------------------------------
  ATOM       C.C      CT.CT     DP.DP      C.CT     CT.C       C.DP     DP.C      CT.DP     DP.CT     TOTAL
 C    1     -0.34     -3.75      0.88     -3.23     -0.39     -1.19      0.25     -1.38      2.38     -6.77
 S    2      0.39     -1.77      1.61      3.72     -0.18      1.37      0.46     -0.65      4.39      9.32
 Br   3     -0.01      4.46     -1.15     -0.07      0.46     -0.03     -0.29      1.85     -2.76      2.48
 Br   4     -0.01      4.45     -0.88     -0.07      0.46     -0.02     -0.29      1.42     -2.76      2.33
 -------------------------------------------------------------------------------------------------------------
 Total intensity =    7.35 km/mol
 -------------------------------------------------------------------------------------------------------------

 -------------------------------------------------------------------------------------------------------------
 MODE # 5 (  236.58 cm-1)
 -------------------------------------------------------------------------------------------------------------

  ATOM         Ax          Ay          Az      (Ax + Ay + Az)
 C    1        0.00       -0.01        0.00        -0.01
 S    2        0.00        0.05       -0.00         0.05
 Br   3       -0.00       -0.02       -0.03        -0.05
 Br   4        0.00       -0.02        0.03         0.01

 ----------------------------------------------
  ATOM        C         CT        DP      TOTAL
 C    1      0.03     -0.00     -0.04     -0.01
 S    2      0.17      0.00     -0.12      0.05
 Br   3     -0.01      0.04     -0.08     -0.05
 Br   4      0.00      0.01      0.01      0.01

 -------------------------------------------------------------------------------------------------------------
  ATOM       C.C      CT.CT     DP.DP      C.CT     CT.C       C.DP     DP.C      CT.DP     DP.CT     TOTAL
 C    1      0.98      0.00      1.55      0.22      0.00     -1.16     -1.30     -0.00     -0.29     -0.01
 S    2      5.31     -0.00      4.45      1.18     -0.00     -6.32     -3.73      0.00     -0.83      0.05
 Br   3     -0.07      0.15      1.30     -0.01      0.68      0.08     -1.14     -0.79     -0.24     -0.05
 Br   4     -0.07      0.16      1.42     -0.02      0.68      0.09     -1.14     -0.84     -0.27      0.01
 -------------------------------------------------------------------------------------------------------------
 Total intensity =    0.01 km/mol
 -------------------------------------------------------------------------------------------------------------

 -------------------------------------------------------------------------------------------------------------
 MODE # 6 (  187.69 cm-1)
 -------------------------------------------------------------------------------------------------------------

  ATOM         Ax          Ay          Az      (Ax + Ay + Az)
 C    1        0.00        0.00        0.41         0.41
 S    2        0.00        0.00       -0.38        -0.38
 Br   3       -0.00        0.03        0.04         0.07
 Br   4        0.00       -0.03        0.04         0.01

 ----------------------------------------------
  ATOM        C         CT        DP      TOTAL
 C    1      0.36      0.00      0.05      0.41
 S    2     -0.32      0.06     -0.11     -0.38
 Br   3      0.01      0.02      0.04      0.07
 Br   4      0.00      0.03     -0.02      0.01

 -------------------------------------------------------------------------------------------------------------
  ATOM       C.C      CT.CT     DP.DP      C.CT     CT.C       C.DP     DP.C      CT.DP     DP.CT     TOTAL
 C    1      0.14      0.00     -0.02      0.37      0.00     -0.15      0.02     -0.00      0.05      0.41
 S    2     -0.13      0.06      0.05     -0.33      0.02      0.14     -0.04     -0.02     -0.12     -0.38
 Br   3      0.00      0.03      0.03      0.01      0.01      0.00      0.00     -0.02      0.01      0.07
 Br   4      0.00      0.03     -0.03      0.01      0.01     -0.01      0.00     -0.01      0.01      0.01
 -------------------------------------------------------------------------------------------------------------
 Total intensity =    0.12 km/mol
 -------------------------------------------------------------------------------------------------------------

 -------------------------------------------------------------------------------------------------------------
 MODE # 7 (    5.43 cm-1)
 -------------------------------------------------------------------------------------------------------------

  ATOM         Ax          Ay          Az      (Ax + Ay + Az)
 C    1        0.00        0.22        0.00         0.22
 S    2        0.00       -0.12        0.00        -0.12
 Br   3       -0.00       -0.03       -0.00        -0.03
 Br   4       -0.00       -0.03        0.00        -0.03

 ----------------------------------------------
  ATOM        C         CT        DP      TOTAL
 C    1      0.09     -0.00      0.13      0.22
 S    2     -0.29      0.00      0.17     -0.12
 Br   3      0.00     -0.00     -0.03     -0.03
 Br   4      0.00     -0.00     -0.03     -0.03

 -------------------------------------------------------------------------------------------------------------
  ATOM       C.C      CT.CT     DP.DP      C.CT     CT.C       C.DP     DP.C      CT.DP     DP.CT     TOTAL
 C    1     -0.41      0.00      0.75     -0.00      0.00      0.50     -0.61     -0.00     -0.00      0.22
 S    2      1.39     -0.00      0.99      0.00     -0.00     -1.69     -0.81      0.00     -0.00     -0.12
 Br   3     -0.02     -0.00     -0.19     -0.00      0.00      0.03      0.15     -0.00      0.01     -0.03
 Br   4     -0.02      0.00     -0.17      0.00      0.00      0.02      0.15     -0.00     -0.01     -0.03
 -------------------------------------------------------------------------------------------------------------
 Total intensity =    0.04 km/mol
 -------------------------------------------------------------------------------------------------------------

 -------------------------------------------------------------------------------------------------------------
 MODE # 8 (    5.16 cm-1)
 -------------------------------------------------------------------------------------------------------------

  ATOM         Ax          Ay          Az      (Ax + Ay + Az)
 C    1        0.37        0.00        0.00         0.37
 S    2       -0.20       -0.00       -0.00        -0.20
 Br   3       -0.05       -0.00       -0.00        -0.05
 Br   4       -0.05       -0.00       -0.00        -0.05

 ----------------------------------------------
  ATOM        C         CT        DP      TOTAL
 C    1      0.11     -0.00      0.26      0.37
 S    2     -0.57     -0.00      0.37     -0.20
 Br   3      0.01     -0.00     -0.07     -0.05
 Br   4      0.01     -0.00     -0.07     -0.05

 -------------------------------------------------------------------------------------------------------------
  ATOM       C.C      CT.CT     DP.DP      C.CT     CT.C       C.DP     DP.C      CT.DP     DP.CT     TOTAL
 C    1     -0.72      0.00      1.86     -0.00      0.00      0.83     -1.61     -0.00     -0.00      0.37
 S    2      3.56      0.00      2.69      0.00      0.00     -4.13     -2.32     -0.00     -0.00     -0.20
 Br   3     -0.09     -0.00     -0.49      0.00      0.00      0.10      0.42     -0.00     -0.00     -0.05
 Br   4     -0.09      0.00     -0.49      0.00      0.00      0.10      0.42     -0.00     -0.00     -0.05
 -------------------------------------------------------------------------------------------------------------
 Total intensity =    0.07 km/mol
 -------------------------------------------------------------------------------------------------------------

 -------------------------------------------------------------------------------------------------------------
 MODE # 9 (    2.15 cm-1)
 -------------------------------------------------------------------------------------------------------------

  ATOM         Ax          Ay          Az      (Ax + Ay + Az)
 C    1        0.00        0.00        0.00         0.00
 S    2       -0.00        0.00        0.00         0.00
 Br   3        0.00        0.00        0.00         0.00
 Br   4       -0.00        0.00        0.00        -0.00

 ----------------------------------------------
  ATOM        C         CT        DP      TOTAL
 C    1     -0.00      0.00      0.00      0.00
 S    2      0.00      0.00     -0.00      0.00
 Br   3     -0.00     -0.00      0.00      0.00
 Br   4      0.00     -0.00     -0.00     -0.00

 -------------------------------------------------------------------------------------------------------------
  ATOM       C.C      CT.CT     DP.DP      C.CT     CT.C       C.DP     DP.C      CT.DP     DP.CT     TOTAL
 C    1      0.00      0.00      0.00     -0.00     -0.00     -0.00     -0.00      0.00      0.00      0.00
 S    2     -0.00      0.00     -0.00      0.00     -0.00      0.00      0.00      0.00     -0.00      0.00
 Br   3      0.00     -0.00      0.00      0.00      0.00     -0.00     -0.00     -0.00      0.00      0.00
 Br   4     -0.00     -0.00     -0.00      0.00     -0.00      0.00      0.00     -0.00      0.00     -0.00
 -------------------------------------------------------------------------------------------------------------
 Total intensity =    0.00 km/mol
 -------------------------------------------------------------------------------------------------------------

 -------------------------------------------------------------------------------------------------------------
 MODE #10 (    0.38 cm-1)
 -------------------------------------------------------------------------------------------------------------

  ATOM         Ax          Ay          Az      (Ax + Ay + Az)
 C    1        0.00        0.01        0.06         0.07
 S    2       -0.00       -0.01       -0.05        -0.06
 Br   3       -0.00       -0.00       -0.00        -0.00
 Br   4       -0.00       -0.00       -0.00        -0.00

 ----------------------------------------------
  ATOM        C         CT        DP      TOTAL
 C    1      0.06      0.00      0.00      0.07
 S    2     -0.06     -0.00      0.00     -0.06
 Br   3     -0.00     -0.00      0.00     -0.00
 Br   4     -0.00     -0.00     -0.00     -0.00

 -------------------------------------------------------------------------------------------------------------
  ATOM       C.C      CT.CT     DP.DP      C.CT     CT.C       C.DP     DP.C      CT.DP     DP.CT     TOTAL
 C    1     -0.00      0.00      0.00      0.01     -0.00      0.06     -0.00      0.00      0.00      0.07
 S    2      0.00     -0.00      0.00     -0.01      0.00     -0.05     -0.00     -0.00      0.00     -0.06
 Br   3      0.00     -0.00      0.00     -0.00      0.00     -0.00      0.00     -0.00      0.00     -0.00
 Br   4      0.00     -0.00     -0.00     -0.00     -0.00     -0.00      0.00     -0.00     -0.00     -0.00
 -------------------------------------------------------------------------------------------------------------
 Total intensity =    0.00 km/mol
 -------------------------------------------------------------------------------------------------------------

 -------------------------------------------------------------------------------------------------------------
 MODE #11 (    0.24 cm-1)
 -------------------------------------------------------------------------------------------------------------

  ATOM         Ax          Ay          Az      (Ax + Ay + Az)
 C    1       -0.00       -0.01       -0.05        -0.06
 S    2        0.00        0.00        0.05         0.05
 Br   3        0.00        0.00        0.00         0.00
 Br   4        0.00        0.00        0.00         0.00

 ----------------------------------------------
  ATOM        C         CT        DP      TOTAL
 C    1     -0.06      0.00      0.00     -0.06
 S    2      0.05      0.00     -0.00      0.05
 Br   3      0.00      0.00      0.00      0.00
 Br   4      0.00      0.00     -0.00      0.00

 -------------------------------------------------------------------------------------------------------------
  ATOM       C.C      CT.CT     DP.DP      C.CT     CT.C       C.DP     DP.C      CT.DP     DP.CT     TOTAL
 C    1     -0.00      0.00      0.00     -0.01      0.00     -0.04      0.00      0.00      0.00     -0.06
 S    2      0.00      0.00      0.00      0.01      0.00      0.04     -0.00      0.00     -0.00      0.05
 Br   3      0.00      0.00      0.00      0.00     -0.00      0.00      0.00      0.00      0.00      0.00
 Br   4      0.00      0.00     -0.00      0.00      0.00      0.00      0.00      0.00     -0.00      0.00
 -------------------------------------------------------------------------------------------------------------
 Total intensity =    0.00 km/mol
 -------------------------------------------------------------------------------------------------------------

 -------------------------------------------------------------------------------------------------------------
 MODE #12 (    1.22 cm-1)
 -------------------------------------------------------------------------------------------------------------

  ATOM         Ax          Ay          Az      (Ax + Ay + Az)
 C    1        0.10        0.00       -0.00         0.10
 S    2       -0.08        0.00        0.00        -0.08
 Br   3       -0.01        0.00        0.00        -0.01
 Br   4       -0.01        0.00        0.00        -0.01

 ----------------------------------------------
  ATOM        C         CT        DP      TOTAL
 C    1      0.09     -0.00      0.01      0.10
 S    2     -0.10     -0.00      0.02     -0.08
 Br   3     -0.00     -0.00     -0.00     -0.01
 Br   4     -0.00     -0.00     -0.00     -0.01

 -------------------------------------------------------------------------------------------------------------
  ATOM       C.C      CT.CT     DP.DP      C.CT     CT.C       C.DP     DP.C      CT.DP     DP.CT     TOTAL
 C    1     -0.54      0.00      0.10      0.00     -0.00      0.63     -0.09     -0.00     -0.00      0.10
 S    2      0.64      0.00      0.15     -0.00     -0.00     -0.74     -0.13     -0.00      0.00     -0.08
 Br   3      0.03     -0.00     -0.03     -0.00      0.00     -0.03      0.02     -0.00     -0.00     -0.01
 Br   4      0.03      0.00     -0.03     -0.00     -0.00     -0.03      0.02     -0.00     -0.00     -0.01
 -------------------------------------------------------------------------------------------------------------
 Total intensity =    0.00 km/mol
 -------------------------------------------------------------------------------------------------------------

 -----------------------------------------------------------------------------------
 DYNAMIC CONTRIBUTIONS TO THE IR INTENSITIES

 Ax = K.( (dPx/dxa).(dxa/dQj) +
          (dPx/dya).(dya/dQj) +
          (dPx/dza).(dza/dQj) ).(dPx/dQj)

 Ay = K.( (dPy/dxa).(dxa/dQj) +
          (dPy/dya).(dya/dQj) +
          (dPy/dza).(dza/dQj) ).(dPy/dQj)

 Az = K.( (dPz/dxa).(dxa/dQj) +
          (dPz/dya).(dya/dQj) +
          (dPz/dza).(dza/dQj) ).(dPz/dQj)

  K = 974.864 km.amu / (mol.e^2)

 Px = x-component of the molecular dipole moment
 Py = y-component of the molecular dipole moment
 Pz = z-component of the molecular dipole moment

 xa = x-coordinate of atom a
 ya = y-coordinate of atom a
 za = z-coordinate of atom a
 -----------------------------------------------------------------------------------

 -------------------------------------------------------------------------------------------------------------
 MODE # 1 ( 1147.05 cm-1)
 -------------------------------------------------------------------------------------------------------------

  ATOM         Ax          Ay          Az      (Ax + Ay + Az)
 C    1        0.00        0.07      198.51       198.58
 S    2        0.00        0.01       37.38        37.39
 Br   3       -0.00        0.02        1.04         1.06
 Br   4        0.00       -0.02        1.00         0.98

 ----------------------------------------------
  ATOM        C         CT        DP      TOTAL
 C    1    -71.56    684.19   -414.05    198.58
 S    2    -20.04    173.54   -116.11     37.39
 Br   3     -0.05      1.67     -0.56      1.06
 Br   4     -0.05      1.57     -0.54      0.98

 -------------------------------------------------------------------------------------------------------------
  ATOM       C.C      CF.CF     DF.DF      C.CF     CF.C       C.DF     DF.C      CF.DF     DF.CF     TOTAL
 C    1     27.58   2475.82    924.89   -258.95   -263.70    159.81    159.61  -1527.93  -1498.55    198.58
 S    2      7.72    627.99    259.32    -72.52    -66.89     44.76     44.75   -387.56   -420.19     37.39
 Br   3      0.02      5.90      1.20     -0.18     -0.63      0.11      0.21     -3.60     -1.97      1.06
 Br   4      0.02      5.83      1.27     -0.18     -0.62      0.11      0.22     -3.64     -2.02      0.98
 -------------------------------------------------------------------------------------------------------------
 Total intensity =  238.01 km/mol
 -------------------------------------------------------------------------------------------------------------

 -------------------------------------------------------------------------------------------------------------
 MODE # 2 (  740.53 cm-1)
 -------------------------------------------------------------------------------------------------------------

  ATOM         Ax          Ay          Az      (Ax + Ay + Az)
 C    1        0.00      159.74        0.04       159.79
 S    2        0.00        1.31        0.00         1.31
 Br   3       -0.00        5.74       -0.07         5.67
 Br   4       -0.00        5.65        0.06         5.71

 ----------------------------------------------
  ATOM        C         CT        DP      TOTAL
 C    1    -66.20    291.31    -65.32    159.79
 S    2     -3.17      1.82      2.65      1.31
 Br   3     -0.25     10.56     -4.63      5.67
 Br   4     -0.26     10.76     -4.79      5.71

 -------------------------------------------------------------------------------------------------------------
  ATOM       C.C      CF.CF     DF.DF      C.CF     CF.C       C.DF     DF.C      CF.DF     DF.CF     TOTAL
 C    1     26.83    531.24     27.41   -120.72   -118.06     27.69     26.49   -121.87   -119.22    159.79
 S    2      1.28      3.33     -1.11     -5.78     -0.74      1.33     -1.07     -0.76      4.84      1.31
 Br   3      0.10     19.47      1.99     -0.47     -4.32      0.11      1.89     -4.59     -8.52      5.67
 Br   4      0.10     19.42      1.95     -0.47     -4.32      0.10      1.93     -4.33     -8.66      5.71
 -------------------------------------------------------------------------------------------------------------
 Total intensity =  172.48 km/mol
 -------------------------------------------------------------------------------------------------------------

 -------------------------------------------------------------------------------------------------------------
 MODE # 3 (  430.73 cm-1)
 -------------------------------------------------------------------------------------------------------------

  ATOM         Ax          Ay          Az      (Ax + Ay + Az)
 C    1        2.23        0.00        0.00         2.23
 S    2        0.04       -0.00       -0.00         0.04
 Br   3        0.04        0.00        0.00         0.04
 Br   4        0.04       -0.00       -0.00         0.04

 ----------------------------------------------
  ATOM        C         CT        DP      TOTAL
 C    1      7.71      0.00     -5.48      2.23
 S    2      1.02     -0.00     -0.97      0.04
 Br   3      0.02      0.00      0.02      0.04
 Br   4      0.02     -0.00      0.02      0.04

 -------------------------------------------------------------------------------------------------------------
  ATOM       C.C      CF.CF     DF.DF      C.CF     CF.C       C.DF     DF.C      CF.DF     DF.CF     TOTAL
 C    1     28.65     -0.00     14.89      0.00      0.00    -20.94    -20.37      0.00     -0.00      2.23
 S    2      3.78      0.00      2.64     -0.00     -0.00     -2.76     -3.62     -0.00     -0.00      0.04
 Br   3      0.08     -0.00     -0.06      0.00      0.00     -0.06      0.08      0.00     -0.00      0.04
 Br   4      0.08      0.00     -0.06      0.00      0.00     -0.06      0.09     -0.00      0.00      0.04
 -------------------------------------------------------------------------------------------------------------
 Total intensity =    2.36 km/mol
 -------------------------------------------------------------------------------------------------------------

 -------------------------------------------------------------------------------------------------------------
 MODE # 4 (  380.07 cm-1)
 -------------------------------------------------------------------------------------------------------------

  ATOM         Ax          Ay          Az      (Ax + Ay + Az)
 C    1        0.00        0.01       13.21        13.21
 S    2       -0.00       -0.00      -10.21       -10.21
 Br   3       -0.00        0.09        2.21         2.30
 Br   4        0.00       -0.09        2.14         2.04

 ----------------------------------------------
  ATOM        C         CT        DP      TOTAL
 C    1     -4.76     45.52    -27.54     13.21
 S    2      5.47    -47.40     31.72    -10.21
 Br   3     -0.10      3.63     -1.22      2.30
 Br   4     -0.09      3.24     -1.11      2.04

 -------------------------------------------------------------------------------------------------------------
  ATOM       C.C      CF.CF     DF.DF      C.CF     CF.C       C.DF     DF.C      CF.DF     DF.CF     TOTAL
 C    1     -0.34     30.92     -6.87     -3.23      3.23     -1.19     -1.95     11.37    -18.72     13.21
 S    2      0.39    -32.21      7.92      3.72     -3.36      1.37      2.25    -11.84     21.55    -10.21
 Br   3     -0.01      2.35     -0.36     -0.07      0.25     -0.03     -0.08      1.03     -0.78      2.30
 Br   4     -0.01      2.32     -0.22     -0.07      0.24     -0.02     -0.08      0.68     -0.80      2.04
 -------------------------------------------------------------------------------------------------------------
 Total intensity =    7.35 km/mol
 -------------------------------------------------------------------------------------------------------------

 -------------------------------------------------------------------------------------------------------------
 MODE # 5 (  236.58 cm-1)
 -------------------------------------------------------------------------------------------------------------

  ATOM         Ax          Ay          Az      (Ax + Ay + Az)
 C    1        0.00       -0.08        0.00        -0.07
 S    2        0.00       -0.07        0.00        -0.07
 Br   3        0.00        0.08        0.05         0.13
 Br   4        0.00        0.07       -0.05         0.03

 ----------------------------------------------
  ATOM        C         CT        DP      TOTAL
 C    1      0.03     -0.14      0.03     -0.07
 S    2      0.17     -0.10     -0.14     -0.07
 Br   3     -0.01      0.22     -0.09      0.13
 Br   4      0.00      0.06     -0.04      0.03

 -------------------------------------------------------------------------------------------------------------
  ATOM       C.C      CF.CF     DF.DF      C.CF     CF.C       C.DF     DF.C      CF.DF     DF.CF     TOTAL
 C    1      0.98     -0.96     -1.15      0.22     -4.29     -1.16      0.96      5.11      0.21     -0.07
 S    2      5.31     -0.68      5.29      1.18     -3.05     -6.32     -4.44      3.63     -0.99     -0.07
 Br   3     -0.07      0.94      2.19     -0.01      4.36      0.08     -1.87     -5.08     -0.41      0.13
 Br   4     -0.07      1.00      2.38     -0.02      4.36      0.09     -1.97     -5.29     -0.45      0.03
 -------------------------------------------------------------------------------------------------------------
 Total intensity =    0.01 km/mol
 -------------------------------------------------------------------------------------------------------------

 -------------------------------------------------------------------------------------------------------------
 MODE # 6 (  187.69 cm-1)
 -------------------------------------------------------------------------------------------------------------

  ATOM         Ax          Ay          Az      (Ax + Ay + Az)
 C    1        0.00        0.00       -0.99        -0.99
 S    2       -0.00       -0.00        0.61         0.61
 Br   3        0.00       -0.07        0.26         0.18
 Br   4       -0.00        0.07        0.24         0.31

 ----------------------------------------------
  ATOM        C         CT        DP      TOTAL
 C    1      0.36     -3.42      2.07     -0.99
 S    2     -0.32      2.81     -1.88      0.61
 Br   3      0.01      0.22     -0.05      0.18
 Br   4      0.00      0.49     -0.18      0.31

 -------------------------------------------------------------------------------------------------------------
  ATOM       C.C      CF.CF     DF.DF      C.CF     CF.C       C.DF     DF.C      CF.DF     DF.CF     TOTAL
 C    1      0.14     -3.50     -0.87      0.37     -1.36     -0.15      0.82      1.45      2.12     -0.99
 S    2     -0.13      2.88      0.80     -0.33      1.12      0.14     -0.75     -1.19     -1.93      0.61
 Br   3      0.00      0.37      0.11      0.01      0.14      0.00     -0.04     -0.29     -0.11      0.18
 Br   4      0.00      0.37     -0.01      0.01      0.14     -0.01     -0.05     -0.02     -0.13      0.31
 -------------------------------------------------------------------------------------------------------------
 Total intensity =    0.12 km/mol
 -------------------------------------------------------------------------------------------------------------

 -------------------------------------------------------------------------------------------------------------
 MODE # 7 (    5.43 cm-1)
 -------------------------------------------------------------------------------------------------------------

  ATOM         Ax          Ay          Az      (Ax + Ay + Az)
 C    1       -0.00       -0.21       -0.00        -0.21
 S    2        0.00        0.12        0.00         0.12
 Br   3       -0.00        0.07       -0.00         0.07
 Br   4       -0.00        0.06        0.00         0.06

 ----------------------------------------------
  ATOM        C         CT        DP      TOTAL
 C    1      0.09     -0.39      0.09     -0.21
 S    2     -0.29      0.17      0.25      0.12
 Br   3      0.00      0.11     -0.04      0.07
 Br   4      0.00      0.11     -0.05      0.06

 -------------------------------------------------------------------------------------------------------------
  ATOM       C.C      CF.CF     DF.DF      C.CF     CF.C       C.DF     DF.C      CF.DF     DF.CF     TOTAL
 C    1     -0.41      0.00      0.49     -0.00      1.82      0.50     -0.41     -2.21      0.00     -0.21
 S    2      1.39     -0.00      1.41      0.00     -0.80     -1.69     -1.16      0.97     -0.00      0.12
 Br   3     -0.02      0.03     -0.22     -0.00     -0.51      0.03      0.19      0.59     -0.01      0.07
 Br   4     -0.02     -0.03     -0.31      0.00     -0.51      0.02      0.25      0.65      0.01      0.06
 -------------------------------------------------------------------------------------------------------------
 Total intensity =    0.04 km/mol
 -------------------------------------------------------------------------------------------------------------

 -------------------------------------------------------------------------------------------------------------
 MODE # 8 (    5.16 cm-1)
 -------------------------------------------------------------------------------------------------------------

  ATOM         Ax          Ay          Az      (Ax + Ay + Az)
 C    1        0.03        0.00       -0.00         0.03
 S    2       -0.02        0.00        0.00        -0.02
 Br   3        0.03       -0.00       -0.00         0.03
 Br   4        0.03        0.00        0.00         0.03

 ----------------------------------------------
  ATOM        C         CT        DP      TOTAL
 C    1      0.11     -0.00     -0.08      0.03
 S    2     -0.57      0.00      0.54     -0.02
 Br   3      0.01     -0.00      0.02      0.03
 Br   4      0.01      0.00      0.02      0.03

 -------------------------------------------------------------------------------------------------------------
  ATOM       C.C      CF.CF     DF.DF      C.CF     CF.C       C.DF     DF.C      CF.DF     DF.CF     TOTAL
 C    1     -0.72      0.00     -0.59     -0.00      0.00      0.83      0.51     -0.00     -0.00      0.03
 S    2      3.56     -0.00      3.95      0.00     -0.00     -4.13     -3.40      0.00      0.00     -0.02
 Br   3     -0.09     -0.00      0.11      0.00      0.00      0.10     -0.10     -0.00      0.00      0.03
 Br   4     -0.09     -0.00      0.11      0.00     -0.00      0.10     -0.10      0.00     -0.00      0.03
 -------------------------------------------------------------------------------------------------------------
 Total intensity =    0.07 km/mol
 -------------------------------------------------------------------------------------------------------------

 -------------------------------------------------------------------------------------------------------------
 MODE # 9 (    2.15 cm-1)
 -------------------------------------------------------------------------------------------------------------

  ATOM         Ax          Ay          Az      (Ax + Ay + Az)
 C    1       -0.00        0.00        0.00         0.00
 S    2        0.00       -0.00       -0.00        -0.00
 Br   3       -0.00       -0.00        0.00        -0.00
 Br   4        0.00        0.00        0.00         0.00

 ----------------------------------------------
  ATOM        C         CT        DP      TOTAL
 C    1     -0.00      0.00     -0.00      0.00
 S    2      0.00     -0.00      0.00     -0.00
 Br   3     -0.00     -0.00     -0.00     -0.00
 Br   4      0.00     -0.00      0.00      0.00

 -------------------------------------------------------------------------------------------------------------
  ATOM       C.C      CF.CF     DF.DF      C.CF     CF.C       C.DF     DF.C      CF.DF     DF.CF     TOTAL
 C    1      0.00      0.00     -0.00     -0.00     -0.00     -0.00      0.00      0.00     -0.00      0.00
 S    2     -0.00     -0.00      0.00      0.00      0.00      0.00     -0.00     -0.00      0.00     -0.00
 Br   3      0.00     -0.00     -0.00      0.00      0.00     -0.00      0.00     -0.00      0.00     -0.00
 Br   4     -0.00     -0.00      0.00      0.00     -0.00      0.00     -0.00     -0.00      0.00      0.00
 -------------------------------------------------------------------------------------------------------------
 Total intensity =    0.00 km/mol
 -------------------------------------------------------------------------------------------------------------

 -------------------------------------------------------------------------------------------------------------
 MODE #10 (    0.38 cm-1)
 -------------------------------------------------------------------------------------------------------------

  ATOM         Ax          Ay          Az      (Ax + Ay + Az)
 C    1        0.00       -0.02       -0.15        -0.17
 S    2       -0.00        0.00        0.09         0.09
 Br   3       -0.00        0.01        0.07         0.08
 Br   4       -0.00        0.00       -0.00         0.00

 ----------------------------------------------
  ATOM        C         CT        DP      TOTAL
 C    1      0.06     -0.56      0.33     -0.17
 S    2     -0.06      0.43     -0.28      0.09
 Br   3     -0.00      0.12     -0.04      0.08
 Br   4     -0.00      0.01     -0.00      0.00

 -------------------------------------------------------------------------------------------------------------
  ATOM       C.C      CF.CF     DF.DF      C.CF     CF.C       C.DF     DF.C      CF.DF     DF.CF     TOTAL
 C    1     -0.00     -0.09      0.28      0.01      0.01      0.06     -0.01     -0.49      0.05     -0.17
 S    2      0.00      0.07     -0.24     -0.01     -0.01     -0.05      0.00      0.37     -0.05      0.09
 Br   3      0.00      0.02     -0.04     -0.00     -0.01     -0.00      0.00      0.12     -0.01      0.08
 Br   4      0.00      0.00     -0.00     -0.00     -0.00     -0.00      0.00      0.01     -0.00      0.00
 -------------------------------------------------------------------------------------------------------------
 Total intensity =    0.00 km/mol
 -------------------------------------------------------------------------------------------------------------

 -------------------------------------------------------------------------------------------------------------
 MODE #11 (    0.24 cm-1)
 -------------------------------------------------------------------------------------------------------------

  ATOM         Ax          Ay          Az      (Ax + Ay + Az)
 C    1       -0.00        0.01        0.16         0.17
 S    2       -0.00       -0.00       -0.09        -0.09
 Br   3        0.00       -0.00        0.02         0.01
 Br   4        0.00       -0.01       -0.08        -0.09

 ----------------------------------------------
  ATOM        C         CT        DP      TOTAL
 C    1     -0.06      0.55     -0.32      0.17
 S    2      0.05     -0.42      0.28     -0.09
 Br   3      0.00      0.01     -0.00      0.01
 Br   4      0.00     -0.14      0.05     -0.09

 -------------------------------------------------------------------------------------------------------------
  ATOM       C.C      CF.CF     DF.DF      C.CF     CF.C       C.DF     DF.C      CF.DF     DF.CF     TOTAL
 C    1     -0.00      0.12     -0.24     -0.01      0.02     -0.04     -0.01      0.41     -0.07      0.17
 S    2      0.00     -0.10      0.21      0.01     -0.01      0.04     -0.00     -0.32      0.06     -0.09
 Br   3      0.00      0.00     -0.00      0.00     -0.00      0.00      0.00      0.01     -0.00      0.01
 Br   4      0.00     -0.03      0.04      0.00     -0.01      0.00      0.00     -0.10      0.01     -0.09
 -------------------------------------------------------------------------------------------------------------
 Total intensity =    0.00 km/mol
 -------------------------------------------------------------------------------------------------------------

 -------------------------------------------------------------------------------------------------------------
 MODE #12 (    1.22 cm-1)
 -------------------------------------------------------------------------------------------------------------

  ATOM         Ax          Ay          Az      (Ax + Ay + Az)
 C    1        0.03        0.00        0.00         0.03
 S    2       -0.00        0.00       -0.00        -0.00
 Br   3       -0.01        0.00       -0.00        -0.01
 Br   4       -0.01       -0.00       -0.00        -0.01

 ----------------------------------------------
  ATOM        C         CT        DP      TOTAL
 C    1      0.09      0.00     -0.06      0.03
 S    2     -0.10     -0.00      0.10     -0.00
 Br   3     -0.00      0.00     -0.00     -0.01
 Br   4     -0.00     -0.00     -0.00     -0.01

 -------------------------------------------------------------------------------------------------------------
  ATOM       C.C      CF.CF     DF.DF      C.CF     CF.C       C.DF     DF.C      CF.DF     DF.CF     TOTAL
 C    1     -0.54     -0.00     -0.45      0.00      0.00      0.63      0.39      0.00      0.00      0.03
 S    2      0.64      0.00      0.71     -0.00     -0.00     -0.74     -0.61     -0.00     -0.00     -0.00
 Br   3      0.03      0.00     -0.03     -0.00     -0.00     -0.03      0.03      0.00     -0.00     -0.01
 Br   4      0.03      0.00     -0.03     -0.00     -0.00     -0.03      0.03     -0.00     -0.00     -0.01
 -------------------------------------------------------------------------------------------------------------
 Total intensity =    0.00 km/mol
 -------------------------------------------------------------------------------------------------------------



********************************************************************************
 THEORY LEVEL OF THE DIPOLE MOMENT: MP2                            
********************************************************************************



          Dipole Moment / a.u. (Atomic Contrib.)
          --------------------------------------
          Charge        Dipole        Total
          --------------------------------------
     X    0.00000000    0.00000734    0.00000734
     Y   -0.00000368   -0.00041664   -0.00042031
     Z    1.41115617   -1.59848375   -0.18732759

  Norm    1.41115617    1.59848381    0.18732806
          --------------------------------------



          Dipole Moment / Debye (Atomic Contrib.)
          --------------------------------------
          Charge        Dipole        Total
          --------------------------------------
     X    0.00000000    0.00001867    0.00001867
     Y   -0.00000934   -0.00105899   -0.00106833
     Z    3.58683441   -4.06297805   -0.47614364

  Norm    3.58683441    4.06297819    0.47614484
          --------------------------------------




 ------------------------------------------------------- 
 MOLECULAR CHARGE TENSOR IN THE NORMAL COORDINATES BASIS 
 units = e / sqrt(amu)                                      
 ------------------------------------------------------- 

         d Q  1      d Q  2      d Q  3      d Q  4      d Q  5
  d PX   0.00000135  0.00000000 -0.18283477  0.00005728 -0.00000000
  d PY  -0.00000064 -0.17044560  0.00000000  0.00000185  0.07938779
  d PZ  -0.19040868  0.00000045  0.00000064  0.00615095 -0.00000054
  Norm   0.19040868  0.17044560  0.18283477  0.00615122  0.07938779


         d Q  6      d Q  7      d Q  8      d Q  9      d Q 10
  d PX   0.00000077  0.00000118  0.05225598 -0.00000128  0.00026727
  d PY  -0.00000185  0.03094117 -0.00000074 -0.00000056  0.00007653
  d PZ   0.00426606 -0.00000013  0.00000047 -0.00000003  0.00002055
  Norm   0.00426606  0.03094117  0.05225598  0.00000140  0.00027877


         d Q 11      d Q 12
  d PX   0.00028179  0.01233315
  d PY  -0.00011061  0.00000104
  d PZ   0.00001713 -0.00000141
  Norm   0.00030320  0.01233315



 ------------------------------------------------------------ 
 MOLECULAR CHARGE FLUX TENSOR IN THE NORMAL COORDINATES BASIS 
 units = e / sqrt(amu)                                      
 ------------------------------------------------------------ 

         d Q  1      d Q  2      d Q  3      d Q  4      d Q  5
  d PX   0.00000000  0.00000000  0.00000000  0.00000000  0.00000000
  d PY   0.00002353  0.76696170 -0.00002608  0.00002383  0.01767797
  d PZ   1.78770092  0.00160701 -0.00005520  0.05895360 -0.00078682
  Norm   1.78770092  0.76696338  0.00006105  0.05895360  0.01769547


         d Q  6      d Q  7      d Q  8      d Q  9      d Q 10
  d PX   0.00000000  0.00000000  0.00000000  0.00000000  0.00000000
  d PY  -0.00001884  0.00006244 -0.00000425  0.00000157  0.00000102
  d PZ   0.01095133 -0.00135770  0.00015180  0.00019051 -0.00029124
  Norm   0.01095135  0.00135913  0.00015186  0.00019052  0.00029124


         d Q 11      d Q 12
  d PX   0.00000000  0.00000000
  d PY   0.00000232 -0.00000224
  d PZ   0.00050138  0.00001028
  Norm   0.00050138  0.00001052



 ------------------------------------------------------------ 
 MOLECULAR DIPOLE FLUX TENSOR IN THE NORMAL COORDINATES BASIS 
 units = e / sqrt(amu)                                      
 ------------------------------------------------------------ 

         d Q  1      d Q  2      d Q  3      d Q  4      d Q  5
  d PX  -0.00044583 -0.00058236  0.13362332 -0.00016432  0.00072849
  d PY   0.00882676 -0.17593696  0.00007995  0.00286958 -0.09451529
  d PZ  -1.10326418 -0.00799782  0.00021746  0.02166809  0.00270461
  Norm   1.10329958  0.17611961  0.13362352  0.02185789  0.09455678


         d Q  6      d Q  7      d Q  8      d Q  9      d Q 10
  d PX   0.00012795  0.00007933 -0.06057244  0.00012618 -0.00042076
  d PY  -0.00199002 -0.03755237  0.00035983  0.00017467 -0.00033761
  d PZ  -0.00452682  0.00144368 -0.00022566  0.00050460 -0.00154433
  Norm   0.00494658  0.03758019  0.06057393  0.00054868  0.00163584


         d Q 11      d Q 12
  d PX  -0.00011644 -0.01429946
  d PY  -0.00007441  0.00016841
  d PZ   0.00165669 -0.00002988
  Norm   0.00166244  0.01430049



 ------------------------------------------------------ 
 MOLECULAR POLAR TENSOR IN THE NORMAL COORDINATES BASIS 
 units = e / sqrt(amu)                                      
 ------------------------------------------------------ 

         d Q  1      d Q  2      d Q  3      d Q  4      d Q  5
  d PX  -0.00044448 -0.00058236 -0.04921145 -0.00010704  0.00072849
  d PY   0.00884966  0.42057914  0.00005388  0.00289525  0.00255047
  d PZ   0.49402806 -0.00639036  0.00016289  0.08677264  0.00191725
  Norm   0.49410752  0.42062809  0.04921175  0.08682099  0.00327284


         d Q  6      d Q  7      d Q  8      d Q  9      d Q 10
  d PX   0.00012873  0.00008051 -0.00831646  0.00012490 -0.00015349
  d PY  -0.00201071 -0.00654875  0.00035484  0.00017569 -0.00026006
  d PZ   0.01069058  0.00008585 -0.00007339  0.00069508 -0.00181502
  Norm   0.01087878  0.00654981  0.00832435  0.00072774  0.00183997


         d Q 11      d Q 12
  d PX   0.00016535 -0.00196631
  d PY  -0.00018270  0.00016720
  d PZ   0.00217519 -0.00002101
  Norm   0.00218911  0.00197352



   Vibrational Frequencies and IR Intensities
   ------------------------------------------

  ============================================================
  mode    frequency          IR intensity      Boltzmann(298K)
  ============================================================
       cm-1    hartrees     km/mol  (D/A)**2/amu
  ------------------------------------------------------------
   1  1147.05   0.005226     238.005    5.6327    0.996054852
   2   740.53   0.003374     172.481    4.0819    0.971943602
   3   430.73   0.001963       2.361    0.0559    0.874891128
   4   380.07   0.001732       7.348    0.1739    0.840243800
   5   236.58   0.001078       0.010    0.0002    0.680704172
   6   187.69   0.000855       0.115    0.0027    0.595756277
   7     5.43   0.000025       0.042    0.0010    0.025873073
   8     5.16   0.000024       0.068    0.0016    0.024603844
   9     2.15   0.000010       0.001    0.0000    0.010338306
  10     0.38   0.000002       0.003    0.0001    0.001837158
  11     0.24   0.000001       0.005    0.0001    0.001140864
  12     1.22   0.000006       0.004    0.0001    0.005848401
  -----------------------------------------------------------




      Host name     : trapista                                
      Date and time : Mon Nov 29 19:53:08 2021



      **************************************
      ****  END OF PLACZEK CALCULATION  ****
      **************************************


