

 **************************************
 *                                    *
 *    OUTPUT FROM PROGRAM PLACZEK     *
 *                                    *
 **************************************
                                                             
 *  A Program Designed to Compute Infrared and Raman Spectra 
 *                                                           
 *  Written by Luciano N. Vidal                              
 *  Universidade Tecnologica Federal do Parana, Brazil       
 *                                                           
 *  If results obtained with this code are published,        
 *  an appropriate citation would be:                        
 *                                                           
 ** For Raman Properties:                                    
 *                                                           
 *  Vidal, L.N., P.A.M. Vazquez; Quim. Nova, 26(4), (2003), 507-511
 *  Vidal, L.N., P.A.M. Vazquez; Int. J. Quant. Chem., 103(5), (2005), 632-648
 *                                                           
 ** For Infrared Properties:                                 
 *                                                           
 *  Faria, S.H.D.M., da Silva Jr., J.V., Haiduke, R.L.A., Vidal, L.N.,
 *  Vazquez, P.A.M., Bruns, R.E.; J. Phys. Chem. A, 111, (2007), 7870-7875
 *                                                           
 *  NOTE:                                                    
 *                                                           
 *  This is an experimental code. The author accept no responsibility for the
 *  performance of the code or for the correctness of the results. Report
 *  bugs to lnvidal@utfpr.edu.br                          
 *                                                           
 ********************************
 * Release date: September.2020 *
 ********************************

       RUNCTRL OPTIONS
       ===============

       REMOTE   = F
       RESTART  = F
       FRIEND   = GAUSSIAN            

       USE SYMMETRY  = F


       VIBANA OPTIONS
       ==============

       HF    = F
       MP2   = F
       CCS   = F
       CC2   = F
       CCSD  = F
       QCISD = F
       DHF   = F
       DFT   = F

       DALHESS    = F
       GAMHESS    = F
       GAUSHES    = T
       C4HESS     = F
       GRADHESS   = F

       RUN        = F


       INFRARED OPTIONS
       ================


       HF    = F
       MP2   = F
       CCS   = F
       CC2   = F
       CCSD  = F
       QCISD = T
       DHF   = F
       DFT   = F


       RUN  = F

       ANGSTROM = T


       OVERTONES = F

       EXPENSIVE DERIVATIVES = F

 * CCTDP ANALYSIS USING HIRSHFELD ATOMIC CHARGES AND DIPOLES


 *************************************
 **** OUTPUT FROM PROGRAM ROTOANA ****
 *************************************

 ------------------------------------------------------
 - ROTATIONAL ANALYSIS WAS DONE USING FRIEND.INP FILE -
 ------------------------------------------------------
                             x            y            z
 * Center of Mass (in A):    0.000000     0.000000    -0.652669

 Inertia Tensor (in u*A^2)
 ------------------------- 
                   x              y              z
  x        85.530336       0.000000       0.000000
  y         0.000000      42.927457       0.000000
  z         0.000000       0.000000      42.602878

 Principal Moments and Principal Axes of Inertia
 -----------------------------------------------
                                 x       y       z
 IA  =     42.602878  u*A^2    ( 0.0000  0.0000  1.0000 )
 IB  =     42.927457  u*A^2    ( 0.0000  1.0000  0.0000 )
 IC  =     85.530336  u*A^2    ( 1.0000  0.0000  0.0000 )

 Principal Cartesian Coordinates 
 ------------------------------- 
       x                    y                    z
O      0.000000000000000    0.000000000000000    2.518242023654504
C      0.000000000000000    0.000000000000000    0.303212762605906
F      0.000000000000000   -2.000989430368664   -1.155823999234374
F      0.000000000000000    2.000989430368664   -1.155823999234374

 * Molecule Recognized as Non-Linear

 Rotational Constants
 --------------------
 A =        11862.56 MHz     (        0.395692 cm-1)
 B =        11772.86 MHz     (        0.392700 cm-1)
 C =         5908.77 MHz     (        0.197095 cm-1)
 * The molecule is an Asymmetric Top
 * The molecule is Planar

 Atom  Z   Isotopic Mass   Abundance        x             y             z
 O     8.      15.994915    99.762 %        0.000000      0.000000      0.679927
 C     6.      12.000000    98.900 %        0.000000      0.000000     -0.492216
 F     9.      18.998403   100.000 %        0.000000     -1.058878     -1.264305
 F     9.      18.998403   100.000 %        0.000000      1.058878     -1.264305

 Total mass:          65.991721 amu
 Natural abundance:   98.665 %


 **************************************
 **** OUTPUT FROM PROGRAM SYMMETRY ****
 **************************************

 * Threshold to consider two distances equal (angstrom) : 5.00D-03

 * Threshold to consider two inertia moments equal : 1.00D-01


 * The following coordinates were used to locate the point group : 
   (center of mass in the origin)

   #  Atom  Z   Isotopic Mass        x             y             z
   1    O   8.      15.994915        0.000000      0.000000      1.332596
   2    C   6.      12.000000        0.000000      0.000000      0.160453
   3    F   9.      18.998403        0.000000     -1.058878     -0.611636
   4    F   9.      18.998403        0.000000      1.058878     -0.611636

 Interatomic distances (in A) 
 ---------------------------- 
            1 O      2 C      3 F      4 F 
   1 O    0.0000   1.1721   2.2139   2.2139
   2 C    1.1721   0.0000   1.3105   1.3105
   3 F    2.2139   1.3105   0.0000   2.1178
   4 F    2.2139   1.3105   2.1178   0.0000


 Symmetrically Equivalent Atoms (SEA): 
 -------------------------------------   
 Set | # Atoms | SEA 
   1 |     1   |    1

   2 |     1   |    2

   3 |     2   |    3   4


 * The number of C_n^k axes found is :  1
   ---------------------------------
 Cn-Axis   n   k   theta         Direction (x y z)
    1      2   1     180    0.00000   0.00000  -1.00000

 * The number of reflexion planes found is :  2
   ---------------------------------------
 Plane    Normal vector (x y z)
   1      0.00000  -1.00000   0.00000
   2      1.00000   0.00000   0.00000

 --------------------
 * Point group found: C2v 
 --------------------

 * Order of the group:    4

 * The number of atoms is:    4

 ************************************
 **** OUTPUT FROM PROGRAM VIBANA ****
 ************************************


 @ MOLECULAR HESSIAN READ FROM GAUSSIAN.log FILE                                


                         ==========================
                         =  ENERGY HESSIAN (a.u.) =
                         ==========================


                                1 O                           2 C 
                        X         Y         Z         X         Y         Z
                        1         2         3         4         5         6
         X   1   0.036564  0.000000  0.000005 -0.092202  0.000000 -0.000015
   1 O   Y   2   0.000000  0.108128  0.000004  0.000000 -0.102140 -0.000011
         Z   3   0.000005  0.000004  1.010370 -0.000008  0.000000 -0.879758

         X   4  -0.092202  0.000000 -0.000008  0.232326  0.000000  0.000021
   2 C   Y   5   0.000000 -0.102140  0.000000  0.000000  0.581406  0.000000
         Z   6  -0.000015 -0.000011 -0.879758  0.000021  0.000000  1.221760

         X   7   0.027821  0.000002  0.000010 -0.070055 -0.000007 -0.000024
   3 F   Y   8   0.000003 -0.002988 -0.039695 -0.000004 -0.239628 -0.115010
         Z   9   0.000005 -0.062101 -0.065326 -0.000006 -0.118162 -0.170976

         X  10   0.027821 -0.000002  0.000010 -0.070055  0.000007 -0.000024
   4 F   Y  11  -0.000003 -0.002992  0.039695  0.000004 -0.239628  0.115010
         Z  12   0.000005  0.062109 -0.065327 -0.000006  0.118162 -0.170976


                                3 F                           4 F 
                        X         Y         Z         X         Y         Z
                        7         8         9        10        11        12
         X   1   0.027821  0.000003  0.000005  0.027821 -0.000003  0.000005
   1 O   Y   2   0.000002 -0.002988 -0.062101 -0.000002 -0.002992  0.062109
         Z   3   0.000010 -0.039695 -0.065326  0.000010  0.039695 -0.065327

         X   4  -0.070055 -0.000004 -0.000006 -0.070055  0.000004 -0.000006
   2 C   Y   5  -0.000007 -0.239628 -0.118162  0.000007 -0.239628  0.118162
         Z   6  -0.000024 -0.115010 -0.170976 -0.000024  0.115010 -0.170976

         X   7   0.021141  0.000006  0.000008  0.021085 -0.000001  0.000006
   3 F   Y   8   0.000006  0.339467  0.167453  0.000000 -0.096857 -0.012777
         Z   9   0.000008  0.167453  0.218231  0.000006  0.012777  0.018064

         X  10   0.021085  0.000000  0.000006  0.021141 -0.000006  0.000008
   4 F   Y  11  -0.000001 -0.096857  0.012777 -0.000006  0.339467 -0.167453
         Z  12   0.000006 -0.012777  0.018064  0.000008 -0.167453  0.218231



 *****************************************
 **** OUTPUT FROM PROGRAM POINT GROUP ****
 *****************************************



 Character Table
 --------------------------
 C2v   E   C2z  s(xz) s(yz)
 --------------------------
 A1    1.   1.   1.   1.
 A2    1.   1.  -1.  -1.
 B1    1.  -1.   1.  -1.
 B2    1.  -1.  -1.   1.
 --------------------------


 Translations, Rotations and
 Vibrations in each irreductive
 representation
------------------------------
 C2v     Trans  Rot   Vib   Tot
------------------------------
 A1       1     0     3     4
 A2       0     1     0     1
 B1       1     1     1     3
 B2       1     1     2     4
------------------------------
 Sum      3     3     6    12
------------------------------


 CARTESIAN COORDINATES 
 --------------------- 

  1  O     x     0.000000
  2        y     0.000000
  3        z     0.679927

  4  C     x     0.000000
  5        y     0.000000
  6        z    -0.492216

  7  F     x     0.000000
  8        y    -1.058878
  9        z    -1.264305

 10  F     x     0.000000
 11        y     1.058878
 12        z    -1.264305


 SYMMETRY COORDINATES 
 -------------------- 

                                1 O                           2 C 
                        X         Y         Z         X         Y         Z
                        1         2         3         4         5         6
         A1    1   0.000000  0.000000  1.000000  0.000000  0.000000  0.000000
         A1    2   0.000000  0.000000  0.000000  0.000000  0.000000  1.000000
         A1    3   0.000000  0.000000  0.000000  0.000000  0.000000  0.000000
         A1    4   0.000000  0.000000  0.000000  0.000000  0.000000  0.000000

         A2    5   0.000000  0.000000  0.000000  0.000000  0.000000  0.000000

         B1    6   1.000000 -0.000000  0.000000  0.000000  0.000000  0.000000
         B1    7   0.000000  0.000000  0.000000  1.000000 -0.000000  0.000000
         B1    8   0.000000  0.000000  0.000000  0.000000  0.000000  0.000000

         B2    9   0.000000  1.000000  0.000000  0.000000  0.000000  0.000000
         B2   10   0.000000  0.000000  0.000000  0.000000  1.000000  0.000000
         B2   11   0.000000  0.000000  0.000000  0.000000  0.000000  0.000000
         B2   12   0.000000  0.000000  0.000000  0.000000  0.000000  0.000000

                                3 F                           4 F 
                        X         Y         Z         X         Y         Z
                        7         8         9        10        11        12
         A1    1   0.000000  0.000000  0.000000  0.000000  0.000000  0.000000
         A1    2   0.000000  0.000000  0.000000  0.000000  0.000000  0.000000
         A1    3   0.000000  0.707107  0.000000 -0.000000 -0.707107  0.000000
         A1    4   0.000000  0.000000  0.707107  0.000000  0.000000  0.707107

         A2    5   0.707107  0.000000  0.000000 -0.707107  0.000000  0.000000

         B1    6   0.000000  0.000000  0.000000  0.000000  0.000000  0.000000
         B1    7   0.000000  0.000000  0.000000  0.000000  0.000000  0.000000
         B1    8   0.707107  0.000000  0.000000  0.707107 -0.000000  0.000000

         B2    9   0.000000  0.000000  0.000000  0.000000  0.000000  0.000000
         B2   10   0.000000  0.000000  0.000000  0.000000  0.000000  0.000000
         B2   11   0.000000  0.707107  0.000000  0.000000  0.707107  0.000000
         B2   12   0.000000  0.000000  0.707107  0.000000  0.000000 -0.707107


 -------------------------------------------------- 
 BLOCK-DIAGONALIZED ENERGY HESSIAN (hartree/bohr^2) 
 -------------------------------------------------- 

  A1  BLOCK
  ---------

               1         2         3         4
   1     1.01037  -0.87976  -0.05614  -0.09239
   2    -0.87976   1.22176  -0.16265  -0.24180
   3    -0.05614  -0.16265   0.43632   0.15468
   4    -0.09239  -0.24180   0.15468   0.23629


  A2  BLOCK
  ---------

               1
   1     0.00006


  B1  BLOCK
  ---------

               1         2         3
   1     0.03656  -0.09220   0.03934
   2    -0.09220   0.23233  -0.09907
   3     0.03934  -0.09907   0.04223


  B2  BLOCK
  ---------

               1         2         3         4
   1     0.10813  -0.10214  -0.00423  -0.08783
   2    -0.10214   0.58141  -0.33889  -0.16711
   3    -0.00423  -0.33889   0.24261   0.18023
   4    -0.08783  -0.16711   0.18023   0.20017



 -------------
 @ POINT GROUP : C2v 
 ---------------------------
 IRREP   #   VIB FREQ / cm-1
 ---------------------------
 A1      1       1990.86 
 A1      2        991.97 
 A1      3        589.58 

 B1      4        794.23 

 B2      5       1295.51 
 B2      6        629.67 
 ---------------------------


 @  VIBRATIONAL FREQUENCIES  ( in cm-1 )               
    NORMAL COORDINATES       ( in bohr*sqrt(amu) ) and 
    REDUCED MASSES           ( in amu )                


 ----------------------------------------------------------------
 MODE #                 1         2         3         4         5
 VIB FREQ         1990.86   1295.51    991.97    794.23    629.67 

 REDMASS          13.1621   13.2208   17.2671   12.7422   16.9945

 ----------------------------------------------------------------
         X   1  -0.000002  0.000000 -0.000008 -0.077403 -0.000000
   1 O   Y   2  -0.000001 -0.022088 -0.000003 -0.000000  0.161580
         Z   3  -0.145839  0.000000  0.131391 -0.000004 -0.000003

         X   4   0.000004 -0.000000  0.000019  0.259970  0.000000
   2 C   Y   5   0.000000  0.249470 -0.000000  0.000000 -0.075126
         Z   6   0.232877 -0.000000  0.083176 -0.000009 -0.000001

         X   7  -0.000003 -0.000002 -0.000006 -0.049515  0.000001
   3 F   Y   8  -0.009478 -0.069486 -0.101052  0.000013 -0.044282
         Z   9  -0.012151 -0.040367 -0.081573  0.000005 -0.107632

         X  10  -0.000003  0.000002 -0.000006 -0.049515 -0.000001
   4 F   Y  11   0.009478 -0.069486  0.101053 -0.000013 -0.044269
         Z  12  -0.012151  0.040366 -0.081575  0.000005  0.107635
 ----------------------------------------------------------------

 ----------------------------------------------------------------
 MODE #                 6         7         8         9        10
 VIB FREQ          589.58      8.88      2.39      0.86      1.63i

 REDMASS          17.6610   18.9983   17.0548   16.2271   16.4980

 ----------------------------------------------------------------
         X   1  -0.000002  0.000002 -0.009739  0.143060 -0.000211
   1 O   Y   2  -0.000005 -0.000143  0.083564  0.006328 -0.000735
         Z   3  -0.093982 -0.000001  0.001399  0.000277  0.123096

         X   4   0.000011  0.000005 -0.009102  0.124623 -0.000175
   2 C   Y   5   0.000004 -0.000825  0.114722  0.008474 -0.001259
         Z   6  -0.083846 -0.000001  0.001399  0.000280  0.123090

         X   7   0.000001 -0.162214 -0.010061  0.112408 -0.000136
   3 F   Y   8  -0.126554 -0.001267  0.135223  0.009887 -0.001595
         Z   9   0.066059  0.000610 -0.026708 -0.001663  0.123562

         X  10   0.000002  0.162228 -0.007306  0.112595 -0.000167
   4 F   Y  11   0.126558 -0.001267  0.135223  0.009885 -0.001613
         Z  12   0.066049 -0.000612  0.029504  0.002208  0.122616
 ----------------------------------------------------------------

 ----------------------------------
 MODE #                11        12
 VIB FREQ            8.84i     8.89i
 REDMASS          17.2323   17.1339
 ----------------------------------
         X   1   0.019534  0.188643
   1 O   Y   2  -0.169146  0.017029
         Z   3   0.000164 -0.000017

         X   4   0.001330  0.011553
   2 C   Y   5  -0.046905  0.004352
         Z   6   0.000163 -0.000018

         X   7  -0.011189 -0.104922
   3 F   Y   8   0.033560 -0.003994
         Z   9  -0.110189  0.011429

         X  10  -0.010109 -0.105038
   4 F   Y  11   0.033560 -0.003992
         Z  12   0.110522 -0.011459
 ----------------------------------

 -------------------------------------------
 ----  CARTESIAN CHARGE TENSORS (a.u.)  ----
 -------------------------------------------


@       ATOMIC POLAR TENSOR FOR ATOM  O   1

              dX          dY          dZ

  d PX  -0.21819800  0.00000000  0.00000000
  d PY   0.00000000 -0.21819800  0.00000000
  d PZ   0.00000000  0.00000000 -0.21819800


@       ATOMIC POLAR TENSOR FOR ATOM  C   2

              dX          dY          dZ

  d PX   0.36125000  0.00000000  0.00000000
  d PY   0.00000000  0.36125000  0.00000000
  d PZ   0.00000000  0.00000000  0.36125000


@       ATOMIC POLAR TENSOR FOR ATOM  F   3

              dX          dY          dZ

  d PX  -0.07152600  0.00000000  0.00000000
  d PY   0.00000000 -0.07152600  0.00000000
  d PZ   0.00000000  0.00000000 -0.07152600


@       ATOMIC POLAR TENSOR FOR ATOM  F   4

              dX          dY          dZ

  d PX  -0.07152600  0.00000000  0.00000000
  d PY   0.00000000 -0.07152600  0.00000000
  d PZ   0.00000000  0.00000000 -0.07152600



 @ 
 @ GAPT Atomic Charges from => ATOMIC CHARGE TENSORS <=                       
 @ 
 @ J. Cioslowski, J. Am. Chem. Soc., 111(22), 8333-8336, 1989
 @ 

 -------------------------
 Atom  #     Charge / a.u.
 -------------------------
 O     1         -0.218198
 C     2          0.361250
 F     3         -0.071526
 F     4         -0.071526
 -------------------------
 Total Charge :   0.000000
 -------------------------


 ----------------------------------------------------
 ----  CARTESIAN CHARGE TRANSFER TENSORS (a.u.)  ----
 ----------------------------------------------------


@       ATOMIC POLAR TENSOR FOR ATOM  O   1

              dX          dY          dZ

  d PX   0.00000000  0.00000000  0.00000000
  d PY   0.00000000 -0.18308001  0.00000000
  d PZ   0.00000000  0.00000000 -0.50985103


@       ATOMIC POLAR TENSOR FOR ATOM  C   2

              dX          dY          dZ

  d PX   0.00000000  0.00000000  0.00000000
  d PY   0.00000000  1.29193705  0.00000000
  d PZ   0.00000000  0.00000000  1.39402712


@       ATOMIC POLAR TENSOR FOR ATOM  F   3

              dX          dY          dZ

  d PX   0.00000000  0.00000000  0.00000000
  d PY   0.00000000 -0.55442852 -0.30294500
  d PZ   0.00000000 -0.36395782 -0.44202014


@       ATOMIC POLAR TENSOR FOR ATOM  F   4

              dX          dY          dZ

  d PX   0.00000000  0.00000000  0.00000000
  d PY   0.00000000 -0.55442852  0.30294500
  d PZ   0.00000000  0.36395782 -0.44202014



 @ 
 @ GAPT Atomic Charges from => ATOMIC CHARGE TRANSFER TENSORS <=              
 @ 
 @ J. Cioslowski, J. Am. Chem. Soc., 111(22), 8333-8336, 1989
 @ 

 -------------------------
 Atom  #     Charge / a.u.
 -------------------------
 O     1         -0.230977
 C     2          0.895321
 F     3         -0.332150
 F     4         -0.332150
 -------------------------
 Total Charge :   0.000045
 -------------------------


 --------------------------------------------------------
 ----  CARTESIAN DIPOLE POLARIZATION TENSORS (a.u.)  ----
 --------------------------------------------------------


@       ATOMIC POLAR TENSOR FOR ATOM  O   1

              dX          dY          dZ

  d PX  -0.13229430  0.00000000  0.00000000
  d PY   0.00000000 -0.12223994  0.00000000
  d PZ   0.00000000  0.00000000 -0.25146501


@       ATOMIC POLAR TENSOR FOR ATOM  C   2

              dX          dY          dZ

  d PX   0.24262775  0.00000000  0.00000000
  d PY   0.00000000  0.36830734  0.00000000
  d PZ   0.00000000  0.00000000  0.49808805


@       ATOMIC POLAR TENSOR FOR ATOM  F   3

              dX          dY          dZ

  d PX  -0.05519318  0.00000000  0.00000000
  d PY   0.00000000 -0.12298078 -0.05498151
  d PZ   0.00000000 -0.04767887 -0.12329829


@       ATOMIC POLAR TENSOR FOR ATOM  F   4

              dX          dY          dZ

  d PX  -0.05519318  0.00000000  0.00000000
  d PY   0.00000000 -0.12298078  0.05498151
  d PZ   0.00000000  0.04767887 -0.12329829



 @ 
 @ GAPT Atomic Charges from => ATOMIC DIPOLE POLARIZATION TENSORS <=          
 @ 
 @ J. Cioslowski, J. Am. Chem. Soc., 111(22), 8333-8336, 1989
 @ 

 -------------------------
 Atom  #     Charge / a.u.
 -------------------------
 O     1         -0.168666
 C     2          0.369674
 F     3         -0.100491
 F     4         -0.100491
 -------------------------
 Total Charge :   0.000026
 -------------------------


 ---------------------------------------------------
 ----  CARTESIAN MOLECULAR POLAR TENSOR (a.u.)  ----
 ---------------------------------------------------


@       ATOMIC POLAR TENSOR FOR ATOM  O   1

              dX          dY          dZ

  d PX  -0.35049230  0.00000000  0.00000000
  d PY   0.00000000 -0.52351794  0.00000000
  d PZ   0.00000000  0.00000000 -0.97951404


@       ATOMIC POLAR TENSOR FOR ATOM  C   2

              dX          dY          dZ

  d PX   0.60387775  0.00000000  0.00000000
  d PY   0.00000000  2.02149438  0.00000000
  d PZ   0.00000000  0.00000000  2.25336517


@       ATOMIC POLAR TENSOR FOR ATOM  F   3

              dX          dY          dZ

  d PX  -0.12671918  0.00000000  0.00000000
  d PY   0.00000000 -0.74893530 -0.35792651
  d PZ   0.00000000 -0.41163669 -0.63684443


@       ATOMIC POLAR TENSOR FOR ATOM  F   4

              dX          dY          dZ

  d PX  -0.12671918  0.00000000  0.00000000
  d PY   0.00000000 -0.74893530  0.35792651
  d PZ   0.00000000  0.41163669 -0.63684443



 @ 
 @ GAPT Atomic Charges from => TOTAL (C+CF+DF) ATOMIC POLAR TENSOR <=         
 @ 
 @ J. Cioslowski, J. Am. Chem. Soc., 111(22), 8333-8336, 1989
 @ 

 -------------------------
 Atom  #     Charge / a.u.
 -------------------------
 O     1         -0.617841
 C     2          1.626246
 F     3         -0.504166
 F     4         -0.504166
 -------------------------
 Total Charge :   0.000072
 -------------------------




 ************************************
 *   OUTPUT FROM PROGRAM INFRAINT   *
 ************************************

 -----------------------------------------------------------------------------------
 ATOMIC CONTRIBUTIONS TO THE IR INTENSITIES

 Ax = K.( \sum_b{ (dPx^a/dxb).(dxb/dQj) +
                  (dPx^a/dyb).(dyb/dQj) +
                  (dPx^a/dzb).(dzb/dQj) } ).(dPx/dQj)

 Ay = K.( \sum_b{ (dPy^a/dxb).(dxb/dQj) +
                  (dPy^a/dyb).(dyb/dQj) +
                  (dPy^a/dzb).(dzb/dQj) } ).(dPy/dQj)

 Az = K.( \sum_b{ (dPz^a/dxb).(dxb/dQj) +
                  (dPz^a/dyb).(dyb/dQj) +
                  (dPz^a/dzb).(dzb/dQj) } ).(dPz/dQj)

  K = 974.864 km.amu / (mol.e^2)

 Px^a = x-component of the atomic dipole moment of atom a
 Py^a = y-component of the atomic dipole moment of atom a
 Pz^a = z-component of the atomic dipole moment of atom a

 xb = x-coordinate of atom b
 yb = y-coordinate of atom b
 zb = z-coordinate of atom b
 -----------------------------------------------------------------------------------

 -------------------------------------------------------------------------------------------------------------
 MODE # 1 ( 1990.86 cm-1)
 -------------------------------------------------------------------------------------------------------------

  ATOM         Ax          Ay          Az      (Ax + Ay + Az)
 O    1       -0.00        0.00       56.84        56.84
 C    2        0.00        0.00       75.43        75.43
 F    3        0.00        0.00      166.53       166.53
 F    4        0.00       -0.00      166.53       166.53

 ----------------------------------------------
  ATOM        C         CT        DP      TOTAL
 O    1     21.43      0.00     35.41     56.84
 C    2     56.66    -27.85     46.62     75.43
 F    3      0.59    154.23     11.71    166.53
 F    4      0.59    154.23     11.71    166.53
 -------------------------------------------------------------------------------------------------------------
 Total intensity =  465.33 km/mol
 -------------------------------------------------------------------------------------------------------------

 -------------------------------------------------------------------------------------------------------------
 MODE # 2 ( 1295.51 cm-1)
 -------------------------------------------------------------------------------------------------------------

  ATOM         Ax          Ay          Az      (Ax + Ay + Az)
 O    1       -0.00       -4.43        0.00        -4.43
 C    2        0.00      104.72        0.00       104.72
 F    3       -0.00      155.06       -0.00       155.06
 F    4        0.00      155.06        0.00       155.06

 ----------------------------------------------
  ATOM        C         CT        DP      TOTAL
 O    1      3.05      0.00     -7.48     -4.43
 C    2     57.00      0.00     47.72    104.72
 F    3      3.14    135.31     16.60    155.06
 F    4      3.14    135.32     16.60    155.06
 -------------------------------------------------------------------------------------------------------------
 Total intensity =  410.41 km/mol
 -------------------------------------------------------------------------------------------------------------

 -------------------------------------------------------------------------------------------------------------
 MODE # 3 (  991.97 cm-1)
 -------------------------------------------------------------------------------------------------------------

  ATOM         Ax          Ay          Az      (Ax + Ay + Az)
 O    1       -0.00        0.00       -0.48        -0.48
 C    2        0.00        0.00        1.31         1.31
 F    3       -0.00        0.00       29.04        29.04
 F    4       -0.00       -0.00       29.04        29.04

 ----------------------------------------------
  ATOM        C         CT        DP      TOTAL
 O    1     -6.87      0.00      6.39     -0.48
 C    2      7.20     -9.83      3.94      1.31
 F    3      1.40     28.24     -0.60     29.04
 F    4      1.40     28.24     -0.60     29.04
 -------------------------------------------------------------------------------------------------------------
 Total intensity =   58.91 km/mol
 -------------------------------------------------------------------------------------------------------------

 -------------------------------------------------------------------------------------------------------------
 MODE # 4 (  794.23 cm-1)
 -------------------------------------------------------------------------------------------------------------

  ATOM         Ax          Ay          Az      (Ax + Ay + Az)
 O    1       -1.93        0.00        0.00        -1.93
 C    2       41.63        0.00        0.00        41.63
 F    3       -1.00       -0.00        0.00        -1.00
 F    4       -1.00        0.00        0.00        -1.00

 ----------------------------------------------
  ATOM        C         CT        DP      TOTAL
 O    1      3.24      0.00     -5.17     -1.93
 C    2     18.01     -0.00     23.62     41.63
 F    3      0.68      0.00     -1.68     -1.00
 F    4      0.68      0.00     -1.68     -1.00
 -------------------------------------------------------------------------------------------------------------
 Total intensity =   37.71 km/mol
 -------------------------------------------------------------------------------------------------------------

 -------------------------------------------------------------------------------------------------------------
 MODE # 5 (  629.67 cm-1)
 -------------------------------------------------------------------------------------------------------------

  ATOM         Ax          Ay          Az      (Ax + Ay + Az)
 O    1        0.00        1.55        0.00         1.55
 C    2        0.00        6.56       -0.00         6.56
 F    3       -0.00        0.17       -0.00         0.17
 F    4        0.00        0.17        0.00         0.17

 ----------------------------------------------
  ATOM        C         CT        DP      TOTAL
 O    1      3.20      0.00     -1.65      1.55
 C    2      2.46     -0.00      4.10      6.56
 F    3     -0.29      0.56     -0.10      0.17
 F    4     -0.29      0.56     -0.10      0.17
 -------------------------------------------------------------------------------------------------------------
 Total intensity =    8.45 km/mol
 -------------------------------------------------------------------------------------------------------------

 -------------------------------------------------------------------------------------------------------------
 MODE # 6 (  589.58 cm-1)
 -------------------------------------------------------------------------------------------------------------

  ATOM         Ax          Ay          Az      (Ax + Ay + Az)
 O    1       -0.00        0.00       -1.24        -1.24
 C    2        0.00        0.00        4.07         4.07
 F    3       -0.00       -0.00        1.47         1.47
 F    4       -0.00        0.00        1.47         1.47

 ----------------------------------------------
  ATOM        C         CT        DP      TOTAL
 O    1     -1.54      0.00      0.29     -1.24
 C    2      2.27     -0.26      2.06      4.07
 F    3      0.35      1.45     -0.34      1.47
 F    4      0.35      1.45     -0.34      1.47
 -------------------------------------------------------------------------------------------------------------
 Total intensity =    5.75 km/mol
 -------------------------------------------------------------------------------------------------------------

 -----------------------------------------------------------------------------------
 DYNAMIC CONTRIBUTIONS TO THE IR INTENSITIES

 Ax = K.( (dPx/dxa).(dxa/dQj) +
          (dPx/dya).(dya/dQj) +
          (dPx/dza).(dza/dQj) ).(dPx/dQj)

 Ay = K.( (dPy/dxa).(dxa/dQj) +
          (dPy/dya).(dya/dQj) +
          (dPy/dza).(dza/dQj) ).(dPy/dQj)

 Az = K.( (dPz/dxa).(dxa/dQj) +
          (dPz/dya).(dya/dQj) +
          (dPz/dza).(dza/dQj) ).(dPz/dQj)

  K = 974.864 km.amu / (mol.e^2)

 Px = x-component of the molecular dipole moment
 Py = y-component of the molecular dipole moment
 Pz = z-component of the molecular dipole moment

 xa = x-coordinate of atom a
 ya = y-coordinate of atom a
 za = z-coordinate of atom a
 -----------------------------------------------------------------------------------

 -------------------------------------------------------------------------------------------------------------
 MODE # 1 ( 1990.86 cm-1)
 -------------------------------------------------------------------------------------------------------------

  ATOM         Ax          Ay          Az      (Ax + Ay + Az)
 O    1        0.00        0.00       96.21        96.21
 C    2        0.00        0.00      353.43       353.43
 F    3        0.00        0.00        7.84         7.84
 F    4        0.00       -0.00        7.84         7.84

 ----------------------------------------------
  ATOM        C         CT        DP      TOTAL
 O    1     21.43     50.08     24.70     96.21
 C    2     56.66    218.65     78.12    353.43
 F    3      0.59      5.94      1.31      7.84
 F    4      0.59      5.94      1.31      7.84
 -------------------------------------------------------------------------------------------------------------
 Total intensity =  465.33 km/mol
 -------------------------------------------------------------------------------------------------------------

 -------------------------------------------------------------------------------------------------------------
 MODE # 2 ( 1295.51 cm-1)
 -------------------------------------------------------------------------------------------------------------

  ATOM         Ax          Ay          Az      (Ax + Ay + Az)
 O    1        0.00        7.31        0.00         7.31
 C    2        0.00      318.99        0.00       318.99
 F    3       -0.00       42.06       -0.00        42.06
 F    4        0.00       42.06        0.00        42.06

 ----------------------------------------------
  ATOM        C         CT        DP      TOTAL
 O    1      3.05      2.56      1.71      7.31
 C    2     57.00    203.87     58.12    318.99
 F    3      3.14     32.10      6.81     42.06
 F    4      3.14     32.10      6.81     42.06
 -------------------------------------------------------------------------------------------------------------
 Total intensity =  410.41 km/mol
 -------------------------------------------------------------------------------------------------------------

 -------------------------------------------------------------------------------------------------------------
 MODE # 3 (  991.97 cm-1)
 -------------------------------------------------------------------------------------------------------------

  ATOM         Ax          Ay          Az      (Ax + Ay + Az)
 O    1        0.00        0.00      -30.84       -30.84
 C    2        0.00       -0.00       44.92        44.92
 F    3        0.00        0.00       22.42        22.42
 F    4        0.00       -0.00       22.42        22.42

 ----------------------------------------------
  ATOM        C         CT        DP      TOTAL
 O    1     -6.87    -16.05     -7.92    -30.84
 C    2      7.20     27.79      9.93     44.92
 F    3      1.40     17.45      3.56     22.42
 F    4      1.40     17.45      3.56     22.42
 -------------------------------------------------------------------------------------------------------------
 Total intensity =   58.91 km/mol
 -------------------------------------------------------------------------------------------------------------

 -------------------------------------------------------------------------------------------------------------
 MODE # 4 (  794.23 cm-1)
 -------------------------------------------------------------------------------------------------------------

  ATOM         Ax          Ay          Az      (Ax + Ay + Az)
 O    1        5.20        0.00       -0.00         5.20
 C    2       30.10        0.00        0.00        30.10
 F    3        1.20       -0.00        0.00         1.20
 F    4        1.20        0.00        0.00         1.20

 ----------------------------------------------
  ATOM        C         CT        DP      TOTAL
 O    1      3.24     -0.00      1.96      5.20
 C    2     18.01      0.00     12.09     30.10
 F    3      0.68      0.00      0.52      1.20
 F    4      0.68      0.00      0.52      1.20
 -------------------------------------------------------------------------------------------------------------
 Total intensity =   37.71 km/mol
 -------------------------------------------------------------------------------------------------------------

 -------------------------------------------------------------------------------------------------------------
 MODE # 5 (  629.67 cm-1)
 -------------------------------------------------------------------------------------------------------------

  ATOM         Ax          Ay          Az      (Ax + Ay + Az)
 O    1        0.00        7.68        0.00         7.68
 C    2        0.00       13.78       -0.00        13.78
 F    3       -0.00       -6.51        0.00        -6.51
 F    4        0.00       -6.50       -0.00        -6.51

 ----------------------------------------------
  ATOM        C         CT        DP      TOTAL
 O    1      3.20      2.68      1.79      7.68
 C    2      2.46      8.81      2.51     13.78
 F    3     -0.29     -5.19     -1.03     -6.51
 F    4     -0.29     -5.19     -1.03     -6.51
 -------------------------------------------------------------------------------------------------------------
 Total intensity =    8.45 km/mol
 -------------------------------------------------------------------------------------------------------------

 -------------------------------------------------------------------------------------------------------------
 MODE # 6 (  589.58 cm-1)
 -------------------------------------------------------------------------------------------------------------

  ATOM         Ax          Ay          Az      (Ax + Ay + Az)
 O    1        0.00        0.00       -6.89        -6.89
 C    2        0.00        0.00       14.15        14.15
 F    3       -0.00        0.00       -0.75        -0.75
 F    4       -0.00       -0.00       -0.75        -0.75

 ----------------------------------------------
  ATOM        C         CT        DP      TOTAL
 O    1     -1.54     -3.59     -1.77     -6.89
 C    2      2.27      8.75      3.13     14.15
 F    3      0.35     -1.26      0.16     -0.75
 F    4      0.35     -1.26      0.16     -0.75
 -------------------------------------------------------------------------------------------------------------
 Total intensity =    5.75 km/mol
 -------------------------------------------------------------------------------------------------------------



********************************************************************************
 THEORY LEVEL OF THE DIPOLE MOMENT: QCISD                          
********************************************************************************



          Dipole Moment / a.u. (Atomic Contrib.)
          --------------------------------------
          Charge        Dipole        Total
          --------------------------------------
     X    0.00000000    0.00000000    0.00000000
     Y    0.00000000    0.00000000    0.00000000
     Z   -0.27459683   -0.13195600   -0.40655283

  Norm    0.27459683    0.13195600    0.40655283
          --------------------------------------



          Dipole Moment / Debye (Atomic Contrib.)
          --------------------------------------
          Charge        Dipole        Total
          --------------------------------------
     X    0.00000000    0.00000000    0.00000000
     Y    0.00000000    0.00000000    0.00000000
     Z   -0.69796198   -0.33540180   -1.03336378

  Norm    0.69796198    0.33540180    1.03336378
          --------------------------------------




 ------------------------------------------------------- 
 MOLECULAR CHARGE TENSOR IN THE NORMAL COORDINATES BASIS 
 units = e / sqrt(amu)                                      
 ------------------------------------------------------- 

         d Q  1      d Q  2      d Q  3      d Q  4      d Q  5
  d PX   0.00000237 -0.00000001  0.00000954  0.11788661  0.00000003
  d PY   0.00000035  0.10488070  0.00000059  0.00000002 -0.05606193
  d PZ   0.11768680 -0.00000008  0.01304752 -0.00000285 -0.00000015
  Norm   0.11768680  0.10488070  0.01304752  0.11788661  0.05606193


         d Q  6
  d PX   0.00000434
  d PY   0.00000216
  d PZ  -0.01923203
  Norm   0.01923203



 ----------------------------------------------------------- 
 MOLECULAR CHARGE TRANSFER TENSOR IN THE NORMAL COORD. BASIS 
 units = e / sqrt(amu)                                      
 ----------------------------------------------------------- 

         d Q  1      d Q  2      d Q  3      d Q  4      d Q  5
  d PX   0.00000000  0.00000000  0.00000000  0.00000000  0.00000000
  d PY   0.00000040  0.42785086 -0.00000042  0.00000004 -0.01233083
  d PZ   0.41663415 -0.00000008  0.19463260 -0.00002333  0.00000243
  Norm   0.41663415  0.42785086  0.19463260  0.00002333  0.01233083


         d Q  6
  d PX   0.00000000
  d PY   0.00000060
  d PZ  -0.03523933
  Norm   0.03523933



 ----------------------------------------------------------- 
 MOLECULAR DIPOLE POLARIZ. TENSOR IN THE NORMAL COORD. BASIS 
 units = e / sqrt(amu)                                      
 ----------------------------------------------------------- 

         d Q  1      d Q  2      d Q  3      d Q  4      d Q  5
  d PX   0.00000160 -0.00000001  0.00000639  0.07878172  0.00000002
  d PY   0.00000022  0.11611133  0.00000017  0.00000002 -0.02469517
  d PZ   0.15656683 -0.00000007  0.03814090 -0.00000560  0.00000016
  Norm   0.15656683  0.11611133  0.03814090  0.07878172  0.02469517


         d Q  6
  d PX   0.00000286
  d PY   0.00000096
  d PZ  -0.02235030
  Norm   0.02235030



 ------------------------------------------------------ 
 MOLECULAR POLAR TENSOR IN THE NORMAL COORDINATES BASIS 
 units = e / sqrt(amu)                                      
 ------------------------------------------------------ 

         d Q  1      d Q  2      d Q  3      d Q  4      d Q  5
  d PX   0.00000398 -0.00000001  0.00001593  0.19666832  0.00000005
  d PY   0.00000097  0.64884290  0.00000034  0.00000007 -0.09308793
  d PZ   0.69088779 -0.00000023  0.24582101 -0.00003177  0.00000244
  Norm   0.69088779  0.64884290  0.24582101  0.19666833  0.09308793


         d Q  6
  d PX   0.00000720
  d PY   0.00000372
  d PZ  -0.07682167
  Norm   0.07682167



   Vibrational Frequencies and IR Intensities
   ------------------------------------------

  ============================================================
  mode    frequency          IR intensity      Boltzmann(298K)
  ============================================================
       cm-1    hartrees     km/mol  (D/A)**2/amu
  ------------------------------------------------------------
   1  1990.86   0.009071     465.328   11.0125    0.999932756
   2  1295.51   0.005903     410.415    9.7129    0.998072823
   3   991.97   0.004520      58.909    1.3941    0.991661647
   4   794.23   0.003619      37.706    0.8924    0.978348962
   5   629.67   0.002869       8.448    0.1999    0.952097682
   6   589.58   0.002686       5.753    0.1362    0.941873323
  -----------------------------------------------------------


 ===============================================================================
 IRREP    #   g_k  VIB FREQ      IR Intensities       Boltzmann  Dipole Operator
 ===============================================================================
                     cm-1       km/mol  (D/A)**2/amu     298K     mu_x mu_y mu_z
  ------------------------------------------------------------------------------
  A1      1    1    1990.86    465.328    11.0125     0.9999328    ia   ia    a
  A1      2    1     991.97     58.909     1.3941     0.9916616    ia   ia    a
  A1      3    1     589.58      5.753     0.1362     0.9418733    ia   ia    a
  B1      4    1     794.23     37.706     0.8924     0.9783490     a   ia   ia
  B2      5    1    1295.51    410.415     9.7129     0.9980728    ia    a   ia
  B2      6    1     629.67      8.448     0.1999     0.9520977    ia    a   ia
  ------------------------------------------------------------------------------




      Host name     : trapista                                
      Date and time : Thu Sep 15 09:44:49 2022



      **************************************
      ****  END OF PLACZEK CALCULATION  ****
      **************************************


