

 **************************************
 *                                    *
 *    OUTPUT FROM PROGRAM PLACZEK     *
 *                                    *
 **************************************
                                                             
 *  A Program Designed to Compute Infrared and Raman Spectra 
 *                                                           
 *  Written by Luciano N. Vidal                              
 *  Universidade Tecnologica Federal do Parana, Brazil       
 *                                                           
 *  If results obtained with this code are published,        
 *  an appropriate citation would be:                        
 *                                                           
 ** For Raman Properties:                                    
 *                                                           
 *  Vidal, L.N., P.A.M. Vazquez; Quim. Nova, 26(4), (2003), 507-511
 *  Vidal, L.N., P.A.M. Vazquez; Int. J. Quant. Chem., 103(5), (2005), 632-648
 *                                                           
 ** For Infrared Properties:                                 
 *                                                           
 *  Faria, S.H.D.M., da Silva Jr., J.V., Haiduke, R.L.A., Vidal, L.N.,
 *  Vazquez, P.A.M., Bruns, R.E.; J. Phys. Chem. A, 111, (2007), 7870-7875
 *                                                           
 *  NOTE:                                                    
 *                                                           
 *  This is an experimental code. The author accept no responsibility for the
 *  performance of the code or for the correctness of the results. Report
 *  bugs to lnvidal@utfpr.edu.br                          
 *                                                           
 ********************************
 * Release date: September.2020 *
 ********************************

       RUNCTRL OPTIONS
       ===============

       REMOTE   = F
       RESTART  = F
       FRIEND   = GAUSSIAN            

       USE SYMMETRY  = F


       VIBANA OPTIONS
       ==============

       HF    = F
       MP2   = F
       CCS   = F
       CC2   = F
       CCSD  = F
       QCISD = F
       DHF   = F
       DFT   = F

       DALHESS    = F
       GAMHESS    = F
       GAUSHES    = T
       C4HESS     = F
       GRADHESS   = F

       RUN        = F


       INFRARED OPTIONS
       ================


       HF    = F
       MP2   = F
       CCS   = F
       CC2   = F
       CCSD  = F
       QCISD = T
       DHF   = F
       DFT   = F


       RUN  = F

       ANGSTROM = T


       OVERTONES = F

       EXPENSIVE DERIVATIVES = F

 * CCTDP ANALYSIS USING HIRSHFELD ATOMIC CHARGES AND DIPOLES


 *************************************
 **** OUTPUT FROM PROGRAM ROTOANA ****
 *************************************

 ------------------------------------------------------
 - ROTATIONAL ANALYSIS WAS DONE USING FRIEND.INP FILE -
 ------------------------------------------------------
                             x            y            z
 * Center of Mass (in A):    0.000000     0.000000     0.077009

 Inertia Tensor (in u*A^2)
 ------------------------- 
                   x              y              z
  x        14.770035       0.000000       0.000000
  y         0.000000      13.001815       0.000000
  z         0.000000       0.000000       1.768220

 Principal Moments and Principal Axes of Inertia
 -----------------------------------------------
                                 x       y       z
 IA  =      1.768220  u*A^2    ( 0.0000  0.0000  1.0000 )
 IB  =     13.001815  u*A^2    ( 0.0000  1.0000  0.0000 )
 IC  =     14.770035  u*A^2    ( 1.0000  0.0000  0.0000 )

 Principal Cartesian Coordinates 
 ------------------------------- 
       x                    y                    z
O      0.000000000000000    0.000000000000000    1.138074097404118
C      0.000000000000000    0.000000000000000   -1.141243646756927
H      0.000000000000000    1.769943954199932   -2.236734894747335
H      0.000000000000000   -1.769943954199932   -2.236734894747335

 * Molecule Recognized as Non-Linear

 Rotational Constants
 --------------------
 A =       285812.29 MHz     (        9.533672 cm-1)
 B =        38869.89 MHz     (        1.296560 cm-1)
 C =        34216.52 MHz     (        1.141340 cm-1)
 * The molecule is an Asymmetric Top
 * The molecule is Planar

 Atom  Z   Isotopic Mass   Abundance        x             y             z
 O     8.      15.994915    99.762 %        0.000000      0.000000      0.679252
 C     6.      12.000000    98.900 %        0.000000      0.000000     -0.526911
 H     1.       1.007825    99.985 %        0.000000      0.936614     -1.106620
 H     1.       1.007825    99.985 %        0.000000     -0.936614     -1.106620

 Total mass:          30.010565 amu
 Natural abundance:   98.635 %


 **************************************
 **** OUTPUT FROM PROGRAM SYMMETRY ****
 **************************************

 * Threshold to consider two distances equal (angstrom) : 5.00D-03

 * Threshold to consider two inertia moments equal : 1.00D-01


 * The following coordinates were used to locate the point group : 
   (center of mass in the origin)

   #  Atom  Z   Isotopic Mass        x             y             z
   1    O   8.      15.994915        0.000000      0.000000      0.602243
   2    C   6.      12.000000        0.000000      0.000000     -0.603920
   3    H   1.       1.007825        0.000000      0.936614     -1.183629
   4    H   1.       1.007825        0.000000     -0.936614     -1.183629

 Interatomic distances (in A) 
 ---------------------------- 
            1 O      2 C      3 H      4 H 
   1 O    0.0000   1.2062   2.0166   2.0166
   2 C    1.2062   0.0000   1.1015   1.1015
   3 H    2.0166   1.1015   0.0000   1.8732
   4 H    2.0166   1.1015   1.8732   0.0000


 Symmetrically Equivalent Atoms (SEA): 
 -------------------------------------   
 Set | # Atoms | SEA 
   1 |     1   |    1

   2 |     1   |    2

   3 |     2   |    3   4


 * The number of C_n^k axes found is :  1
   ---------------------------------
 Cn-Axis   n   k   theta         Direction (x y z)
    1      2   1     180    0.00000   0.00000  -1.00000

 * The number of reflexion planes found is :  2
   ---------------------------------------
 Plane    Normal vector (x y z)
   1      0.00000   1.00000   0.00000
   2      1.00000   0.00000   0.00000

 --------------------
 * Point group found: C2v 
 --------------------

 * Order of the group:    4

 * The number of atoms is:    4

 ************************************
 **** OUTPUT FROM PROGRAM VIBANA ****
 ************************************


 @ MOLECULAR HESSIAN READ FROM GAUSSIAN.log FILE                                


                         ==========================
                         =  ENERGY HESSIAN (a.u.) =
                         ==========================


                                1 O                           2 C 
                        X         Y         Z         X         Y         Z
                        1         2         3         4         5         6
         X   1   0.018247  0.000000 -0.000004 -0.056283  0.000000  0.000011
   1 O   Y   2   0.000000  0.073080  0.000004  0.000000 -0.105449 -0.000012
         Z   3  -0.000004  0.000004  0.861584  0.000000  0.000001 -0.779548

         X   4  -0.056283  0.000000  0.000000  0.173421  0.000000  0.000000
   2 C   Y   5   0.000000 -0.105449  0.000001  0.000000  0.600886 -0.000006
         Z   6   0.000011 -0.000012 -0.779548  0.000000 -0.000006  0.981863

         X   7   0.019032  0.000000  0.000000 -0.058580  0.000000  0.000004
   3 H   Y   8   0.000003  0.016187  0.014612  0.000000 -0.247713  0.084021
         Z   9  -0.000003  0.037048 -0.041020  0.000000  0.085396 -0.101155

         X  10   0.019032  0.000000 -0.000001 -0.058580  0.000000  0.000006
   4 H   Y  11  -0.000003  0.016194 -0.014612  0.000000 -0.247708 -0.084021
         Z  12  -0.000003 -0.037039 -0.041021  0.000000 -0.085391 -0.101154


                                3 H                           4 H 
                        X         Y         Z         X         Y         Z
                        7         8         9        10        11        12
         X   1   0.019032  0.000003 -0.000003  0.019032 -0.000003 -0.000003
   1 O   Y   2   0.000000  0.016187  0.037048  0.000000  0.016194 -0.037039
         Z   3   0.000000  0.014612 -0.041020 -0.000001 -0.014612 -0.041021

         X   4  -0.058580  0.000000  0.000000 -0.058580  0.000000  0.000000
   2 C   Y   5   0.000000 -0.247713  0.085396  0.000000 -0.247708 -0.085391
         Z   6   0.000004  0.084021 -0.101155  0.000006 -0.084021 -0.101154

         X   7   0.019803  0.000002 -0.000002  0.019742 -0.000002 -0.000002
   3 H   Y   8   0.000002  0.250216 -0.110533  0.000002 -0.018710  0.011904
         Z   9  -0.000002 -0.110533  0.132848 -0.000002 -0.011904  0.009326

         X  10   0.019742  0.000002 -0.000002  0.019803 -0.000002 -0.000002
   4 H   Y  11  -0.000002 -0.018710 -0.011904 -0.000002  0.250216  0.110533
         Z  12  -0.000002  0.011904  0.009326 -0.000002  0.110533  0.132847



 *****************************************
 **** OUTPUT FROM PROGRAM POINT GROUP ****
 *****************************************



 Character Table
 --------------------------
 C2v   E   C2z  s(xz) s(yz)
 --------------------------
 A1    1.   1.   1.   1.
 A2    1.   1.  -1.  -1.
 B1    1.  -1.   1.  -1.
 B2    1.  -1.  -1.   1.
 --------------------------


 Translations, Rotations and
 Vibrations in each irreductive
 representation
------------------------------
 C2v     Trans  Rot   Vib   Tot
------------------------------
 A1       1     0     3     4
 A2       0     1     0     1
 B1       1     1     1     3
 B2       1     1     2     4
------------------------------
 Sum      3     3     6    12
------------------------------


 CARTESIAN COORDINATES 
 --------------------- 

  1  O     x     0.000000
  2        y     0.000000
  3        z     0.679252

  4  C     x     0.000000
  5        y     0.000000
  6        z    -0.526911

  7  H     x     0.000000
  8        y     0.936614
  9        z    -1.106620

 10  H     x     0.000000
 11        y    -0.936614
 12        z    -1.106620


 SYMMETRY COORDINATES 
 -------------------- 

                                1 O                           2 C 
                        X         Y         Z         X         Y         Z
                        1         2         3         4         5         6
         A1    1   0.000000  0.000000  1.000000  0.000000  0.000000  0.000000
         A1    2   0.000000  0.000000  0.000000  0.000000  0.000000  1.000000
         A1    3   0.000000  0.000000  0.000000  0.000000  0.000000  0.000000
         A1    4   0.000000  0.000000  0.000000  0.000000  0.000000  0.000000

         A2    5   0.000000  0.000000  0.000000  0.000000  0.000000  0.000000

         B1    6   1.000000 -0.000000  0.000000  0.000000  0.000000  0.000000
         B1    7   0.000000  0.000000  0.000000  1.000000 -0.000000  0.000000
         B1    8   0.000000  0.000000  0.000000  0.000000  0.000000  0.000000

         B2    9   0.000000  1.000000  0.000000  0.000000  0.000000  0.000000
         B2   10   0.000000  0.000000  0.000000  0.000000  1.000000  0.000000
         B2   11   0.000000  0.000000  0.000000  0.000000  0.000000  0.000000
         B2   12   0.000000  0.000000  0.000000  0.000000  0.000000  0.000000

                                3 H                           4 H 
                        X         Y         Z         X         Y         Z
                        7         8         9        10        11        12
         A1    1   0.000000  0.000000  0.000000  0.000000  0.000000  0.000000
         A1    2   0.000000  0.000000  0.000000  0.000000  0.000000  0.000000
         A1    3   0.000000  0.707107  0.000000 -0.000000 -0.707107  0.000000
         A1    4   0.000000  0.000000  0.707107  0.000000  0.000000  0.707107

         A2    5   0.707107  0.000000  0.000000 -0.707107  0.000000  0.000000

         B1    6   0.000000  0.000000  0.000000  0.000000  0.000000  0.000000
         B1    7   0.000000  0.000000  0.000000  0.000000  0.000000  0.000000
         B1    8   0.707107  0.000000  0.000000  0.707107 -0.000000  0.000000

         B2    9   0.000000  0.000000  0.000000  0.000000  0.000000  0.000000
         B2   10   0.000000  0.000000  0.000000  0.000000  0.000000  0.000000
         B2   11   0.000000  0.707107  0.000000  0.000000  0.707107  0.000000
         B2   12   0.000000  0.000000  0.707107  0.000000  0.000000 -0.707107


 -------------------------------------------------- 
 BLOCK-DIAGONALIZED ENERGY HESSIAN (hartree/bohr^2) 
 -------------------------------------------------- 

  A1  BLOCK
  ---------

               1         2         3         4
   1     0.86158  -0.77955   0.02066  -0.05801
   2    -0.77955   0.98186   0.11882  -0.14305
   3     0.02066   0.11882   0.26893  -0.09863
   4    -0.05801  -0.14305  -0.09863   0.14217


  A2  BLOCK
  ---------

               1
   1     0.00006


  B1  BLOCK
  ---------

               1         2         3
   1     0.01825  -0.05628   0.02692
   2    -0.05628   0.17342  -0.08284
   3     0.02692  -0.08284   0.03954


  B2  BLOCK
  ---------

               1         2         3         4
   1     0.07308  -0.10545   0.02290   0.05239
   2    -0.10545   0.60089  -0.35032   0.12076
   3     0.02290  -0.35032   0.23151  -0.12244
   4     0.05239   0.12076  -0.12244   0.12352



 -------------
 @ POINT GROUP : C2v 
 ---------------------------
 IRREP   #   VIB FREQ / cm-1
 ---------------------------
 A1      1       2954.27 
 A1      2       1803.02 
 A1      3       1544.57 

 B1      4       1203.82 

 B2      5       3020.92 
 B2      6       1275.36 
 ---------------------------


 @  VIBRATIONAL FREQUENCIES  ( in cm-1 )               
    NORMAL COORDINATES       ( in bohr*sqrt(amu) ) and 
    REDUCED MASSES           ( in amu )                


 ----------------------------------------------------------------
 MODE #                 1         2         3         4         5
 VIB FREQ         3020.92   2954.27   1803.02   1544.57   1275.36 

 REDMASS           1.1214    1.0450    6.5954    1.1255    1.3375

 ----------------------------------------------------------------
         X   1  -0.000000 -0.000001  0.000001 -0.000002  0.000000
   1 O   Y   2   0.000528  0.000002 -0.000002  0.000002  0.068099
         Z   3  -0.000000 -0.000261 -0.149479 -0.082790  0.000000

         X   4  -0.000000  0.000000 -0.000001  0.000003 -0.000000
   2 C   Y   5  -0.095985 -0.000003 -0.000000 -0.000000 -0.126887
         Z   6   0.000002 -0.056907  0.215889  0.012872  0.000001

         X   7   0.000000 -0.000014  0.000010 -0.000025  0.000000
   3 H   Y   8   0.567252 -0.600527 -0.177522  0.322405  0.214959
         Z   9  -0.345728  0.340834 -0.099104  0.580349  0.563250

         X  10  -0.000000 -0.000015  0.000013 -0.000023  0.000000
   4 H   Y  11   0.567204  0.600575  0.177519 -0.322398  0.214965
         Z  12   0.345701  0.340860 -0.099101  0.580338 -0.563263
 ----------------------------------------------------------------

 ----------------------------------------------------------------
 MODE #                 6         7         8         9        10
 VIB FREQ         1203.82     40.09      6.86      2.75      0.89i

 REDMASS           1.3638    1.0078    6.2939   10.0564    7.5038

 ----------------------------------------------------------------
         X   1   0.036115  0.000000  0.000013  0.206502 -0.004832
   1 O   Y   2  -0.000000 -0.000001 -0.236632  0.000076  0.002701
         Z   3  -0.000000 -0.000115  0.001666  0.004072  0.182475

         X   4  -0.148215 -0.000000  0.000015  0.153873 -0.003113
   2 C   Y   5   0.000000 -0.000004  0.007418  0.000057  0.002939
         Z   6  -0.000004 -0.000116  0.001665  0.004070  0.182474

         X   7   0.595806 -0.704356  0.000012  0.128546 -0.002734
   3 H   Y   8   0.000003 -0.000006  0.124654  0.000046  0.003051
         Z   9   0.000029 -0.000119  0.191070  0.004063  0.182658

         X  10   0.595806  0.704356  0.000019  0.128566 -0.001840
   4 H   Y  11  -0.000003 -0.000005  0.124656  0.000050  0.003057
         Z  12   0.000029 -0.000114 -0.187729  0.004093  0.182289
 ----------------------------------------------------------------

 ----------------------------------
 MODE #                11        12
 VIB FREQ            5.55i    17.63i
 REDMASS           3.0118    3.2741
 ----------------------------------
         X   1   0.000008 -0.136196
   1 O   Y   2   0.043361  0.000000
         Z   3  -0.002280 -0.000301

         X   4   0.000003  0.194111
   2 C   Y   5   0.240741 -0.000003
         Z   6  -0.002279 -0.000302

         X   7  -0.000006  0.352989
   3 H   Y   8   0.335580 -0.000005
         Z   9   0.150913 -0.000297

         X  10   0.000007  0.352988
   4 H   Y  11   0.335579 -0.000003
         Z  12  -0.155483 -0.000293
 ----------------------------------

 -------------------------------------------
 ----  CARTESIAN CHARGE TENSORS (a.u.)  ----
 -------------------------------------------


@       ATOMIC POLAR TENSOR FOR ATOM  O   1

              dX          dY          dZ

  d PX  -0.22181900  0.00000000  0.00000000
  d PY   0.00000000 -0.22181900  0.00000000
  d PZ   0.00000000  0.00000000 -0.22181900


@       ATOMIC POLAR TENSOR FOR ATOM  C   2

              dX          dY          dZ

  d PX   0.13328700  0.00000000  0.00000000
  d PY   0.00000000  0.13328700  0.00000000
  d PZ   0.00000000  0.00000000  0.13328700


@       ATOMIC POLAR TENSOR FOR ATOM  H   3

              dX          dY          dZ

  d PX   0.04426600  0.00000000  0.00000000
  d PY   0.00000000  0.04426600  0.00000000
  d PZ   0.00000000  0.00000000  0.04426600


@       ATOMIC POLAR TENSOR FOR ATOM  H   4

              dX          dY          dZ

  d PX   0.04426600  0.00000000  0.00000000
  d PY   0.00000000  0.04426600  0.00000000
  d PZ   0.00000000  0.00000000  0.04426600



 @ 
 @ GAPT Atomic Charges from => ATOMIC CHARGE TENSORS <=                       
 @ 
 @ J. Cioslowski, J. Am. Chem. Soc., 111(22), 8333-8336, 1989
 @ 

 -------------------------
 Atom  #     Charge / a.u.
 -------------------------
 O     1         -0.221819
 C     2          0.133287
 H     3          0.044266
 H     4          0.044266
 -------------------------
 Total Charge :   0.000000
 -------------------------


 ----------------------------------------------------
 ----  CARTESIAN CHARGE TRANSFER TENSORS (a.u.)  ----
 ----------------------------------------------------


@       ATOMIC POLAR TENSOR FOR ATOM  O   1

              dX          dY          dZ

  d PX   0.00000000  0.00000000  0.00000000
  d PY   0.00000000 -0.10986482  0.00000000
  d PZ   0.00000000  0.00000000 -0.34750087


@       ATOMIC POLAR TENSOR FOR ATOM  C   2

              dX          dY          dZ

  d PX   0.00000000  0.00000000  0.00000000
  d PY   0.00000000  0.28332573  0.00000000
  d PZ   0.00000000  0.00000000  0.47883828


@       ATOMIC POLAR TENSOR FOR ATOM  H   3

              dX          dY          dZ

  d PX   0.00000000  0.00000000  0.00000000
  d PY   0.00000000 -0.08677729 -0.01704637
  d PZ   0.00000000 -0.01480544 -0.06572901


@       ATOMIC POLAR TENSOR FOR ATOM  H   4

              dX          dY          dZ

  d PX   0.00000000  0.00000000  0.00000000
  d PY   0.00000000 -0.08677729  0.01704637
  d PZ   0.00000000  0.01480544 -0.06572901



 @ 
 @ GAPT Atomic Charges from => ATOMIC CHARGE TRANSFER TENSORS <=              
 @ 
 @ J. Cioslowski, J. Am. Chem. Soc., 111(22), 8333-8336, 1989
 @ 

 -------------------------
 Atom  #     Charge / a.u.
 -------------------------
 O     1         -0.152455
 C     2          0.254055
 H     3         -0.050835
 H     4         -0.050835
 -------------------------
 Total Charge :  -0.000071
 -------------------------


 --------------------------------------------------------
 ----  CARTESIAN DIPOLE POLARIZATION TENSORS (a.u.)  ----
 --------------------------------------------------------


@       ATOMIC POLAR TENSOR FOR ATOM  O   1

              dX          dY          dZ

  d PX  -0.10890467  0.00000000  0.00000000
  d PY   0.00000000 -0.12054657  0.00000000
  d PZ   0.00000000 -0.00005292 -0.29567776


@       ATOMIC POLAR TENSOR FOR ATOM  C   2

              dX          dY          dZ

  d PX   0.00851975  0.00000000  0.00000000
  d PY   0.00000000  0.34862194  0.00000000
  d PZ   0.00000000  0.00000000  0.35293474


@       ATOMIC POLAR TENSOR FOR ATOM  H   3

              dX          dY          dZ

  d PX   0.05016600  0.00000000  0.00000000
  d PY   0.00000000 -0.11401123  0.09414063
  d PZ   0.00000000  0.15020695 -0.02862849


@       ATOMIC POLAR TENSOR FOR ATOM  H   4

              dX          dY          dZ

  d PX   0.05016600  0.00000000  0.00000000
  d PY   0.00000000 -0.11401123 -0.09414063
  d PZ   0.00000000 -0.15020695 -0.02862849



 @ 
 @ GAPT Atomic Charges from => ATOMIC DIPOLE POLARIZATION TENSORS <=          
 @ 
 @ J. Cioslowski, J. Am. Chem. Soc., 111(22), 8333-8336, 1989
 @ 

 -------------------------
 Atom  #     Charge / a.u.
 -------------------------
 O     1         -0.175043
 C     2          0.236692
 H     3         -0.030825
 H     4         -0.030825
 -------------------------
 Total Charge :   0.000000
 -------------------------


 ---------------------------------------------------
 ----  CARTESIAN MOLECULAR POLAR TENSOR (a.u.)  ----
 ---------------------------------------------------


@       ATOMIC POLAR TENSOR FOR ATOM  O   1

              dX          dY          dZ

  d PX  -0.33072367  0.00000000  0.00000000
  d PY   0.00000000 -0.45223039  0.00000000
  d PZ   0.00000000 -0.00005292 -0.86499764


@       ATOMIC POLAR TENSOR FOR ATOM  C   2

              dX          dY          dZ

  d PX   0.14180675  0.00000000  0.00000000
  d PY   0.00000000  0.76523468  0.00000000
  d PZ   0.00000000  0.00000000  0.96506002


@       ATOMIC POLAR TENSOR FOR ATOM  H   3

              dX          dY          dZ

  d PX   0.09443200  0.00000000  0.00000000
  d PY   0.00000000 -0.15652252  0.07709425
  d PZ   0.00000000  0.13540151 -0.05009150


@       ATOMIC POLAR TENSOR FOR ATOM  H   4

              dX          dY          dZ

  d PX   0.09443200  0.00000000  0.00000000
  d PY   0.00000000 -0.15652252 -0.07709425
  d PZ   0.00000000 -0.13540151 -0.05009150



 @ 
 @ GAPT Atomic Charges from => TOTAL (C+CF+DF) ATOMIC POLAR TENSOR <=         
 @ 
 @ J. Cioslowski, J. Am. Chem. Soc., 111(22), 8333-8336, 1989
 @ 

 -------------------------
 Atom  #     Charge / a.u.
 -------------------------
 O     1         -0.549317
 C     2          0.624034
 H     3         -0.037394
 H     4         -0.037394
 -------------------------
 Total Charge :  -0.000071
 -------------------------




 ************************************
 *   OUTPUT FROM PROGRAM INFRAINT   *
 ************************************

 -----------------------------------------------------------------------------------
 ATOMIC CONTRIBUTIONS TO THE IR INTENSITIES

 Ax = K.( \sum_b{ (dPx^a/dxb).(dxb/dQj) +
                  (dPx^a/dyb).(dyb/dQj) +
                  (dPx^a/dzb).(dzb/dQj) } ).(dPx/dQj)

 Ay = K.( \sum_b{ (dPy^a/dxb).(dxb/dQj) +
                  (dPy^a/dyb).(dyb/dQj) +
                  (dPy^a/dzb).(dzb/dQj) } ).(dPy/dQj)

 Az = K.( \sum_b{ (dPz^a/dxb).(dxb/dQj) +
                  (dPz^a/dyb).(dyb/dQj) +
                  (dPz^a/dzb).(dzb/dQj) } ).(dPz/dQj)

  K = 974.864 km.amu / (mol.e^2)

 Px^a = x-component of the atomic dipole moment of atom a
 Py^a = y-component of the atomic dipole moment of atom a
 Pz^a = z-component of the atomic dipole moment of atom a

 xb = x-coordinate of atom b
 yb = y-coordinate of atom b
 zb = z-coordinate of atom b
 -----------------------------------------------------------------------------------

 -------------------------------------------------------------------------------------------------------------
 MODE # 1 ( 3020.92 cm-1)
 -------------------------------------------------------------------------------------------------------------

  ATOM         Ax          Ay          Az      (Ax + Ay + Az)
 O    1        0.00        2.49        0.00         2.49
 C    2       -0.00       43.15        0.00        43.15
 H    3        0.00       22.39        0.00        22.40
 H    4       -0.00       22.39       -0.00        22.39

 ----------------------------------------------
  ATOM        C         CT        DP      TOTAL
 O    1      0.03      0.00      2.46      2.49
 C    2      3.80     -0.00     39.35     43.15
 H    3     -7.46     16.91     12.94     22.40
 H    4     -7.45     16.91     12.94     22.39
 -------------------------------------------------------------------------------------------------------------
 Total intensity =   90.43 km/mol
 -------------------------------------------------------------------------------------------------------------

 -------------------------------------------------------------------------------------------------------------
 MODE # 2 ( 2954.27 cm-1)
 -------------------------------------------------------------------------------------------------------------

  ATOM         Ax          Ay          Az      (Ax + Ay + Az)
 O    1        0.00        0.00       15.26        15.26
 C    2       -0.00        0.00       18.04        18.04
 H    3        0.00       -0.00       14.18        14.18
 H    4        0.00        0.00       14.18        14.18

 ----------------------------------------------
  ATOM        C         CT        DP      TOTAL
 O    1     -0.01      0.00     15.27     15.26
 C    2      1.86     -6.47     22.65     18.04
 H    3     -3.70      9.88      8.00     14.18
 H    4     -3.70      9.88      8.00     14.18
 -------------------------------------------------------------------------------------------------------------
 Total intensity =   61.65 km/mol
 -------------------------------------------------------------------------------------------------------------

 -------------------------------------------------------------------------------------------------------------
 MODE # 3 ( 1803.02 cm-1)
 -------------------------------------------------------------------------------------------------------------

  ATOM         Ax          Ay          Az      (Ax + Ay + Az)
 O    1        0.00        0.00       18.39        18.39
 C    2       -0.00        0.00       14.55        14.55
 H    3        0.00       -0.00       27.25        27.25
 H    4        0.00        0.00       27.25        27.25

 ----------------------------------------------
  ATOM        C         CT        DP      TOTAL
 O    1      9.68      0.00      8.71     18.39
 C    2      8.40    -11.99     18.15     14.55
 H    3     -1.28     31.34     -2.81     27.25
 H    4     -1.28     31.34     -2.81     27.25
 -------------------------------------------------------------------------------------------------------------
 Total intensity =   87.45 km/mol
 -------------------------------------------------------------------------------------------------------------

 -------------------------------------------------------------------------------------------------------------
 MODE # 4 ( 1544.57 cm-1)
 -------------------------------------------------------------------------------------------------------------

  ATOM         Ax          Ay          Az      (Ax + Ay + Az)
 O    1        0.00       -0.00        0.49         0.49
 C    2       -0.00        0.00       -2.33        -2.33
 H    3        0.00       -0.00        7.17         7.17
 H    4        0.00        0.00        7.17         7.17

 ----------------------------------------------
  ATOM        C         CT        DP      TOTAL
 O    1      2.03      0.00     -1.54      0.49
 C    2      0.19      2.60     -5.12     -2.33
 H    3      2.84     -4.11      8.44      7.17
 H    4      2.83     -4.11      8.44      7.17
 -------------------------------------------------------------------------------------------------------------
 Total intensity =   12.49 km/mol
 -------------------------------------------------------------------------------------------------------------

 -------------------------------------------------------------------------------------------------------------
 MODE # 5 ( 1275.36 cm-1)
 -------------------------------------------------------------------------------------------------------------

  ATOM         Ax          Ay          Az      (Ax + Ay + Az)
 O    1        0.00       -2.84       -0.00        -2.84
 C    2       -0.00       11.94       -0.00        11.94
 H    3        0.00        1.17       -0.00         1.17
 H    4        0.00        1.17        0.00         1.17

 ----------------------------------------------
  ATOM        C         CT        DP      TOTAL
 O    1      1.60      0.00     -4.43     -2.84
 C    2      1.79      0.00     10.15     11.94
 H    3     -1.01      5.28     -3.10      1.17
 H    4     -1.00      5.28     -3.10      1.17
 -------------------------------------------------------------------------------------------------------------
 Total intensity =   11.44 km/mol
 -------------------------------------------------------------------------------------------------------------

 -------------------------------------------------------------------------------------------------------------
 MODE # 6 ( 1203.82 cm-1)
 -------------------------------------------------------------------------------------------------------------

  ATOM         Ax          Ay          Az      (Ax + Ay + Az)
 O    1        1.86       -0.00        0.00         1.86
 C    2      -12.66        0.00        0.00       -12.66
 H    3        8.49        0.00        0.00         8.49
 H    4        8.49       -0.00        0.00         8.49

 ----------------------------------------------
  ATOM        C         CT        DP      TOTAL
 O    1     -0.62      0.00      2.48      1.86
 C    2     -1.53     -0.00    -11.13    -12.66
 H    3      2.05      0.00      6.44      8.49
 H    4      2.05      0.00      6.44      8.49
 -------------------------------------------------------------------------------------------------------------
 Total intensity =    6.17 km/mol
 -------------------------------------------------------------------------------------------------------------

 -----------------------------------------------------------------------------------
 DYNAMIC CONTRIBUTIONS TO THE IR INTENSITIES

 Ax = K.( (dPx/dxa).(dxa/dQj) +
          (dPx/dya).(dya/dQj) +
          (dPx/dza).(dza/dQj) ).(dPx/dQj)

 Ay = K.( (dPy/dxa).(dxa/dQj) +
          (dPy/dya).(dya/dQj) +
          (dPy/dza).(dza/dQj) ).(dPy/dQj)

 Az = K.( (dPz/dxa).(dxa/dQj) +
          (dPz/dya).(dya/dQj) +
          (dPz/dza).(dza/dQj) ).(dPz/dQj)

  K = 974.864 km.amu / (mol.e^2)

 Px = x-component of the molecular dipole moment
 Py = y-component of the molecular dipole moment
 Pz = z-component of the molecular dipole moment

 xa = x-coordinate of atom a
 ya = y-coordinate of atom a
 za = z-coordinate of atom a
 -----------------------------------------------------------------------------------

 -------------------------------------------------------------------------------------------------------------
 MODE # 1 ( 3020.92 cm-1)
 -------------------------------------------------------------------------------------------------------------

  ATOM         Ax          Ay          Az      (Ax + Ay + Az)
 O    1        0.00        0.07        0.00         0.07
 C    2       -0.00       21.81        0.00        21.81
 H    3        0.00       34.28        0.00        34.28
 H    4       -0.00       34.27       -0.00        34.27

 ----------------------------------------------
  ATOM        C         CT        DP      TOTAL
 O    1      0.03      0.02      0.02      0.07
 C    2      3.80      8.07      9.94     21.81
 H    3     -7.46     12.87     28.87     34.28
 H    4     -7.45     12.86     28.86     34.27
 -------------------------------------------------------------------------------------------------------------
 Total intensity =   90.43 km/mol
 -------------------------------------------------------------------------------------------------------------

 -------------------------------------------------------------------------------------------------------------
 MODE # 2 ( 2954.27 cm-1)
 -------------------------------------------------------------------------------------------------------------

  ATOM         Ax          Ay          Az      (Ax + Ay + Az)
 O    1       -0.00        0.00       -0.06        -0.06
 C    2       -0.00        0.00       13.46        13.46
 H    3        0.00       -0.00       24.12        24.12
 H    4        0.00        0.00       24.12        24.12

 ----------------------------------------------
  ATOM        C         CT        DP      TOTAL
 O    1     -0.01     -0.02     -0.02     -0.06
 C    2      1.86      6.68      4.92     13.46
 H    3     -3.70      3.31     24.50     24.12
 H    4     -3.70      3.31     24.51     24.12
 -------------------------------------------------------------------------------------------------------------
 Total intensity =   61.65 km/mol
 -------------------------------------------------------------------------------------------------------------

 -------------------------------------------------------------------------------------------------------------
 MODE # 3 ( 1803.02 cm-1)
 -------------------------------------------------------------------------------------------------------------

  ATOM         Ax          Ay          Az      (Ax + Ay + Az)
 O    1       -0.00        0.00       37.75        37.75
 C    2       -0.00       -0.00       60.83        60.83
 H    3        0.00        0.00       -5.57        -5.57
 H    4        0.00       -0.00       -5.57        -5.57

 ----------------------------------------------
  ATOM        C         CT        DP      TOTAL
 O    1      9.68     15.17     12.90     37.75
 C    2      8.40     30.18     22.25     60.83
 H    3     -1.28      2.67     -6.96     -5.57
 H    4     -1.28      2.67     -6.96     -5.57
 -------------------------------------------------------------------------------------------------------------
 Total intensity =   87.45 km/mol
 -------------------------------------------------------------------------------------------------------------

 -------------------------------------------------------------------------------------------------------------
 MODE # 4 ( 1544.57 cm-1)
 -------------------------------------------------------------------------------------------------------------

  ATOM         Ax          Ay          Az      (Ax + Ay + Az)
 O    1       -0.00        0.00        7.90         7.90
 C    2       -0.00        0.00        1.37         1.37
 H    3        0.00        0.00        1.61         1.61
 H    4        0.00       -0.00        1.61         1.61

 ----------------------------------------------
  ATOM        C         CT        DP      TOTAL
 O    1      2.03      3.17      2.70      7.90
 C    2      0.19      0.68      0.50      1.37
 H    3      2.84     -4.74      3.51      1.61
 H    4      2.83     -4.74      3.51      1.61
 -------------------------------------------------------------------------------------------------------------
 Total intensity =   12.49 km/mol
 -------------------------------------------------------------------------------------------------------------

 -------------------------------------------------------------------------------------------------------------
 MODE # 5 ( 1275.36 cm-1)
 -------------------------------------------------------------------------------------------------------------

  ATOM         Ax          Ay          Az      (Ax + Ay + Az)
 O    1       -0.00        3.25        0.00         3.25
 C    2       -0.00       10.26       -0.00        10.26
 H    3        0.00       -1.03       -0.00        -1.03
 H    4        0.00       -1.03        0.00        -1.03

 ----------------------------------------------
  ATOM        C         CT        DP      TOTAL
 O    1      1.60      0.79      0.87      3.25
 C    2      1.79      3.80      4.67     10.26
 H    3     -1.01      2.98     -3.01     -1.03
 H    4     -1.00      2.98     -3.01     -1.03
 -------------------------------------------------------------------------------------------------------------
 Total intensity =   11.44 km/mol
 -------------------------------------------------------------------------------------------------------------

 -------------------------------------------------------------------------------------------------------------
 MODE # 6 ( 1203.82 cm-1)
 -------------------------------------------------------------------------------------------------------------

  ATOM         Ax          Ay          Az      (Ax + Ay + Az)
 O    1       -0.93        0.00       -0.00        -0.93
 C    2       -1.63        0.00        0.00        -1.63
 H    3        4.36        0.00        0.00         4.36
 H    4        4.36       -0.00        0.00         4.36

 ----------------------------------------------
  ATOM        C         CT        DP      TOTAL
 O    1     -0.62     -0.00     -0.31     -0.93
 C    2     -1.53      0.00     -0.10     -1.63
 H    3      2.05      0.00      2.32      4.36
 H    4      2.05      0.00      2.32      4.36
 -------------------------------------------------------------------------------------------------------------
 Total intensity =    6.17 km/mol
 -------------------------------------------------------------------------------------------------------------



********************************************************************************
 THEORY LEVEL OF THE DIPOLE MOMENT: QCISD                          
********************************************************************************



          Dipole Moment / a.u. (Atomic Contrib.)
          --------------------------------------
          Charge        Dipole        Total
          --------------------------------------
     X    0.00000000    0.00000000    0.00000000
     Y    0.00000000    0.00000000    0.00000000
     Z   -0.60258201   -0.35821400   -0.96079601

  Norm    0.60258201    0.35821400    0.96079601
          --------------------------------------



          Dipole Moment / Debye (Atomic Contrib.)
          --------------------------------------
          Charge        Dipole        Total
          --------------------------------------
     X    0.00000000    0.00000000    0.00000000
     Y    0.00000000    0.00000000    0.00000000
     Z   -1.53162489   -0.91049760   -2.44212248

  Norm    1.53162489    0.91049760    2.44212248
          --------------------------------------




 ------------------------------------------------------- 
 MOLECULAR CHARGE TENSOR IN THE NORMAL COORDINATES BASIS 
 units = e / sqrt(amu)                                      
 ------------------------------------------------------- 

         d Q  1      d Q  2      d Q  3      d Q  4      d Q  5
  d PX   0.00000000 -0.00000090  0.00000054 -0.00000131  0.00000000
  d PY   0.03730722  0.00000141  0.00000015 -0.00000012 -0.01298698
  d PZ  -0.00000088  0.02264878  0.05315862  0.07145896 -0.00000053
  Norm   0.03730722  0.02264878  0.05315862  0.07145896  0.01298698


         d Q  6
  d PX   0.02498183
  d PY   0.00000000
  d PZ   0.00000206
  Norm   0.02498183



 ----------------------------------------------------------- 
 MOLECULAR CHARGE TRANSFER TENSOR IN THE NORMAL COORD. BASIS 
 units = e / sqrt(amu)                                      
 ----------------------------------------------------------- 

         d Q  1      d Q  2      d Q  3      d Q  4      d Q  5
  d PX   0.00000000  0.00000000  0.00000000  0.00000000  0.00000000
  d PY  -0.11391168 -0.00000470  0.00000048 -0.00000103 -0.09994260
  d PZ   0.00000229 -0.05418270  0.17360409 -0.05090432  0.00000130
  Norm   0.11391168  0.05418270  0.17360409  0.05090432  0.09994260


         d Q  6
  d PX   0.00000000
  d PY   0.00000001
  d PZ  -0.00000568
  Norm   0.00000568



 ----------------------------------------------------------- 
 MOLECULAR DIPOLE POLARIZ. TENSOR IN THE NORMAL COORD. BASIS 
 units = e / sqrt(amu)                                      
 ----------------------------------------------------------- 

         d Q  1      d Q  2      d Q  3      d Q  4      d Q  5
  d PX   0.00000000 -0.00000129  0.00000098 -0.00000217  0.00000000
  d PY  -0.22795837 -0.00000917  0.00000020  0.00000001  0.00458977
  d PZ   0.00000881 -0.21993693  0.07273678  0.09264732 -0.00000394
  Norm   0.22795837  0.21993693  0.07273678  0.09264732  0.00458977


         d Q  6
  d PX   0.05458261
  d PY  -0.00000000
  d PZ  -0.00000212
  Norm   0.05458261



 ------------------------------------------------------ 
 MOLECULAR POLAR TENSOR IN THE NORMAL COORDINATES BASIS 
 units = e / sqrt(amu)                                      
 ------------------------------------------------------ 

         d Q  1      d Q  2      d Q  3      d Q  4      d Q  5
  d PX   0.00000000 -0.00000219  0.00000151 -0.00000348  0.00000001
  d PY  -0.30456283 -0.00001246  0.00000084 -0.00000114 -0.10833981
  d PZ   0.00001022 -0.25147085  0.29949948  0.11320195 -0.00000318
  Norm   0.30456283  0.25147085  0.29949948  0.11320195  0.10833981


         d Q  6
  d PX   0.07956444
  d PY   0.00000001
  d PZ  -0.00000574
  Norm   0.07956444



   Vibrational Frequencies and IR Intensities
   ------------------------------------------

  ============================================================
  mode    frequency          IR intensity      Boltzmann(298K)
  ============================================================
       cm-1    hartrees     km/mol  (D/A)**2/amu
  ------------------------------------------------------------
   1  3020.92   0.013764      90.427    2.1401    0.999999533
   2  2954.27   0.013461      61.648    1.4590    0.999999356
   3  1803.02   0.008215      87.445    2.0695    0.999833543
   4  1544.57   0.007038      12.493    0.2957    0.999420630
   5  1275.36   0.005811      11.442    0.2708    0.997876018
   6  1203.82   0.005485       6.171    0.1461    0.997000189
  -----------------------------------------------------------


 ===============================================================================
 IRREP    #   g_k  VIB FREQ      IR Intensities       Boltzmann  Dipole Operator
 ===============================================================================
                     cm-1       km/mol  (D/A)**2/amu     298K     mu_x mu_y mu_z
  ------------------------------------------------------------------------------
  A1      1    1    2954.27     61.648     1.4590     0.9999994    ia   ia    a
  A1      2    1    1803.02     87.445     2.0695     0.9998335    ia   ia    a
  A1      3    1    1544.57     12.493     0.2957     0.9994206    ia   ia    a
  B1      4    1    1203.82      6.171     0.1461     0.9970002     a   ia   ia
  B2      5    1    3020.92     90.427     2.1401     0.9999995    ia    a   ia
  B2      6    1    1275.36     11.442     0.2708     0.9978760    ia    a   ia
  ------------------------------------------------------------------------------




      Host name     : trapista                                
      Date and time : Thu Sep 15 09:44:06 2022



      **************************************
      ****  END OF PLACZEK CALCULATION  ****
      **************************************


