

 **************************************
 *                                    *
 *    OUTPUT FROM PROGRAM PLACZEK     *
 *                                    *
 **************************************
                                                             
 *  A Program Designed to Compute Infrared and Raman Spectra 
 *                                                           
 *  Written by Luciano N. Vidal                              
 *  Universidade Tecnologica Federal do Parana, Brazil       
 *                                                           
 *  If results obtained with this code are published,        
 *  an appropriate citation would be:                        
 *                                                           
 ** For Raman Properties:                                    
 *                                                           
 *  Vidal, L.N., P.A.M. Vazquez; Quim. Nova, 26(4), (2003), 507-511
 *  Vidal, L.N., P.A.M. Vazquez; Int. J. Quant. Chem., 103(5), (2005), 632-648
 *                                                           
 ** For Infrared Properties:                                 
 *                                                           
 *  Faria, S.H.D.M., da Silva Jr., J.V., Haiduke, R.L.A., Vidal, L.N.,
 *  Vazquez, P.A.M., Bruns, R.E.; J. Phys. Chem. A, 111, (2007), 7870-7875
 *                                                           
 *  NOTE:                                                    
 *                                                           
 *  This is an experimental code. The author accept no responsibility for the
 *  performance of the code or for the correctness of the results. Report
 *  bugs to lnvidal@utfpr.edu.br                          
 *                                                           
 *****************************
 * Release date: August.2020 *
 *****************************

       RUNCTRL OPTIONS
       ===============

       REMOTE   = F
       RESTART  = F
       FRIEND   = AIMAll              

       USE SYMMETRY  = F


       VIBANA OPTIONS
       ==============

       HF    = F
       MP2   = F
       CCS   = F
       CC2   = F
       CCSD  = F
       QCISD = F
       DHF   = F
       DFT   = F

       DALHESS    = F
       GAMHESS    = F
       GAUSHES    = T
       C4HESS     = F
       GRADHESS   = F

       RUN        = F


       INFRARED OPTIONS
       ================


       HF    = F
       MP2   = T
       CCS   = F
       CC2   = F
       CCSD  = F
       QCISD = F
       DHF   = F
       DFT   = F


       RUN  = T

       ANGSTROM = T


       OVERTONES = F

       EXPENSIVE DERIVATIVES = F


 *************************************
 **** OUTPUT FROM PROGRAM ROTOANA ****
 *************************************

 ------------------------------------------------------
 - ROTATIONAL ANALYSIS WAS DONE USING FRIEND.INP FILE -
 ------------------------------------------------------
                             x            y            z
 * Center of Mass (in A):    0.000000     0.000000     0.077009

 Inertia Tensor (in u*A^2)
 ------------------------- 
                   x              y              z
  x        14.770035       0.000000       0.000000
  y         0.000000      13.001815       0.000000
  z         0.000000       0.000000       1.768220

 Principal Moments and Principal Axes of Inertia
 -----------------------------------------------
                                 x       y       z
 IA  =      1.768220  u*A^2    ( 0.0000  0.0000  1.0000 )
 IB  =     13.001815  u*A^2    ( 0.0000  1.0000  0.0000 )
 IC  =     14.770035  u*A^2    ( 1.0000  0.0000  0.0000 )

 Principal Cartesian Coordinates 
 ------------------------------- 
       x                    y                    z
O      0.000000000000000    0.000000000000000    1.138074097404118
C      0.000000000000000    0.000000000000000   -1.141243646756927
H      0.000000000000000    1.769943954199932   -2.236734894747335
H      0.000000000000000   -1.769943954199932   -2.236734894747335

 * Molecule Recognized as Non-Linear

 Rotational Constants
 --------------------
 A =       285812.29 MHz     (        9.533672 cm-1)
 B =        38869.89 MHz     (        1.296560 cm-1)
 C =        34216.52 MHz     (        1.141340 cm-1)
 * The molecule is an Asymmetric Top
 * The molecule is Planar

 Atom  Z   Isotopic Mass   Abundance        x             y             z
 O     8.      15.994915    99.762 %        0.000000      0.000000      0.679252
 C     6.      12.000000    98.900 %        0.000000      0.000000     -0.526911
 H     1.       1.007825    99.985 %        0.000000      0.936614     -1.106620
 H     1.       1.007825    99.985 %        0.000000     -0.936614     -1.106620

 Total mass:          30.010565 amu
 Natural abundance:   98.635 %


 **************************************
 **** OUTPUT FROM PROGRAM SYMMETRY ****
 **************************************

 * Threshold to consider two distances equal (angstrom) : 5.00D-03

 * Threshold to consider two inertia moments equal : 1.00D-01


 * The following coordinates were used to locate the point group : 
   (center of mass in the origin)

   #  Atom  Z   Isotopic Mass        x             y             z
   1    O   8.      15.994915        0.000000      0.000000      0.602243
   2    C   6.      12.000000        0.000000      0.000000     -0.603920
   3    H   1.       1.007825        0.000000      0.936614     -1.183629
   4    H   1.       1.007825        0.000000     -0.936614     -1.183629

 Interatomic distances (in A) 
 ---------------------------- 
            1 O      2 C      3 H      4 H 
   1 O    0.0000   1.2062   2.0166   2.0166
   2 C    1.2062   0.0000   1.1015   1.1015
   3 H    2.0166   1.1015   0.0000   1.8732
   4 H    2.0166   1.1015   1.8732   0.0000


 Symmetrically Equivalent Atoms (SEA): 
 -------------------------------------   
 Set | # Atoms | SEA 
   1 |     1   |    1

   2 |     1   |    2

   3 |     2   |    3   4


 * The number of C_n^k axes found is :  1
   ---------------------------------
 Cn-Axis   n   k   theta         Direction (x y z)
    1      2   1     180    0.00000   0.00000  -1.00000

 * The number of reflexion planes found is :  2
   ---------------------------------------
 Plane    Normal vector (x y z)
   1      0.00000   1.00000   0.00000
   2      1.00000   0.00000   0.00000

 --------------------
 * Point group found: C2v 
 --------------------

 * Order of the group:    4

 * The number of atoms is:    4

 ************************************
 **** OUTPUT FROM PROGRAM VIBANA ****
 ************************************


 @ MOLECULAR HESSIAN READ FROM GAUSSIAN.log FILE                                


                         ==========================
                         =  ENERGY HESSIAN (a.u.) =
                         ==========================


                                1 O                           2 C 
                        X         Y         Z         X         Y         Z
                        1         2         3         4         5         6
         X   1   0.018247  0.000000 -0.000004 -0.056283  0.000000  0.000011
   1 O   Y   2   0.000000  0.073080  0.000004  0.000000 -0.105449 -0.000012
         Z   3  -0.000004  0.000004  0.861584  0.000000  0.000001 -0.779548

         X   4  -0.056283  0.000000  0.000000  0.173421  0.000000  0.000000
   2 C   Y   5   0.000000 -0.105449  0.000001  0.000000  0.600886 -0.000006
         Z   6   0.000011 -0.000012 -0.779548  0.000000 -0.000006  0.981863

         X   7   0.019032  0.000000  0.000000 -0.058580  0.000000  0.000004
   3 H   Y   8   0.000003  0.016187  0.014612  0.000000 -0.247713  0.084021
         Z   9  -0.000003  0.037048 -0.041020  0.000000  0.085396 -0.101155

         X  10   0.019032  0.000000 -0.000001 -0.058580  0.000000  0.000006
   4 H   Y  11  -0.000003  0.016194 -0.014612  0.000000 -0.247708 -0.084021
         Z  12  -0.000003 -0.037039 -0.041021  0.000000 -0.085391 -0.101154


                                3 H                           4 H 
                        X         Y         Z         X         Y         Z
                        7         8         9        10        11        12
         X   1   0.019032  0.000003 -0.000003  0.019032 -0.000003 -0.000003
   1 O   Y   2   0.000000  0.016187  0.037048  0.000000  0.016194 -0.037039
         Z   3   0.000000  0.014612 -0.041020 -0.000001 -0.014612 -0.041021

         X   4  -0.058580  0.000000  0.000000 -0.058580  0.000000  0.000000
   2 C   Y   5   0.000000 -0.247713  0.085396  0.000000 -0.247708 -0.085391
         Z   6   0.000004  0.084021 -0.101155  0.000006 -0.084021 -0.101154

         X   7   0.019803  0.000002 -0.000002  0.019742 -0.000002 -0.000002
   3 H   Y   8   0.000002  0.250216 -0.110533  0.000002 -0.018710  0.011904
         Z   9  -0.000002 -0.110533  0.132848 -0.000002 -0.011904  0.009326

         X  10   0.019742  0.000002 -0.000002  0.019803 -0.000002 -0.000002
   4 H   Y  11  -0.000002 -0.018710 -0.011904 -0.000002  0.250216  0.110533
         Z  12  -0.000002  0.011904  0.009326 -0.000002  0.110533  0.132847



 @  VIBRATIONAL FREQUENCIES  ( in cm-1 )               
    NORMAL COORDINATES       ( in bohr*sqrt(amu) ) and 
    REDUCED MASSES           ( in amu )                


 ----------------------------------------------------------------
 MODE #                 1         2         3         4         5
 VIB FREQ         3020.92   2954.27   1803.02   1544.57   1275.36 

 REDMASS           1.1214    1.0450    6.5954    1.1255    1.3375

 ----------------------------------------------------------------
         X   1  -0.000000 -0.000001  0.000001 -0.000002  0.000000
   1 O   Y   2   0.000528  0.000002 -0.000002  0.000002  0.068099
         Z   3  -0.000000 -0.000261 -0.149479 -0.082790  0.000000

         X   4  -0.000000  0.000000 -0.000001  0.000003 -0.000000
   2 C   Y   5  -0.095985 -0.000003 -0.000000 -0.000000 -0.126887
         Z   6   0.000002 -0.056907  0.215889  0.012872  0.000001

         X   7   0.000000 -0.000014  0.000010 -0.000025  0.000000
   3 H   Y   8   0.567252 -0.600527 -0.177522  0.322405  0.214959
         Z   9  -0.345728  0.340834 -0.099104  0.580349  0.563250

         X  10  -0.000000 -0.000015  0.000013 -0.000023  0.000000
   4 H   Y  11   0.567204  0.600575  0.177519 -0.322398  0.214965
         Z  12   0.345701  0.340860 -0.099101  0.580338 -0.563263
 ----------------------------------------------------------------

 ----------------------------------------------------------------
 MODE #                 6         7         8         9        10
 VIB FREQ         1203.82     40.09      6.86      2.75      0.89i

 REDMASS           1.3638    1.0078    6.2939   10.0564    7.5038

 ----------------------------------------------------------------
         X   1   0.036115  0.000000  0.000013  0.206502 -0.004832
   1 O   Y   2  -0.000000 -0.000001 -0.236632  0.000076  0.002701
         Z   3  -0.000000 -0.000115  0.001666  0.004072  0.182475

         X   4  -0.148215 -0.000000  0.000015  0.153873 -0.003113
   2 C   Y   5   0.000000 -0.000004  0.007418  0.000057  0.002939
         Z   6  -0.000004 -0.000116  0.001665  0.004070  0.182474

         X   7   0.595806 -0.704356  0.000012  0.128546 -0.002734
   3 H   Y   8   0.000003 -0.000006  0.124654  0.000046  0.003051
         Z   9   0.000029 -0.000119  0.191070  0.004063  0.182658

         X  10   0.595806  0.704356  0.000019  0.128566 -0.001840
   4 H   Y  11  -0.000003 -0.000005  0.124656  0.000050  0.003057
         Z  12   0.000029 -0.000114 -0.187729  0.004093  0.182289
 ----------------------------------------------------------------

 ----------------------------------
 MODE #                11        12
 VIB FREQ            5.55i    17.63i
 REDMASS           3.0118    3.2741
 ----------------------------------
         X   1   0.000008 -0.136196
   1 O   Y   2   0.043361  0.000000
         Z   3  -0.002280 -0.000301

         X   4   0.000003  0.194111
   2 C   Y   5   0.240741 -0.000003
         Z   6  -0.002279 -0.000302

         X   7  -0.000006  0.352989
   3 H   Y   8   0.335580 -0.000005
         Z   9   0.150913 -0.000297

         X  10   0.000007  0.352988
   4 H   Y  11   0.335579 -0.000003
         Z  12  -0.155483 -0.000293
 ----------------------------------

 -------------------------------------------
 ----  CARTESIAN CHARGE TENSORS (a.u.)  ----
 -------------------------------------------


@       ATOMIC POLAR TENSOR FOR ATOM  O   1

              dX          dY          dZ

  d PX  -1.13723720  0.00000000  0.00000000
  d PY   0.00000000 -1.13723720  0.00000000
  d PZ   0.00000000  0.00000000 -1.13723720


@       ATOMIC POLAR TENSOR FOR ATOM  C   2

              dX          dY          dZ

  d PX   1.08017063  0.00000000  0.00000000
  d PY   0.00000000  1.08017063  0.00000000
  d PZ   0.00000000  0.00000000  1.08017063


@       ATOMIC POLAR TENSOR FOR ATOM  H   3

              dX          dY          dZ

  d PX   0.02853315  0.00000000  0.00000000
  d PY   0.00000000  0.02853315  0.00000000
  d PZ   0.00000000  0.00000000  0.02853315


@       ATOMIC POLAR TENSOR FOR ATOM  H   4

              dX          dY          dZ

  d PX   0.02853946  0.00000000  0.00000000
  d PY   0.00000000  0.02853946  0.00000000
  d PZ   0.00000000  0.00000000  0.02853946



 @ 
 @ GAPT Atomic Charges from => ATOMIC CHARGE TENSORS <=                       
 @ 
 @ J. Cioslowski, J. Am. Chem. Soc., 111(22), 8333-8336, 1989
 @ 

 -------------------------
 Atom  #     Charge / a.u.
 -------------------------
 O     1         -1.137237
 C     2          1.080171
 H     3          0.028533
 H     4          0.028539
 -------------------------
 Total Charge :   0.000006
 -------------------------


 ------------------------------------------------
 ----  CARTESIAN CHARGE FLUX TENSORS (a.u.)  ----
 ------------------------------------------------


@       ATOMIC POLAR TENSOR FOR ATOM  O   1

              dX          dY          dZ

  d PX   0.00000000  0.00000000  0.00000000
  d PY  -0.00008170 -0.17741988  0.00000731
  d PZ   0.00009332 -0.00099485  1.14700549


@       ATOMIC POLAR TENSOR FOR ATOM  C   2

              dX          dY          dZ

  d PX   0.00000000  0.00000000  0.00000000
  d PY  -0.00010951 -0.01437524 -0.00000782
  d PZ   0.00005710 -0.00006755 -1.26654294


@       ATOMIC POLAR TENSOR FOR ATOM  H   3

              dX          dY          dZ

  d PX   0.00000000  0.00000000  0.00000000
  d PY   0.00007039  0.09595151 -0.17332917
  d PZ   0.00047421 -0.30351680  0.06027485


@       ATOMIC POLAR TENSOR FOR ATOM  H   4

              dX          dY          dZ

  d PX   0.00000000  0.00000000  0.00000000
  d PY   0.00009368  0.09596974  0.17333297
  d PZ  -0.00081037  0.30477760  0.05930706



 @ 
 @ GAPT Atomic Charges from => ATOMIC CHARGE FLUX TENSORS <=                  
 @ 
 @ J. Cioslowski, J. Am. Chem. Soc., 111(22), 8333-8336, 1989
 @ 

 -------------------------
 Atom  #     Charge / a.u.
 -------------------------
 O     1          0.323195
 C     2         -0.426973
 H     3          0.052075
 H     4          0.051759
 -------------------------
 Total Charge :   0.000057
 -------------------------


 ------------------------------------------------
 ----  CARTESIAN DIPOLE FLUX TENSORS (a.u.)  ----
 ------------------------------------------------


@       ATOMIC POLAR TENSOR FOR ATOM  O   1

              dX          dY          dZ

  d PX   0.80612721  0.00241864  0.00033796
  d PY   0.00246184  0.86001426  0.00056241
  d PZ   0.00001529  0.00120087 -0.87495731


@       ATOMIC POLAR TENSOR FOR ATOM  C   2

              dX          dY          dZ

  d PX  -0.93835776  0.00026581 -0.00051319
  d PY   0.00156925 -0.30126415  0.00350777
  d PZ   0.00007984  0.00001836  1.15145316


@       ATOMIC POLAR TENSOR FOR ATOM  H   3

              dX          dY          dZ

  d PX   0.06595788 -0.00131309 -0.00108634
  d PY  -0.00174533 -0.28141304  0.24999317
  d PZ  -0.00065240  0.43886046 -0.13884396


@       ATOMIC POLAR TENSOR FOR ATOM  H   4

              dX          dY          dZ

  d PX   0.06630384 -0.00127952  0.00091771
  d PY  -0.00265758 -0.27819458 -0.25236748
  d PZ   0.00076415 -0.44033404 -0.13769436



 @ 
 @ GAPT Atomic Charges from => ATOMIC DIPOLE FLUX TENSORS <=                  
 @ 
 @ J. Cioslowski, J. Am. Chem. Soc., 111(22), 8333-8336, 1989
 @ 

 -------------------------
 Atom  #     Charge / a.u.
 -------------------------
 O     1          0.263728
 C     2         -0.029390
 H     3         -0.118100
 H     4         -0.116528
 -------------------------
 Total Charge :  -0.000290
 -------------------------


 ---------------------------------------------------
 ----  CARTESIAN MOLECULAR POLAR TENSOR (a.u.)  ----
 ---------------------------------------------------


@       ATOMIC POLAR TENSOR FOR ATOM  O   1

              dX          dY          dZ

  d PX  -0.33110999  0.00241864  0.00033796
  d PY   0.00238014 -0.45464282  0.00056973
  d PZ   0.00010860  0.00020602 -0.86518902


@       ATOMIC POLAR TENSOR FOR ATOM  C   2

              dX          dY          dZ

  d PX   0.14181287  0.00026581 -0.00051319
  d PY   0.00145975  0.76453124  0.00349994
  d PZ   0.00013694 -0.00004919  0.96508085


@       ATOMIC POLAR TENSOR FOR ATOM  H   3

              dX          dY          dZ

  d PX   0.09449103 -0.00131309 -0.00108634
  d PY  -0.00167494 -0.15692839  0.07666401
  d PZ  -0.00017819  0.13534366 -0.05003596


@       ATOMIC POLAR TENSOR FOR ATOM  H   4

              dX          dY          dZ

  d PX   0.09484331 -0.00127952  0.00091771
  d PY  -0.00256390 -0.15368537 -0.07903451
  d PZ  -0.00004622 -0.13555644 -0.04984783



 @ 
 @ GAPT Atomic Charges from => TOTAL (C+CF+DF) ATOMIC POLAR TENSOR <=         
 @ 
 @ J. Cioslowski, J. Am. Chem. Soc., 111(22), 8333-8336, 1989
 @ 

 -------------------------
 Atom  #     Charge / a.u.
 -------------------------
 O     1         -0.550314
 C     2          0.623808
 H     3         -0.037491
 H     4         -0.036230
 -------------------------
 Total Charge :  -0.000227
 -------------------------




 ************************************
 *   OUTPUT FROM PROGRAM INFRAINT   *
 ************************************

 -----------------------------------------------------------------------------------
 ATOMIC CONTRIBUTIONS TO THE IR INTENSITIES

 Ax = K.( \sum_b{ (dPx^a/dxb).(dxb/dQj) +
                  (dPx^a/dyb).(dyb/dQj) +
                  (dPx^a/dzb).(dzb/dQj) } ).(dPx/dQj)

 Ay = K.( \sum_b{ (dPy^a/dxb).(dxb/dQj) +
                  (dPy^a/dyb).(dyb/dQj) +
                  (dPy^a/dzb).(dzb/dQj) } ).(dPy/dQj)

 Az = K.( \sum_b{ (dPz^a/dxb).(dxb/dQj) +
                  (dPz^a/dyb).(dyb/dQj) +
                  (dPz^a/dzb).(dzb/dQj) } ).(dPz/dQj)

  K = 974.864 km.amu / (mol.e^2)

 Px^a = x-component of the atomic dipole moment of atom a
 Py^a = y-component of the atomic dipole moment of atom a
 Pz^a = z-component of the atomic dipole moment of atom a

 xb = x-coordinate of atom b
 yb = y-coordinate of atom b
 zb = z-coordinate of atom b
 -----------------------------------------------------------------------------------

 -------------------------------------------------------------------------------------------------------------
 MODE # 1 ( 3020.92 cm-1)
 -------------------------------------------------------------------------------------------------------------

  ATOM         Ax          Ay          Az      (Ax + Ay + Az)
 O    1        0.00      -19.35       -0.00       -19.35
 C    2        0.00      203.33        0.00       203.33
 H    3       -0.00      -47.05        0.01       -47.05
 H    4       -0.00      -47.05       -0.01       -47.05

 ----------------------------------------------
  ATOM        C         CT        DP      TOTAL
 O    1      0.18     -0.00    -19.53    -19.35
 C    2     30.69     -0.00    172.64    203.33
 H    3     -4.79    -34.04     -8.22    -47.05
 H    4     -4.79    -34.04     -8.22    -47.05

 -------------------------------------------------------------------------------------------------------------
  ATOM       C.C      CT.CT     DP.DP      C.CT     CT.C       C.DP     DP.C      CT.DP     DP.CT     TOTAL
 O    1      0.04      0.00    -29.69     -0.13      0.00      0.27     -4.62     -0.00     14.79    -19.35
 C    2      7.27      0.00    262.52    -23.25      0.00     46.67     40.88     -0.00   -130.77    203.33
 H    3     -1.13     25.74    -12.50      3.63     -8.06     -7.28     -1.95    -51.71      6.23    -47.05
 H    4     -1.13     25.83    -12.49      3.63     -8.06     -7.29     -1.95    -51.81      6.22    -47.05
 -------------------------------------------------------------------------------------------------------------
 Total intensity =   89.88 km/mol
 -------------------------------------------------------------------------------------------------------------

 -------------------------------------------------------------------------------------------------------------
 MODE # 2 ( 2954.27 cm-1)
 -------------------------------------------------------------------------------------------------------------

  ATOM         Ax          Ay          Az      (Ax + Ay + Az)
 O    1        0.00        0.00       18.61        18.61
 C    2        0.00        0.00      212.85       212.85
 H    3        0.00       -0.27      -84.91       -85.19
 H    4       -0.00        0.27      -84.92       -84.65

 ----------------------------------------------
  ATOM        C         CT        DP      TOTAL
 O    1     -0.07    -19.55     38.23     18.61
 C    2     15.07     59.67    138.11    212.85
 H    3     -2.40    -78.86     -3.92    -85.19
 H    4     -2.37    -78.38     -3.90    -84.65

 -------------------------------------------------------------------------------------------------------------
  ATOM       C.C      CT.CT     DP.DP      C.CT     CT.C       C.DP     DP.C      CT.DP     DP.CT     TOTAL
 O    1     -0.01     37.16    104.56      0.14     -3.24     -0.20      6.34    -53.47    -72.67     18.61
 C    2      2.50   -113.41    377.68    -28.63      9.90     41.20     22.92    163.18   -262.48    212.85
 H    3     -0.40    149.41    -10.71      4.53    -13.05     -6.53     -0.65   -215.23      7.43    -85.19
 H    4     -0.40    149.44    -10.68      4.53    -13.05     -6.51     -0.65   -214.77      7.43    -84.65
 -------------------------------------------------------------------------------------------------------------
 Total intensity =   61.63 km/mol
 -------------------------------------------------------------------------------------------------------------

 -------------------------------------------------------------------------------------------------------------
 MODE # 3 ( 1803.02 cm-1)
 -------------------------------------------------------------------------------------------------------------

  ATOM         Ax          Ay          Az      (Ax + Ay + Az)
 O    1       -0.00        0.00        5.64         5.64
 C    2        0.00        0.00      -31.77       -31.77
 H    3        0.00       -0.30       56.79        56.49
 H    4        0.00        0.30       56.78        57.08

 ----------------------------------------------
  ATOM        C         CT        DP      TOTAL
 O    1     49.63    -93.62     49.63      5.64
 C    2     68.08   -131.14     31.29    -31.77
 H    3     -0.83     61.21     -3.89     56.49
 H    4     -0.82     61.73     -3.83     57.08

 -------------------------------------------------------------------------------------------------------------
  ATOM       C.C      CT.CT     DP.DP      C.CT     CT.C       C.DP     DP.C      CT.DP     DP.CT     TOTAL
 O    1     65.88    109.02     41.54    -57.80   -124.27     41.55     65.88    -78.37    -57.79      5.64
 C    2     90.37    152.72     26.20    -79.28   -174.08     56.99     41.53   -109.78    -36.44    -31.77
 H    3     -1.10    -71.58     -3.26      0.96     81.60     -0.70     -5.12     51.20      4.50     56.49
 H    4     -1.10    -71.58     -3.20      0.96     81.60     -0.68     -5.13     51.72      4.50     57.08
 -------------------------------------------------------------------------------------------------------------
 Total intensity =   87.44 km/mol
 -------------------------------------------------------------------------------------------------------------

 -------------------------------------------------------------------------------------------------------------
 MODE # 4 ( 1544.57 cm-1)
 -------------------------------------------------------------------------------------------------------------

  ATOM         Ax          Ay          Az      (Ax + Ay + Az)
 O    1        0.00       -0.00       -4.21        -4.21
 C    2        0.00        0.01       15.88        15.89
 H    3       -0.00       -0.21        0.44         0.23
 H    4       -0.00        0.21        0.44         0.65

 ----------------------------------------------
  ATOM        C         CT        DP      TOTAL
 O    1     10.41    -10.93     -3.69     -4.21
 C    2      1.54     -2.28     16.63     15.89
 H    3      1.81     -6.67      5.09      0.23
 H    4      1.85     -6.43      5.22      0.65

 -------------------------------------------------------------------------------------------------------------
  ATOM       C.C      CT.CT     DP.DP      C.CT     CT.C       C.DP     DP.C      CT.DP     DP.CT     TOTAL
 O    1     12.96     22.94     -6.84    -21.84    -13.61     19.30     -4.59    -20.27      7.74     -4.21
 C    2      1.91      4.79     30.82     -3.23     -2.84      2.85     20.69     -4.23    -34.88     15.89
 H    3      2.28     13.74      9.49     -3.84     -8.15      3.37      6.42    -12.26    -10.81      0.23
 H    4      2.28     13.74      9.62     -3.84     -8.15      3.42      6.42    -12.02    -10.82      0.65
 -------------------------------------------------------------------------------------------------------------
 Total intensity =   12.55 km/mol
 -------------------------------------------------------------------------------------------------------------

 -------------------------------------------------------------------------------------------------------------
 MODE # 5 ( 1275.36 cm-1)
 -------------------------------------------------------------------------------------------------------------

  ATOM         Ax          Ay          Az      (Ax + Ay + Az)
 O    1       -0.00      -12.31       -0.00       -12.31
 C    2        0.00        8.13        0.00         8.14
 H    3        0.00        7.67       -0.02         7.66
 H    4        0.00        7.67        0.02         7.69

 ----------------------------------------------
  ATOM        C         CT        DP      TOTAL
 O    1      8.08     -0.00    -20.39    -12.31
 C    2     14.30     -0.00     -6.17      8.14
 H    3     -0.64      8.56     -0.26      7.66
 H    4     -0.64      8.58     -0.25      7.69

 -------------------------------------------------------------------------------------------------------------
  ATOM       C.C      CT.CT     DP.DP      C.CT     CT.C       C.DP     DP.C      CT.DP     DP.CT     TOTAL
 O    1     15.27      0.00     49.43     12.40     -0.00    -19.59    -38.53     -0.00    -31.29    -12.31
 C    2     27.02      0.00     14.95     21.95     -0.00    -34.67    -11.65     -0.00     -9.47      8.14
 H    3     -1.21     13.22      0.59     -0.97     16.19      1.54     -0.48    -20.86     -0.37      7.66
 H    4     -1.21     13.08      0.65     -0.99     16.19      1.57     -0.49    -20.69     -0.42      7.69
 -------------------------------------------------------------------------------------------------------------
 Total intensity =   11.17 km/mol
 -------------------------------------------------------------------------------------------------------------

 -------------------------------------------------------------------------------------------------------------
 MODE # 6 ( 1203.82 cm-1)
 -------------------------------------------------------------------------------------------------------------

  ATOM         Ax          Ay          Az      (Ax + Ay + Az)
 O    1        6.42       -0.00        0.00         6.42
 C    2        0.27        0.01        0.00         0.28
 H    3       -0.24       -0.00        0.00        -0.24
 H    4       -0.24       -0.00       -0.00        -0.24

 ----------------------------------------------
  ATOM        C         CT        DP      TOTAL
 O    1     -3.20     -0.00      9.62      6.42
 C    2    -12.46      0.00     12.74      0.28
 H    3      1.32     -0.00     -1.57     -0.24
 H    4      1.32     -0.00     -1.56     -0.24

 -------------------------------------------------------------------------------------------------------------
  ATOM       C.C      CT.CT     DP.DP      C.CT     CT.C       C.DP     DP.C      CT.DP     DP.CT     TOTAL
 O    1      6.69     -0.00     29.76     -0.00     -0.00     -9.89    -20.14      0.00      0.00      6.42
 C    2     26.09      0.00     39.40      0.00      0.00    -38.55    -26.66     -0.00     -0.00      0.28
 H    3     -2.77      0.00     -4.84     -0.00      0.00      4.09      3.28     -0.00     -0.00     -0.24
 H    4     -2.77     -0.00     -4.84     -0.00     -0.00      4.09      3.28     -0.00      0.00     -0.24
 -------------------------------------------------------------------------------------------------------------
 Total intensity =    6.22 km/mol
 -------------------------------------------------------------------------------------------------------------

 -------------------------------------------------------------------------------------------------------------
 MODE # 7 (   40.09 cm-1)
 -------------------------------------------------------------------------------------------------------------

  ATOM         Ax          Ay          Az      (Ax + Ay + Az)
 O    1       -0.00        0.00        0.00         0.00
 C    2        0.00        0.00        0.00         0.00
 H    3        0.01       -0.00       -0.00         0.01
 H    4       -0.01        0.00       -0.00        -0.01

 ----------------------------------------------
  ATOM        C         CT        DP      TOTAL
 O    1      0.00      0.00     -0.00      0.00
 C    2     -0.00     -0.00      0.00      0.00
 H    3     -0.00     -0.00      0.01      0.01
 H    4      0.00      0.00     -0.01     -0.01

 -------------------------------------------------------------------------------------------------------------
  ATOM       C.C      CT.CT     DP.DP      C.CT     CT.C       C.DP     DP.C      CT.DP     DP.CT     TOTAL
 O    1     -0.00     -0.00     -0.00     -0.00     -0.00      0.00      0.00      0.00      0.00      0.00
 C    2      0.00      0.00      0.00      0.00      0.00     -0.00      0.00     -0.00     -0.00      0.00
 H    3     -0.00      0.00      0.01      0.00     -0.00     -0.00      0.00     -0.00     -0.00      0.01
 H    4      0.00      0.00     -0.01      0.00      0.00      0.00     -0.00     -0.00     -0.00     -0.01
 -------------------------------------------------------------------------------------------------------------
 Total intensity =    0.00 km/mol
 -------------------------------------------------------------------------------------------------------------

 -------------------------------------------------------------------------------------------------------------
 MODE # 8 (    6.86 cm-1)
 -------------------------------------------------------------------------------------------------------------

  ATOM         Ax          Ay          Az      (Ax + Ay + Az)
 O    1        0.00       20.99        0.00        20.99
 C    2        0.00       -9.25       -0.00        -9.25
 H    3        0.00       -0.59        0.00        -0.59
 H    4        0.00       -0.59       -0.00        -0.59

 ----------------------------------------------
  ATOM        C         CT        DP      TOTAL
 O    1     27.29     -0.00     -6.30     20.99
 C    2      0.81     -0.00    -10.06     -9.25
 H    3      0.36      0.01     -0.96     -0.59
 H    4      0.36      0.01     -0.96     -0.59

 -------------------------------------------------------------------------------------------------------------
  ATOM       C.C      CT.CT     DP.DP      C.CT     CT.C       C.DP     DP.C      CT.DP     DP.CT     TOTAL
 O    1     74.57      0.00     10.93      0.04     -0.00    -47.31    -17.22     -0.00     -0.01     20.99
 C    2      2.22      0.00     17.45      0.00     -0.00     -1.41    -27.49     -0.00     -0.01     -9.25
 H    3      0.99     -0.00      1.68      0.00      0.02     -0.63     -2.63     -0.01     -0.01     -0.59
 H    4      0.99      0.00      1.66     -0.00      0.02     -0.62     -2.63     -0.01      0.01     -0.59
 -------------------------------------------------------------------------------------------------------------
 Total intensity =   10.55 km/mol
 -------------------------------------------------------------------------------------------------------------

 -------------------------------------------------------------------------------------------------------------
 MODE # 9 (    2.75 cm-1)
 -------------------------------------------------------------------------------------------------------------

  ATOM         Ax          Ay          Az      (Ax + Ay + Az)
 O    1        4.80       -0.00       -0.00         4.80
 C    2       -4.07        0.00        0.00        -4.07
 H    3       -0.12       -0.00        0.00        -0.12
 H    4       -0.12       -0.00        0.00        -0.12

 ----------------------------------------------
  ATOM        C         CT        DP      TOTAL
 O    1      5.09      0.00     -0.29      4.80
 C    2     -3.60     -0.00     -0.47     -4.07
 H    3     -0.08     -0.00     -0.04     -0.12
 H    4     -0.08     -0.00     -0.04     -0.12

 -------------------------------------------------------------------------------------------------------------
  ATOM       C.C      CT.CT     DP.DP      C.CT     CT.C       C.DP     DP.C      CT.DP     DP.CT     TOTAL
 O    1     14.03     -0.00      0.51      0.00     -0.00     -8.95     -0.80      0.00     -0.00      4.80
 C    2     -9.93      0.00      0.82     -0.00      0.00      6.33     -1.29     -0.00     -0.00     -4.07
 H    3     -0.22     -0.00      0.08     -0.00      0.00      0.14     -0.12     -0.00     -0.00     -0.12
 H    4     -0.22      0.00      0.08     -0.00      0.00      0.14     -0.12     -0.00     -0.00     -0.12
 -------------------------------------------------------------------------------------------------------------
 Total intensity =    0.48 km/mol
 -------------------------------------------------------------------------------------------------------------

 -------------------------------------------------------------------------------------------------------------
 MODE #10 (    0.89 cm-1)
 -------------------------------------------------------------------------------------------------------------

  ATOM         Ax          Ay          Az      (Ax + Ay + Az)
 O    1        0.00       -0.00        0.00         0.00
 C    2       -0.00        0.00       -0.00        -0.00
 H    3       -0.00        0.00       -0.00        -0.00
 H    4       -0.00        0.00       -0.00        -0.00

 ----------------------------------------------
  ATOM        C         CT        DP      TOTAL
 O    1      0.00     -0.00     -0.00      0.00
 C    2     -0.00      0.00     -0.00     -0.00
 H    3     -0.00      0.00     -0.00     -0.00
 H    4     -0.00      0.00     -0.00     -0.00

 -------------------------------------------------------------------------------------------------------------
  ATOM       C.C      CT.CT     DP.DP      C.CT     CT.C       C.DP     DP.C      CT.DP     DP.CT     TOTAL
 O    1      0.01      0.00      0.00     -0.00      0.00     -0.01     -0.00     -0.00     -0.00      0.00
 C    2     -0.01     -0.00      0.00      0.00     -0.00      0.00     -0.00      0.00      0.00     -0.00
 H    3     -0.00     -0.00      0.00      0.00      0.00      0.00     -0.00      0.00     -0.00     -0.00
 H    4     -0.00      0.00      0.00      0.00      0.00      0.00     -0.00      0.00      0.00     -0.00
 -------------------------------------------------------------------------------------------------------------
 Total intensity =    0.00 km/mol
 -------------------------------------------------------------------------------------------------------------

 -------------------------------------------------------------------------------------------------------------
 MODE #11 (    5.55 cm-1)
 -------------------------------------------------------------------------------------------------------------

  ATOM         Ax          Ay          Az      (Ax + Ay + Az)
 O    1        0.00       -8.15       -0.00        -8.15
 C    2        0.00       14.70        0.00        14.70
 H    3        0.00        0.16        0.00         0.16
 H    4        0.00        0.16       -0.00         0.16

 ----------------------------------------------
  ATOM        C         CT        DP      TOTAL
 O    1     -4.04      0.00     -4.11     -8.15
 C    2     21.28     -0.00     -6.58     14.70
 H    3      0.78      0.01     -0.63      0.16
 H    4      0.78      0.01     -0.63      0.16

 -------------------------------------------------------------------------------------------------------------
  ATOM       C.C      CT.CT     DP.DP      C.CT     CT.C       C.DP     DP.C      CT.DP     DP.CT     TOTAL
 O    1    -11.05     -0.00      7.16     -0.01      0.00      7.02    -11.26      0.00     -0.01     -8.15
 C    2     58.28      0.00     11.46      0.04     -0.00    -37.03    -18.03     -0.00     -0.01     14.70
 H    3      2.15     -0.00      1.10      0.00      0.02     -1.37     -1.72     -0.01     -0.01      0.16
 H    4      2.15      0.00      1.09     -0.00      0.02     -1.36     -1.72     -0.01      0.00      0.16
 -------------------------------------------------------------------------------------------------------------
 Total intensity =    6.87 km/mol
 -------------------------------------------------------------------------------------------------------------

 -------------------------------------------------------------------------------------------------------------
 MODE #12 (   17.63 cm-1)
 -------------------------------------------------------------------------------------------------------------

  ATOM         Ax          Ay          Az      (Ax + Ay + Az)
 O    1        9.63        0.00       -0.00         9.63
 C    2       10.08        0.00        0.00        10.09
 H    3       -0.38       -0.00        0.00        -0.38
 H    4       -0.38       -0.00       -0.00        -0.38

 ----------------------------------------------
  ATOM        C         CT        DP      TOTAL
 O    1     21.06      0.00    -11.43      9.63
 C    2     28.51      0.00    -18.42     10.09
 H    3      1.37     -0.00     -1.74     -0.38
 H    4      1.37     -0.00     -1.75     -0.38

 -------------------------------------------------------------------------------------------------------------
  ATOM       C.C      CT.CT     DP.DP      C.CT     CT.C       C.DP     DP.C      CT.DP     DP.CT     TOTAL
 O    1     58.09      0.00     20.10     -0.00      0.00    -37.03    -31.53     -0.00     -0.00      9.63
 C    2     78.64      0.00     32.40      0.00      0.00    -50.13    -50.82     -0.00     -0.00     10.09
 H    3      3.78      0.00      3.07      0.00     -0.00     -2.41     -4.81     -0.00     -0.00     -0.38
 H    4      3.78     -0.00      3.07      0.00     -0.00     -2.41     -4.81     -0.00      0.00     -0.38
 -------------------------------------------------------------------------------------------------------------
 Total intensity =   18.96 km/mol
 -------------------------------------------------------------------------------------------------------------

 -----------------------------------------------------------------------------------
 DYNAMIC CONTRIBUTIONS TO THE IR INTENSITIES

 Ax = K.( (dPx/dxa).(dxa/dQj) +
          (dPx/dya).(dya/dQj) +
          (dPx/dza).(dza/dQj) ).(dPx/dQj)

 Ay = K.( (dPy/dxa).(dxa/dQj) +
          (dPy/dya).(dya/dQj) +
          (dPy/dza).(dza/dQj) ).(dPy/dQj)

 Az = K.( (dPz/dxa).(dxa/dQj) +
          (dPz/dya).(dya/dQj) +
          (dPz/dza).(dza/dQj) ).(dPz/dQj)

  K = 974.864 km.amu / (mol.e^2)

 Px = x-component of the molecular dipole moment
 Py = y-component of the molecular dipole moment
 Pz = z-component of the molecular dipole moment

 xa = x-coordinate of atom a
 ya = y-coordinate of atom a
 za = z-coordinate of atom a
 -----------------------------------------------------------------------------------

 -------------------------------------------------------------------------------------------------------------
 MODE # 1 ( 3020.92 cm-1)
 -------------------------------------------------------------------------------------------------------------

  ATOM         Ax          Ay          Az      (Ax + Ay + Az)
 O    1       -0.00        0.07       -0.00         0.07
 C    2        0.00       21.72       -0.00        21.72
 H    3        0.00       34.20       -0.00        34.19
 H    4        0.00       33.89        0.00        33.89

 ----------------------------------------------
  ATOM        C         CT        DP      TOTAL
 O    1      0.18      0.03     -0.13      0.07
 C    2     30.69     -0.41     -8.56     21.72
 H    3     -4.79    -33.84     72.82     34.19
 H    4     -4.79    -33.86     72.54     33.89

 -------------------------------------------------------------------------------------------------------------
  ATOM       C.C      CF.CF     DF.DF      C.CF     CF.C       C.DF     DF.C      CF.DF     DF.CF     TOTAL
 O    1      0.04     -0.02     -0.20     -0.13      0.01      0.27     -0.03      0.04      0.10      0.07
 C    2      7.27      0.31    -13.02    -23.25     -0.10     46.67     -2.03     -0.62      6.48     21.72
 H    3     -1.13     25.57    110.64      3.63     -8.02     -7.28     17.25    -51.40    -55.06     34.19
 H    4     -1.13     25.71    110.42      3.63     -8.02     -7.29     17.18    -51.55    -55.05     33.89
 -------------------------------------------------------------------------------------------------------------
 Total intensity =   89.88 km/mol
 -------------------------------------------------------------------------------------------------------------

 -------------------------------------------------------------------------------------------------------------
 MODE # 2 ( 2954.27 cm-1)
 -------------------------------------------------------------------------------------------------------------

  ATOM         Ax          Ay          Az      (Ax + Ay + Az)
 O    1       -0.00       -0.00       -0.06        -0.06
 C    2       -0.00       -0.00       13.46        13.46
 H    3       -0.00        0.11       24.10        24.21
 H    4        0.00       -0.11       24.12        24.01

 ----------------------------------------------
  ATOM        C         CT        DP      TOTAL
 O    1     -0.07      0.07     -0.06     -0.06
 C    2     15.07    -17.67     16.06     13.46
 H    3     -2.40    -49.82     76.43     24.21
 H    4     -2.37    -49.71     76.09     24.01

 -------------------------------------------------------------------------------------------------------------
  ATOM       C.C      CF.CF     DF.DF      C.CF     CF.C       C.DF     DF.C      CF.DF     DF.CF     TOTAL
 O    1     -0.01     -0.14     -0.15      0.14      0.01     -0.20     -0.01      0.20      0.11     -0.06
 C    2      2.50     33.57     43.92    -28.63     -2.93     41.20      2.66    -48.31    -30.52     13.46
 H    3     -0.40     94.48    208.59      4.53     -8.25     -6.53     12.64   -136.04   -144.81     24.21
 H    4     -0.40     94.69    208.49      4.53     -8.27     -6.51     12.66   -136.13   -145.06     24.01
 -------------------------------------------------------------------------------------------------------------
 Total intensity =   61.63 km/mol
 -------------------------------------------------------------------------------------------------------------

 -------------------------------------------------------------------------------------------------------------
 MODE # 3 ( 1803.02 cm-1)
 -------------------------------------------------------------------------------------------------------------

  ATOM         Ax          Ay          Az      (Ax + Ay + Az)
 O    1        0.00       -0.00       37.76        37.76
 C    2        0.00        0.00       60.83        60.83
 H    3       -0.00        0.03       -5.57        -5.54
 H    4        0.00       -0.03       -5.58        -5.61

 ----------------------------------------------
  ATOM        C         CT        DP      TOTAL
 O    1     49.63    -50.06     38.18     37.76
 C    2     68.08    -79.83     72.58     60.83
 H    3     -0.83     13.99    -18.69     -5.54
 H    4     -0.82     14.08    -18.87     -5.61

 -------------------------------------------------------------------------------------------------------------
  ATOM       C.C      CF.CF     DF.DF      C.CF     CF.C       C.DF     DF.C      CF.DF     DF.CF     TOTAL
 O    1     65.88     58.29     31.96    -57.80    -66.45     41.55     50.69    -41.90    -44.47     37.76
 C    2     90.37     92.96     60.76    -79.28   -105.97     56.99     96.34    -66.83    -84.52     60.83
 H    3     -1.10    -16.29    -15.64      0.96     18.57     -0.70    -24.86     11.71     21.81     -5.54
 H    4     -1.10    -16.40    -15.80      0.96     18.69     -0.68    -25.00     11.79     21.94     -5.61
 -------------------------------------------------------------------------------------------------------------
 Total intensity =   87.44 km/mol
 -------------------------------------------------------------------------------------------------------------

 -------------------------------------------------------------------------------------------------------------
 MODE # 4 ( 1544.57 cm-1)
 -------------------------------------------------------------------------------------------------------------

  ATOM         Ax          Ay          Az      (Ax + Ay + Az)
 O    1        0.00        0.00        7.92         7.92
 C    2        0.00       -0.00        1.37         1.37
 H    3        0.00        0.01        1.61         1.63
 H    4       -0.00       -0.01        1.63         1.62

 ----------------------------------------------
  ATOM        C         CT        DP      TOTAL
 O    1     10.41    -10.50      8.01      7.92
 C    2      1.54     -1.80      1.64      1.37
 H    3      1.81     -6.79      6.61      1.63
 H    4      1.85     -7.22      7.00      1.62

 -------------------------------------------------------------------------------------------------------------
  ATOM       C.C      CF.CF     DF.DF      C.CF     CF.C       C.DF     DF.C      CF.DF     DF.CF     TOTAL
 O    1     12.96     22.03     14.85    -21.84    -13.07     19.30      9.97    -19.46    -16.81      7.92
 C    2      1.91      3.78      3.04     -3.23     -2.24      2.85      2.04     -3.34     -3.44      1.37
 H    3      2.28     14.59     12.36     -3.84     -8.65      3.37      8.38    -12.72    -14.13      1.63
 H    4      2.28     14.81     12.85     -3.84     -8.79      3.42      8.54    -13.25    -14.40      1.62
 -------------------------------------------------------------------------------------------------------------
 Total intensity =   12.55 km/mol
 -------------------------------------------------------------------------------------------------------------

 -------------------------------------------------------------------------------------------------------------
 MODE # 5 ( 1275.36 cm-1)
 -------------------------------------------------------------------------------------------------------------

  ATOM         Ax          Ay          Az      (Ax + Ay + Az)
 O    1       -0.00        3.23       -0.00         3.23
 C    2        0.00       10.12       -0.00        10.12
 H    3        0.00       -0.99       -0.00        -0.98
 H    4        0.00       -1.20        0.00        -1.20

 ----------------------------------------------
  ATOM        C         CT        DP      TOTAL
 O    1      8.08      1.26     -6.11      3.23
 C    2     14.30     -0.19     -3.99     10.12
 H    3     -0.64      8.04     -8.38     -0.98
 H    4     -0.64      8.03     -8.59     -1.20

 -------------------------------------------------------------------------------------------------------------
  ATOM       C.C      CF.CF     DF.DF      C.CF     CF.C       C.DF     DF.C      CF.DF     DF.CF     TOTAL
 O    1     15.27      1.93     14.81     12.40      2.38    -19.59    -11.55     -3.06     -9.38      3.23
 C    2     27.02     -0.29      9.67     21.95     -0.36    -34.67     -7.54      0.46     -6.12     10.12
 H    3     -1.21     12.31     20.30     -0.97     15.18      1.54    -15.83    -19.45    -12.85     -0.98
 H    4     -1.21     12.35     20.84     -0.99     15.18      1.57    -16.23    -19.50    -13.20     -1.20
 -------------------------------------------------------------------------------------------------------------
 Total intensity =   11.17 km/mol
 -------------------------------------------------------------------------------------------------------------

 -------------------------------------------------------------------------------------------------------------
 MODE # 6 ( 1203.82 cm-1)
 -------------------------------------------------------------------------------------------------------------

  ATOM         Ax          Ay          Az      (Ax + Ay + Az)
 O    1       -0.93       -0.00       -0.00        -0.93
 C    2       -1.64        0.00        0.00        -1.64
 H    3        4.38        0.00        0.00         4.38
 H    4        4.40        0.00        0.00         4.40

 ----------------------------------------------
  ATOM        C         CT        DP      TOTAL
 O    1     -3.20      0.00      2.27     -0.93
 C    2    -12.46     -0.00     10.82     -1.64
 H    3      1.32     -0.00      3.06      4.38
 H    4      1.32     -0.00      3.08      4.40

 -------------------------------------------------------------------------------------------------------------
  ATOM       C.C      CF.CF     DF.DF      C.CF     CF.C       C.DF     DF.C      CF.DF     DF.CF     TOTAL
 O    1      6.69     -0.00      7.01     -0.00     -0.00     -9.89     -4.74      0.00      0.00     -0.93
 C    2     26.09      0.00     33.49      0.00      0.00    -38.55    -22.66     -0.00     -0.00     -1.64
 H    3     -2.77     -0.00      9.47     -0.00     -0.00      4.09     -6.40     -0.00     -0.00      4.38
 H    4     -2.77      0.00      9.52     -0.00      0.00      4.09     -6.44     -0.00     -0.00      4.40
 -------------------------------------------------------------------------------------------------------------
 Total intensity =    6.22 km/mol
 -------------------------------------------------------------------------------------------------------------

 -------------------------------------------------------------------------------------------------------------
 MODE # 7 (   40.09 cm-1)
 -------------------------------------------------------------------------------------------------------------

  ATOM         Ax          Ay          Az      (Ax + Ay + Az)
 O    1       -0.00       -0.00        0.00         0.00
 C    2        0.00        0.00       -0.00        -0.00
 H    3       -0.02       -0.00        0.00        -0.02
 H    4        0.02        0.00       -0.00         0.02

 ----------------------------------------------
  ATOM        C         CT        DP      TOTAL
 O    1      0.00     -0.00      0.00      0.00
 C    2     -0.00      0.00     -0.00     -0.00
 H    3     -0.00     -0.00     -0.01     -0.02
 H    4      0.00     -0.00      0.01      0.02

 -------------------------------------------------------------------------------------------------------------
  ATOM       C.C      CF.CF     DF.DF      C.CF     CF.C       C.DF     DF.C      CF.DF     DF.CF     TOTAL
 O    1     -0.00      0.00      0.00     -0.00      0.00      0.00     -0.00     -0.00     -0.00      0.00
 C    2      0.00     -0.00     -0.00      0.00     -0.00     -0.00      0.00      0.00      0.00     -0.00
 H    3     -0.00      0.00     -0.01      0.00      0.00     -0.00     -0.00     -0.00     -0.00     -0.02
 H    4      0.00      0.00      0.01      0.00      0.00      0.00      0.00     -0.00     -0.00      0.02
 -------------------------------------------------------------------------------------------------------------
 Total intensity =    0.00 km/mol
 -------------------------------------------------------------------------------------------------------------

 -------------------------------------------------------------------------------------------------------------
 MODE # 8 (    6.86 cm-1)
 -------------------------------------------------------------------------------------------------------------

  ATOM         Ax          Ay          Az      (Ax + Ay + Az)
 O    1        0.00       10.91        0.00        10.91
 C    2       -0.00        0.58       -0.00         0.58
 H    3        0.00       -0.50       -0.00        -0.50
 H    4        0.00       -0.44        0.00        -0.44

 ----------------------------------------------
  ATOM        C         CT        DP      TOTAL
 O    1     27.29      4.26    -20.64     10.91
 C    2      0.81     -0.01     -0.23      0.58
 H    3      0.36     -2.14      1.28     -0.50
 H    4      0.36     -2.09      1.29     -0.44

 -------------------------------------------------------------------------------------------------------------
  ATOM       C.C      CF.CF     DF.DF      C.CF     CF.C       C.DF     DF.C      CF.DF     DF.CF     TOTAL
 O    1     74.57      0.01     35.78      0.04     11.63    -47.31    -56.39     -7.38     -0.03     10.91
 C    2      2.22     -0.00      0.39      0.00     -0.03     -1.41     -0.62      0.02      0.00      0.58
 H    3      0.99     -0.02     -2.25      0.00     -5.86     -0.63      3.52      3.74      0.02     -0.50
 H    4      0.99      0.01     -2.21     -0.00     -5.70     -0.62      3.52      3.60     -0.01     -0.44
 -------------------------------------------------------------------------------------------------------------
 Total intensity =   10.55 km/mol
 -------------------------------------------------------------------------------------------------------------

 -------------------------------------------------------------------------------------------------------------
 MODE # 9 (    2.75 cm-1)
 -------------------------------------------------------------------------------------------------------------

  ATOM         Ax          Ay          Az      (Ax + Ay + Az)
 O    1        1.48        0.00       -0.00         1.48
 C    2       -0.47        0.00        0.00        -0.47
 H    3       -0.26        0.00       -0.00        -0.26
 H    4       -0.26       -0.00       -0.00        -0.26

 ----------------------------------------------
  ATOM        C         CT        DP      TOTAL
 O    1      5.09      0.00     -3.61      1.48
 C    2     -3.60     -0.00      3.13     -0.47
 H    3     -0.08     -0.00     -0.18     -0.26
 H    4     -0.08      0.00     -0.18     -0.26

 -------------------------------------------------------------------------------------------------------------
  ATOM       C.C      CF.CF     DF.DF      C.CF     CF.C       C.DF     DF.C      CF.DF     DF.CF     TOTAL
 O    1     14.03     -0.00      6.34      0.00     -0.00     -8.95     -9.95      0.00      0.00      1.48
 C    2     -9.93      0.00     -5.50     -0.00      0.00      6.33      8.63     -0.00     -0.00     -0.47
 H    3     -0.22      0.00      0.32     -0.00      0.00      0.14     -0.51     -0.00     -0.00     -0.26
 H    4     -0.22     -0.00      0.32     -0.00     -0.00      0.14     -0.51      0.00      0.00     -0.26
 -------------------------------------------------------------------------------------------------------------
 Total intensity =    0.48 km/mol
 -------------------------------------------------------------------------------------------------------------

 -------------------------------------------------------------------------------------------------------------
 MODE #10 (    0.89 cm-1)
 -------------------------------------------------------------------------------------------------------------

  ATOM         Ax          Ay          Az      (Ax + Ay + Az)
 O    1        0.00       -0.00        0.00         0.00
 C    2       -0.00        0.00       -0.00         0.00
 H    3       -0.00        0.01        0.00         0.01
 H    4       -0.00       -0.01        0.00        -0.01

 ----------------------------------------------
  ATOM        C         CT        DP      TOTAL
 O    1      0.00     -0.00     -0.00      0.00
 C    2     -0.00      0.00      0.00      0.00
 H    3     -0.00     -0.01      0.02      0.01
 H    4     -0.00      0.01     -0.02     -0.01

 -------------------------------------------------------------------------------------------------------------
  ATOM       C.C      CF.CF     DF.DF      C.CF     CF.C       C.DF     DF.C      CF.DF     DF.CF     TOTAL
 O    1      0.01      0.00      0.01     -0.00     -0.00     -0.01     -0.01     -0.00     -0.00      0.00
 C    2     -0.01     -0.00     -0.01      0.00     -0.00      0.00      0.01      0.00      0.00      0.00
 H    3     -0.00      0.00      0.01      0.00     -0.01      0.00      0.01     -0.00     -0.00      0.01
 H    4     -0.00      0.00     -0.01      0.00      0.01      0.00     -0.01      0.00     -0.00     -0.01
 -------------------------------------------------------------------------------------------------------------
 Total intensity =    0.00 km/mol
 -------------------------------------------------------------------------------------------------------------

 -------------------------------------------------------------------------------------------------------------
 MODE #11 (    5.55 cm-1)
 -------------------------------------------------------------------------------------------------------------

  ATOM         Ax          Ay          Az      (Ax + Ay + Az)
 O    1       -0.00       -1.61       -0.00        -1.61
 C    2       -0.00       15.06        0.00        15.06
 H    3        0.00       -3.36       -0.00        -3.37
 H    4        0.00       -3.22        0.00        -3.21

 ----------------------------------------------
  ATOM        C         CT        DP      TOTAL
 O    1     -4.04     -0.63      3.05     -1.61
 C    2     21.28     -0.28     -5.94     15.06
 H    3      0.78      0.50     -4.65     -3.37
 H    4      0.78      0.42     -4.42     -3.21

 -------------------------------------------------------------------------------------------------------------
  ATOM       C.C      CF.CF     DF.DF      C.CF     CF.C       C.DF     DF.C      CF.DF     DF.CF     TOTAL
 O    1    -11.05     -0.00     -5.31     -0.01     -1.72      7.02      8.36      1.10      0.01     -1.61
 C    2     58.28      0.00     10.33      0.04     -0.78    -37.03    -16.26      0.49     -0.01     15.06
 H    3      2.15     -0.05      8.00      0.00      1.35     -1.37    -12.71     -0.81      0.05     -3.37
 H    4      2.15      0.05      7.78     -0.00      1.18     -1.36    -12.13     -0.80     -0.07     -3.21
 -------------------------------------------------------------------------------------------------------------
 Total intensity =    6.87 km/mol
 -------------------------------------------------------------------------------------------------------------

 -------------------------------------------------------------------------------------------------------------
 MODE #12 (   17.63 cm-1)
 -------------------------------------------------------------------------------------------------------------

  ATOM         Ax          Ay          Az      (Ax + Ay + Az)
 O    1        6.13        0.00       -0.00         6.13
 C    2        3.74       -0.00        0.00         3.74
 H    3        4.53        0.00        0.00         4.54
 H    4        4.55        0.00        0.00         4.55

 ----------------------------------------------
  ATOM        C         CT        DP      TOTAL
 O    1     21.06      0.00    -14.93      6.13
 C    2     28.51      0.00    -24.76      3.74
 H    3      1.37     -0.00      3.17      4.54
 H    4      1.37      0.00      3.18      4.55

 -------------------------------------------------------------------------------------------------------------
  ATOM       C.C      CF.CF     DF.DF      C.CF     CF.C       C.DF     DF.C      CF.DF     DF.CF     TOTAL
 O    1     58.09      0.00     26.25     -0.00      0.00    -37.03    -41.18     -0.00     -0.00      6.13
 C    2     78.64     -0.00     43.55      0.00     -0.00    -50.13    -68.31      0.00      0.00      3.74
 H    3      3.78     -0.00     -5.57      0.00     -0.00     -2.41      8.73     -0.00     -0.00      4.54
 H    4      3.78      0.00     -5.59      0.00      0.00     -2.41      8.78      0.00     -0.00      4.55
 -------------------------------------------------------------------------------------------------------------
 Total intensity =   18.96 km/mol
 -------------------------------------------------------------------------------------------------------------



********************************************************************************
 THEORY LEVEL OF THE DIPOLE MOMENT: MP2                            
********************************************************************************



          Dipole Moment / a.u. (Atomic Contrib.)
          --------------------------------------
          Charge        Dipole        Total
          --------------------------------------
     X    0.00000000    0.00004259    0.00004259
     Y   -0.00001118   -0.00004039   -0.00005157
     Z   -2.65465348    1.69386365   -0.96078984

  Norm    2.65465348    1.69386365    0.96078984
          --------------------------------------



          Dipole Moment / Debye (Atomic Contrib.)
          --------------------------------------
          Charge        Dipole        Total
          --------------------------------------
     X    0.00000000    0.00010825    0.00010825
     Y   -0.00002842   -0.00010267   -0.00013109
     Z   -6.74751859    4.30541180   -2.44210679

  Norm    6.74751859    4.30541180    2.44210679
          --------------------------------------




 ------------------------------------------------------- 
 MOLECULAR CHARGE TENSOR IN THE NORMAL COORDINATES BASIS 
 units = e / sqrt(amu)                                      
 ------------------------------------------------------- 

         d Q  1      d Q  2      d Q  3      d Q  4      d Q  5
  d PX   0.00000000  0.00000127 -0.00000222  0.00000395 -0.00000001
  d PY  -0.07190716  0.00000032  0.00000253 -0.00000406 -0.20223566
  d PZ   0.00000409 -0.04171933  0.39753327  0.14117715 -0.00000330
  Norm   0.07190716  0.04171933  0.39753327  0.14117715  0.20223566


         d Q  6      d Q  7      d Q  8      d Q  9      d Q 10
  d PX  -0.16716443  0.00000439  0.00000216 -0.06129553  0.00200176
  d PY   0.00000002 -0.00000359  0.28423321 -0.00002210  0.00027818
  d PZ  -0.00000241 -0.00000110 -0.00000268 -0.00000182  0.00000010
  Norm   0.16716443  0.00000578  0.28423321  0.06129553  0.00202100


         d Q 11      d Q 12
  d PX  -0.00000571  0.38470650
  d PY   0.22988190 -0.00000315
  d PZ  -0.00000012 -0.00000036
  Norm   0.22988190  0.38470650



 ------------------------------------------------------------ 
 MOLECULAR CHARGE FLUX TENSOR IN THE NORMAL COORDINATES BASIS 
 units = e / sqrt(amu)                                      
 ------------------------------------------------------------ 

         d Q  1      d Q  2      d Q  3      d Q  4      d Q  5
  d PX   0.00000000  0.00000000  0.00000000  0.00000000  0.00000000
  d PY   0.22999537  0.00002168  0.00000060 -0.00000600 -0.16426190
  d PZ   0.00036721  0.47784653 -0.34875120 -0.23797976  0.00075729
  Norm   0.22999567  0.47784653  0.34875120  0.23797976  0.16426364


         d Q  6      d Q  7      d Q  8      d Q  9      d Q 10
  d PX   0.00000000  0.00000000  0.00000000  0.00000000  0.00000000
  d PY   0.00011105  0.00001641  0.00014275 -0.00001262  0.00000162
  d PZ  -0.00019891 -0.00090350  0.00057863 -0.00001073  0.00001149
  Norm   0.00022781  0.00090365  0.00059598  0.00001656  0.00001160


         d Q 11      d Q 12
  d PX   0.00000000  0.00000000
  d PY   0.00014308  0.00004779
  d PZ   0.00050939 -0.00011797
  Norm   0.00052910  0.00012728



 ------------------------------------------------------------ 
 MOLECULAR DIPOLE FLUX TENSOR IN THE NORMAL COORDINATES BASIS 
 units = e / sqrt(amu)                                      
 ------------------------------------------------------------ 

         d Q  1      d Q  2      d Q  3      d Q  4      d Q  5
  d PX  -0.00080201 -0.00001170 -0.00013490 -0.00015074 -0.00155511
  d PY  -0.46172779  0.00090593  0.00147872 -0.00241434  0.25945591
  d PZ  -0.00041188 -0.68755549  0.25070363  0.21022562 -0.00088500
  Norm   0.46172867  0.68755609  0.25070803  0.21023953  0.25946208


         d Q  6      d Q  7      d Q  8      d Q  9      d Q 10
  d PX   0.24699423  0.00024378 -0.00127506  0.03908075 -0.00133991
  d PY  -0.00276707 -0.00064047 -0.18034940  0.00020466  0.00012315
  d PZ   0.00004551  0.00099662 -0.00068948  0.00002422 -0.00001223
  Norm   0.24700974  0.00120950  0.18035522  0.03908129  0.00134561


         d Q 11      d Q 12
  d PX  -0.00100375 -0.24525024
  d PY  -0.14607151 -0.00158338
  d PZ  -0.00061066  0.00004933
  Norm   0.14607623  0.24525535



 ------------------------------------------------------ 
 MOLECULAR POLAR TENSOR IN THE NORMAL COORDINATES BASIS 
 units = e / sqrt(amu)                                      
 ------------------------------------------------------ 

         d Q  1      d Q  2      d Q  3      d Q  4      d Q  5
  d PX  -0.00080201 -0.00001043 -0.00013711 -0.00014678 -0.00155513
  d PY  -0.30363957  0.00092793  0.00148185 -0.00242440 -0.10704165
  d PZ  -0.00004057 -0.25142830  0.29948570  0.11342301 -0.00013101
  Norm   0.30364064  0.25143001  0.29948940  0.11344901  0.10705303


         d Q  6      d Q  7      d Q  8      d Q  9      d Q 10
  d PX   0.07982980  0.00024816 -0.00127289 -0.02221478  0.00066185
  d PY  -0.00265601 -0.00062766  0.10402656  0.00016995  0.00040294
  d PZ  -0.00015581  0.00009202 -0.00011353  0.00001168 -0.00000065
  Norm   0.07987413  0.00068118  0.10403441  0.02221543  0.00077486


         d Q 11      d Q 12
  d PX  -0.00100946  0.13945626
  d PY   0.08395346 -0.00153874
  d PZ  -0.00010139 -0.00006900
  Norm   0.08395959  0.13946477



   Vibrational Frequencies and IR Intensities
   ------------------------------------------

  ============================================================
  mode    frequency          IR intensity      Boltzmann(298K)
  ============================================================
       cm-1    hartrees     km/mol  (D/A)**2/amu
  ------------------------------------------------------------
   1  3020.92   0.013764      89.880    2.1271    0.999999533
   2  2954.27   0.013461      61.628    1.4585    0.999999356
   3  1803.02   0.008215      87.439    2.0693    0.999833543
   4  1544.57   0.007038      12.547    0.2969    0.999420630
   5  1275.36   0.005811      11.172    0.2644    0.997876018
   6  1203.82   0.005485       6.220    0.1472    0.997000189
   7    40.09   0.000183       0.000    0.0000    0.175899800
   8     6.86   0.000031      10.551    0.2497    0.032582378
   9     2.75   0.000013       0.481    0.0114    0.013166313
  10     0.89   0.000004       0.001    0.0000    0.004295736
  11     5.55   0.000025       6.872    0.1626    0.026437742
  12    17.63   0.000080      18.962    0.4487    0.081572397
  -----------------------------------------------------------




      Host name     : trapista                                
      Date and time : Sat Nov 20 19:02:40 2021



      **************************************
      ****  END OF PLACZEK CALCULATION  ****
      **************************************


