

 **************************************
 *                                    *
 *    OUTPUT FROM PROGRAM PLACZEK     *
 *                                    *
 **************************************
                                                             
 *  A Program Designed to Compute Infrared and Raman Spectra 
 *                                                           
 *  Written by Luciano N. Vidal                              
 *  Universidade Tecnologica Federal do Parana, Brazil       
 *                                                           
 *  If results obtained with this code are published,        
 *  an appropriate citation would be:                        
 *                                                           
 ** For Raman Properties:                                    
 *                                                           
 *  Vidal, L.N., P.A.M. Vazquez; Quim. Nova, 26(4), (2003), 507-511
 *  Vidal, L.N., P.A.M. Vazquez; Int. J. Quant. Chem., 103(5), (2005), 632-648
 *                                                           
 ** For Infrared Properties:                                 
 *                                                           
 *  Faria, S.H.D.M., da Silva Jr., J.V., Haiduke, R.L.A., Vidal, L.N.,
 *  Vazquez, P.A.M., Bruns, R.E.; J. Phys. Chem. A, 111, (2007), 7870-7875
 *                                                           
 *  NOTE:                                                    
 *                                                           
 *  This is an experimental code. The author accept no responsibility for the
 *  performance of the code or for the correctness of the results. Report
 *  bugs to lnvidal@utfpr.edu.br                          
 *                                                           
 *****************************
 * Release date: August.2020 *
 *****************************

       RUNCTRL OPTIONS
       ===============

       REMOTE   = F
       RESTART  = F
       FRIEND   = AIMAll              

       USE SYMMETRY  = F


       VIBANA OPTIONS
       ==============

       HF    = F
       MP2   = F
       CCS   = F
       CC2   = F
       CCSD  = F
       QCISD = F
       DHF   = F
       DFT   = F

       DALHESS    = F
       GAMHESS    = F
       GAUSHES    = T
       C4HESS     = F
       GRADHESS   = F

       RUN        = F


       INFRARED OPTIONS
       ================


       HF    = F
       MP2   = T
       CCS   = F
       CC2   = F
       CCSD  = F
       QCISD = F
       DHF   = F
       DFT   = F


       RUN  = T

       ANGSTROM = T


       OVERTONES = F

       EXPENSIVE DERIVATIVES = F


 *************************************
 **** OUTPUT FROM PROGRAM ROTOANA ****
 *************************************

 ------------------------------------------------------
 - ROTATIONAL ANALYSIS WAS DONE USING FRIEND.INP FILE -
 ------------------------------------------------------
                             x            y            z
 * Center of Mass (in A):    0.000000     0.000000    -1.286635

 Inertia Tensor (in u*A^2)
 ------------------------- 
                   x              y              z
  x       481.541276       0.000000       0.000000
  y         0.000000      80.413096       0.000000
  z         0.000000       0.000000     401.128180

 Principal Moments and Principal Axes of Inertia
 -----------------------------------------------
                                 x       y       z
 IA  =     80.413096  u*A^2    ( 0.0000  1.0000  0.0000 )
 IB  =    401.128180  u*A^2    ( 0.0000  0.0000  1.0000 )
 IC  =    481.541276  u*A^2    ( 1.0000  0.0000  0.0000 )

 Principal Cartesian Coordinates 
 ------------------------------- 
       x                    y                    z
C      0.000000000000000    1.502098823026145    0.000000000000000
Br     0.000000000000000   -0.491677522685252   -3.012565499608593
Br     0.000000000000000   -0.491677522685252    3.012565499608593
O      0.000000000000000    3.724906196846372    0.000000000000000

 * Molecule Recognized as Non-Linear

 Rotational Constants
 --------------------
 A =         6284.79 MHz     (        0.209638 cm-1)
 B =         1259.89 MHz     (        0.042026 cm-1)
 C =         1049.50 MHz     (        0.035008 cm-1)
 * The molecule is an Asymmetric Top
 * The molecule is Planar

 Atom  Z   Isotopic Mass   Abundance        x             y             z
 C     6.      12.000000    98.900 %        0.000000      0.000000     -0.491759
 Br   35.      78.918336    50.690 %        0.000000     -1.594181     -1.546820
 Br   35.      78.918336    50.690 %        0.000000      1.594181     -1.546820
 O     8.      15.994915    99.762 %        0.000000      0.000000      0.684500

 Total mass:         185.831587 amu
 Natural abundance:   25.352 %


 **************************************
 **** OUTPUT FROM PROGRAM SYMMETRY ****
 **************************************

 * Threshold to consider two distances equal (angstrom) : 5.00D-03

 * Threshold to consider two inertia moments equal : 1.00D-01


 * The following coordinates were used to locate the point group : 
   (center of mass in the origin)

   #  Atom  Z   Isotopic Mass        x             y             z
   1    C   6.      12.000000        0.000000      0.000000      0.794876
   2    Br 35.      78.918336        0.000000     -1.594181     -0.260185
   3    Br 35.      78.918336        0.000000      1.594181     -0.260185
   4    O   8.      15.994915        0.000000      0.000000      1.971135

 Interatomic distances (in A) 
 ---------------------------- 
            1 C      2 Br     3 Br     4 O 
   1 C    0.0000   1.9117   1.9117   1.1763
   2 Br   1.9117   0.0000   3.1884   2.7423
   3 Br   1.9117   3.1884   0.0000   2.7423
   4 O    1.1763   2.7423   2.7423   0.0000


 Symmetrically Equivalent Atoms (SEA): 
 -------------------------------------   
 Set | # Atoms | SEA 
   1 |     1   |    1

   2 |     2   |    2   3

   3 |     1   |    4


 * The number of C_n^k axes found is :  1
   ---------------------------------
 Cn-Axis   n   k   theta         Direction (x y z)
    1      2   1     180    0.00000   0.00000  -1.00000

 * The number of reflexion planes found is :  2
   ---------------------------------------
 Plane    Normal vector (x y z)
   1      0.00000  -1.00000   0.00000
   2      1.00000   0.00000   0.00000

 --------------------
 * Point group found: C2v 
 --------------------

 * Order of the group:    4

 * The number of atoms is:    4

 ************************************
 **** OUTPUT FROM PROGRAM VIBANA ****
 ************************************


 @ MOLECULAR HESSIAN READ FROM GAUSSIAN.log FILE                                


                         ==========================
                         =  ENERGY HESSIAN (a.u.) =
                         ==========================


                                1 C                           2 Br
                        X         Y         Z         X         Y         Z
                        1         2         3         4         5         6
         X   1   0.107452  0.000000  0.000003 -0.028297 -0.000001 -0.000001
   1 C   Y   2   0.000000  0.252845 -0.000010  0.000000 -0.090275 -0.033067
         Z   3   0.000003 -0.000010  0.936331 -0.000002 -0.025128 -0.037658

         X   4  -0.028297  0.000000 -0.000002  0.007458  0.000000  0.000000
   2 Br  Y   5  -0.000001 -0.090275 -0.025128  0.000000  0.128647  0.064513
         Z   6  -0.000001 -0.033067 -0.037658  0.000000  0.064513  0.074695

         X   7  -0.028297  0.000000 -0.000001  0.007443  0.000000  0.000000
   3 Br  Y   8   0.000001 -0.090284  0.025127  0.000000 -0.032789  0.003049
         Z   9  -0.000001  0.033076 -0.037657  0.000000 -0.003049  0.004492

         X  10  -0.050887  0.000000  0.000023  0.013421 -0.000007 -0.000007
   4 O   Y  11   0.000000 -0.072307  0.000003  0.000000 -0.005570 -0.034495
         Z  12   0.000000  0.000000 -0.860976  0.000002 -0.036331 -0.041547


                                3 Br                          4 O 
                        X         Y         Z         X         Y         Z
                        7         8         9        10        11        12
         X   1  -0.028297  0.000001 -0.000001 -0.050887  0.000000  0.000000
   1 C   Y   2   0.000000 -0.090284  0.033076  0.000000 -0.072307  0.000000
         Z   3  -0.000001  0.025127 -0.037657  0.000023  0.000003 -0.860976

         X   4   0.007443  0.000000  0.000000  0.013421  0.000000  0.000002
   2 Br  Y   5   0.000000 -0.032789 -0.003049 -0.000007 -0.005570 -0.036331
         Z   6   0.000000  0.003049  0.004492 -0.000007 -0.034495 -0.041547

         X   7   0.007458  0.000000  0.000000  0.013421  0.000000  0.000002
   3 Br  Y   8   0.000000  0.128646 -0.064512  0.000007 -0.005568  0.036331
         Z   9   0.000000 -0.064512  0.074695 -0.000007  0.034493 -0.041547

         X  10   0.013421  0.000007 -0.000007  0.024026  0.000000 -0.000008
   4 O   Y  11   0.000000 -0.005568  0.034493  0.000000  0.083451  0.000000
         Z  12   0.000002  0.036331 -0.041547 -0.000008  0.000000  0.944064



 @  VIBRATIONAL FREQUENCIES  ( in cm-1 )               
    NORMAL COORDINATES       ( in bohr*sqrt(amu) ) and 
    REDUCED MASSES           ( in amu )                


 ----------------------------------------------------------------
 MODE #                 1         2         3         4         5
 VIB FREQ         1863.34    786.27    530.47    442.53    363.36 

 REDMASS          13.4228   12.5853   12.6363   17.7336   20.0041

 ----------------------------------------------------------------
         X   1   0.000000 -0.000000  0.264714  0.000024 -0.000000
   1 C   Y   2  -0.000002  0.273169 -0.000000  0.000010  0.044917
         Z   3   0.219013 -0.000005 -0.000007  0.162233 -0.000002

         X   4  -0.000000 -0.000000 -0.010602 -0.000000 -0.000000
   2 Br  Y   5   0.000040 -0.014044  0.000001 -0.027886 -0.024830
         Z   6  -0.000144 -0.004331  0.000001 -0.028932 -0.032249

         X   7  -0.000000 -0.000000 -0.010602 -0.000000 -0.000000
   3 Br  Y   8  -0.000040 -0.014046 -0.000001  0.027882 -0.024831
         Z   9  -0.000144  0.004333  0.000001 -0.028930  0.032250

         X  10   0.000003 -0.000000 -0.094014  0.000021 -0.000000
   4 O   Y  11   0.000000 -0.066368  0.000000 -0.000002  0.211326
         Z  12  -0.162890 -0.000008 -0.000008  0.163833 -0.000002
 ----------------------------------------------------------------

 ----------------------------------------------------------------
 MODE #                 6         7         8         9        10
 VIB FREQ          184.99      2.25      1.85      1.55      0.36 

 REDMASS          53.2308   78.9104   73.0743   58.4749   46.6522

 ----------------------------------------------------------------
         X   1   0.000001  0.000083  0.000130  0.059151 -0.008186
   1 C   Y   2   0.000000 -0.000007 -0.010680 -0.000064 -0.001652
         Z   3   0.060574  0.000880  0.000541  0.010090  0.072613

         X   4   0.000000 -0.079485  0.000187  0.076298 -0.009649
   2 Br  Y   5   0.074553 -0.000012 -0.050647  0.000093 -0.000813
         Z   6  -0.010809  0.000888  0.060917  0.009859  0.071354

         X   7   0.000001  0.079697  0.000146  0.075817 -0.011510
   3 Br  Y   8  -0.074553 -0.000012 -0.050647  0.000096 -0.000790
         Z   9  -0.010809  0.000873 -0.059832  0.010339  0.073922

         X  10   0.000002  0.000057  0.000088  0.040312 -0.005518
   4 O   Y  11  -0.000000 -0.000001  0.033897 -0.000241 -0.002600
         Z  12   0.061376  0.000880  0.000542  0.010090  0.072615
 ----------------------------------------------------------------

 ----------------------------------
 MODE #                11        12
 VIB FREQ            1.22i    10.43i
 REDMASS          35.6373   16.0327
 ----------------------------------
         X   1  -0.000103  0.098457
   1 C   Y   2   0.081104 -0.000000
         Z   3   0.001561 -0.000047

         X   4  -0.000119 -0.018068
   2 Br  Y   5   0.054369  0.000002
         Z   6   0.041933 -0.000024

         X   7  -0.000149 -0.018068
   3 Br  Y   8   0.054371 -0.000003
         Z   9  -0.038816 -0.000024

         X  10  -0.000068  0.228091
   4 O   Y  11   0.110908 -0.000000
         Z  12   0.001561 -0.000043
 ----------------------------------

 -------------------------------------------
 ----  CARTESIAN CHARGE TENSORS (a.u.)  ----
 -------------------------------------------


@       ATOMIC POLAR TENSOR FOR ATOM  C   1

              dX          dY          dZ

  d PX   1.13823492  0.00000000  0.00000000
  d PY   0.00000000  1.13823492  0.00000000
  d PZ   0.00000000  0.00000000  1.13823492


@       ATOMIC POLAR TENSOR FOR ATOM  Br  2

              dX          dY          dZ

  d PX   0.00163745  0.00000000  0.00000000
  d PY   0.00000000  0.00163745  0.00000000
  d PZ   0.00000000  0.00000000  0.00163745


@       ATOMIC POLAR TENSOR FOR ATOM  Br  3

              dX          dY          dZ

  d PX   0.00163503  0.00000000  0.00000000
  d PY   0.00000000  0.00163503  0.00000000
  d PZ   0.00000000  0.00000000  0.00163503


@       ATOMIC POLAR TENSOR FOR ATOM  O   4

              dX          dY          dZ

  d PX  -1.14141988  0.00000000  0.00000000
  d PY   0.00000000 -1.14141988  0.00000000
  d PZ   0.00000000  0.00000000 -1.14141988



 @ 
 @ GAPT Atomic Charges from => ATOMIC CHARGE TENSORS <=                       
 @ 
 @ J. Cioslowski, J. Am. Chem. Soc., 111(22), 8333-8336, 1989
 @ 

 -------------------------
 Atom  #     Charge / a.u.
 -------------------------
 C     1          1.138235
 Br    2          0.001637
 Br    3          0.001635
 O     4         -1.141420
 -------------------------
 Total Charge :   0.000088
 -------------------------


 ------------------------------------------------
 ----  CARTESIAN CHARGE FLUX TENSORS (a.u.)  ----
 ------------------------------------------------


@       ATOMIC POLAR TENSOR FOR ATOM  C   1

              dX          dY          dZ

  d PX   0.00000000  0.00000000  0.00000000
  d PY  -0.00008242  3.01382437  0.00007772
  d PZ   0.00197763 -0.00852189 -0.02950295


@       ATOMIC POLAR TENSOR FOR ATOM  Br  2

              dX          dY          dZ

  d PX   0.00000000  0.00000000  0.00000000
  d PY   0.00000383 -1.24447500 -0.63006473
  d PZ  -0.00075909 -0.35011768 -0.32792456


@       ATOMIC POLAR TENSOR FOR ATOM  Br  3

              dX          dY          dZ

  d PX   0.00000000  0.00000000  0.00000000
  d PY   0.00000494 -1.24454666  0.62993209
  d PZ   0.00067051  0.34893371 -0.33331122


@       ATOMIC POLAR TENSOR FOR ATOM  O   4

              dX          dY          dZ

  d PX   0.00000000  0.00000000  0.00000000
  d PY   0.00007349 -0.52464704  0.00001706
  d PZ  -0.00026393  0.00516821  0.69163870



 @ 
 @ GAPT Atomic Charges from => ATOMIC CHARGE FLUX TENSORS <=                  
 @ 
 @ J. Cioslowski, J. Am. Chem. Soc., 111(22), 8333-8336, 1989
 @ 

 -------------------------
 Atom  #     Charge / a.u.
 -------------------------
 C     1          0.994774
 Br    2         -0.524133
 Br    3         -0.525953
 O     4          0.055664
 -------------------------
 Total Charge :   0.000352
 -------------------------


 ------------------------------------------------
 ----  CARTESIAN DIPOLE FLUX TENSORS (a.u.)  ----
 ------------------------------------------------


@       ATOMIC POLAR TENSOR FOR ATOM  C   1

              dX          dY          dZ

  d PX  -1.00864221 -0.01493608 -0.00165985
  d PY  -0.01147436 -1.95194034 -0.00522301
  d PZ  -0.00119375 -0.00749549  0.51403267


@       ATOMIC POLAR TENSOR FOR ATOM  Br  2

              dX          dY          dZ

  d PX   0.02407725  0.00042787  0.00071878
  d PY  -0.00056953  0.47852009  0.28438326
  d PZ  -0.00395137  0.05997712  0.15704066


@       ATOMIC POLAR TENSOR FOR ATOM  Br  3

              dX          dY          dZ

  d PX   0.02771918 -0.00258579  0.00344639
  d PY   0.00025020  0.46615793 -0.26800212
  d PZ   0.00366720 -0.07488561  0.16955129


@       ATOMIC POLAR TENSOR FOR ATOM  O   4

              dX          dY          dZ

  d PX   0.95856977  0.01598781 -0.00026905
  d PY   0.01707599  1.00456622  0.01429490
  d PZ   0.00008558 -0.00504988 -0.84147475



 @ 
 @ GAPT Atomic Charges from => ATOMIC DIPOLE FLUX TENSORS <=                  
 @ 
 @ J. Cioslowski, J. Am. Chem. Soc., 111(22), 8333-8336, 1989
 @ 

 -------------------------
 Atom  #     Charge / a.u.
 -------------------------
 C     1         -0.815517
 Br    2          0.219879
 Br    3          0.221143
 O     4          0.373887
 -------------------------
 Total Charge :  -0.000607
 -------------------------


 ---------------------------------------------------
 ----  CARTESIAN MOLECULAR POLAR TENSOR (a.u.)  ----
 ---------------------------------------------------


@       ATOMIC POLAR TENSOR FOR ATOM  C   1

              dX          dY          dZ

  d PX   0.12959272 -0.01493608 -0.00165985
  d PY  -0.01155678  2.20011895 -0.00514529
  d PZ   0.00078388 -0.01601738  1.62276464


@       ATOMIC POLAR TENSOR FOR ATOM  Br  2

              dX          dY          dZ

  d PX   0.02571470  0.00042787  0.00071878
  d PY  -0.00056570 -0.76431746 -0.34568147
  d PZ  -0.00471046 -0.29014056 -0.16924645


@       ATOMIC POLAR TENSOR FOR ATOM  Br  3

              dX          dY          dZ

  d PX   0.02935422 -0.00258579  0.00344639
  d PY   0.00025514 -0.77675369  0.36192997
  d PZ   0.00433771  0.27404810 -0.16212490


@       ATOMIC POLAR TENSOR FOR ATOM  O   4

              dX          dY          dZ

  d PX  -0.18285010  0.01598781 -0.00026905
  d PY   0.01714948 -0.66150070  0.01431196
  d PZ  -0.00017835  0.00011832 -1.29125592



 @ 
 @ GAPT Atomic Charges from => TOTAL (C+CF+DF) ATOMIC POLAR TENSOR <=         
 @ 
 @ J. Cioslowski, J. Am. Chem. Soc., 111(22), 8333-8336, 1989
 @ 

 -------------------------
 Atom  #     Charge / a.u.
 -------------------------
 C     1          1.317492
 Br    2         -0.302616
 Br    3         -0.303175
 O     4         -0.711869
 -------------------------
 Total Charge :  -0.000168
 -------------------------




 ************************************
 *   OUTPUT FROM PROGRAM INFRAINT   *
 ************************************

 -----------------------------------------------------------------------------------
 ATOMIC CONTRIBUTIONS TO THE IR INTENSITIES

 Ax = K.( \sum_b{ (dPx^a/dxb).(dxb/dQj) +
                  (dPx^a/dyb).(dyb/dQj) +
                  (dPx^a/dzb).(dzb/dQj) } ).(dPx/dQj)

 Ay = K.( \sum_b{ (dPy^a/dxb).(dxb/dQj) +
                  (dPy^a/dyb).(dyb/dQj) +
                  (dPy^a/dzb).(dzb/dQj) } ).(dPy/dQj)

 Az = K.( \sum_b{ (dPz^a/dxb).(dxb/dQj) +
                  (dPz^a/dyb).(dyb/dQj) +
                  (dPz^a/dzb).(dzb/dQj) } ).(dPz/dQj)

  K = 974.864 km.amu / (mol.e^2)

 Px^a = x-component of the atomic dipole moment of atom a
 Py^a = y-component of the atomic dipole moment of atom a
 Pz^a = z-component of the atomic dipole moment of atom a

 xb = x-coordinate of atom b
 yb = y-coordinate of atom b
 zb = z-coordinate of atom b
 -----------------------------------------------------------------------------------

 -------------------------------------------------------------------------------------------------------------
 MODE # 1 ( 1863.34 cm-1)
 -------------------------------------------------------------------------------------------------------------

  ATOM         Ax          Ay          Az      (Ax + Ay + Az)
 C    1        0.00        0.01       15.38        15.40
 Br   2       -0.00       -0.96      121.95       120.99
 Br   3        0.00        0.96      121.95       122.91
 O    4       -0.00        0.00       52.76        52.76

 ----------------------------------------------
  ATOM        C         CT        DP      TOTAL
 C    1    137.49   -242.83    120.73     15.40
 Br   2     -0.00    178.56    -57.56    120.99
 Br   3     -0.00    180.82    -57.91    122.91
 O    4    102.55   -182.21    132.43     52.76

 -------------------------------------------------------------------------------------------------------------
  ATOM       C.C      CT.CT     DP.DP      C.CT     CT.C       C.DP     DP.C      CT.DP     DP.CT     TOTAL
 C    1    105.77     51.10     53.27    -28.93   -186.80     60.66     92.86   -107.13    -25.40     15.40
 Br   2     -0.00    -37.81    -25.30      0.00    138.23     -0.00    -44.42     78.14     12.15    120.99
 Br   3     -0.00    -37.81    -25.65      0.00    138.22     -0.00    -44.42     80.41     12.15    122.91
 O    4     78.88     38.34     58.42    -21.58   -140.17     45.24    101.87    -80.39    -27.87     52.76
 -------------------------------------------------------------------------------------------------------------
 Total intensity =  312.06 km/mol
 -------------------------------------------------------------------------------------------------------------

 -------------------------------------------------------------------------------------------------------------
 MODE # 2 (  786.27 cm-1)
 -------------------------------------------------------------------------------------------------------------

  ATOM         Ax          Ay          Az      (Ax + Ay + Az)
 C    1        0.03       97.58        0.02        97.62
 Br   2        0.00      199.52       -1.64       197.88
 Br   3        0.00      199.52        1.64       201.16
 O    4       -0.00      -59.50        0.00       -59.50

 ----------------------------------------------
  ATOM        C         CT        DP      TOTAL
 C    1    202.97      0.01   -105.36     97.62
 Br   2     -0.01    291.51    -93.62    197.88
 Br   3     -0.02    295.03    -93.85    201.16
 O    4     49.45     -0.00   -108.96    -59.50

 -------------------------------------------------------------------------------------------------------------
  ATOM       C.C      CT.CT     DP.DP      C.CT     CT.C       C.DP     DP.C      CT.DP     DP.CT     TOTAL
 C    1    117.20      0.01     96.91    272.35     -0.00   -186.58    -60.85      0.00   -141.42     97.62
 Br   2     -0.01    392.37     86.20     -0.02    169.33      0.01    -54.12   -270.19   -125.70    197.88
 Br   3     -0.01    394.67     86.13     -0.02    169.34      0.01    -54.12   -268.98   -125.85    201.16
 O    4     28.55     -0.00    100.16     66.35      0.00    -45.46    -62.91     -0.00   -146.20    -59.50
 -------------------------------------------------------------------------------------------------------------
 Total intensity =  437.15 km/mol
 -------------------------------------------------------------------------------------------------------------

 -------------------------------------------------------------------------------------------------------------
 MODE # 3 (  530.47 cm-1)
 -------------------------------------------------------------------------------------------------------------

  ATOM         Ax          Ay          Az      (Ax + Ay + Az)
 C    1        5.55        0.02        0.00         5.57
 Br   2       -0.48        0.00       -0.00        -0.48
 Br   3       -0.48       -0.00        0.00        -0.48
 O    4       -2.05        0.00        0.00        -2.05

 ----------------------------------------------
  ATOM        C         CT        DP      TOTAL
 C    1     14.95      0.00     -9.39      5.57
 Br   2     -0.00      0.00     -0.48     -0.48
 Br   3     -0.00      0.00     -0.48     -0.48
 O    4      5.33     -0.00     -7.38     -2.05

 -------------------------------------------------------------------------------------------------------------
  ATOM       C.C      CT.CT     DP.DP      C.CT     CT.C       C.DP     DP.C      CT.DP     DP.CT     TOTAL
 C    1    120.01      0.00     66.11     -0.00      0.00   -105.06    -75.50     -0.00     -0.00      5.57
 Br   2     -0.01     -0.00      3.39      0.00     -0.00      0.01     -3.87      0.00      0.00     -0.48
 Br   3     -0.01      0.00      3.39      0.00      0.00      0.01     -3.87      0.00      0.00     -0.48
 O    4     42.74     -0.00     51.85      0.00     -0.00    -37.42    -59.23      0.00     -0.00     -2.05
 -------------------------------------------------------------------------------------------------------------
 Total intensity =    2.55 km/mol
 -------------------------------------------------------------------------------------------------------------

 -------------------------------------------------------------------------------------------------------------
 MODE # 4 (  442.53 cm-1)
 -------------------------------------------------------------------------------------------------------------

  ATOM         Ax          Ay          Az      (Ax + Ay + Az)
 C    1        0.00        0.00       11.68        11.68
 Br   2       -0.00        0.03        1.97         2.00
 Br   3        0.00       -0.03        1.97         1.94
 O    4        0.00       -0.00       -9.84        -9.84

 ----------------------------------------------
  ATOM        C         CT        DP      TOTAL
 C    1     13.87     -3.19      1.01     11.68
 Br   2     -0.00      6.57     -4.57      2.00
 Br   3     -0.00      6.44     -4.50      1.94
 O    4    -14.04      1.23      2.98     -9.84

 -------------------------------------------------------------------------------------------------------------
  ATOM       C.C      CT.CT     DP.DP      C.CT     CT.C       C.DP     DP.C      CT.DP     DP.CT     TOTAL
 C    1     -0.44     -6.10     -0.88     26.49      0.10    -12.18     -0.03      2.81      1.92     11.68
 Br   2      0.00     12.44      3.95     -0.01     -0.20      0.00      0.14     -5.66     -8.67      2.00
 Br   3      0.00     12.43      4.02     -0.01     -0.21      0.00      0.14     -5.77     -8.66      1.94
 O    4      0.44      2.34     -2.62    -26.83     -0.04     12.34     -0.09     -1.08      5.70     -9.84
 -------------------------------------------------------------------------------------------------------------
 Total intensity =    5.79 km/mol
 -------------------------------------------------------------------------------------------------------------

 -------------------------------------------------------------------------------------------------------------
 MODE # 5 (  363.36 cm-1)
 -------------------------------------------------------------------------------------------------------------

  ATOM         Ax          Ay          Az      (Ax + Ay + Az)
 C    1        0.01        2.35        0.00         2.36
 Br   2       -0.00        0.59       -0.00         0.59
 Br   3        0.00        0.59        0.00         0.59
 O    4       -0.00       -3.13       -0.00        -3.13

 ----------------------------------------------
  ATOM        C         CT        DP      TOTAL
 C    1      1.00     -0.00      1.36      2.36
 Br   2     -0.00      1.24     -0.65      0.59
 Br   3     -0.00      1.25     -0.66      0.59
 O    4     -4.73      0.00      1.60     -3.13

 -------------------------------------------------------------------------------------------------------------
  ATOM       C.C      CT.CT     DP.DP      C.CT     CT.C       C.DP     DP.C      CT.DP     DP.CT     TOTAL
 C    1     -9.48      0.00      5.59      6.33     -0.00      4.15    -12.74     -0.00      8.51      2.36
 Br   2      0.01      7.89     -2.69     -0.01    -11.77     -0.00      6.21      5.12     -4.17      0.59
 Br   3      0.01      7.82     -2.75     -0.00    -11.77     -0.00      6.21      5.19     -4.12      0.59
 O    4     44.72     -0.00      6.63    -29.85      0.00    -19.60    -15.13      0.00     10.10     -3.13
 -------------------------------------------------------------------------------------------------------------
 Total intensity =    0.40 km/mol
 -------------------------------------------------------------------------------------------------------------

 -------------------------------------------------------------------------------------------------------------
 MODE # 6 (  184.99 cm-1)
 -------------------------------------------------------------------------------------------------------------

  ATOM         Ax          Ay          Az      (Ax + Ay + Az)
 C    1        0.00        0.00       -1.19        -1.18
 Br   2        0.00        0.02        0.12         0.13
 Br   3        0.00       -0.02        0.12         0.10
 O    4       -0.00       -0.00        1.32         1.32

 ----------------------------------------------
  ATOM        C         CT        DP      TOTAL
 C    1     -1.31     -0.08      0.20     -1.18
 Br   2      0.00      0.09      0.05      0.13
 Br   3      0.00      0.10     -0.00      0.10
 O    4      1.33     -0.02      0.02      1.32

 -------------------------------------------------------------------------------------------------------------
  ATOM       C.C      CT.CT     DP.DP      C.CT     CT.C       C.DP     DP.C      CT.DP     DP.CT     TOTAL
 C    1     -0.08     -0.02      0.15     -0.29     -0.00     -0.94      0.01     -0.06      0.04     -1.18
 Br   2      0.00      0.02      0.04      0.00      0.01      0.00      0.00      0.06      0.01      0.13
 Br   3      0.00      0.02     -0.01      0.00      0.01      0.00      0.00      0.07      0.00      0.10
 O    4      0.08     -0.01      0.01      0.29     -0.00      0.96      0.00     -0.02      0.00      1.32
 -------------------------------------------------------------------------------------------------------------
 Total intensity =    0.37 km/mol
 -------------------------------------------------------------------------------------------------------------

 -------------------------------------------------------------------------------------------------------------
 MODE # 7 (    2.25 cm-1)
 -------------------------------------------------------------------------------------------------------------

  ATOM         Ax          Ay          Az      (Ax + Ay + Az)
 C    1        0.00        0.00        0.00         0.00
 Br   2        0.00       -0.00       -0.00         0.00
 Br   3       -0.00        0.00       -0.00        -0.00
 O    4       -0.00        0.00       -0.00        -0.00

 ----------------------------------------------
  ATOM        C         CT        DP      TOTAL
 C    1      0.00      0.00      0.00      0.00
 Br   2     -0.00     -0.00      0.00      0.00
 Br   3      0.00     -0.00     -0.00     -0.00
 O    4     -0.00     -0.00     -0.00     -0.00

 -------------------------------------------------------------------------------------------------------------
  ATOM       C.C      CT.CT     DP.DP      C.CT     CT.C       C.DP     DP.C      CT.DP     DP.CT     TOTAL
 C    1      0.00      0.00      0.00      0.00      0.00      0.00      0.00      0.00      0.00      0.00
 Br   2     -0.00     -0.00      0.00      0.00      0.00     -0.00      0.00     -0.00      0.00      0.00
 Br   3      0.00     -0.00     -0.00      0.00     -0.00      0.00     -0.00     -0.00      0.00     -0.00
 O    4     -0.00     -0.00     -0.00     -0.00     -0.00     -0.00     -0.00     -0.00      0.00     -0.00
 -------------------------------------------------------------------------------------------------------------
 Total intensity =    0.00 km/mol
 -------------------------------------------------------------------------------------------------------------

 -------------------------------------------------------------------------------------------------------------
 MODE # 8 (    1.85 cm-1)
 -------------------------------------------------------------------------------------------------------------

  ATOM         Ax          Ay          Az      (Ax + Ay + Az)
 C    1        0.00       -0.08        0.00        -0.08
 Br   2       -0.00       -0.03       -0.00        -0.04
 Br   3       -0.00       -0.03        0.00        -0.03
 O    4       -0.00        0.26       -0.00         0.26

 ----------------------------------------------
  ATOM        C         CT        DP      TOTAL
 C    1      0.13      0.00     -0.21     -0.08
 Br   2      0.00     -0.00     -0.04     -0.04
 Br   3      0.00     -0.00     -0.03     -0.03
 O    4      0.40     -0.00     -0.14      0.26

 -------------------------------------------------------------------------------------------------------------
  ATOM       C.C      CT.CT     DP.DP      C.CT     CT.C       C.DP     DP.C      CT.DP     DP.CT     TOTAL
 C    1      0.60      0.00      0.80      0.00      0.00     -0.48     -1.00     -0.00      0.00     -0.08
 Br   2      0.00      0.00      0.13      0.00     -0.00     -0.00     -0.16      0.00     -0.00     -0.04
 Br   3      0.00     -0.00      0.13     -0.00     -0.00     -0.00     -0.16      0.00      0.00     -0.03
 O    4      1.92     -0.00      0.54     -0.00     -0.00     -1.52     -0.68      0.00      0.00      0.26
 -------------------------------------------------------------------------------------------------------------
 Total intensity =    0.11 km/mol
 -------------------------------------------------------------------------------------------------------------

 -------------------------------------------------------------------------------------------------------------
 MODE # 9 (    1.55 cm-1)
 -------------------------------------------------------------------------------------------------------------

  ATOM         Ax          Ay          Az      (Ax + Ay + Az)
 C    1        0.26        0.00        0.00         0.26
 Br   2       -0.01       -0.00        0.00        -0.01
 Br   3       -0.01       -0.00       -0.00        -0.01
 O    4       -0.23        0.00       -0.00        -0.23

 ----------------------------------------------
  ATOM        C         CT        DP      TOTAL
 C    1      0.30      0.00     -0.04      0.26
 Br   2      0.00     -0.00     -0.01     -0.01
 Br   3      0.00      0.00     -0.01     -0.01
 O    4     -0.20     -0.00     -0.03     -0.23

 -------------------------------------------------------------------------------------------------------------
  ATOM       C.C      CT.CT     DP.DP      C.CT     CT.C       C.DP     DP.C      CT.DP     DP.CT     TOTAL
 C    1      1.42      0.00      0.14      0.00      0.00     -1.12     -0.18     -0.00     -0.00      0.26
 Br   2      0.00     -0.00      0.02      0.00     -0.00     -0.00     -0.03      0.00      0.00     -0.01
 Br   3      0.00     -0.00      0.02      0.00      0.00     -0.00     -0.03      0.00     -0.00     -0.01
 O    4     -0.97     -0.00      0.10     -0.00     -0.00      0.77     -0.12      0.00     -0.00     -0.23
 -------------------------------------------------------------------------------------------------------------
 Total intensity =    0.02 km/mol
 -------------------------------------------------------------------------------------------------------------

 -------------------------------------------------------------------------------------------------------------
 MODE #10 (    0.36 cm-1)
 -------------------------------------------------------------------------------------------------------------

  ATOM         Ax          Ay          Az      (Ax + Ay + Az)
 C    1        0.00       -0.00        0.00         0.01
 Br   2       -0.00       -0.00        0.00        -0.00
 Br   3       -0.00       -0.00        0.00        -0.00
 O    4       -0.00        0.01       -0.00        -0.00

 ----------------------------------------------
  ATOM        C         CT        DP      TOTAL
 C    1      0.00      0.00      0.00      0.01
 Br   2      0.00     -0.00     -0.00     -0.00
 Br   3      0.00      0.00     -0.00     -0.00
 O    4     -0.00      0.00     -0.00     -0.00

 -------------------------------------------------------------------------------------------------------------
  ATOM       C.C      CT.CT     DP.DP      C.CT     CT.C       C.DP     DP.C      CT.DP     DP.CT     TOTAL
 C    1      0.03      0.00      0.00      0.00      0.00     -0.02     -0.00      0.00     -0.00      0.01
 Br   2      0.00     -0.00      0.00      0.00     -0.00     -0.00     -0.00     -0.00      0.00     -0.00
 Br   3      0.00     -0.00      0.00      0.00      0.00     -0.00     -0.00      0.00     -0.00     -0.00
 O    4     -0.02      0.00      0.00     -0.00      0.00      0.02     -0.00      0.00      0.00     -0.00
 -------------------------------------------------------------------------------------------------------------
 Total intensity =    0.00 km/mol
 -------------------------------------------------------------------------------------------------------------

 -------------------------------------------------------------------------------------------------------------
 MODE #11 (    1.22 cm-1)
 -------------------------------------------------------------------------------------------------------------

  ATOM         Ax          Ay          Az      (Ax + Ay + Az)
 C    1        0.00       -0.75        0.00        -0.74
 Br   2        0.00       -0.02        0.01        -0.01
 Br   3        0.00       -0.02       -0.01        -0.02
 O    4        0.00        0.83        0.00         0.83

 ----------------------------------------------
  ATOM        C         CT        DP      TOTAL
 C    1     -0.66     -0.00     -0.09     -0.74
 Br   2     -0.00     -0.00     -0.01     -0.01
 Br   3     -0.00     -0.00     -0.02     -0.02
 O    4      0.90     -0.00     -0.06      0.83

 -------------------------------------------------------------------------------------------------------------
  ATOM       C.C      CT.CT     DP.DP      C.CT     CT.C       C.DP     DP.C      CT.DP     DP.CT     TOTAL
 C    1     -3.07      0.00      0.35      0.00      0.00      2.41     -0.44     -0.00      0.00     -0.74
 Br   2     -0.00      0.00      0.06      0.00     -0.00      0.00     -0.07      0.00     -0.00     -0.01
 Br   3     -0.00      0.00      0.05      0.00     -0.00      0.00     -0.07      0.00      0.00     -0.02
 O    4      4.21      0.00      0.24     -0.01      0.00     -3.30     -0.30     -0.00      0.00      0.83
 -------------------------------------------------------------------------------------------------------------
 Total intensity =    0.06 km/mol
 -------------------------------------------------------------------------------------------------------------

 -------------------------------------------------------------------------------------------------------------
 MODE #12 (   10.43 cm-1)
 -------------------------------------------------------------------------------------------------------------

  ATOM         Ax          Ay          Az      (Ax + Ay + Az)
 C    1       -5.01        0.01       -0.00        -5.00
 Br   2       -0.28       -0.00       -0.00        -0.28
 Br   3       -0.28        0.00       -0.00        -0.28
 O    4        6.44        0.00        0.00         6.44

 ----------------------------------------------
  ATOM        C         CT        DP      TOTAL
 C    1     -3.27      0.00     -1.73     -5.00
 Br   2      0.00     -0.00     -0.28     -0.28
 Br   3      0.00      0.00     -0.28     -0.28
 O    4      7.60     -0.00     -1.16      6.44

 -------------------------------------------------------------------------------------------------------------
  ATOM       C.C      CT.CT     DP.DP      C.CT     CT.C       C.DP     DP.C      CT.DP     DP.CT     TOTAL
 C    1    -16.21      0.00      6.88     -0.00     -0.00     12.93     -8.61     -0.00      0.00     -5.00
 Br   2      0.00     -0.00      1.10     -0.00      0.00     -0.00     -1.38     -0.00      0.00     -0.28
 Br   3      0.00     -0.00      1.10     -0.00      0.00     -0.00     -1.38      0.00      0.00     -0.28
 O    4     37.65     -0.00      4.59      0.00      0.00    -30.05     -5.75      0.00     -0.00      6.44
 -------------------------------------------------------------------------------------------------------------
 Total intensity =    0.88 km/mol
 -------------------------------------------------------------------------------------------------------------

 -----------------------------------------------------------------------------------
 DYNAMIC CONTRIBUTIONS TO THE IR INTENSITIES

 Ax = K.( (dPx/dxa).(dxa/dQj) +
          (dPx/dya).(dya/dQj) +
          (dPx/dza).(dza/dQj) ).(dPx/dQj)

 Ay = K.( (dPy/dxa).(dxa/dQj) +
          (dPy/dya).(dya/dQj) +
          (dPy/dza).(dza/dQj) ).(dPy/dQj)

 Az = K.( (dPz/dxa).(dxa/dQj) +
          (dPz/dya).(dya/dQj) +
          (dPz/dza).(dza/dQj) ).(dPz/dQj)

  K = 974.864 km.amu / (mol.e^2)

 Px = x-component of the molecular dipole moment
 Py = y-component of the molecular dipole moment
 Pz = z-component of the molecular dipole moment

 xa = x-coordinate of atom a
 ya = y-coordinate of atom a
 za = z-coordinate of atom a
 -----------------------------------------------------------------------------------

 -------------------------------------------------------------------------------------------------------------
 MODE # 1 ( 1863.34 cm-1)
 -------------------------------------------------------------------------------------------------------------

  ATOM         Ax          Ay          Az      (Ax + Ay + Az)
 C    1        0.00        0.00      196.02       196.03
 Br   2        0.00       -0.00        0.01         0.01
 Br   3        0.00        0.00        0.01         0.01
 O    4       -0.00        0.01      116.01       116.02

 ----------------------------------------------
  ATOM        C         CT        DP      TOTAL
 C    1    137.49     -3.56     62.10    196.03
 Br   2     -0.00      0.02     -0.01      0.01
 Br   3     -0.00      0.02     -0.01      0.01
 O    4    102.55    -62.14     75.61    116.02

 -------------------------------------------------------------------------------------------------------------
  ATOM       C.C      CF.CF     DF.DF      C.CF     CF.C       C.DF     DF.C      CF.DF     DF.CF     TOTAL
 C    1    105.77      0.75     27.40    -28.93     -2.74     60.66     47.76     -1.57    -13.07    196.03
 Br   2     -0.00     -0.00     -0.00      0.00      0.01     -0.00     -0.01      0.01      0.00      0.01
 Br   3     -0.00     -0.00     -0.01      0.00      0.01     -0.00     -0.01      0.01      0.00      0.01
 O    4     78.88     13.08     33.36    -21.58    -47.80     45.24     58.15    -27.41    -15.91    116.02
 -------------------------------------------------------------------------------------------------------------
 Total intensity =  312.06 km/mol
 -------------------------------------------------------------------------------------------------------------

 -------------------------------------------------------------------------------------------------------------
 MODE # 2 (  786.27 cm-1)
 -------------------------------------------------------------------------------------------------------------

  ATOM         Ax          Ay          Az      (Ax + Ay + Az)
 C    1        0.02      392.32        0.02       392.36
 Br   2        0.00        7.98       -0.02         7.96
 Br   3       -0.00        8.15        0.02         8.16
 O    4        0.01       28.66       -0.00        28.66

 ----------------------------------------------
  ATOM        C         CT        DP      TOTAL
 C    1    202.97    537.43   -348.04    392.36
 Br   2     -0.01     13.16     -5.18      7.96
 Br   3     -0.02     13.22     -5.04      8.16
 O    4     49.45     22.73    -43.52     28.66

 -------------------------------------------------------------------------------------------------------------
  ATOM       C.C      CF.CF     DF.DF      C.CF     CF.C       C.DF     DF.C      CF.DF     DF.CF     TOTAL
 C    1    117.20    721.15    319.98    272.35    310.31   -186.58   -200.98   -494.02   -467.05    392.36
 Br   2     -0.01     17.68      4.77     -0.02      7.62      0.01     -3.00    -12.13     -6.96      7.96
 Br   3     -0.01     17.72      4.62     -0.02      7.62      0.01     -2.91    -12.12     -6.76      8.16
 O    4     28.55     30.50     40.01     66.35     13.12    -45.46    -25.13    -20.89    -58.40     28.66
 -------------------------------------------------------------------------------------------------------------
 Total intensity =  437.15 km/mol
 -------------------------------------------------------------------------------------------------------------

 -------------------------------------------------------------------------------------------------------------
 MODE # 3 (  530.47 cm-1)
 -------------------------------------------------------------------------------------------------------------

  ATOM         Ax          Ay          Az      (Ax + Ay + Az)
 C    1        1.70        0.01        0.00         1.72
 Br   2       -0.01       -0.00        0.00        -0.01
 Br   3       -0.02        0.00       -0.00        -0.02
 O    4        0.85        0.01        0.00         0.86

 ----------------------------------------------
  ATOM        C         CT        DP      TOTAL
 C    1     14.95      0.00    -13.24      1.72
 Br   2     -0.00      0.00     -0.01     -0.01
 Br   3     -0.00     -0.00     -0.01     -0.02
 O    4      5.33      0.00     -4.47      0.86

 -------------------------------------------------------------------------------------------------------------
  ATOM       C.C      CF.CF     DF.DF      C.CF     CF.C       C.DF     DF.C      CF.DF     DF.CF     TOTAL
 C    1    120.01      0.00     93.11     -0.00      0.00   -105.06   -106.35     -0.00     -0.00      1.72
 Br   2     -0.01      0.00      0.09      0.00      0.00      0.01     -0.10      0.00      0.00     -0.01
 Br   3     -0.01     -0.00      0.10      0.00     -0.00      0.01     -0.12     -0.00     -0.00     -0.02
 O    4     42.74      0.00     31.43      0.00      0.00    -37.42    -35.90      0.00      0.00      0.86
 -------------------------------------------------------------------------------------------------------------
 Total intensity =    2.55 km/mol
 -------------------------------------------------------------------------------------------------------------

 -------------------------------------------------------------------------------------------------------------
 MODE # 4 (  442.53 cm-1)
 -------------------------------------------------------------------------------------------------------------

  ATOM         Ax          Ay          Az      (Ax + Ay + Az)
 C    1        0.00       -0.00       19.77        19.77
 Br   2        0.00        0.02        0.98         1.00
 Br   3        0.00       -0.02        0.93         0.90
 O    4        0.00        0.00      -15.89       -15.89

 ----------------------------------------------
  ATOM        C         CT        DP      TOTAL
 C    1     13.87     -0.36      6.26     19.77
 Br   2     -0.00      1.48     -0.48      1.00
 Br   3     -0.00      1.42     -0.51      0.90
 O    4    -14.04      8.51    -10.35    -15.89

 -------------------------------------------------------------------------------------------------------------
  ATOM       C.C      CF.CF     DF.DF      C.CF     CF.C       C.DF     DF.C      CF.DF     DF.CF     TOTAL
 C    1     -0.44     -0.69     -5.50     26.49      0.01    -12.18     -0.20      0.32     11.96     19.77
 Br   2      0.00      2.76      0.40     -0.01     -0.05      0.00      0.01     -1.24     -0.89      1.00
 Br   3      0.00      2.78      0.47     -0.01     -0.05      0.00      0.02     -1.31     -1.00      0.90
 O    4      0.44     16.26      9.10    -26.83     -0.27     12.34      0.33     -7.48    -19.78    -15.89
 -------------------------------------------------------------------------------------------------------------
 Total intensity =    5.79 km/mol
 -------------------------------------------------------------------------------------------------------------

 -------------------------------------------------------------------------------------------------------------
 MODE # 5 (  363.36 cm-1)
 -------------------------------------------------------------------------------------------------------------

  ATOM         Ax          Ay          Az      (Ax + Ay + Az)
 C    1       -0.00        1.94        0.00         1.94
 Br   2       -0.00        0.59       -0.00         0.59
 Br   3        0.00        0.61        0.00         0.61
 O    4        0.01       -2.74       -0.00        -2.73

 ----------------------------------------------
  ATOM        C         CT        DP      TOTAL
 C    1      1.00      2.65     -1.72      1.94
 Br   2     -0.00      1.00     -0.41      0.59
 Br   3     -0.00      1.01     -0.40      0.61
 O    4     -4.73     -2.17      4.17     -2.73

 -------------------------------------------------------------------------------------------------------------
  ATOM       C.C      CF.CF     DF.DF      C.CF     CF.C       C.DF     DF.C      CF.DF     DF.CF     TOTAL
 C    1     -9.48     16.75     -7.13      6.33    -25.10      4.15     16.25     11.00    -10.85      1.94
 Br   2      0.01      6.35     -1.71     -0.01     -9.50     -0.00      3.90      4.15     -2.61      0.59
 Br   3      0.01      6.33     -1.65     -0.00     -9.50     -0.00      3.75      4.17     -2.50      0.61
 O    4     44.72    -13.72     17.26    -29.85     20.55    -19.60    -39.36     -9.01     26.27     -2.73
 -------------------------------------------------------------------------------------------------------------
 Total intensity =    0.40 km/mol
 -------------------------------------------------------------------------------------------------------------

 -------------------------------------------------------------------------------------------------------------
 MODE # 6 (  184.99 cm-1)
 -------------------------------------------------------------------------------------------------------------

  ATOM         Ax          Ay          Az      (Ax + Ay + Az)
 C    1       -0.00       -0.00       -1.86        -1.86
 Br   2        0.00       -0.07        0.38         0.31
 Br   3        0.00        0.07        0.35         0.42
 O    4       -0.00        0.00        1.50         1.50

 ----------------------------------------------
  ATOM        C         CT        DP      TOTAL
 C    1     -1.31      0.03     -0.59     -1.86
 Br   2      0.00      0.32     -0.01      0.31
 Br   3      0.00      0.54     -0.11      0.42
 O    4      1.33     -0.80      0.98      1.50

 -------------------------------------------------------------------------------------------------------------
  ATOM       C.C      CF.CF     DF.DF      C.CF     CF.C       C.DF     DF.C      CF.DF     DF.CF     TOTAL
 C    1     -0.08      0.01     -0.42     -0.29      0.00     -0.94     -0.03      0.02     -0.13     -1.86
 Br   2      0.00      0.09      0.00      0.00      0.03      0.00     -0.00      0.20     -0.01      0.31
 Br   3      0.00      0.10     -0.09      0.00      0.03      0.00     -0.00      0.41     -0.02      0.42
 O    4      0.08     -0.18      0.71      0.29     -0.05      0.96      0.06     -0.58      0.22      1.50
 -------------------------------------------------------------------------------------------------------------
 Total intensity =    0.37 km/mol
 -------------------------------------------------------------------------------------------------------------

 -------------------------------------------------------------------------------------------------------------
 MODE # 7 (    2.25 cm-1)
 -------------------------------------------------------------------------------------------------------------

  ATOM         Ax          Ay          Az      (Ax + Ay + Az)
 C    1        0.00       -0.00        0.00         0.00
 Br   2       -0.00       -0.00        0.00        -0.00
 Br   3        0.00        0.00        0.00         0.00
 O    4       -0.00        0.00       -0.00        -0.00

 ----------------------------------------------
  ATOM        C         CT        DP      TOTAL
 C    1      0.00     -0.00      0.00      0.00
 Br   2     -0.00     -0.00     -0.00     -0.00
 Br   3      0.00     -0.00      0.00      0.00
 O    4     -0.00      0.00     -0.00     -0.00

 -------------------------------------------------------------------------------------------------------------
  ATOM       C.C      CF.CF     DF.DF      C.CF     CF.C       C.DF     DF.C      CF.DF     DF.CF     TOTAL
 C    1      0.00     -0.00      0.00      0.00      0.00      0.00     -0.00     -0.00      0.00      0.00
 Br   2     -0.00     -0.00     -0.00      0.00      0.00     -0.00     -0.00     -0.00      0.00     -0.00
 Br   3      0.00     -0.00      0.00      0.00     -0.00      0.00      0.00     -0.00      0.00      0.00
 O    4     -0.00      0.00     -0.00     -0.00      0.00     -0.00      0.00      0.00     -0.00     -0.00
 -------------------------------------------------------------------------------------------------------------
 Total intensity =    0.00 km/mol
 -------------------------------------------------------------------------------------------------------------

 -------------------------------------------------------------------------------------------------------------
 MODE # 8 (    1.85 cm-1)
 -------------------------------------------------------------------------------------------------------------

  ATOM         Ax          Ay          Az      (Ax + Ay + Az)
 C    1        0.00        0.24        0.00         0.24
 Br   2        0.00       -0.18        0.00        -0.18
 Br   3       -0.00       -0.18       -0.00        -0.18
 O    4        0.00        0.23       -0.00         0.23

 ----------------------------------------------
  ATOM        C         CT        DP      TOTAL
 C    1      0.13      0.33     -0.21      0.24
 Br   2      0.00     -0.26      0.07     -0.18
 Br   3      0.00     -0.26      0.07     -0.18
 O    4      0.40      0.18     -0.35      0.23

 -------------------------------------------------------------------------------------------------------------
  ATOM       C.C      CF.CF     DF.DF      C.CF     CF.C       C.DF     DF.C      CF.DF     DF.CF     TOTAL
 C    1      0.60     -0.00      0.82      0.00      1.60     -0.48     -1.04     -1.27      0.00      0.24
 Br   2      0.00     -0.00     -0.27      0.00     -1.23     -0.00      0.34      0.97      0.00     -0.18
 Br   3      0.00      0.00     -0.30     -0.00     -1.26     -0.00      0.38      1.00     -0.00     -0.18
 O    4      1.92      0.00      1.34     -0.00      0.88     -1.52     -1.69     -0.70      0.00      0.23
 -------------------------------------------------------------------------------------------------------------
 Total intensity =    0.11 km/mol
 -------------------------------------------------------------------------------------------------------------

 -------------------------------------------------------------------------------------------------------------
 MODE # 9 (    1.55 cm-1)
 -------------------------------------------------------------------------------------------------------------

  ATOM         Ax          Ay          Az      (Ax + Ay + Az)
 C    1        0.03       -0.00        0.00         0.03
 Br   2        0.01       -0.00       -0.00         0.01
 Br   3        0.01        0.00       -0.00         0.01
 O    4       -0.03        0.00       -0.00        -0.03

 ----------------------------------------------
  ATOM        C         CT        DP      TOTAL
 C    1      0.30     -0.00     -0.26      0.03
 Br   2      0.00     -0.00      0.01      0.01
 Br   3      0.00      0.00      0.01      0.01
 O    4     -0.20      0.00      0.17     -0.03

 -------------------------------------------------------------------------------------------------------------
  ATOM       C.C      CF.CF     DF.DF      C.CF     CF.C       C.DF     DF.C      CF.DF     DF.CF     TOTAL
 C    1      1.42     -0.00      0.99      0.00     -0.00     -1.12     -1.25      0.00      0.00      0.03
 Br   2      0.00     -0.00     -0.03      0.00     -0.00     -0.00      0.04     -0.00      0.00      0.01
 Br   3      0.00     -0.00     -0.04      0.00      0.00     -0.00      0.04      0.00      0.00      0.01
 O    4     -0.97      0.00     -0.64     -0.00      0.00      0.77      0.81     -0.00     -0.00     -0.03
 -------------------------------------------------------------------------------------------------------------
 Total intensity =    0.02 km/mol
 -------------------------------------------------------------------------------------------------------------

 -------------------------------------------------------------------------------------------------------------
 MODE #10 (    0.36 cm-1)
 -------------------------------------------------------------------------------------------------------------

  ATOM         Ax          Ay          Az      (Ax + Ay + Az)
 C    1        0.00       -0.01        0.01        -0.00
 Br   2        0.00       -0.05       -0.00        -0.05
 Br   3        0.00        0.06       -0.00         0.05
 O    4       -0.00        0.01       -0.00         0.00

 ----------------------------------------------
  ATOM        C         CT        DP      TOTAL
 C    1      0.00     -0.01      0.00     -0.00
 Br   2      0.00     -0.09      0.04     -0.05
 Br   3      0.00      0.10     -0.04      0.05
 O    4     -0.00      0.00     -0.00      0.00

 -------------------------------------------------------------------------------------------------------------
  ATOM       C.C      CF.CF     DF.DF      C.CF     CF.C       C.DF     DF.C      CF.DF     DF.CF     TOTAL
 C    1      0.03     -0.00      0.02      0.00     -0.01     -0.02     -0.02     -0.00      0.00     -0.00
 Br   2      0.00     -0.00      0.02      0.00     -0.05     -0.00      0.02     -0.04      0.00     -0.05
 Br   3      0.00     -0.00     -0.02      0.00      0.05     -0.00     -0.02      0.05      0.00      0.05
 O    4     -0.02      0.00     -0.02     -0.00      0.00      0.02      0.01      0.00     -0.00      0.00
 -------------------------------------------------------------------------------------------------------------
 Total intensity =    0.00 km/mol
 -------------------------------------------------------------------------------------------------------------

 -------------------------------------------------------------------------------------------------------------
 MODE #11 (    1.22 cm-1)
 -------------------------------------------------------------------------------------------------------------

  ATOM         Ax          Ay          Az      (Ax + Ay + Az)
 C    1       -0.00       -1.26       -0.00        -1.26
 Br   2        0.00        0.40        0.05         0.45
 Br   3       -0.00        0.40       -0.05         0.35
 O    4        0.00        0.52        0.00         0.52

 ----------------------------------------------
  ATOM        C         CT        DP      TOTAL
 C    1     -0.66     -1.72      1.12     -1.26
 Br   2     -0.00      0.74     -0.29      0.45
 Br   3     -0.00      0.57     -0.23      0.35
 O    4      0.90      0.41     -0.78      0.52

 -------------------------------------------------------------------------------------------------------------
  ATOM       C.C      CF.CF     DF.DF      C.CF     CF.C       C.DF     DF.C      CF.DF     DF.CF     TOTAL
 C    1     -3.07      0.01     -4.14      0.00     -8.13      2.41      5.26      6.39     -0.01     -1.26
 Br   2     -0.00     -0.01      0.97      0.00      3.13      0.00     -1.26     -2.38      0.00      0.45
 Br   3     -0.00     -0.00      0.96      0.00      3.06      0.00     -1.19     -2.48      0.00      0.35
 O    4      4.21     -0.00      2.92     -0.01      1.93     -3.30     -3.70     -1.52      0.01      0.52
 -------------------------------------------------------------------------------------------------------------
 Total intensity =    0.06 km/mol
 -------------------------------------------------------------------------------------------------------------

 -------------------------------------------------------------------------------------------------------------
 MODE #12 (   10.43 cm-1)
 -------------------------------------------------------------------------------------------------------------

  ATOM         Ax          Ay          Az      (Ax + Ay + Az)
 C    1       -0.37       -0.00        0.00        -0.38
 Br   2        0.01        0.00        0.00         0.01
 Br   3        0.02       -0.00       -0.00         0.02
 O    4        1.22        0.01        0.00         1.23

 ----------------------------------------------
  ATOM        C         CT        DP      TOTAL
 C    1     -3.27     -0.00      2.90     -0.38
 Br   2      0.00      0.00      0.01      0.01
 Br   3      0.00     -0.00      0.01      0.02
 O    4      7.60      0.00     -6.37      1.23

 -------------------------------------------------------------------------------------------------------------
  ATOM       C.C      CF.CF     DF.DF      C.CF     CF.C       C.DF     DF.C      CF.DF     DF.CF     TOTAL
 C    1    -16.21      0.00    -11.47     -0.00     -0.00     12.93     14.36     -0.00     -0.00     -0.38
 Br   2      0.00      0.00     -0.05     -0.00     -0.00     -0.00      0.06      0.00      0.00      0.01
 Br   3      0.00     -0.00     -0.06     -0.00      0.00     -0.00      0.07     -0.00     -0.00      0.02
 O    4     37.65     -0.00     25.25      0.00      0.00    -30.05    -31.62      0.00      0.00      1.23
 -------------------------------------------------------------------------------------------------------------
 Total intensity =    0.88 km/mol
 -------------------------------------------------------------------------------------------------------------



********************************************************************************
 THEORY LEVEL OF THE DIPOLE MOMENT: MP2                            
********************************************************************************



          Dipole Moment / a.u. (Atomic Contrib.)
          --------------------------------------
          Charge        Dipole        Total
          --------------------------------------
     X    0.00000000    0.00006235    0.00006235
     Y   -0.00000727   -0.00015487   -0.00016214
     Z   -2.54376245    2.05469907   -0.48906338

  Norm    2.54376245    2.05469908    0.48906341
          --------------------------------------



          Dipole Moment / Debye (Atomic Contrib.)
          --------------------------------------
          Charge        Dipole        Total
          --------------------------------------
     X    0.00000000    0.00015848    0.00015848
     Y   -0.00001848   -0.00039365   -0.00041212
     Z   -6.46565909    5.22257246   -1.24308663

  Norm    6.46565909    5.22257248    1.24308671
          --------------------------------------




 ------------------------------------------------------- 
 MOLECULAR CHARGE TENSOR IN THE NORMAL COORDINATES BASIS 
 units = e / sqrt(amu)                                      
 ------------------------------------------------------- 

         d Q  1      d Q  2      d Q  3      d Q  4      d Q  5
  d PX  -0.00000305  0.00000000  0.40858187  0.00000339  0.00000000
  d PY  -0.00000239  0.38663741 -0.00000000  0.00001354 -0.19016707
  d PZ   0.43521381  0.00000273  0.00000159 -0.00243787 -0.00000018
  Norm   0.43521381  0.38663741  0.40858187  0.00243791  0.19016707


         d Q  6      d Q  7      d Q  8      d Q  9      d Q 10
  d PX  -0.00000069  0.00002932  0.00004710  0.02156318 -0.00305372
  d PY   0.00000089 -0.00000645 -0.05101353  0.00020277  0.00108520
  d PZ  -0.00114392  0.00000003  0.00000005  0.00000006  0.00000445
  Norm   0.00114392  0.00003002  0.05101355  0.02156413  0.00324081


         d Q 11      d Q 12
  d PX  -0.00003946 -0.14834036
  d PY  -0.03409851  0.00000001
  d PZ   0.00000061 -0.00000472
  Norm   0.03409853  0.14834036



 ------------------------------------------------------------ 
 MOLECULAR CHARGE FLUX TENSOR IN THE NORMAL COORDINATES BASIS 
 units = e / sqrt(amu)                                      
 ------------------------------------------------------------ 

         d Q  1      d Q  2      d Q  3      d Q  4      d Q  5
  d PX   0.00000000  0.00000000  0.00000000  0.00000000  0.00000000
  d PY   0.00000884  0.89851691 -0.00002882  0.00005450  0.12693965
  d PZ  -0.11905564 -0.00268421  0.00054222  0.14715031  0.00056345
  Norm   0.11905564  0.89852092  0.00054299  0.14715032  0.12694090


         d Q  6      d Q  7      d Q  8      d Q  9      d Q 10
  d PX   0.00000000  0.00000000  0.00000000  0.00000000  0.00000000
  d PY   0.00001333  0.00000006  0.00001824 -0.00000166 -0.00000308
  d PZ  -0.00430579  0.00011464  0.00065133  0.00010170  0.00003756
  Norm   0.00430581  0.00011464  0.00065159  0.00010171  0.00003768


         d Q 11      d Q 12
  d PX   0.00000000  0.00000000
  d PY   0.00004721  0.00000849
  d PZ   0.00003856  0.00012203
  Norm   0.00006096  0.00012233



 ------------------------------------------------------------ 
 MOLECULAR DIPOLE FLUX TENSOR IN THE NORMAL COORDINATES BASIS 
 units = e / sqrt(amu)                                      
 ------------------------------------------------------------ 

         d Q  1      d Q  2      d Q  3      d Q  4      d Q  5
  d PX  -0.00031761 -0.00509900 -0.35767019 -0.00052220  0.00284931
  d PY  -0.00347047 -0.61553990 -0.00463947  0.00065221  0.08334429
  d PZ   0.24960632 -0.00144458 -0.00031713 -0.06767791 -0.00062953
  Norm   0.24963065  0.61556271  0.35770042  0.06768307  0.08339535


         d Q  6      d Q  7      d Q  8      d Q  9      d Q 10
  d PX   0.00006311  0.00026855  0.00060991 -0.01706107  0.00256664
  d PY   0.00130476  0.00009276  0.04041760  0.00008178  0.00099622
  d PZ  -0.01398529  0.00060576 -0.00009192 -0.00009372  0.00000222
  Norm   0.01404616  0.00066908  0.04042231  0.01706152  0.00275319


         d Q 11      d Q 12
  d PX   0.00036903  0.11839808
  d PY   0.02680733  0.00277019
  d PZ  -0.00248570 -0.00008849
  Norm   0.02692485  0.11843052



 ------------------------------------------------------ 
 MOLECULAR POLAR TENSOR IN THE NORMAL COORDINATES BASIS 
 units = e / sqrt(amu)                                      
 ------------------------------------------------------ 

         d Q  1      d Q  2      d Q  3      d Q  4      d Q  5
  d PX  -0.00032066 -0.00509900  0.05091168 -0.00051881  0.00284931
  d PY  -0.00346401  0.66961442 -0.00466829  0.00072025  0.02011687
  d PZ   0.56576449 -0.00412605  0.00022669  0.07703453 -0.00006626
  Norm   0.56577519  0.66964655  0.05112576  0.07703965  0.02031776


         d Q  6      d Q  7      d Q  8      d Q  9      d Q 10
  d PX   0.00006243  0.00029787  0.00065701  0.00450211 -0.00048709
  d PY   0.00131899  0.00008637 -0.01057768  0.00028290  0.00207834
  d PZ  -0.01943499  0.00072043  0.00055946  0.00000804  0.00004423
  Norm   0.01947980  0.00078435  0.01061282  0.00451100  0.00213512


         d Q 11      d Q 12
  d PX   0.00032957 -0.02994228
  d PY  -0.00724397  0.00277868
  d PZ  -0.00244653  0.00002883
  Norm   0.00765305  0.03007095



   Vibrational Frequencies and IR Intensities
   ------------------------------------------

  ============================================================
  mode    frequency          IR intensity      Boltzmann(298K)
  ============================================================
       cm-1    hartrees     km/mol  (D/A)**2/amu
  ------------------------------------------------------------
   1  1863.34   0.008490     312.055    7.3851    0.999875576
   2   786.27   0.003582     437.155   10.3457    0.977500126
   3   530.47   0.002417       2.548    0.0603    0.922686310
   4   442.53   0.002016       5.786    0.1369    0.881813636
   5   363.36   0.001656       0.402    0.0095    0.826824590
   6   184.99   0.000843       0.370    0.0088    0.590441919
   7     2.25   0.000010       0.001    0.0000    0.010814145
   8     1.85   0.000008       0.110    0.0026    0.008887836
   9     1.55   0.000007       0.020    0.0005    0.007475007
  10     0.36   0.000002       0.004    0.0001    0.001744058
  11     1.22   0.000006       0.057    0.0014    0.005884202
  12    10.43   0.000048       0.882    0.0209    0.049064041
  -----------------------------------------------------------




      Host name     : trapista                                
      Date and time : Sun Nov 28 23:17:08 2021



      **************************************
      ****  END OF PLACZEK CALCULATION  ****
      **************************************


