

 **************************************
 *                                    *
 *    OUTPUT FROM PROGRAM PLACZEK     *
 *                                    *
 **************************************
                                                             
 *  A Program Designed to Compute Infrared and Raman Spectra 
 *                                                           
 *  Written by Luciano N. Vidal                              
 *  Universidade Tecnologica Federal do Parana, Brazil       
 *                                                           
 *  If results obtained with this code are published,        
 *  an appropriate citation would be:                        
 *                                                           
 ** For Raman Properties:                                    
 *                                                           
 *  Vidal, L.N., P.A.M. Vazquez; Quim. Nova, 26(4), (2003), 507-511
 *  Vidal, L.N., P.A.M. Vazquez; Int. J. Quant. Chem., 103(5), (2005), 632-648
 *                                                           
 ** For Infrared Properties:                                 
 *                                                           
 *  Faria, S.H.D.M., da Silva Jr., J.V., Haiduke, R.L.A., Vidal, L.N.,
 *  Vazquez, P.A.M., Bruns, R.E.; J. Phys. Chem. A, 111, (2007), 7870-7875
 *                                                           
 *  NOTE:                                                    
 *                                                           
 *  This is an experimental code. The author accept no responsibility for the
 *  performance of the code or for the correctness of the results. Report
 *  bugs to lnvidal@utfpr.edu.br                          
 *                                                           
 *****************************
 * Release date: August.2020 *
 *****************************

       RUNCTRL OPTIONS
       ===============

       REMOTE   = F
       RESTART  = F
       FRIEND   = AIMAll              

       USE SYMMETRY  = F


       VIBANA OPTIONS
       ==============

       HF    = F
       MP2   = F
       CCS   = F
       CC2   = F
       CCSD  = F
       QCISD = F
       DHF   = F
       DFT   = F

       DALHESS    = F
       GAMHESS    = F
       GAUSHES    = T
       C4HESS     = F
       GRADHESS   = F

       RUN        = F


       INFRARED OPTIONS
       ================


       HF    = F
       MP2   = T
       CCS   = F
       CC2   = F
       CCSD  = F
       QCISD = F
       DHF   = F
       DFT   = F


       RUN  = T

       ANGSTROM = T


       OVERTONES = F

       EXPENSIVE DERIVATIVES = F


 *************************************
 **** OUTPUT FROM PROGRAM ROTOANA ****
 *************************************

 ------------------------------------------------------
 - ROTATIONAL ANALYSIS WAS DONE USING FRIEND.INP FILE -
 ------------------------------------------------------
                             x            y            z
 * Center of Mass (in A):    0.000000     0.000000    -0.998647

 Inertia Tensor (in u*A^2)
 ------------------------- 
                   x              y              z
  x       210.237023       0.000000       0.000000
  y         0.000000      63.827135       0.000000
  z         0.000000       0.000000     146.409887

 Principal Moments and Principal Axes of Inertia
 -----------------------------------------------
                                 x       y       z
 IA  =     63.827135  u*A^2    ( 0.0000  1.0000  0.0000 )
 IB  =    146.409887  u*A^2    ( 0.0000  0.0000  1.0000 )
 IC  =    210.237023  u*A^2    ( 1.0000  0.0000  0.0000 )

 Principal Cartesian Coordinates 
 ------------------------------- 
       x                    y                    z
O      0.000000000000000    3.178603257190851    0.000000000000000
C      0.000000000000000    0.952347133174262    0.000000000000000
Cl     0.000000000000000   -0.890358836127424   -2.734188052936702
Cl     0.000000000000000   -0.890358836127424    2.734188052936702

 * Molecule Recognized as Non-Linear

 Rotational Constants
 --------------------
 A =         7917.94 MHz     (        0.264114 cm-1)
 B =         3451.81 MHz     (        0.115140 cm-1)
 C =         2403.85 MHz     (        0.080184 cm-1)
 * The molecule is an Asymmetric Top
 * The molecule is Planar

 Atom  Z   Isotopic Mass   Abundance        x             y             z
 O     8.      15.994915    99.762 %        0.000000      0.000000      0.683397
 C     6.      12.000000    98.900 %        0.000000      0.000000     -0.494687
 Cl   17.      34.968853    75.770 %        0.000000     -1.446870     -1.469805
 Cl   17.      34.968853    75.770 %        0.000000      1.446870     -1.469805

 Total mass:          97.932621 amu
 Natural abundance:   56.644 %


 **************************************
 **** OUTPUT FROM PROGRAM SYMMETRY ****
 **************************************

 * Threshold to consider two distances equal (angstrom) : 5.00D-03

 * Threshold to consider two inertia moments equal : 1.00D-01


 * The following coordinates were used to locate the point group : 
   (center of mass in the origin)

   #  Atom  Z   Isotopic Mass        x             y             z
   1    O   8.      15.994915        0.000000      0.000000      1.682044
   2    C   6.      12.000000        0.000000      0.000000      0.503960
   3    Cl 17.      34.968853        0.000000     -1.446870     -0.471158
   4    Cl 17.      34.968853        0.000000      1.446870     -0.471158

 Interatomic distances (in A) 
 ---------------------------- 
            1 O      2 C      3 Cl     4 Cl
   1 O    0.0000   1.1781   2.5942   2.5942
   2 C    1.1781   0.0000   1.7448   1.7448
   3 Cl   2.5942   1.7448   0.0000   2.8937
   4 Cl   2.5942   1.7448   2.8937   0.0000


 Symmetrically Equivalent Atoms (SEA): 
 -------------------------------------   
 Set | # Atoms | SEA 
   1 |     1   |    1

   2 |     1   |    2

   3 |     2   |    3   4


 * The number of C_n^k axes found is :  1
   ---------------------------------
 Cn-Axis   n   k   theta         Direction (x y z)
    1      2   1     180    0.00000   0.00000  -1.00000

 * The number of reflexion planes found is :  2
   ---------------------------------------
 Plane    Normal vector (x y z)
   1      0.00000  -1.00000   0.00000
   2      1.00000   0.00000   0.00000

 --------------------
 * Point group found: C2v 
 --------------------

 * Order of the group:    4

 * The number of atoms is:    4

 ************************************
 **** OUTPUT FROM PROGRAM VIBANA ****
 ************************************


 @ MOLECULAR HESSIAN READ FROM GAUSSIAN.log FILE                                


                         ==========================
                         =  ENERGY HESSIAN (a.u.) =
                         ==========================


                                1 O                           2 C 
                        X         Y         Z         X         Y         Z
                        1         2         3         4         5         6
         X   1   0.027394  0.000000 -0.000006 -0.060457  0.000000  0.000022
   1 O   Y   2   0.000000  0.092887  0.000000  0.000000 -0.080521  0.000002
         Z   3  -0.000006  0.000000  0.947241  0.000000  0.000000 -0.850851

         X   4  -0.060457  0.000000  0.000000  0.133149  0.000000  0.000004
   2 C   Y   5   0.000000 -0.080521  0.000000  0.000000  0.304404  0.000007
         Z   6   0.000022  0.000002 -0.850851  0.000004  0.000007  0.964428

         X   7   0.016520  0.000000 -0.000004 -0.036357  0.000000  0.000002
   3 Cl  Y   8  -0.000006 -0.006183 -0.038588 -0.000001 -0.111945 -0.038702
         Z   9  -0.000008 -0.041964 -0.048196 -0.000002 -0.042733 -0.056759

         X  10   0.016520  0.000000 -0.000004 -0.036357  0.000000  0.000002
   4 Cl  Y  11   0.000006 -0.006182  0.038587  0.000001 -0.111939  0.038704
         Z  12  -0.000008  0.041962 -0.048197 -0.000002  0.042726 -0.056758


                                3 Cl                          4 Cl
                        X         Y         Z         X         Y         Z
                        7         8         9        10        11        12
         X   1   0.016520 -0.000006 -0.000008  0.016520  0.000006 -0.000008
   1 O   Y   2   0.000000 -0.006183 -0.041964  0.000000 -0.006182  0.041962
         Z   3  -0.000004 -0.038588 -0.048196 -0.000004  0.038587 -0.048197

         X   4  -0.036357 -0.000001 -0.000002 -0.036357  0.000001 -0.000002
   2 C   Y   5   0.000000 -0.111945 -0.042733  0.000000 -0.111939  0.042726
         Z   6   0.000002 -0.038702 -0.056759  0.000002  0.038704 -0.056758

         X   7   0.009868  0.000001  0.000000  0.009991 -0.000001  0.000000
   3 Cl  Y   8   0.000001  0.164169  0.080998  0.000001 -0.046044 -0.003692
         Z   9   0.000000  0.080998  0.098034  0.000000  0.003691  0.006891

         X  10   0.009991  0.000001  0.000000  0.009868 -0.000001  0.000000
   4 Cl  Y  11  -0.000001 -0.046044  0.003691 -0.000001  0.164170 -0.080998
         Z  12   0.000000 -0.003692  0.006891  0.000000 -0.080998  0.098034



 @  VIBRATIONAL FREQUENCIES  ( in cm-1 )               
    NORMAL COORDINATES       ( in bohr*sqrt(amu) ) and 
    REDUCED MASSES           ( in amu )                


 ----------------------------------------------------------------
 MODE #                 1         2         3         4         5
 VIB FREQ         1868.52    881.35    594.60    584.46    452.98 

 REDMASS          13.3874   12.9250   12.7647   19.6363   20.7706

 ----------------------------------------------------------------
         X   1   0.000003  0.000000 -0.089533  0.000003  0.000000
   1 O   Y   2   0.000000 -0.053250 -0.000000  0.000007 -0.189807
         Z   3  -0.161011  0.000004 -0.000022  0.139896  0.000002

         X   4   0.000000  0.000000  0.262890  0.000048  0.000000
   2 C   Y   5   0.000001  0.268164  0.000000 -0.000005 -0.000181
         Z   6   0.220839  0.000003 -0.000020  0.133521  0.000002

         X   7   0.000000  0.000000 -0.024636 -0.000005 -0.000000
   3 Cl  Y   8  -0.000548 -0.033835  0.000009 -0.061237  0.043439
         Z   9  -0.001067 -0.012906  0.000009 -0.054895  0.064590

         X  10   0.000000 -0.000000 -0.024636 -0.000005  0.000000
   4 Cl  Y  11   0.000548 -0.033832 -0.000009  0.061240  0.043441
         Z  12  -0.001067  0.012903  0.000009 -0.054894 -0.064592
 ----------------------------------------------------------------

 ----------------------------------------------------------------
 MODE #                 6         7         8         9        10
 VIB FREQ          306.24      2.56      0.66      0.43i     7.89i

 REDMASS          27.3320   29.4252   24.7704   24.5553   26.9022

 ----------------------------------------------------------------
         X   1   0.000008  0.041963  0.000975  0.006544 -0.000010
   1 O   Y   2   0.000001 -0.000198  0.096907 -0.013146  0.118717
         Z   3   0.082581 -0.012997  0.013628  0.099246 -0.000159

         X   4   0.000004  0.080244  0.001622  0.010735 -0.000005
   2 C   Y   5   0.000000 -0.000187  0.099121 -0.013578  0.037581
         Z   6   0.080817 -0.012998  0.013627  0.099243 -0.000159

         X   7   0.000001  0.112053  0.002134  0.014160  0.000015
   3 Cl  Y   8   0.102704 -0.000176  0.100952 -0.013960 -0.029675
         Z   9  -0.032713 -0.013013  0.010918  0.099821  0.099603

         X  10   0.000001  0.112038  0.002186  0.014274 -0.000017
   4 Cl  Y  11  -0.102703 -0.000180  0.100958 -0.013912 -0.029675
         Z  12  -0.032714 -0.012986  0.016359  0.098759 -0.099919
 ----------------------------------------------------------------

 ----------------------------------
 MODE #                11        12
 VIB FREQ            9.44i     9.63i
 REDMASS          16.0704   34.9688
 ----------------------------------
         X   1   0.229563  0.000015
   1 O   Y   2   0.000005  0.000001
         Z   3  -0.000523 -0.000051

         X   4   0.087550  0.000006
   2 C   Y   5   0.000002 -0.000010
         Z   6  -0.000526 -0.000051

         X   7  -0.030496 -0.119579
   3 Cl  Y   8   0.000001 -0.000019
         Z   9  -0.000504 -0.000037

         X  10  -0.030513  0.119573
   4 Cl  Y  11  -0.000001 -0.000019
         Z  12  -0.000510 -0.000065
 ----------------------------------

 -------------------------------------------
 ----  CARTESIAN CHARGE TENSORS (a.u.)  ----
 -------------------------------------------


@       ATOMIC POLAR TENSOR FOR ATOM  O   1

              dX          dY          dZ

  d PX  -1.14351701  0.00000000  0.00000000
  d PY   0.00000000 -1.14351701  0.00000000
  d PZ   0.00000000  0.00000000 -1.14351701


@       ATOMIC POLAR TENSOR FOR ATOM  C   2

              dX          dY          dZ

  d PX   1.41158982  0.00000000  0.00000000
  d PY   0.00000000  1.41158982  0.00000000
  d PZ   0.00000000  0.00000000  1.41158982


@       ATOMIC POLAR TENSOR FOR ATOM  Cl  3

              dX          dY          dZ

  d PX  -0.13390110  0.00000000  0.00000000
  d PY   0.00000000 -0.13390110  0.00000000
  d PZ   0.00000000  0.00000000 -0.13390110


@       ATOMIC POLAR TENSOR FOR ATOM  Cl  4

              dX          dY          dZ

  d PX  -0.13390268  0.00000000  0.00000000
  d PY   0.00000000 -0.13390268  0.00000000
  d PZ   0.00000000  0.00000000 -0.13390268



 @ 
 @ GAPT Atomic Charges from => ATOMIC CHARGE TENSORS <=                       
 @ 
 @ J. Cioslowski, J. Am. Chem. Soc., 111(22), 8333-8336, 1989
 @ 

 -------------------------
 Atom  #     Charge / a.u.
 -------------------------
 O     1         -1.143517
 C     2          1.411590
 Cl    3         -0.133901
 Cl    4         -0.133903
 -------------------------
 Total Charge :   0.000269
 -------------------------


 ------------------------------------------------
 ----  CARTESIAN CHARGE FLUX TENSORS (a.u.)  ----
 ------------------------------------------------


@       ATOMIC POLAR TENSOR FOR ATOM  O   1

              dX          dY          dZ

  d PX   0.00000000  0.00000000  0.00000000
  d PY   0.00002083 -0.41937368  0.00001903
  d PZ   0.00151291 -0.00528346  0.88795515


@       ATOMIC POLAR TENSOR FOR ATOM  C   2

              dX          dY          dZ

  d PX   0.00000000  0.00000000  0.00000000
  d PY  -0.00005267  1.88988893  0.00000109
  d PZ   0.00174333  0.00103912 -0.56343345


@       ATOMIC POLAR TENSOR FOR ATOM  Cl  3

              dX          dY          dZ

  d PX   0.00000000  0.00000000  0.00000000
  d PY   0.00003400 -0.73514343 -0.32470049
  d PZ  -0.00110374 -0.09918845 -0.16318705


@       ATOMIC POLAR TENSOR FOR ATOM  Cl  4

              dX          dY          dZ

  d PX   0.00000000  0.00000000  0.00000000
  d PY  -0.00001534 -0.73511110  0.32470534
  d PZ   0.00445470  0.09359244 -0.15985507



 @ 
 @ GAPT Atomic Charges from => ATOMIC CHARGE FLUX TENSORS <=                  
 @ 
 @ J. Cioslowski, J. Am. Chem. Soc., 111(22), 8333-8336, 1989
 @ 

 -------------------------
 Atom  #     Charge / a.u.
 -------------------------
 O     1          0.156194
 C     2          0.442152
 Cl    3         -0.299443
 Cl    4         -0.298322
 -------------------------
 Total Charge :   0.000580
 -------------------------


 ------------------------------------------------
 ----  CARTESIAN DIPOLE FLUX TENSORS (a.u.)  ----
 ------------------------------------------------


@       ATOMIC POLAR TENSOR FOR ATOM  O   1

              dX          dY          dZ

  d PX   0.91997664  0.01836121 -0.00059601
  d PY   0.02034586  0.93271100 -0.01115568
  d PZ  -0.00121283  0.00372812 -0.94569200


@       ATOMIC POLAR TENSOR FOR ATOM  C   2

              dX          dY          dZ

  d PX  -1.19250879 -0.01931239 -0.00343905
  d PY  -0.01776057 -1.12756208 -0.00306495
  d PZ  -0.00103590 -0.02020538  0.85874243


@       ATOMIC POLAR TENSOR FOR ATOM  Cl  3

              dX          dY          dZ

  d PX   0.13661797 -0.00319992  0.00033918
  d PY  -0.00047382  0.09370265 -0.04024022
  d PZ  -0.00235540 -0.24141987  0.04198942


@       ATOMIC POLAR TENSOR FOR ATOM  Cl  4

              dX          dY          dZ

  d PX   0.13578628  0.00239491 -0.00674287
  d PY  -0.00698876  0.09719117  0.03359539
  d PZ  -0.00045821  0.22583763  0.03999605



 @ 
 @ GAPT Atomic Charges from => ATOMIC DIPOLE FLUX TENSORS <=                  
 @ 
 @ J. Cioslowski, J. Am. Chem. Soc., 111(22), 8333-8336, 1989
 @ 

 -------------------------
 Atom  #     Charge / a.u.
 -------------------------
 O     1          0.302332
 C     2         -0.487109
 Cl    3          0.090770
 Cl    4          0.090991
 -------------------------
 Total Charge :  -0.003016
 -------------------------


 ---------------------------------------------------
 ----  CARTESIAN MOLECULAR POLAR TENSOR (a.u.)  ----
 ---------------------------------------------------


@       ATOMIC POLAR TENSOR FOR ATOM  O   1

              dX          dY          dZ

  d PX  -0.22354037  0.01836121 -0.00059601
  d PY   0.02036669 -0.63017969 -0.01113665
  d PZ   0.00030008 -0.00155534 -1.20125387


@       ATOMIC POLAR TENSOR FOR ATOM  C   2

              dX          dY          dZ

  d PX   0.21908104 -0.01931239 -0.00343905
  d PY  -0.01781323  2.17391668 -0.00306387
  d PZ   0.00070743 -0.01916626  1.70689881


@       ATOMIC POLAR TENSOR FOR ATOM  Cl  3

              dX          dY          dZ

  d PX   0.00271687 -0.00319992  0.00033918
  d PY  -0.00043982 -0.77534189 -0.36494070
  d PZ  -0.00345914 -0.34060832 -0.25509873


@       ATOMIC POLAR TENSOR FOR ATOM  Cl  4

              dX          dY          dZ

  d PX   0.00188360  0.00239491 -0.00674287
  d PY  -0.00700410 -0.77182261  0.35830072
  d PZ   0.00399649  0.31943006 -0.25376170



 @ 
 @ GAPT Atomic Charges from => TOTAL (C+CF+DF) ATOMIC POLAR TENSOR <=         
 @ 
 @ J. Cioslowski, J. Am. Chem. Soc., 111(22), 8333-8336, 1989
 @ 

 -------------------------
 Atom  #     Charge / a.u.
 -------------------------
 O     1         -0.684991
 C     2          1.366632
 Cl    3         -0.342575
 Cl    4         -0.341234
 -------------------------
 Total Charge :  -0.002167
 -------------------------




 ************************************
 *   OUTPUT FROM PROGRAM INFRAINT   *
 ************************************

 -----------------------------------------------------------------------------------
 ATOMIC CONTRIBUTIONS TO THE IR INTENSITIES

 Ax = K.( \sum_b{ (dPx^a/dxb).(dxb/dQj) +
                  (dPx^a/dyb).(dyb/dQj) +
                  (dPx^a/dzb).(dzb/dQj) } ).(dPx/dQj)

 Ay = K.( \sum_b{ (dPy^a/dxb).(dxb/dQj) +
                  (dPy^a/dyb).(dyb/dQj) +
                  (dPy^a/dzb).(dzb/dQj) } ).(dPy/dQj)

 Az = K.( \sum_b{ (dPz^a/dxb).(dxb/dQj) +
                  (dPz^a/dyb).(dyb/dQj) +
                  (dPz^a/dzb).(dzb/dQj) } ).(dPz/dQj)

  K = 974.864 km.amu / (mol.e^2)

 Px^a = x-component of the atomic dipole moment of atom a
 Py^a = y-component of the atomic dipole moment of atom a
 Pz^a = z-component of the atomic dipole moment of atom a

 xb = x-coordinate of atom b
 yb = y-coordinate of atom b
 zb = z-coordinate of atom b
 -----------------------------------------------------------------------------------

 -------------------------------------------------------------------------------------------------------------
 MODE # 1 ( 1868.52 cm-1)
 -------------------------------------------------------------------------------------------------------------

  ATOM         Ax          Ay          Az      (Ax + Ay + Az)
 O    1        0.00        0.00       53.04        53.04
 C    2        0.00        0.00       95.04        95.04
 Cl   3        0.00        0.24       85.04        85.28
 Cl   4        0.00       -0.24       85.04        84.79

 ----------------------------------------------
  ATOM        C         CT        DP      TOTAL
 O    1    102.54   -184.91    135.40     53.04
 C    2    173.61   -216.79    138.22     95.04
 Cl   3      0.08    126.76    -41.56     85.28
 Cl   4      0.08    126.27    -41.55     84.79

 -------------------------------------------------------------------------------------------------------------
  ATOM       C.C      CT.CT     DP.DP      C.CT     CT.C       C.DP     DP.C      CT.DP     DP.CT     TOTAL
 O    1     89.05     86.40     81.08    -47.91   -160.59     61.40    117.60   -110.72    -63.27     53.04
 C    2    150.78    101.30     82.77    -81.13   -188.28    103.96    120.04   -129.81    -64.59     95.04
 Cl   3      0.07    -59.12    -24.89     -0.04    109.88      0.05    -36.09     76.00     19.42     85.28
 Cl   4      0.07    -59.12    -24.88     -0.04    109.87      0.05    -36.09     75.51     19.42     84.79
 -------------------------------------------------------------------------------------------------------------
 Total intensity =  318.15 km/mol
 -------------------------------------------------------------------------------------------------------------

 -------------------------------------------------------------------------------------------------------------
 MODE # 2 (  881.35 cm-1)
 -------------------------------------------------------------------------------------------------------------

  ATOM         Ax          Ay          Az      (Ax + Ay + Az)
 O    1        0.00      -69.91        0.00       -69.91
 C    2        0.04      225.32        0.02       225.37
 Cl   3       -0.00      146.49       -1.34       145.16
 Cl   4        0.00      146.49        1.34       147.83

 ----------------------------------------------
  ATOM        C         CT        DP      TOTAL
 O    1     40.26      0.00   -110.17    -69.91
 C    2    250.27     -0.00    -24.90    225.37
 Cl   3      2.99    192.88    -50.71    145.16
 Cl   4      3.00    195.39    -50.56    147.83

 -------------------------------------------------------------------------------------------------------------
  ATOM       C.C      CT.CT     DP.DP      C.CT     CT.C       C.DP     DP.C      CT.DP     DP.CT     TOTAL
 O    1     26.62     -0.00     58.08     34.86      0.00    -21.22    -72.85      0.00    -95.39    -69.91
 C    2    165.50      0.00     13.22    216.71     -0.00   -131.94    -16.50     -0.00    -21.61    225.37
 Cl   3      1.98    168.33     26.61      2.60    128.38     -1.59    -33.49   -103.83    -43.83    145.16
 Cl   4      1.98    167.87     26.78      2.59    128.38     -1.57    -33.48   -100.86    -43.86    147.83
 -------------------------------------------------------------------------------------------------------------
 Total intensity =  448.45 km/mol
 -------------------------------------------------------------------------------------------------------------

 -------------------------------------------------------------------------------------------------------------
 MODE # 3 (  594.60 cm-1)
 -------------------------------------------------------------------------------------------------------------

  ATOM         Ax          Ay          Az      (Ax + Ay + Az)
 O    1       -3.87       -0.00        0.00        -3.87
 C    2       13.56        0.04        0.00        13.60
 Cl   3       -1.92        0.00       -0.00        -1.92
 Cl   4       -1.92       -0.00        0.00        -1.92

 ----------------------------------------------
  ATOM        C         CT        DP      TOTAL
 O    1      7.73     -0.00    -11.60     -3.87
 C    2     28.04      0.00    -14.44     13.60
 Cl   3      0.25      0.00     -2.17     -1.92
 Cl   4      0.25     -0.00     -2.17     -1.92

 -------------------------------------------------------------------------------------------------------------
  ATOM       C.C      CT.CT     DP.DP      C.CT     CT.C       C.DP     DP.C      CT.DP     DP.CT     TOTAL
 O    1     47.92     -0.00     60.26      0.00      0.00    -40.18    -71.86      0.00      0.00     -3.87
 C    2    173.67      0.00     75.23     -0.00     -0.00   -145.64    -89.67     -0.00      0.00     13.60
 Cl   3      1.54     -0.00     11.27     -0.00      0.00     -1.29    -13.44      0.00      0.00     -1.92
 Cl   4      1.54     -0.00     11.27     -0.00      0.00     -1.29    -13.44     -0.00      0.00     -1.92
 -------------------------------------------------------------------------------------------------------------
 Total intensity =    5.89 km/mol
 -------------------------------------------------------------------------------------------------------------

 -------------------------------------------------------------------------------------------------------------
 MODE # 4 (  584.46 cm-1)
 -------------------------------------------------------------------------------------------------------------

  ATOM         Ax          Ay          Az      (Ax + Ay + Az)
 O    1       -0.00        0.00      -10.49       -10.49
 C    2        0.00        0.00       30.62        30.62
 Cl   3       -0.00       -0.02       -2.05        -2.07
 Cl   4       -0.00        0.02       -2.05        -2.03

 ----------------------------------------------
  ATOM        C         CT        DP      TOTAL
 O    1    -19.99      3.38      6.13    -10.49
 C    2     23.56      0.58      6.49     30.62
 Cl   3      0.91      2.90     -5.88     -2.07
 Cl   4      0.93      2.96     -5.93     -2.03

 -------------------------------------------------------------------------------------------------------------
  ATOM       C.C      CT.CT     DP.DP      C.CT     CT.C       C.DP     DP.C      CT.DP     DP.CT     TOTAL
 O    1     -6.74      2.07      0.31    -12.25      1.14     -1.01      2.06      0.17      3.75    -10.49
 C    2      7.94      0.35      0.33     14.43      0.19      1.19      2.19      0.03      3.97     30.62
 Cl   3      0.31      1.79     -0.27      0.56      0.99      0.04     -1.99      0.12     -3.61     -2.07
 Cl   4      0.31      1.79     -0.32      0.56      0.99      0.06     -1.99      0.18     -3.61     -2.03
 -------------------------------------------------------------------------------------------------------------
 Total intensity =   16.03 km/mol
 -------------------------------------------------------------------------------------------------------------

 -------------------------------------------------------------------------------------------------------------
 MODE # 5 (  452.98 cm-1)
 -------------------------------------------------------------------------------------------------------------

  ATOM         Ax          Ay          Az      (Ax + Ay + Az)
 O    1        0.00        0.58       -0.00         0.58
 C    2        0.01       -0.47        0.00        -0.46
 Cl   3       -0.00       -0.04       -0.01        -0.05
 Cl   4        0.00       -0.04        0.01        -0.03

 ----------------------------------------------
  ATOM        C         CT        DP      TOTAL
 O    1      1.12      0.00     -0.54      0.58
 C    2     -0.00     -0.00     -0.45     -0.46
 Cl   3     -0.02     -0.06      0.03     -0.05
 Cl   4     -0.04     -0.08      0.08     -0.03

 -------------------------------------------------------------------------------------------------------------
  ATOM       C.C      CT.CT     DP.DP      C.CT     CT.C       C.DP     DP.C      CT.DP     DP.CT     TOTAL
 O    1     43.41     -0.00     17.65     -5.62     -0.00    -36.67    -20.90      0.00      2.71      0.58
 C    2     -0.05      0.00     15.22      0.01      0.00      0.04    -18.01     -0.00      2.33     -0.46
 Cl   3     -1.16      0.34     -1.84      0.15     -2.66      0.99      2.12      2.26     -0.26     -0.05
 Cl   4     -1.16      0.35     -1.75      0.16     -2.66      0.97      2.12      2.23     -0.29     -0.03
 -------------------------------------------------------------------------------------------------------------
 Total intensity =    0.04 km/mol
 -------------------------------------------------------------------------------------------------------------

 -------------------------------------------------------------------------------------------------------------
 MODE # 6 (  306.24 cm-1)
 -------------------------------------------------------------------------------------------------------------

  ATOM         Ax          Ay          Az      (Ax + Ay + Az)
 O    1        0.00        0.00        1.06         1.06
 C    2        0.00        0.00       -1.01        -1.01
 Cl   3        0.00       -0.03        0.05         0.02
 Cl   4        0.00        0.03        0.05         0.08

 ----------------------------------------------
  ATOM        C         CT        DP      TOTAL
 O    1      1.14     -0.02     -0.05      1.06
 C    2     -1.38      0.08      0.29     -1.01
 Cl   3     -0.04     -0.15      0.21      0.02
 Cl   4     -0.07     -0.12      0.27      0.08

 -------------------------------------------------------------------------------------------------------------
  ATOM       C.C      CT.CT     DP.DP      C.CT     CT.C       C.DP     DP.C      CT.DP     DP.CT     TOTAL
 O    1     -2.62      0.03     -0.26     -1.71      0.05      5.47      0.12     -0.11      0.08      1.06
 C    2      3.16     -0.11      1.39      2.06     -0.17     -6.60     -0.66      0.36     -0.43     -1.01
 Cl   3      0.12      0.21      1.13      0.08      0.32     -0.24     -0.55     -0.68     -0.36      0.02
 Cl   4      0.12      0.21      1.18      0.08      0.32     -0.27     -0.55     -0.65     -0.36      0.08
 -------------------------------------------------------------------------------------------------------------
 Total intensity =    0.15 km/mol
 -------------------------------------------------------------------------------------------------------------

 -------------------------------------------------------------------------------------------------------------
 MODE # 7 (    2.56 cm-1)
 -------------------------------------------------------------------------------------------------------------

  ATOM         Ax          Ay          Az      (Ax + Ay + Az)
 O    1       -0.51       -0.00        0.00        -0.51
 C    2        0.87        0.00       -0.00         0.86
 Cl   3       -0.14       -0.00        0.00        -0.14
 Cl   4       -0.14       -0.00        0.00        -0.14

 ----------------------------------------------
  ATOM        C         CT        DP      TOTAL
 O    1     -0.41     -0.00     -0.10     -0.51
 C    2      0.97      0.00     -0.11      0.86
 Cl   3     -0.13      0.00     -0.01     -0.14
 Cl   4     -0.13      0.00     -0.01     -0.14

 -------------------------------------------------------------------------------------------------------------
  ATOM       C.C      CT.CT     DP.DP      C.CT     CT.C       C.DP     DP.C      CT.DP     DP.CT     TOTAL
 O    1     -1.65     -0.00      0.30      0.01      0.00      1.23     -0.40      0.00      0.00     -0.51
 C    2      3.90      0.00      0.34     -0.01     -0.00     -2.91     -0.45     -0.00     -0.00      0.86
 Cl   3     -0.52     -0.00      0.03      0.00     -0.00      0.39     -0.03      0.00      0.00     -0.14
 Cl   4     -0.52      0.00      0.03      0.00     -0.00      0.39     -0.03      0.00     -0.00     -0.14
 -------------------------------------------------------------------------------------------------------------
 Total intensity =    0.08 km/mol
 -------------------------------------------------------------------------------------------------------------

 -------------------------------------------------------------------------------------------------------------
 MODE # 8 (    0.66 cm-1)
 -------------------------------------------------------------------------------------------------------------

  ATOM         Ax          Ay          Az      (Ax + Ay + Az)
 O    1        0.00        0.01        0.06         0.08
 C    2       -0.00       -0.02       -0.06        -0.08
 Cl   3        0.00        0.00        0.01         0.01
 Cl   4        0.00        0.00        0.01         0.01

 ----------------------------------------------
  ATOM        C         CT        DP      TOTAL
 O    1      0.08     -0.00      0.00      0.08
 C    2     -0.10      0.00      0.01     -0.08
 Cl   3      0.01     -0.00     -0.00      0.01
 Cl   4      0.01      0.00      0.00      0.01

 -------------------------------------------------------------------------------------------------------------
  ATOM       C.C      CT.CT     DP.DP      C.CT     CT.C       C.DP     DP.C      CT.DP     DP.CT     TOTAL
 O    1     -0.22     -0.00      0.00      0.01     -0.00      0.29     -0.00     -0.00     -0.00      0.08
 C    2      0.28      0.00      0.01     -0.01      0.00     -0.37     -0.00      0.00      0.00     -0.08
 Cl   3     -0.03     -0.00     -0.00      0.00      0.00      0.03     -0.00     -0.00     -0.00      0.01
 Cl   4     -0.03      0.00      0.00      0.00      0.00      0.04     -0.00      0.00      0.00      0.01
 -------------------------------------------------------------------------------------------------------------
 Total intensity =    0.02 km/mol
 -------------------------------------------------------------------------------------------------------------

 -------------------------------------------------------------------------------------------------------------
 MODE # 9 (    0.43 cm-1)
 -------------------------------------------------------------------------------------------------------------

  ATOM         Ax          Ay          Az      (Ax + Ay + Az)
 O    1        0.00       -0.03       -0.03        -0.06
 C    2       -0.00        0.05        0.04         0.08
 Cl   3        0.00       -0.00       -0.00        -0.01
 Cl   4        0.00       -0.00       -0.00        -0.01

 ----------------------------------------------
  ATOM        C         CT        DP      TOTAL
 O    1     -0.06      0.00     -0.00     -0.06
 C    2      0.08      0.00      0.00      0.08
 Cl   3     -0.01      0.00     -0.00     -0.01
 Cl   4     -0.01     -0.00     -0.00     -0.01

 -------------------------------------------------------------------------------------------------------------
  ATOM       C.C      CT.CT     DP.DP      C.CT     CT.C       C.DP     DP.C      CT.DP     DP.CT     TOTAL
 O    1     -0.04      0.00      0.00     -0.04      0.00      0.01     -0.00     -0.00     -0.00     -0.06
 C    2      0.07      0.00      0.01      0.05      0.00     -0.04     -0.01     -0.00     -0.00      0.08
 Cl   3     -0.01     -0.00      0.00     -0.00      0.00      0.01     -0.00      0.00     -0.00     -0.01
 Cl   4     -0.01     -0.00      0.00     -0.00     -0.00      0.01     -0.00     -0.00      0.00     -0.01
 -------------------------------------------------------------------------------------------------------------
 Total intensity =    0.01 km/mol
 -------------------------------------------------------------------------------------------------------------

 -------------------------------------------------------------------------------------------------------------
 MODE #10 (    7.89 cm-1)
 -------------------------------------------------------------------------------------------------------------

  ATOM         Ax          Ay          Az      (Ax + Ay + Az)
 O    1        0.00        2.10       -0.00         2.10
 C    2        0.00       -1.51        0.00        -1.50
 Cl   3       -0.00       -0.12        0.01        -0.11
 Cl   4        0.00       -0.12       -0.01        -0.12

 ----------------------------------------------
  ATOM        C         CT        DP      TOTAL
 O    1      2.56     -0.00     -0.46      2.10
 C    2     -1.00      0.00     -0.50     -1.50
 Cl   3     -0.07     -0.00     -0.04     -0.11
 Cl   4     -0.08     -0.00     -0.04     -0.12

 -------------------------------------------------------------------------------------------------------------
  ATOM       C.C      CT.CT     DP.DP      C.CT     CT.C       C.DP     DP.C      CT.DP     DP.CT     TOTAL
 O    1      9.89     -0.00      1.31     -0.01     -0.00     -7.32     -1.78      0.00      0.00      2.10
 C    2     -3.87      0.00      1.45      0.00      0.00      2.86     -1.95     -0.00      0.00     -1.50
 Cl   3     -0.29     -0.00      0.11      0.01     -0.00      0.21     -0.15      0.00      0.00     -0.11
 Cl   4     -0.29      0.00      0.11     -0.01     -0.00      0.22     -0.15      0.00     -0.00     -0.12
 -------------------------------------------------------------------------------------------------------------
 Total intensity =    0.37 km/mol
 -------------------------------------------------------------------------------------------------------------

 -------------------------------------------------------------------------------------------------------------
 MODE #11 (    9.44 cm-1)
 -------------------------------------------------------------------------------------------------------------

  ATOM         Ax          Ay          Az      (Ax + Ay + Az)
 O    1        6.92       -0.00        0.00         6.92
 C    2       -5.42        0.01       -0.00        -5.41
 Cl   3       -0.24       -0.00        0.00        -0.24
 Cl   4       -0.24        0.00        0.00        -0.24

 ----------------------------------------------
  ATOM        C         CT        DP      TOTAL
 O    1      8.26      0.00     -1.34      6.92
 C    2     -3.89      0.00     -1.52     -5.41
 Cl   3     -0.13     -0.00     -0.11     -0.24
 Cl   4     -0.13      0.00     -0.11     -0.24

 -------------------------------------------------------------------------------------------------------------
  ATOM       C.C      CT.CT     DP.DP      C.CT     CT.C       C.DP     DP.C      CT.DP     DP.CT     TOTAL
 O    1     33.46      0.00      4.09      0.00     -0.00    -25.20     -5.43     -0.00     -0.00      6.92
 C    2    -15.75      0.00      4.68     -0.00     -0.00     11.87     -6.19     -0.00     -0.00     -5.41
 Cl   3     -0.52     -0.00      0.35      0.00      0.00      0.39     -0.46     -0.00      0.00     -0.24
 Cl   4     -0.52     -0.00      0.35      0.00      0.00      0.39     -0.46      0.00      0.00     -0.24
 -------------------------------------------------------------------------------------------------------------
 Total intensity =    1.03 km/mol
 -------------------------------------------------------------------------------------------------------------

 -------------------------------------------------------------------------------------------------------------
 MODE #12 (    9.63 cm-1)
 -------------------------------------------------------------------------------------------------------------

  ATOM         Ax          Ay          Az      (Ax + Ay + Az)
 O    1       -0.00        0.00        0.00         0.00
 C    2        0.00        0.00        0.00         0.00
 Cl   3       -0.00       -0.00        0.00        -0.00
 Cl   4        0.00       -0.00        0.00         0.00

 ----------------------------------------------
  ATOM        C         CT        DP      TOTAL
 O    1      0.00      0.00     -0.00      0.00
 C    2     -0.00      0.00      0.00      0.00
 Cl   3     -0.00     -0.00     -0.00     -0.00
 Cl   4      0.00      0.00      0.00      0.00

 -------------------------------------------------------------------------------------------------------------
  ATOM       C.C      CT.CT     DP.DP      C.CT     CT.C       C.DP     DP.C      CT.DP     DP.CT     TOTAL
 O    1      0.00      0.00     -0.00      0.00     -0.00      0.00     -0.00      0.00     -0.00      0.00
 C    2      0.00      0.00      0.00     -0.00     -0.00     -0.00      0.00      0.00      0.00      0.00
 Cl   3     -0.00     -0.00     -0.00      0.00      0.00     -0.00     -0.00      0.00     -0.00     -0.00
 Cl   4      0.00      0.00      0.00      0.00      0.00      0.00      0.00      0.00     -0.00      0.00
 -------------------------------------------------------------------------------------------------------------
 Total intensity =    0.00 km/mol
 -------------------------------------------------------------------------------------------------------------

 -----------------------------------------------------------------------------------
 DYNAMIC CONTRIBUTIONS TO THE IR INTENSITIES

 Ax = K.( (dPx/dxa).(dxa/dQj) +
          (dPx/dya).(dya/dQj) +
          (dPx/dza).(dza/dQj) ).(dPx/dQj)

 Ay = K.( (dPy/dxa).(dxa/dQj) +
          (dPy/dya).(dya/dQj) +
          (dPy/dza).(dza/dQj) ).(dPy/dQj)

 Az = K.( (dPz/dxa).(dxa/dQj) +
          (dPz/dya).(dya/dQj) +
          (dPz/dza).(dza/dQj) ).(dPz/dQj)

  K = 974.864 km.amu / (mol.e^2)

 Px = x-component of the molecular dipole moment
 Py = y-component of the molecular dipole moment
 Pz = z-component of the molecular dipole moment

 xa = x-coordinate of atom a
 ya = y-coordinate of atom a
 za = z-coordinate of atom a
 -----------------------------------------------------------------------------------

 -------------------------------------------------------------------------------------------------------------
 MODE # 1 ( 1868.52 cm-1)
 -------------------------------------------------------------------------------------------------------------

  ATOM         Ax          Ay          Az      (Ax + Ay + Az)
 O    1       -0.00        0.00      107.71       107.72
 C    2        0.00       -0.00      209.93       209.93
 Cl   3       -0.00        0.00        0.26         0.26
 Cl   4       -0.00       -0.00        0.25         0.25

 ----------------------------------------------
  ATOM        C         CT        DP      TOTAL
 O    1    102.54    -79.62     84.80    107.72
 C    2    173.61    -69.30    105.61    209.93
 Cl   3      0.08      0.13      0.05      0.26
 Cl   4      0.08      0.12      0.05      0.25

 -------------------------------------------------------------------------------------------------------------
  ATOM       C.C      CF.CF     DF.DF      C.CF     CF.C       C.DF     DF.C      CF.DF     DF.CF     TOTAL
 O    1     89.05     37.21     50.78    -47.91    -69.15     61.40     73.65    -47.68    -39.63    107.72
 C    2    150.78     32.38     63.24    -81.13    -60.18    103.96     91.72    -41.49    -49.35    209.93
 Cl   3      0.07     -0.06      0.03     -0.04      0.11      0.05      0.04      0.08     -0.02      0.26
 Cl   4      0.07     -0.06      0.03     -0.04      0.11      0.05      0.04      0.07     -0.02      0.25
 -------------------------------------------------------------------------------------------------------------
 Total intensity =  318.15 km/mol
 -------------------------------------------------------------------------------------------------------------

 -------------------------------------------------------------------------------------------------------------
 MODE # 2 (  881.35 cm-1)
 -------------------------------------------------------------------------------------------------------------

  ATOM         Ax          Ay          Az      (Ax + Ay + Az)
 O    1        0.01       22.19       -0.00        22.19
 C    2        0.03      385.43        0.02       385.48
 Cl   3       -0.00       20.46       -0.06        20.40
 Cl   4        0.00       20.32        0.06        20.38

 ----------------------------------------------
  ATOM        C         CT        DP      TOTAL
 O    1     40.26     14.76    -32.83     22.19
 C    2    250.27    335.07   -199.86    385.48
 Cl   3      2.99     19.19     -1.79     20.40
 Cl   4      3.00     19.24     -1.86     20.38

 -------------------------------------------------------------------------------------------------------------
  ATOM       C.C      CF.CF     DF.DF      C.CF     CF.C       C.DF     DF.C      CF.DF     DF.CF     TOTAL
 O    1     26.62     12.79     17.32     34.86      9.76    -21.22    -21.72     -7.79    -28.43     22.19
 C    2    165.50    290.14    105.45    216.71    221.58   -131.94   -132.20   -176.65   -173.11    385.48
 Cl   3      1.98     16.64      0.89      2.60     12.71     -1.59     -1.16    -10.16     -1.51     20.40
 Cl   4      1.98     16.63      1.03      2.59     12.71     -1.57     -1.25    -10.10     -1.64     20.38
 -------------------------------------------------------------------------------------------------------------
 Total intensity =  448.45 km/mol
 -------------------------------------------------------------------------------------------------------------

 -------------------------------------------------------------------------------------------------------------
 MODE # 3 (  594.60 cm-1)
 -------------------------------------------------------------------------------------------------------------

  ATOM         Ax          Ay          Az      (Ax + Ay + Az)
 O    1        1.51        0.01       -0.00         1.52
 C    2        4.35        0.03        0.00         4.38
 Cl   3       -0.01       -0.00        0.00        -0.01
 Cl   4       -0.00       -0.00       -0.00        -0.00

 ----------------------------------------------
  ATOM        C         CT        DP      TOTAL
 O    1      7.73     -0.00     -6.21      1.52
 C    2     28.04      0.00    -23.66      4.38
 Cl   3      0.25      0.00     -0.25     -0.01
 Cl   4      0.25     -0.00     -0.25     -0.00

 -------------------------------------------------------------------------------------------------------------
  ATOM       C.C      CF.CF     DF.DF      C.CF     CF.C       C.DF     DF.C      CF.DF     DF.CF     TOTAL
 O    1     47.92     -0.00     32.34      0.00      0.00    -40.18    -38.55      0.00      0.00      1.52
 C    2    173.67      0.00    123.06     -0.00     -0.00   -145.64   -146.72      0.00      0.00      4.38
 Cl   3      1.54      0.00      1.32     -0.00     -0.00     -1.29     -1.58      0.00      0.00     -0.01
 Cl   4      1.54     -0.00      1.31     -0.00      0.00     -1.29     -1.57     -0.00     -0.00     -0.00
 -------------------------------------------------------------------------------------------------------------
 Total intensity =    5.89 km/mol
 -------------------------------------------------------------------------------------------------------------

 -------------------------------------------------------------------------------------------------------------
 MODE # 4 (  584.46 cm-1)
 -------------------------------------------------------------------------------------------------------------

  ATOM         Ax          Ay          Az      (Ax + Ay + Az)
 O    1       -0.00        0.00      -21.00       -21.00
 C    2       -0.00        0.00       28.49        28.49
 Cl   3        0.00       -0.09        4.36         4.26
 Cl   4        0.00        0.09        4.19         4.28

 ----------------------------------------------
  ATOM        C         CT        DP      TOTAL
 O    1    -19.99     15.53    -16.53    -21.00
 C    2     23.56     -9.40     14.33     28.49
 Cl   3      0.91      1.79      1.56      4.26
 Cl   4      0.93      1.90      1.45      4.28

 -------------------------------------------------------------------------------------------------------------
  ATOM       C.C      CF.CF     DF.DF      C.CF     CF.C       C.DF     DF.C      CF.DF     DF.CF     TOTAL
 O    1     -6.74      9.51     -0.83    -12.25      5.23     -1.01     -5.57      0.78    -10.13    -21.00
 C    2      7.94     -5.76      0.72     14.43     -3.17      1.19      4.83     -0.47      8.78     28.49
 Cl   3      0.31      1.15      0.08      0.56      0.63      0.04      0.53      0.01      0.96      4.26
 Cl   4      0.31      1.11      0.07      0.56      0.61      0.06      0.49      0.18      0.89      4.28
 -------------------------------------------------------------------------------------------------------------
 Total intensity =   16.03 km/mol
 -------------------------------------------------------------------------------------------------------------

 -------------------------------------------------------------------------------------------------------------
 MODE # 5 (  452.98 cm-1)
 -------------------------------------------------------------------------------------------------------------

  ATOM         Ax          Ay          Az      (Ax + Ay + Az)
 O    1        0.01        0.62       -0.00         0.63
 C    2       -0.00       -0.00       -0.00        -0.00
 Cl   3        0.00       -0.30        0.02        -0.27
 Cl   4       -0.00       -0.29       -0.02        -0.32

 ----------------------------------------------
  ATOM        C         CT        DP      TOTAL
 O    1      1.12      0.41     -0.90      0.63
 C    2     -0.00     -0.00      0.00     -0.00
 Cl   3     -0.02     -0.26      0.01     -0.27
 Cl   4     -0.04     -0.28      0.00     -0.32

 -------------------------------------------------------------------------------------------------------------
  ATOM       C.C      CF.CF     DF.DF      C.CF     CF.C       C.DF     DF.C      CF.DF     DF.CF     TOTAL
 O    1     43.41     -2.06     29.92     -5.62     15.92    -36.67    -35.41    -13.45      4.58      0.63
 C    2     -0.05      0.01     -0.03      0.01     -0.07      0.04      0.04      0.06     -0.01     -0.00
 Cl   3     -1.16      1.36     -0.24      0.15    -10.58      0.99      0.29      8.96     -0.04     -0.27
 Cl   4     -1.16      1.38     -0.36      0.16    -10.58      0.97      0.41      8.92     -0.05     -0.32
 -------------------------------------------------------------------------------------------------------------
 Total intensity =    0.04 km/mol
 -------------------------------------------------------------------------------------------------------------

 -------------------------------------------------------------------------------------------------------------
 MODE # 6 (  306.24 cm-1)
 -------------------------------------------------------------------------------------------------------------

  ATOM         Ax          Ay          Az      (Ax + Ay + Az)
 O    1        0.00        0.00        1.20         1.20
 C    2        0.00        0.00       -1.67        -1.67
 Cl   3        0.00        0.09        0.32         0.41
 Cl   4        0.00       -0.09        0.30         0.21

 ----------------------------------------------
  ATOM        C         CT        DP      TOTAL
 O    1      1.14     -0.89      0.94      1.20
 C    2     -1.38      0.55     -0.84     -1.67
 Cl   3     -0.04      0.14      0.30      0.41
 Cl   4     -0.07     -0.03      0.31      0.21

 -------------------------------------------------------------------------------------------------------------
  ATOM       C.C      CF.CF     DF.DF      C.CF     CF.C       C.DF     DF.C      CF.DF     DF.CF     TOTAL
 O    1     -2.62      1.33      4.52     -1.71      2.03      5.47     -2.16     -4.24     -1.41      1.20
 C    2      3.16     -0.82     -4.02      2.06     -1.26     -6.60      1.92      2.64      1.26     -1.67
 Cl   3      0.12     -0.09      1.50      0.08     -0.13     -0.24     -0.72      0.36     -0.47      0.41
 Cl   4      0.12     -0.08      1.43      0.08     -0.12     -0.27     -0.68      0.17     -0.44      0.21
 -------------------------------------------------------------------------------------------------------------
 Total intensity =    0.15 km/mol
 -------------------------------------------------------------------------------------------------------------

 -------------------------------------------------------------------------------------------------------------
 MODE # 7 (    2.56 cm-1)
 -------------------------------------------------------------------------------------------------------------

  ATOM         Ax          Ay          Az      (Ax + Ay + Az)
 O    1       -0.08       -0.00        0.00        -0.08
 C    2        0.15        0.00       -0.00         0.15
 Cl   3        0.00       -0.01        0.00        -0.00
 Cl   4        0.00        0.01        0.00         0.01

 ----------------------------------------------
  ATOM        C         CT        DP      TOTAL
 O    1     -0.41     -0.00      0.33     -0.08
 C    2      0.97      0.00     -0.83      0.15
 Cl   3     -0.13     -0.00      0.13     -0.00
 Cl   4     -0.13      0.00      0.13      0.01

 -------------------------------------------------------------------------------------------------------------
  ATOM       C.C      CF.CF     DF.DF      C.CF     CF.C       C.DF     DF.C      CF.DF     DF.CF     TOTAL
 O    1     -1.65     -0.01     -1.00      0.01      0.00      1.23      1.33      0.00      0.01     -0.08
 C    2      3.90      0.00      2.47     -0.01     -0.00     -2.91     -3.29     -0.00     -0.01      0.15
 Cl   3     -0.52      0.00     -0.39      0.00      0.00      0.39      0.53     -0.01     -0.00     -0.00
 Cl   4     -0.52      0.00     -0.39      0.00     -0.00      0.39      0.53      0.00     -0.00      0.01
 -------------------------------------------------------------------------------------------------------------
 Total intensity =    0.08 km/mol
 -------------------------------------------------------------------------------------------------------------

 -------------------------------------------------------------------------------------------------------------
 MODE # 8 (    0.66 cm-1)
 -------------------------------------------------------------------------------------------------------------

  ATOM         Ax          Ay          Az      (Ax + Ay + Az)
 O    1       -0.00        0.01        0.07         0.08
 C    2        0.00       -0.03       -0.09        -0.11
 Cl   3        0.00        0.01        0.15         0.16
 Cl   4       -0.00        0.01       -0.12        -0.11

 ----------------------------------------------
  ATOM        C         CT        DP      TOTAL
 O    1      0.08     -0.04      0.04      0.08
 C    2     -0.10      0.01     -0.03     -0.11
 Cl   3      0.01      0.06      0.10      0.16
 Cl   4      0.01     -0.02     -0.10     -0.11

 -------------------------------------------------------------------------------------------------------------
  ATOM       C.C      CF.CF     DF.DF      C.CF     CF.C       C.DF     DF.C      CF.DF     DF.CF     TOTAL
 O    1     -0.22     -0.01     -0.16      0.01     -0.08      0.29      0.18      0.05      0.01      0.08
 C    2      0.28      0.01      0.21     -0.01      0.38     -0.37     -0.23     -0.38     -0.01     -0.11
 Cl   3     -0.03      0.01      0.06      0.00     -0.16      0.03      0.02      0.21      0.02      0.16
 Cl   4     -0.03     -0.01     -0.10      0.00     -0.14      0.04      0.02      0.13     -0.02     -0.11
 -------------------------------------------------------------------------------------------------------------
 Total intensity =    0.02 km/mol
 -------------------------------------------------------------------------------------------------------------

 -------------------------------------------------------------------------------------------------------------
 MODE # 9 (    0.43 cm-1)
 -------------------------------------------------------------------------------------------------------------

  ATOM         Ax          Ay          Az      (Ax + Ay + Az)
 O    1        0.00       -0.02       -0.03        -0.05
 C    2       -0.00        0.07        0.04         0.11
 Cl   3       -0.00        0.06       -0.01         0.05
 Cl   4        0.00       -0.10       -0.01        -0.11

 ----------------------------------------------
  ATOM        C         CT        DP      TOTAL
 O    1     -0.06      0.01      0.01     -0.05
 C    2      0.08      0.04     -0.01      0.11
 Cl   3     -0.01      0.05      0.01      0.05
 Cl   4     -0.01     -0.10     -0.00     -0.11

 -------------------------------------------------------------------------------------------------------------
  ATOM       C.C      CF.CF     DF.DF      C.CF     CF.C       C.DF     DF.C      CF.DF     DF.CF     TOTAL
 O    1     -0.04      0.03      0.01     -0.04     -0.00      0.01      0.03     -0.02     -0.03     -0.05
 C    2      0.07     -0.02      0.01      0.05      0.01     -0.04     -0.05      0.05      0.03      0.11
 Cl   3     -0.01     -0.01      0.00     -0.00      0.01      0.01      0.01      0.04      0.00      0.05
 Cl   4     -0.01     -0.01     -0.01     -0.00     -0.02      0.01      0.00     -0.08      0.00     -0.11
 -------------------------------------------------------------------------------------------------------------
 Total intensity =    0.01 km/mol
 -------------------------------------------------------------------------------------------------------------

 -------------------------------------------------------------------------------------------------------------
 MODE #10 (    7.89 cm-1)
 -------------------------------------------------------------------------------------------------------------

  ATOM         Ax          Ay          Az      (Ax + Ay + Az)
 O    1        0.00        1.41       -0.00         1.42
 C    2       -0.00       -1.54        0.00        -1.54
 Cl   3        0.00        0.25        0.01         0.26
 Cl   4        0.00        0.24       -0.01         0.24

 ----------------------------------------------
  ATOM        C         CT        DP      TOTAL
 O    1      2.56      0.94     -2.08      1.42
 C    2     -1.00     -1.34      0.80     -1.54
 Cl   3     -0.07      0.20      0.12      0.26
 Cl   4     -0.08      0.20      0.12      0.24

 -------------------------------------------------------------------------------------------------------------
  ATOM       C.C      CF.CF     DF.DF      C.CF     CF.C       C.DF     DF.C      CF.DF     DF.CF     TOTAL
 O    1      9.89     -0.00      5.98     -0.01      3.63     -7.32     -8.07     -2.69      0.01      1.42
 C    2     -3.87      0.01     -2.29      0.00     -5.18      2.86      3.09      3.83     -0.00     -1.54
 Cl   3     -0.29      0.01     -0.36      0.01      0.77      0.21      0.49     -0.57     -0.01      0.26
 Cl   4     -0.29     -0.01     -0.34     -0.01      0.77      0.22      0.45     -0.57      0.01      0.24
 -------------------------------------------------------------------------------------------------------------
 Total intensity =    0.37 km/mol
 -------------------------------------------------------------------------------------------------------------

 -------------------------------------------------------------------------------------------------------------
 MODE #11 (    9.44 cm-1)
 -------------------------------------------------------------------------------------------------------------

  ATOM         Ax          Ay          Az      (Ax + Ay + Az)
 O    1        1.61        0.02        0.00         1.63
 C    2       -0.60       -0.01       -0.00        -0.61
 Cl   3        0.00        0.00        0.00         0.00
 Cl   4        0.00        0.00        0.00         0.00

 ----------------------------------------------
  ATOM        C         CT        DP      TOTAL
 O    1      8.26     -0.00     -6.63      1.63
 C    2     -3.89      0.00      3.28     -0.61
 Cl   3     -0.13      0.00      0.13      0.00
 Cl   4     -0.13     -0.00      0.13      0.00

 -------------------------------------------------------------------------------------------------------------
  ATOM       C.C      CF.CF     DF.DF      C.CF     CF.C       C.DF     DF.C      CF.DF     DF.CF     TOTAL
 O    1     33.46     -0.00     20.29      0.00      0.00    -25.20    -26.92      0.00      0.00      1.63
 C    2    -15.75      0.00    -10.03     -0.00     -0.00     11.87     13.31     -0.00     -0.00     -0.61
 Cl   3     -0.52      0.00     -0.40      0.00     -0.00      0.39      0.53      0.00      0.00      0.00
 Cl   4     -0.52     -0.00     -0.40      0.00      0.00      0.39      0.53     -0.00     -0.00      0.00
 -------------------------------------------------------------------------------------------------------------
 Total intensity =    1.03 km/mol
 -------------------------------------------------------------------------------------------------------------

 -------------------------------------------------------------------------------------------------------------
 MODE #12 (    9.63 cm-1)
 -------------------------------------------------------------------------------------------------------------

  ATOM         Ax          Ay          Az      (Ax + Ay + Az)
 O    1        0.00        0.00        0.00         0.00
 C    2       -0.00        0.00       -0.00        -0.00
 Cl   3        0.00       -0.00        0.00         0.00
 Cl   4       -0.00        0.00        0.00         0.00

 ----------------------------------------------
  ATOM        C         CT        DP      TOTAL
 O    1      0.00     -0.00      0.00      0.00
 C    2     -0.00      0.00     -0.00     -0.00
 Cl   3     -0.00      0.00      0.00      0.00
 Cl   4      0.00      0.00     -0.00      0.00

 -------------------------------------------------------------------------------------------------------------
  ATOM       C.C      CF.CF     DF.DF      C.CF     CF.C       C.DF     DF.C      CF.DF     DF.CF     TOTAL
 O    1      0.00     -0.00      0.00      0.00      0.00      0.00     -0.00     -0.00      0.00      0.00
 C    2      0.00      0.00     -0.00     -0.00      0.00     -0.00     -0.00      0.00     -0.00     -0.00
 Cl   3     -0.00      0.00      0.00      0.00     -0.00     -0.00      0.00      0.00      0.00      0.00
 Cl   4      0.00      0.00     -0.00      0.00      0.00      0.00     -0.00      0.00     -0.00      0.00
 -------------------------------------------------------------------------------------------------------------
 Total intensity =    0.00 km/mol
 -------------------------------------------------------------------------------------------------------------



********************************************************************************
 THEORY LEVEL OF THE DIPOLE MOMENT: MP2                            
********************************************************************************



          Dipole Moment / a.u. (Atomic Contrib.)
          --------------------------------------
          Charge        Dipole        Total
          --------------------------------------
     X    0.00000000    0.00011649    0.00011649
     Y   -0.00000431    0.00014021    0.00013590
     Z   -2.05252961    1.56387670   -0.48865291

  Norm    2.05252961    1.56387671    0.48865294
          --------------------------------------



          Dipole Moment / Debye (Atomic Contrib.)
          --------------------------------------
          Charge        Dipole        Total
          --------------------------------------
     X    0.00000000    0.00029610    0.00029610
     Y   -0.00001095    0.00035637    0.00034543
     Z   -5.21705820    3.97501489   -1.24204331

  Norm    5.21705820    3.97501491    1.24204340
          --------------------------------------




 ------------------------------------------------------- 
 MOLECULAR CHARGE TENSOR IN THE NORMAL COORDINATES BASIS 
 units = e / sqrt(amu)                                      
 ------------------------------------------------------- 

         d Q  1      d Q  2      d Q  3      d Q  4      d Q  5
  d PX  -0.00000259  0.00000000  0.48007319  0.00006477  0.00000000
  d PY   0.00000151  0.44849014  0.00000000 -0.00001523  0.20515982
  d PZ   0.49613861 -0.00000069 -0.00000525  0.04320469  0.00000097
  Norm   0.49613861  0.44849014  0.48007319  0.04320474  0.20515982


         d Q  6      d Q  7      d Q  8      d Q  9      d Q 10
  d PX  -0.00000319  0.03528073  0.00059677  0.00386250  0.00000461
  d PY  -0.00000022  0.00000990  0.00206695 -0.00040155 -0.07475842
  d PZ   0.02840856 -0.00000445 -0.00000045  0.00001062 -0.00000040
  Norm   0.02840856  0.03528073  0.00215138  0.00388333  0.07475842


         d Q 11      d Q 12
  d PX  -0.13075527 -0.00000924
  d PY  -0.00000239 -0.00001026
  d PZ  -0.00000928 -0.00000007
  Norm   0.13075527  0.00001381



 ------------------------------------------------------------ 
 MOLECULAR CHARGE FLUX TENSOR IN THE NORMAL COORDINATES BASIS 
 units = e / sqrt(amu)                                      
 ------------------------------------------------------------ 

         d Q  1      d Q  2      d Q  3      d Q  4      d Q  5
  d PX   0.00000000  0.00000000  0.00000000  0.00000000  0.00000000
  d PY  -0.00000062  0.58725528 -0.00001617 -0.00001027 -0.02655432
  d PZ  -0.26694843  0.00079538  0.00022741  0.07853006  0.00054529
  Norm   0.26694843  0.58725582  0.00022798  0.07853006  0.02655992


         d Q  6      d Q  7      d Q  8      d Q  9      d Q 10
  d PX   0.00000000  0.00000000  0.00000000  0.00000000  0.00000000
  d PY  -0.00000290 -0.00000164  0.00002460 -0.00000093  0.00008150
  d PZ   0.01856148  0.00056251 -0.00093503  0.00034735 -0.00075539
  Norm   0.01856148  0.00056251  0.00093535  0.00034735  0.00075977


         d Q 11      d Q 12
  d PX   0.00000000  0.00000000
  d PY  -0.00000041 -0.00000589
  d PZ   0.00039334  0.00066467
  Norm   0.00039334  0.00066470



 ------------------------------------------------------------ 
 MOLECULAR DIPOLE FLUX TENSOR IN THE NORMAL COORDINATES BASIS 
 units = e / sqrt(amu)                                      
 ------------------------------------------------------------ 

         d Q  1      d Q  2      d Q  3      d Q  4      d Q  5
  d PX  -0.00065157 -0.00622077 -0.40257806  0.00009670 -0.00305914
  d PY   0.00112717 -0.35754388 -0.00630664 -0.00138004 -0.17330863
  d PZ   0.34207923 -0.00511659 -0.00009436  0.00647540 -0.00125159
  Norm   0.34208171  0.35763459  0.40262747  0.00662153  0.17334015


         d Q  6      d Q  7      d Q  8      d Q  9      d Q 10
  d PX  -0.00068991 -0.02642991 -0.00082712 -0.00390854  0.00218260
  d PY  -0.00130952 -0.00114295 -0.00221573 -0.00188606  0.05532599
  d PZ  -0.05936595 -0.00038120 -0.00329533 -0.00009582  0.00034541
  Norm   0.05938440  0.02645736  0.00405620  0.00434086  0.05537011


         d Q 11      d Q 12
  d PX   0.09848434 -0.00009178
  d PY   0.00335598 -0.00077008
  d PZ  -0.00028291  0.00022753
  Norm   0.09854191  0.00080822



 ------------------------------------------------------ 
 MOLECULAR POLAR TENSOR IN THE NORMAL COORDINATES BASIS 
 units = e / sqrt(amu)                                      
 ------------------------------------------------------ 

         d Q  1      d Q  2      d Q  3      d Q  4      d Q  5
  d PX  -0.00065416 -0.00622077  0.07749513  0.00016147 -0.00305914
  d PY   0.00112806  0.67820154 -0.00632281 -0.00140555  0.00529687
  d PZ   0.57126941 -0.00432190  0.00012780  0.12821015 -0.00070533
  Norm   0.57127090  0.67824384  0.07775274  0.12821795  0.00615732


         d Q  6      d Q  7      d Q  8      d Q  9      d Q 10
  d PX  -0.00069310  0.00885083 -0.00023035 -0.00004604  0.00218720
  d PY  -0.00131264 -0.00113469 -0.00012418 -0.00228855 -0.01935092
  d PZ  -0.01239590  0.00017686 -0.00423081  0.00026215 -0.00041037
  Norm   0.01248446  0.00892502  0.00423890  0.00230397  0.01947846


         d Q 11      d Q 12
  d PX  -0.03227092 -0.00010101
  d PY   0.00335319 -0.00078624
  d PZ   0.00010116  0.00089213
  Norm   0.03244482  0.00119343



   Vibrational Frequencies and IR Intensities
   ------------------------------------------

  ============================================================
  mode    frequency          IR intensity      Boltzmann(298K)
  ============================================================
       cm-1    hartrees     km/mol  (D/A)**2/amu
  ------------------------------------------------------------
   1  1868.52   0.008514     318.147    7.5293    0.999878652
   2   881.35   0.004016     448.452   10.6131    0.985779842
   3   594.60   0.002709       5.894    0.1395    0.943262635
   4   584.46   0.002663      16.027    0.3793    0.940418113
   5   452.98   0.002064       0.037    0.0009    0.887623656
   6   306.24   0.001395       0.152    0.0036    0.771863704
   7     2.56   0.000012       0.078    0.0018    0.012294241
   8     0.66   0.000003       0.018    0.0004    0.003186367
   9     0.43   0.000002       0.005    0.0001    0.002068258
  10     7.89   0.000036       0.370    0.0088    0.037370634
  11     9.44   0.000043       1.026    0.0243    0.044543662
  12     9.63   0.000044       0.001    0.0000    0.045391030
  -----------------------------------------------------------




      Host name     : trapista                                
      Date and time : Sat Nov 27 18:52:10 2021



      **************************************
      ****  END OF PLACZEK CALCULATION  ****
      **************************************


