

 **************************************
 *                                    *
 *    OUTPUT FROM PROGRAM PLACZEK     *
 *                                    *
 **************************************
                                                             
 *  A Program Designed to Compute Infrared and Raman Spectra 
 *                                                           
 *  Written by Luciano N. Vidal                              
 *  Universidade Tecnologica Federal do Parana, Brazil       
 *                                                           
 *  If results obtained with this code are published,        
 *  an appropriate citation would be:                        
 *                                                           
 ** For Raman Properties:                                    
 *                                                           
 *  Vidal, L.N., P.A.M. Vazquez; Quim. Nova, 26(4), (2003), 507-511
 *  Vidal, L.N., P.A.M. Vazquez; Int. J. Quant. Chem., 103(5), (2005), 632-648
 *                                                           
 ** For Infrared Properties:                                 
 *                                                           
 *  Faria, S.H.D.M., da Silva Jr., J.V., Haiduke, R.L.A., Vidal, L.N.,
 *  Vazquez, P.A.M., Bruns, R.E.; J. Phys. Chem. A, 111, (2007), 7870-7875
 *                                                           
 *  NOTE:                                                    
 *                                                           
 *  This is an experimental code. The author accept no responsibility for the
 *  performance of the code or for the correctness of the results. Report
 *  bugs to lnvidal@utfpr.edu.br                          
 *                                                           
 ********************************
 * Release date: September.2020 *
 ********************************

       RUNCTRL OPTIONS
       ===============

       REMOTE   = F
       RESTART  = F
       FRIEND   = GAUSSIAN            

       USE SYMMETRY  = F


       VIBANA OPTIONS
       ==============

       HF    = F
       MP2   = F
       CCS   = F
       CC2   = F
       CCSD  = F
       QCISD = F
       DHF   = F
       DFT   = F

       DALHESS    = F
       GAMHESS    = F
       GAUSHES    = T
       C4HESS     = F
       GRADHESS   = F

       RUN        = F


       INFRARED OPTIONS
       ================


       HF    = F
       MP2   = F
       CCS   = F
       CC2   = F
       CCSD  = F
       QCISD = T
       DHF   = F
       DFT   = F


       RUN  = F

       ANGSTROM = T


       OVERTONES = F

       EXPENSIVE DERIVATIVES = F

 * CCTDP ANALYSIS USING HIRSHFELD ATOMIC CHARGES AND DIPOLES


 *************************************
 **** OUTPUT FROM PROGRAM ROTOANA ****
 *************************************

 ------------------------------------------------------
 - ROTATIONAL ANALYSIS WAS DONE USING FRIEND.INP FILE -
 ------------------------------------------------------
                             x            y            z
 * Center of Mass (in A):    0.000000     0.000000    -0.998647

 Inertia Tensor (in u*A^2)
 ------------------------- 
                   x              y              z
  x       210.237023       0.000000       0.000000
  y         0.000000      63.827135       0.000000
  z         0.000000       0.000000     146.409887

 Principal Moments and Principal Axes of Inertia
 -----------------------------------------------
                                 x       y       z
 IA  =     63.827135  u*A^2    ( 0.0000  1.0000  0.0000 )
 IB  =    146.409887  u*A^2    ( 0.0000  0.0000  1.0000 )
 IC  =    210.237023  u*A^2    ( 1.0000  0.0000  0.0000 )

 Principal Cartesian Coordinates 
 ------------------------------- 
       x                    y                    z
O      0.000000000000000    3.178603257190851    0.000000000000000
C      0.000000000000000    0.952347133174262    0.000000000000000
Cl     0.000000000000000   -0.890358836127424   -2.734188052936702
Cl     0.000000000000000   -0.890358836127424    2.734188052936702

 * Molecule Recognized as Non-Linear

 Rotational Constants
 --------------------
 A =         7917.94 MHz     (        0.264114 cm-1)
 B =         3451.81 MHz     (        0.115140 cm-1)
 C =         2403.85 MHz     (        0.080184 cm-1)
 * The molecule is an Asymmetric Top
 * The molecule is Planar

 Atom  Z   Isotopic Mass   Abundance        x             y             z
 O     8.      15.994915    99.762 %        0.000000      0.000000      0.683397
 C     6.      12.000000    98.900 %        0.000000      0.000000     -0.494687
 Cl   17.      34.968853    75.770 %        0.000000     -1.446870     -1.469805
 Cl   17.      34.968853    75.770 %        0.000000      1.446870     -1.469805

 Total mass:          97.932621 amu
 Natural abundance:   56.644 %


 **************************************
 **** OUTPUT FROM PROGRAM SYMMETRY ****
 **************************************

 * Threshold to consider two distances equal (angstrom) : 5.00D-03

 * Threshold to consider two inertia moments equal : 1.00D-01


 * The following coordinates were used to locate the point group : 
   (center of mass in the origin)

   #  Atom  Z   Isotopic Mass        x             y             z
   1    O   8.      15.994915        0.000000      0.000000      1.682044
   2    C   6.      12.000000        0.000000      0.000000      0.503960
   3    Cl 17.      34.968853        0.000000     -1.446870     -0.471158
   4    Cl 17.      34.968853        0.000000      1.446870     -0.471158

 Interatomic distances (in A) 
 ---------------------------- 
            1 O      2 C      3 Cl     4 Cl
   1 O    0.0000   1.1781   2.5942   2.5942
   2 C    1.1781   0.0000   1.7448   1.7448
   3 Cl   2.5942   1.7448   0.0000   2.8937
   4 Cl   2.5942   1.7448   2.8937   0.0000


 Symmetrically Equivalent Atoms (SEA): 
 -------------------------------------   
 Set | # Atoms | SEA 
   1 |     1   |    1

   2 |     1   |    2

   3 |     2   |    3   4


 * The number of C_n^k axes found is :  1
   ---------------------------------
 Cn-Axis   n   k   theta         Direction (x y z)
    1      2   1     180    0.00000   0.00000  -1.00000

 * The number of reflexion planes found is :  2
   ---------------------------------------
 Plane    Normal vector (x y z)
   1      0.00000  -1.00000   0.00000
   2      1.00000   0.00000   0.00000

 --------------------
 * Point group found: C2v 
 --------------------

 * Order of the group:    4

 * The number of atoms is:    4

 ************************************
 **** OUTPUT FROM PROGRAM VIBANA ****
 ************************************


 @ MOLECULAR HESSIAN READ FROM GAUSSIAN.log FILE                                


                         ==========================
                         =  ENERGY HESSIAN (a.u.) =
                         ==========================


                                1 O                           2 C 
                        X         Y         Z         X         Y         Z
                        1         2         3         4         5         6
         X   1   0.027394  0.000000 -0.000006 -0.060457  0.000000  0.000022
   1 O   Y   2   0.000000  0.092887  0.000000  0.000000 -0.080521  0.000002
         Z   3  -0.000006  0.000000  0.947241  0.000000  0.000000 -0.850851

         X   4  -0.060457  0.000000  0.000000  0.133149  0.000000  0.000004
   2 C   Y   5   0.000000 -0.080521  0.000000  0.000000  0.304404  0.000007
         Z   6   0.000022  0.000002 -0.850851  0.000004  0.000007  0.964428

         X   7   0.016520  0.000000 -0.000004 -0.036357  0.000000  0.000002
   3 Cl  Y   8  -0.000006 -0.006183 -0.038588 -0.000001 -0.111945 -0.038702
         Z   9  -0.000008 -0.041964 -0.048196 -0.000002 -0.042733 -0.056759

         X  10   0.016520  0.000000 -0.000004 -0.036357  0.000000  0.000002
   4 Cl  Y  11   0.000006 -0.006182  0.038587  0.000001 -0.111939  0.038704
         Z  12  -0.000008  0.041962 -0.048197 -0.000002  0.042726 -0.056758


                                3 Cl                          4 Cl
                        X         Y         Z         X         Y         Z
                        7         8         9        10        11        12
         X   1   0.016520 -0.000006 -0.000008  0.016520  0.000006 -0.000008
   1 O   Y   2   0.000000 -0.006183 -0.041964  0.000000 -0.006182  0.041962
         Z   3  -0.000004 -0.038588 -0.048196 -0.000004  0.038587 -0.048197

         X   4  -0.036357 -0.000001 -0.000002 -0.036357  0.000001 -0.000002
   2 C   Y   5   0.000000 -0.111945 -0.042733  0.000000 -0.111939  0.042726
         Z   6   0.000002 -0.038702 -0.056759  0.000002  0.038704 -0.056758

         X   7   0.009868  0.000001  0.000000  0.009991 -0.000001  0.000000
   3 Cl  Y   8   0.000001  0.164169  0.080998  0.000001 -0.046044 -0.003692
         Z   9   0.000000  0.080998  0.098034  0.000000  0.003691  0.006891

         X  10   0.009991  0.000001  0.000000  0.009868 -0.000001  0.000000
   4 Cl  Y  11  -0.000001 -0.046044  0.003691 -0.000001  0.164170 -0.080998
         Z  12   0.000000 -0.003692  0.006891  0.000000 -0.080998  0.098034



 *****************************************
 **** OUTPUT FROM PROGRAM POINT GROUP ****
 *****************************************



 Character Table
 --------------------------
 C2v   E   C2z  s(xz) s(yz)
 --------------------------
 A1    1.   1.   1.   1.
 A2    1.   1.  -1.  -1.
 B1    1.  -1.   1.  -1.
 B2    1.  -1.  -1.   1.
 --------------------------


 Translations, Rotations and
 Vibrations in each irreductive
 representation
------------------------------
 C2v     Trans  Rot   Vib   Tot
------------------------------
 A1       1     0     3     4
 A2       0     1     0     1
 B1       1     1     1     3
 B2       1     1     2     4
------------------------------
 Sum      3     3     6    12
------------------------------


 CARTESIAN COORDINATES 
 --------------------- 

  1  O     x     0.000000
  2        y     0.000000
  3        z     0.683397

  4  C     x     0.000000
  5        y     0.000000
  6        z    -0.494687

  7  Cl    x     0.000000
  8        y    -1.446870
  9        z    -1.469805

 10  Cl    x     0.000000
 11        y     1.446870
 12        z    -1.469805


 SYMMETRY COORDINATES 
 -------------------- 

                                1 O                           2 C 
                        X         Y         Z         X         Y         Z
                        1         2         3         4         5         6
         A1    1   0.000000  0.000000  1.000000  0.000000  0.000000  0.000000
         A1    2   0.000000  0.000000  0.000000  0.000000  0.000000  1.000000
         A1    3   0.000000  0.000000  0.000000  0.000000  0.000000  0.000000
         A1    4   0.000000  0.000000  0.000000  0.000000  0.000000  0.000000

         A2    5   0.000000  0.000000  0.000000  0.000000  0.000000  0.000000

         B1    6   1.000000 -0.000000  0.000000  0.000000  0.000000  0.000000
         B1    7   0.000000  0.000000  0.000000  1.000000 -0.000000  0.000000
         B1    8   0.000000  0.000000  0.000000  0.000000  0.000000  0.000000

         B2    9   0.000000  1.000000  0.000000  0.000000  0.000000  0.000000
         B2   10   0.000000  0.000000  0.000000  0.000000  1.000000  0.000000
         B2   11   0.000000  0.000000  0.000000  0.000000  0.000000  0.000000
         B2   12   0.000000  0.000000  0.000000  0.000000  0.000000  0.000000

                                3 Cl                          4 Cl
                        X         Y         Z         X         Y         Z
                        7         8         9        10        11        12
         A1    1   0.000000  0.000000  0.000000  0.000000  0.000000  0.000000
         A1    2   0.000000  0.000000  0.000000  0.000000  0.000000  0.000000
         A1    3   0.000000  0.707107  0.000000 -0.000000 -0.707107  0.000000
         A1    4   0.000000  0.000000  0.707107  0.000000  0.000000  0.707107

         A2    5   0.707107  0.000000  0.000000 -0.707107  0.000000  0.000000

         B1    6   0.000000  0.000000  0.000000  0.000000  0.000000  0.000000
         B1    7   0.000000  0.000000  0.000000  0.000000  0.000000  0.000000
         B1    8   0.707107  0.000000  0.000000  0.707107 -0.000000  0.000000

         B2    9   0.000000  0.000000  0.000000  0.000000  0.000000  0.000000
         B2   10   0.000000  0.000000  0.000000  0.000000  0.000000  0.000000
         B2   11   0.000000  0.707107  0.000000  0.000000  0.707107  0.000000
         B2   12   0.000000  0.000000  0.707107  0.000000  0.000000 -0.707107


 -------------------------------------------------- 
 BLOCK-DIAGONALIZED ENERGY HESSIAN (hartree/bohr^2) 
 -------------------------------------------------- 

  A1  BLOCK
  ---------

               1         2         3         4
   1     0.94724  -0.85085  -0.05457  -0.06816
   2    -0.85085   0.96443  -0.05473  -0.08027
   3    -0.05457  -0.05473   0.21021   0.07731
   4    -0.06816  -0.08027   0.07731   0.10493


  A2  BLOCK
  ---------

               1
   1    -0.00012


  B1  BLOCK
  ---------

               1         2         3
   1     0.02739  -0.06046   0.02336
   2    -0.06046   0.13315  -0.05142
   3     0.02336  -0.05142   0.01986


  B2  BLOCK
  ---------

               1         2         3         4
   1     0.09289  -0.08052  -0.00874  -0.05934
   2    -0.08052   0.30440  -0.15831  -0.06043
   3    -0.00874  -0.15831   0.11813   0.08469
   4    -0.05934  -0.06043   0.08469   0.09114



 -------------
 @ POINT GROUP : C2v 
 ---------------------------
 IRREP   #   VIB FREQ / cm-1
 ---------------------------
 A1      1       1868.52 
 A1      2        584.46 
 A1      3        306.24 

 B1      4        594.60 

 B2      5        881.35 
 B2      6        452.98 
 ---------------------------


 @  VIBRATIONAL FREQUENCIES  ( in cm-1 )               
    NORMAL COORDINATES       ( in bohr*sqrt(amu) ) and 
    REDUCED MASSES           ( in amu )                


 ----------------------------------------------------------------
 MODE #                 1         2         3         4         5
 VIB FREQ         1868.52    881.35    594.60    584.46    452.98 

 REDMASS          13.3874   12.9250   12.7647   19.6363   20.7706

 ----------------------------------------------------------------
         X   1   0.000003  0.000000 -0.089533  0.000003  0.000000
   1 O   Y   2   0.000000 -0.053250 -0.000000  0.000007 -0.189807
         Z   3  -0.161011  0.000004 -0.000022  0.139896  0.000002

         X   4   0.000000  0.000000  0.262890  0.000048  0.000000
   2 C   Y   5   0.000001  0.268164  0.000000 -0.000005 -0.000181
         Z   6   0.220839  0.000003 -0.000020  0.133521  0.000002

         X   7   0.000000  0.000000 -0.024636 -0.000005 -0.000000
   3 Cl  Y   8  -0.000548 -0.033835  0.000009 -0.061237  0.043439
         Z   9  -0.001067 -0.012906  0.000009 -0.054895  0.064590

         X  10   0.000000 -0.000000 -0.024636 -0.000005  0.000000
   4 Cl  Y  11   0.000548 -0.033832 -0.000009  0.061240  0.043441
         Z  12  -0.001067  0.012903  0.000009 -0.054894 -0.064592
 ----------------------------------------------------------------

 ----------------------------------------------------------------
 MODE #                 6         7         8         9        10
 VIB FREQ          306.24      2.56      0.66      0.43i     7.89i

 REDMASS          27.3320   29.4252   24.7704   24.5553   26.9022

 ----------------------------------------------------------------
         X   1   0.000008  0.041963  0.000975  0.006544 -0.000010
   1 O   Y   2   0.000001 -0.000198  0.096907 -0.013146  0.118717
         Z   3   0.082581 -0.012997  0.013628  0.099246 -0.000159

         X   4   0.000004  0.080244  0.001622  0.010735 -0.000005
   2 C   Y   5   0.000000 -0.000187  0.099121 -0.013578  0.037581
         Z   6   0.080817 -0.012998  0.013627  0.099243 -0.000159

         X   7   0.000001  0.112053  0.002134  0.014160  0.000015
   3 Cl  Y   8   0.102704 -0.000176  0.100952 -0.013960 -0.029675
         Z   9  -0.032713 -0.013013  0.010918  0.099821  0.099603

         X  10   0.000001  0.112038  0.002186  0.014274 -0.000017
   4 Cl  Y  11  -0.102703 -0.000180  0.100958 -0.013912 -0.029675
         Z  12  -0.032714 -0.012986  0.016359  0.098759 -0.099919
 ----------------------------------------------------------------

 ----------------------------------
 MODE #                11        12
 VIB FREQ            9.44i     9.63i
 REDMASS          16.0704   34.9688
 ----------------------------------
         X   1   0.229563  0.000015
   1 O   Y   2   0.000005  0.000001
         Z   3  -0.000523 -0.000051

         X   4   0.087550  0.000006
   2 C   Y   5   0.000002 -0.000010
         Z   6  -0.000526 -0.000051

         X   7  -0.030496 -0.119579
   3 Cl  Y   8   0.000001 -0.000019
         Z   9  -0.000504 -0.000037

         X  10  -0.030513  0.119573
   4 Cl  Y  11  -0.000001 -0.000019
         Z  12  -0.000510 -0.000065
 ----------------------------------

 -------------------------------------------
 ----  CARTESIAN CHARGE TENSORS (a.u.)  ----
 -------------------------------------------


@       ATOMIC POLAR TENSOR FOR ATOM  O   1

              dX          dY          dZ

  d PX  -0.18593900  0.00000000  0.00000000
  d PY   0.00000000 -0.18593900  0.00000000
  d PZ   0.00000000  0.00000000 -0.18593900


@       ATOMIC POLAR TENSOR FOR ATOM  C   2

              dX          dY          dZ

  d PX   0.21158300  0.00000000  0.00000000
  d PY   0.00000000  0.21158300  0.00000000
  d PZ   0.00000000  0.00000000  0.21158300


@       ATOMIC POLAR TENSOR FOR ATOM  Cl  3

              dX          dY          dZ

  d PX  -0.01282200  0.00000000  0.00000000
  d PY   0.00000000 -0.01282200  0.00000000
  d PZ   0.00000000  0.00000000 -0.01282200


@       ATOMIC POLAR TENSOR FOR ATOM  Cl  4

              dX          dY          dZ

  d PX  -0.01282200  0.00000000  0.00000000
  d PY   0.00000000 -0.01282200  0.00000000
  d PZ   0.00000000  0.00000000 -0.01282200



 @ 
 @ GAPT Atomic Charges from => ATOMIC CHARGE TENSORS <=                       
 @ 
 @ J. Cioslowski, J. Am. Chem. Soc., 111(22), 8333-8336, 1989
 @ 

 -------------------------
 Atom  #     Charge / a.u.
 -------------------------
 O     1         -0.185939
 C     2          0.211583
 Cl    3         -0.012822
 Cl    4         -0.012822
 -------------------------
 Total Charge :   0.000000
 -------------------------


 ----------------------------------------------------
 ----  CARTESIAN CHARGE TRANSFER TENSORS (a.u.)  ----
 ----------------------------------------------------


@       ATOMIC POLAR TENSOR FOR ATOM  O   1

              dX          dY          dZ

  d PX   0.00000000  0.00000000  0.00000000
  d PY   0.00000000 -0.35231285  0.00000000
  d PZ   0.00000000  0.00000000 -0.70782389


@       ATOMIC POLAR TENSOR FOR ATOM  C   2

              dX          dY          dZ

  d PX   0.00000000  0.00000000  0.00000000
  d PY   0.00000000  1.78297790  0.00000000
  d PZ   0.00000000  0.00000000  1.30645308


@       ATOMIC POLAR TENSOR FOR ATOM  Cl  3

              dX          dY          dZ

  d PX   0.00000000  0.00000000  0.00000000
  d PY   0.00000000 -0.71533253 -0.33863992
  d PZ   0.00000000 -0.29466061 -0.29928514


@       ATOMIC POLAR TENSOR FOR ATOM  Cl  4

              dX          dY          dZ

  d PX   0.00000000  0.00000000  0.00000000
  d PY   0.00000000 -0.71533253  0.33863992
  d PZ   0.00000000  0.29466061 -0.29928514



 @ 
 @ GAPT Atomic Charges from => ATOMIC CHARGE TRANSFER TENSORS <=              
 @ 
 @ J. Cioslowski, J. Am. Chem. Soc., 111(22), 8333-8336, 1989
 @ 

 -------------------------
 Atom  #     Charge / a.u.
 -------------------------
 O     1         -0.353379
 C     2          1.029810
 Cl    3         -0.338206
 Cl    4         -0.338206
 -------------------------
 Total Charge :   0.000020
 -------------------------


 --------------------------------------------------------
 ----  CARTESIAN DIPOLE POLARIZATION TENSORS (a.u.)  ----
 --------------------------------------------------------


@       ATOMIC POLAR TENSOR FOR ATOM  O   1

              dX          dY          dZ

  d PX  -0.03085103  0.00000000  0.00000000
  d PY   0.00000000 -0.07556651  0.00000000
  d PZ   0.00000000  0.00000000 -0.30567921


@       ATOMIC POLAR TENSOR FOR ATOM  C   2

              dX          dY          dZ

  d PX   0.00259297  0.00000000  0.00000000
  d PY   0.00000000  0.16319825  0.00000000
  d PZ   0.00000000  0.00000000  0.19002754


@       ATOMIC POLAR TENSOR FOR ATOM  Cl  3

              dX          dY          dZ

  d PX   0.01412903  0.00000000  0.00000000
  d PY   0.00000000 -0.04381587 -0.02084958
  d PZ   0.00000000 -0.03519028  0.05775969


@       ATOMIC POLAR TENSOR FOR ATOM  Cl  4

              dX          dY          dZ

  d PX   0.01412903  0.00000000  0.00000000
  d PY   0.00000000 -0.04381587  0.02084958
  d PZ   0.00000000  0.03519028  0.05775969



 @ 
 @ GAPT Atomic Charges from => ATOMIC DIPOLE POLARIZATION TENSORS <=          
 @ 
 @ J. Cioslowski, J. Am. Chem. Soc., 111(22), 8333-8336, 1989
 @ 

 -------------------------
 Atom  #     Charge / a.u.
 -------------------------
 O     1         -0.137366
 C     2          0.118606
 Cl    3          0.009358
 Cl    4          0.009358
 -------------------------
 Total Charge :  -0.000044
 -------------------------


 ---------------------------------------------------
 ----  CARTESIAN MOLECULAR POLAR TENSOR (a.u.)  ----
 ---------------------------------------------------


@       ATOMIC POLAR TENSOR FOR ATOM  O   1

              dX          dY          dZ

  d PX  -0.21679003  0.00000000  0.00000000
  d PY   0.00000000 -0.61381835  0.00000000
  d PZ   0.00000000  0.00000000 -1.19944211


@       ATOMIC POLAR TENSOR FOR ATOM  C   2

              dX          dY          dZ

  d PX   0.21417597  0.00000000  0.00000000
  d PY   0.00000000  2.15775915  0.00000000
  d PZ   0.00000000  0.00000000  1.70806361


@       ATOMIC POLAR TENSOR FOR ATOM  Cl  3

              dX          dY          dZ

  d PX   0.00130703  0.00000000  0.00000000
  d PY   0.00000000 -0.77197040 -0.35948951
  d PZ   0.00000000 -0.32985089 -0.25434745


@       ATOMIC POLAR TENSOR FOR ATOM  Cl  4

              dX          dY          dZ

  d PX   0.00130703  0.00000000  0.00000000
  d PY   0.00000000 -0.77197040  0.35948951
  d PZ   0.00000000  0.32985089 -0.25434745



 @ 
 @ GAPT Atomic Charges from => TOTAL (C+CF+DF) ATOMIC POLAR TENSOR <=         
 @ 
 @ J. Cioslowski, J. Am. Chem. Soc., 111(22), 8333-8336, 1989
 @ 

 -------------------------
 Atom  #     Charge / a.u.
 -------------------------
 O     1         -0.676683
 C     2          1.360000
 Cl    3         -0.341670
 Cl    4         -0.341670
 -------------------------
 Total Charge :  -0.000024
 -------------------------




 ************************************
 *   OUTPUT FROM PROGRAM INFRAINT   *
 ************************************

 -----------------------------------------------------------------------------------
 ATOMIC CONTRIBUTIONS TO THE IR INTENSITIES

 Ax = K.( \sum_b{ (dPx^a/dxb).(dxb/dQj) +
                  (dPx^a/dyb).(dyb/dQj) +
                  (dPx^a/dzb).(dzb/dQj) } ).(dPx/dQj)

 Ay = K.( \sum_b{ (dPy^a/dxb).(dxb/dQj) +
                  (dPy^a/dyb).(dyb/dQj) +
                  (dPy^a/dzb).(dzb/dQj) } ).(dPy/dQj)

 Az = K.( \sum_b{ (dPz^a/dxb).(dxb/dQj) +
                  (dPz^a/dyb).(dyb/dQj) +
                  (dPz^a/dzb).(dzb/dQj) } ).(dPz/dQj)

  K = 974.864 km.amu / (mol.e^2)

 Px^a = x-component of the atomic dipole moment of atom a
 Py^a = y-component of the atomic dipole moment of atom a
 Pz^a = z-component of the atomic dipole moment of atom a

 xb = x-coordinate of atom b
 yb = y-coordinate of atom b
 zb = z-coordinate of atom b
 -----------------------------------------------------------------------------------

 -------------------------------------------------------------------------------------------------------------
 MODE # 1 ( 1868.52 cm-1)
 -------------------------------------------------------------------------------------------------------------

  ATOM         Ax          Ay          Az      (Ax + Ay + Az)
 O    1        0.00       -0.00       48.67        48.67
 C    2        0.00        0.00        1.48         1.48
 Cl   3       -0.00        0.00      133.98       133.98
 Cl   4       -0.00       -0.00      133.98       133.98

 ----------------------------------------------
  ATOM        C         CT        DP      TOTAL
 O    1     16.67      0.00     32.00     48.67
 C    2     26.02    -44.73     20.18      1.48
 Cl   3      0.01    134.70     -0.73    133.98
 Cl   4      0.01    134.70     -0.73    133.98
 -------------------------------------------------------------------------------------------------------------
 Total intensity =  318.11 km/mol
 -------------------------------------------------------------------------------------------------------------

 -------------------------------------------------------------------------------------------------------------
 MODE # 2 (  881.35 cm-1)
 -------------------------------------------------------------------------------------------------------------

  ATOM         Ax          Ay          Az      (Ax + Ay + Az)
 O    1       -0.00       -0.32       -0.00        -0.32
 C    2        0.00       56.38       -0.00        56.38
 Cl   3       -0.00      192.63        0.00       192.63
 Cl   4       -0.00      192.63       -0.00       192.63

 ----------------------------------------------
  ATOM        C         CT        DP      TOTAL
 O    1      6.49      0.00     -6.82     -0.32
 C    2     37.22     -0.00     19.16     56.38
 Cl   3      0.28    181.70     10.65    192.63
 Cl   4      0.28    181.70     10.65    192.63
 -------------------------------------------------------------------------------------------------------------
 Total intensity =  441.33 km/mol
 -------------------------------------------------------------------------------------------------------------

 -------------------------------------------------------------------------------------------------------------
 MODE # 3 (  594.60 cm-1)
 -------------------------------------------------------------------------------------------------------------

  ATOM         Ax          Ay          Az      (Ax + Ay + Az)
 O    1        0.34        0.00       -0.00         0.34
 C    2       10.30        0.00       -0.00        10.30
 Cl   3       -2.53       -0.00        0.00        -2.53
 Cl   4       -2.53        0.00        0.00        -2.53

 ----------------------------------------------
  ATOM        C         CT        DP      TOTAL
 O    1      1.23      0.00     -0.89      0.34
 C    2      4.10     -0.00      6.20     10.30
 Cl   3      0.02      0.00     -2.56     -2.53
 Cl   4      0.02      0.00     -2.56     -2.53
 -------------------------------------------------------------------------------------------------------------
 Total intensity =    5.58 km/mol
 -------------------------------------------------------------------------------------------------------------

 -------------------------------------------------------------------------------------------------------------
 MODE # 4 (  584.46 cm-1)
 -------------------------------------------------------------------------------------------------------------

  ATOM         Ax          Ay          Az      (Ax + Ay + Az)
 O    1       -0.00        0.00       -1.06        -1.06
 C    2        0.00        0.00       -1.27        -1.27
 Cl   3       -0.00       -0.00        9.23         9.22
 Cl   4       -0.00        0.00        9.23         9.23

 ----------------------------------------------
  ATOM        C         CT        DP      TOTAL
 O    1     -3.26      0.00      2.20     -1.06
 C    2      3.54     -5.69      0.87     -1.27
 Cl   3      0.09     11.89     -2.75      9.22
 Cl   4      0.09     11.89     -2.75      9.23
 -------------------------------------------------------------------------------------------------------------
 Total intensity =   16.12 km/mol
 -------------------------------------------------------------------------------------------------------------

 -------------------------------------------------------------------------------------------------------------
 MODE # 5 (  452.98 cm-1)
 -------------------------------------------------------------------------------------------------------------

  ATOM         Ax          Ay          Az      (Ax + Ay + Az)
 O    1       -0.00        0.07        0.00         0.07
 C    2        0.00        0.07       -0.00         0.07
 Cl   3       -0.00       -0.06       -0.00        -0.06
 Cl   4       -0.00       -0.06        0.00        -0.06

 ----------------------------------------------
  ATOM        C         CT        DP      TOTAL
 O    1      0.09      0.00     -0.02      0.07
 C    2     -0.00     -0.00      0.07      0.07
 Cl   3     -0.00     -0.05     -0.01     -0.06
 Cl   4     -0.00     -0.05     -0.01     -0.06
 -------------------------------------------------------------------------------------------------------------
 Total intensity =    0.01 km/mol
 -------------------------------------------------------------------------------------------------------------

 -------------------------------------------------------------------------------------------------------------
 MODE # 6 (  306.24 cm-1)
 -------------------------------------------------------------------------------------------------------------

  ATOM         Ax          Ay          Az      (Ax + Ay + Az)
 O    1        0.00        0.00        0.19         0.19
 C    2       -0.00       -0.00       -0.32        -0.32
 Cl   3        0.00       -0.00        0.14         0.14
 Cl   4        0.00        0.00        0.14         0.14

 ----------------------------------------------
  ATOM        C         CT        DP      TOTAL
 O    1      0.18      0.00      0.00      0.19
 C    2     -0.20     -0.01     -0.11     -0.32
 Cl   3     -0.00     -0.03      0.18      0.14
 Cl   4     -0.00     -0.03      0.18      0.14
 -------------------------------------------------------------------------------------------------------------
 Total intensity =    0.14 km/mol
 -------------------------------------------------------------------------------------------------------------

 -----------------------------------------------------------------------------------
 DYNAMIC CONTRIBUTIONS TO THE IR INTENSITIES

 Ax = K.( (dPx/dxa).(dxa/dQj) +
          (dPx/dya).(dya/dQj) +
          (dPx/dza).(dza/dQj) ).(dPx/dQj)

 Ay = K.( (dPy/dxa).(dxa/dQj) +
          (dPy/dya).(dya/dQj) +
          (dPy/dza).(dza/dQj) ).(dPy/dQj)

 Az = K.( (dPz/dxa).(dxa/dQj) +
          (dPz/dya).(dya/dQj) +
          (dPz/dza).(dza/dQj) ).(dPz/dQj)

  K = 974.864 km.amu / (mol.e^2)

 Px = x-component of the molecular dipole moment
 Py = y-component of the molecular dipole moment
 Pz = z-component of the molecular dipole moment

 xa = x-coordinate of atom a
 ya = y-coordinate of atom a
 za = z-coordinate of atom a
 -----------------------------------------------------------------------------------

 -------------------------------------------------------------------------------------------------------------
 MODE # 1 ( 1868.52 cm-1)
 -------------------------------------------------------------------------------------------------------------

  ATOM         Ax          Ay          Az      (Ax + Ay + Az)
 O    1        0.00       -0.00      107.55       107.55
 C    2       -0.00        0.00      210.06       210.06
 Cl   3       -0.00        0.00        0.25         0.25
 Cl   4       -0.00       -0.00        0.25         0.25

 ----------------------------------------------
  ATOM        C         CT        DP      TOTAL
 O    1     16.67     63.47     27.41    107.55
 C    2     26.02    160.67     23.37    210.06
 Cl   3      0.01      0.27     -0.02      0.25
 Cl   4      0.01      0.27     -0.02      0.25
 -------------------------------------------------------------------------------------------------------------
 Total intensity =  318.11 km/mol
 -------------------------------------------------------------------------------------------------------------

 -------------------------------------------------------------------------------------------------------------
 MODE # 2 (  881.35 cm-1)
 -------------------------------------------------------------------------------------------------------------

  ATOM         Ax          Ay          Az      (Ax + Ay + Az)
 O    1       -0.00       21.44       -0.00        21.44
 C    2        0.00      379.54        0.00       379.54
 Cl   3        0.00       20.18        0.00        20.18
 Cl   4       -0.00       20.17       -0.00        20.17

 ----------------------------------------------
  ATOM        C         CT        DP      TOTAL
 O    1      6.49     12.31      2.64     21.44
 C    2     37.22    313.62     28.71    379.54
 Cl   3      0.28     18.74      1.15     20.18
 Cl   4      0.28     18.74      1.15     20.17
 -------------------------------------------------------------------------------------------------------------
 Total intensity =  441.33 km/mol
 -------------------------------------------------------------------------------------------------------------

 -------------------------------------------------------------------------------------------------------------
 MODE # 3 (  594.60 cm-1)
 -------------------------------------------------------------------------------------------------------------

  ATOM         Ax          Ay          Az      (Ax + Ay + Az)
 O    1        1.43        0.00       -0.00         1.43
 C    2        4.15        0.00        0.00         4.15
 Cl   3       -0.00       -0.00        0.00        -0.00
 Cl   4       -0.00        0.00        0.00        -0.00

 ----------------------------------------------
  ATOM        C         CT        DP      TOTAL
 O    1      1.23     -0.00      0.20      1.43
 C    2      4.10      0.00      0.05      4.15
 Cl   3      0.02      0.00     -0.03     -0.00
 Cl   4      0.02      0.00     -0.03     -0.00
 -------------------------------------------------------------------------------------------------------------
 Total intensity =    5.58 km/mol
 -------------------------------------------------------------------------------------------------------------

 -------------------------------------------------------------------------------------------------------------
 MODE # 4 (  584.46 cm-1)
 -------------------------------------------------------------------------------------------------------------

  ATOM         Ax          Ay          Az      (Ax + Ay + Az)
 O    1       -0.00        0.00      -21.03       -21.03
 C    2        0.00        0.00       28.59        28.59
 Cl   3       -0.00       -0.00        4.28         4.28
 Cl   4       -0.00        0.00        4.28         4.28

 ----------------------------------------------
  ATOM        C         CT        DP      TOTAL
 O    1     -3.26    -12.41     -5.36    -21.03
 C    2      3.54     21.87      3.18     28.59
 Cl   3      0.09      4.32     -0.13      4.28
 Cl   4      0.09      4.32     -0.13      4.28
 -------------------------------------------------------------------------------------------------------------
 Total intensity =   16.12 km/mol
 -------------------------------------------------------------------------------------------------------------

 -------------------------------------------------------------------------------------------------------------
 MODE # 5 (  452.98 cm-1)
 -------------------------------------------------------------------------------------------------------------

  ATOM         Ax          Ay          Az      (Ax + Ay + Az)
 O    1       -0.00        0.30       -0.00         0.30
 C    2        0.00       -0.00        0.00        -0.00
 Cl   3       -0.00       -0.14       -0.00        -0.14
 Cl   4        0.00       -0.14        0.00        -0.14

 ----------------------------------------------
  ATOM        C         CT        DP      TOTAL
 O    1      0.09      0.17      0.04      0.30
 C    2     -0.00     -0.00     -0.00     -0.00
 Cl   3     -0.00     -0.13     -0.01     -0.14
 Cl   4     -0.00     -0.13     -0.01     -0.14
 -------------------------------------------------------------------------------------------------------------
 Total intensity =    0.01 km/mol
 -------------------------------------------------------------------------------------------------------------

 -------------------------------------------------------------------------------------------------------------
 MODE # 6 (  306.24 cm-1)
 -------------------------------------------------------------------------------------------------------------

  ATOM         Ax          Ay          Az      (Ax + Ay + Az)
 O    1        0.00        0.00        1.17         1.17
 C    2       -0.00       -0.00       -1.63        -1.63
 Cl   3       -0.00        0.00        0.30         0.30
 Cl   4       -0.00       -0.00        0.30         0.30

 ----------------------------------------------
  ATOM        C         CT        DP      TOTAL
 O    1      0.18      0.69      0.30      1.17
 C    2     -0.20     -1.25     -0.18     -1.63
 Cl   3     -0.00      0.24      0.07      0.30
 Cl   4     -0.00      0.24      0.07      0.30
 -------------------------------------------------------------------------------------------------------------
 Total intensity =    0.14 km/mol
 -------------------------------------------------------------------------------------------------------------



********************************************************************************
 THEORY LEVEL OF THE DIPOLE MOMENT: QCISD                          
********************************************************************************



          Dipole Moment / a.u. (Atomic Contrib.)
          --------------------------------------
          Charge        Dipole        Total
          --------------------------------------
     X    0.00000000    0.00000000    0.00000000
     Y    0.00000000    0.00000000    0.00000000
     Z   -0.36669349   -0.12087000   -0.48756349

  Norm    0.36669349    0.12087000    0.48756349
          --------------------------------------



          Dipole Moment / Debye (Atomic Contrib.)
          --------------------------------------
          Charge        Dipole        Total
          --------------------------------------
     X    0.00000000    0.00000000    0.00000000
     Y    0.00000000    0.00000000    0.00000000
     Z   -0.93205050   -0.30722374   -1.23927424

  Norm    0.93205050    0.30722374    1.23927424
          --------------------------------------




 ------------------------------------------------------- 
 MOLECULAR CHARGE TENSOR IN THE NORMAL COORDINATES BASIS 
 units = e / sqrt(amu)                                      
 ------------------------------------------------------- 

         d Q  1      d Q  2      d Q  3      d Q  4      d Q  5
  d PX  -0.00000043  0.00000000  0.07290253  0.00000959  0.00000000
  d PY   0.00000023  0.06750776  0.00000000 -0.00000234  0.03414043
  d PZ   0.07669136 -0.00000019 -0.00000034  0.00364641  0.00000010
  Norm   0.07669136  0.06750776  0.07290253  0.00364642  0.03414043


         d Q  6
  d PX  -0.00000058
  d PY  -0.00000006
  d PZ   0.00258340
  Norm   0.00258340



 ----------------------------------------------------------- 
 MOLECULAR CHARGE TRANSFER TENSOR IN THE NORMAL COORD. BASIS 
 units = e / sqrt(amu)                                      
 ----------------------------------------------------------- 

         d Q  1      d Q  2      d Q  3      d Q  4      d Q  5
  d PX   0.00000000  0.00000000  0.00000000  0.00000000  0.00000000
  d PY   0.00000208  0.55403489  0.00000000 -0.00001374 -0.03934431
  d PZ   0.40344467  0.00000225 -0.00002107  0.14436496  0.00000241
  Norm   0.40344467  0.55403489  0.00002107  0.14436496  0.03934431


         d Q  6
  d PX   0.00000000
  d PY  -0.00000107
  d PZ   0.00618670
  Norm   0.00618670



 ----------------------------------------------------------- 
 MOLECULAR DIPOLE POLARIZ. TENSOR IN THE NORMAL COORD. BASIS 
 units = e / sqrt(amu)                                      
 ----------------------------------------------------------- 

         d Q  1      d Q  2      d Q  3      d Q  4      d Q  5
  d PX  -0.00000008 -0.00000000  0.00274769 -0.00000012 -0.00000000
  d PY   0.00000018  0.05129075  0.00000000 -0.00000147  0.00781352
  d PZ   0.09109856 -0.00000087  0.00000328 -0.01942201 -0.00000016
  Norm   0.09109856  0.05129075  0.00274769  0.01942201  0.00781352


         d Q  6
  d PX  -0.00000022
  d PY  -0.00000008
  d PZ  -0.02089308
  Norm   0.02089308



 ------------------------------------------------------ 
 MOLECULAR POLAR TENSOR IN THE NORMAL COORDINATES BASIS 
 units = e / sqrt(amu)                                      
 ------------------------------------------------------ 

         d Q  1      d Q  2      d Q  3      d Q  4      d Q  5
  d PX  -0.00000050  0.00000000  0.07565022  0.00000947  0.00000000
  d PY   0.00000248  0.67283340  0.00000000 -0.00001755  0.00260965
  d PZ   0.57123459  0.00000119 -0.00001813  0.12858935  0.00000234
  Norm   0.57123459  0.67283340  0.07565022  0.12858935  0.00260965


         d Q  6
  d PX  -0.00000080
  d PY  -0.00000121
  d PZ  -0.01212298
  Norm   0.01212298



   Vibrational Frequencies and IR Intensities
   ------------------------------------------

  ============================================================
  mode    frequency          IR intensity      Boltzmann(298K)
  ============================================================
       cm-1    hartrees     km/mol  (D/A)**2/amu
  ------------------------------------------------------------
   1  1868.52   0.008514     318.107    7.5283    0.999878652
   2   881.35   0.004016     441.326   10.4444    0.985779842
   3   594.60   0.002709       5.579    0.1320    0.943262635
   4   584.46   0.002663      16.120    0.3815    0.940418113
   5   452.98   0.002064       0.007    0.0002    0.887623656
   6   306.24   0.001395       0.143    0.0034    0.771863704
  -----------------------------------------------------------


 ===============================================================================
 IRREP    #   g_k  VIB FREQ      IR Intensities       Boltzmann  Dipole Operator
 ===============================================================================
                     cm-1       km/mol  (D/A)**2/amu     298K     mu_x mu_y mu_z
  ------------------------------------------------------------------------------
  A1      1    1    1868.52    318.107     7.5283     0.9998787    ia   ia    a
  A1      2    1     584.46     16.120     0.3815     0.9404181    ia   ia    a
  A1      3    1     306.24      0.143     0.0034     0.7718637    ia   ia    a
  B1      4    1     594.60      5.579     0.1320     0.9432626     a   ia   ia
  B2      5    1     881.35    441.326    10.4444     0.9857798    ia    a   ia
  B2      6    1     452.98      0.007     0.0002     0.8876237    ia    a   ia
  ------------------------------------------------------------------------------




      Host name     : trapista                                
      Date and time : Thu Sep 15 09:45:07 2022



      **************************************
      ****  END OF PLACZEK CALCULATION  ****
      **************************************


