

 **************************************
 *                                    *
 *    OUTPUT FROM PROGRAM PLACZEK     *
 *                                    *
 **************************************
                                                             
 *  A Program Designed to Compute Infrared and Raman Spectra 
 *                                                           
 *  Written by Luciano N. Vidal                              
 *  Universidade Tecnologica Federal do Parana, Brazil       
 *                                                           
 *  If results obtained with this code are published,        
 *  an appropriate citation would be:                        
 *                                                           
 ** For Raman Properties:                                    
 *                                                           
 *  Vidal, L.N., P.A.M. Vazquez; Quim. Nova, 26(4), (2003), 507-511
 *  Vidal, L.N., P.A.M. Vazquez; Int. J. Quant. Chem., 103(5), (2005), 632-648
 *                                                           
 ** For Infrared Properties:                                 
 *                                                           
 *  Faria, S.H.D.M., da Silva Jr., J.V., Haiduke, R.L.A., Vidal, L.N.,
 *  Vazquez, P.A.M., Bruns, R.E.; J. Phys. Chem. A, 111, (2007), 7870-7875
 *                                                           
 *  NOTE:                                                    
 *                                                           
 *  This is an experimental code. The author accept no responsibility for the
 *  performance of the code or for the correctness of the results. Report
 *  bugs to lnvidal@utfpr.edu.br                          
 *                                                           
 ********************************
 * Release date: September.2020 *
 ********************************

       RUNCTRL OPTIONS
       ===============

       REMOTE   = F
       RESTART  = F
       FRIEND   = GAUSSIAN            

       USE SYMMETRY  = F


       VIBANA OPTIONS
       ==============

       HF    = F
       MP2   = F
       CCS   = F
       CC2   = F
       CCSD  = F
       QCISD = F
       DHF   = F
       DFT   = F

       DALHESS    = F
       GAMHESS    = F
       GAUSHES    = T
       C4HESS     = F
       GRADHESS   = F

       RUN        = F


       INFRARED OPTIONS
       ================


       HF    = F
       MP2   = F
       CCS   = F
       CC2   = F
       CCSD  = F
       QCISD = T
       DHF   = F
       DFT   = F


       RUN  = T

       ANGSTROM = T


       OVERTONES = F

       EXPENSIVE DERIVATIVES = F

 * CCTDP ANALYSIS USING HIRSHFELD ATOMIC CHARGES AND DIPOLES


 *************************************
 **** OUTPUT FROM PROGRAM ROTOANA ****
 *************************************

 ------------------------------------------------------
 - ROTATIONAL ANALYSIS WAS DONE USING FRIEND.INP FILE -
 ------------------------------------------------------
                             x            y            z
 * Center of Mass (in A):    0.000000     0.000000    -0.256046

 Inertia Tensor (in u*A^2)
 ------------------------- 
                   x              y              z
  x       141.149403       0.000000       0.000000
  y         0.000000      98.840287       0.000000
  z         0.000000       0.000000      42.309115

 Principal Moments and Principal Axes of Inertia
 -----------------------------------------------
                                 x       y       z
 IA  =     42.309115  u*A^2    ( 0.0000  0.0000  1.0000 )
 IB  =     98.840287  u*A^2    ( 0.0000  1.0000  0.0000 )
 IC  =    141.149403  u*A^2    ( 1.0000  0.0000  0.0000 )

 Principal Cartesian Coordinates 
 ------------------------------- 
       x                    y                    z
C      0.000000000000000    0.000000000000000   -0.499459984739004
S      0.000000000000000    0.000000000000000    2.521973999621108
F      0.000000000000000   -1.994078701892996   -1.964354897597761
F      0.000000000000000    1.994078701892996   -1.964354897597761

 * Molecule Recognized as Non-Linear

 Rotational Constants
 --------------------
 A =        11944.92 MHz     (        0.398440 cm-1)
 B =         5113.09 MHz     (        0.170554 cm-1)
 C =         3580.46 MHz     (        0.119431 cm-1)
 * The molecule is an Asymmetric Top
 * The molecule is Planar

 Atom  Z   Isotopic Mass   Abundance        x             y             z
 C     6.      12.000000    98.900 %        0.000000      0.000000     -0.520349
 S    16.      31.972071    95.020 %        0.000000      0.000000      1.078525
 F     9.      18.998403   100.000 %        0.000000     -1.055221     -1.295538
 F     9.      18.998403   100.000 %        0.000000      1.055221     -1.295538

 Total mass:          81.968877 amu
 Natural abundance:   93.975 %


 **************************************
 **** OUTPUT FROM PROGRAM SYMMETRY ****
 **************************************

 * Threshold to consider two distances equal (angstrom) : 5.00D-03

 * Threshold to consider two inertia moments equal : 1.00D-01


 * The following coordinates were used to locate the point group : 
   (center of mass in the origin)

   #  Atom  Z   Isotopic Mass        x             y             z
   1    C   6.      12.000000        0.000000      0.000000     -0.264303
   2    S  16.      31.972071        0.000000      0.000000      1.334571
   3    F   9.      18.998403        0.000000     -1.055221     -1.039492
   4    F   9.      18.998403        0.000000      1.055221     -1.039492

 Interatomic distances (in A) 
 ---------------------------- 
            1 C      2 S      3 F      4 F 
   1 C    0.0000   1.5989   1.3094   1.3094
   2 S    1.5989   0.0000   2.5980   2.5980
   3 F    1.3094   2.5980   0.0000   2.1104
   4 F    1.3094   2.5980   2.1104   0.0000


 Symmetrically Equivalent Atoms (SEA): 
 -------------------------------------   
 Set | # Atoms | SEA 
   1 |     1   |    1

   2 |     1   |    2

   3 |     2   |    3   4


 * The number of C_n^k axes found is :  1
   ---------------------------------
 Cn-Axis   n   k   theta         Direction (x y z)
    1      2   1     180    0.00000   0.00000  -1.00000

 * The number of reflexion planes found is :  2
   ---------------------------------------
 Plane    Normal vector (x y z)
   1      0.00000  -1.00000   0.00000
   2      1.00000   0.00000   0.00000

 --------------------
 * Point group found: C2v 
 --------------------

 * Order of the group:    4

 * The number of atoms is:    4

 ************************************
 **** OUTPUT FROM PROGRAM VIBANA ****
 ************************************


 @ MOLECULAR HESSIAN READ FROM GAUSSIAN.log FILE                                


                         ==========================
                         =  ENERGY HESSIAN (a.u.) =
                         ==========================


                                1 C                           2 S 
                        X         Y         Z         X         Y         Z
                        1         2         3         4         5         6
         X   1   0.155834  0.000000 -0.000003 -0.050853  0.000000  0.000008
   1 C   Y   2   0.000000  0.513276  0.000000  0.000000 -0.040350 -0.000002
         Z   3  -0.000003  0.000000  0.727022  0.000000 -0.000001 -0.361287

         X   4  -0.050853  0.000000  0.000000  0.016587  0.000000  0.000001
   2 S   Y   5   0.000000 -0.040350 -0.000001  0.000000  0.045526  0.000001
         Z   6   0.000008 -0.000002 -0.361287  0.000001  0.000001  0.454559

         X   7  -0.052483  0.000006  0.000003  0.017141  0.000000 -0.000004
   3 F   Y   8  -0.000005 -0.236462 -0.123783 -0.000001 -0.002586 -0.025513
         Z   9  -0.000002 -0.143108 -0.182866  0.000000 -0.036422 -0.046619

         X  10  -0.052483 -0.000006  0.000002  0.017141  0.000000 -0.000003
   4 F   Y  11   0.000005 -0.236465  0.123783  0.000001 -0.002586  0.025513
         Z  12  -0.000002  0.143110 -0.182866  0.000000  0.036423 -0.046620


                                3 F                           4 F 
                        X         Y         Z         X         Y         Z
                        7         8         9        10        11        12
         X   1  -0.052483 -0.000005 -0.000002 -0.052483  0.000005 -0.000002
   1 C   Y   2   0.000006 -0.236462 -0.143108 -0.000006 -0.236465  0.143110
         Z   3   0.000003 -0.123783 -0.182866  0.000002  0.123783 -0.182866

         X   4   0.017141 -0.000001  0.000000  0.017141  0.000001  0.000000
   2 S   Y   5   0.000000 -0.002586 -0.036422  0.000000 -0.002586  0.036423
         Z   6  -0.000004 -0.025513 -0.046619 -0.000003  0.025513 -0.046620

         X   7   0.017677 -0.000001  0.000000  0.017649 -0.000004  0.000001
   3 F   Y   8  -0.000001  0.335074  0.164430  0.000004 -0.096026 -0.015104
         Z   9   0.000000  0.164430  0.208259  0.000002  0.015104  0.021209

         X  10   0.017649  0.000004  0.000002  0.017677  0.000000  0.000000
   4 F   Y  11  -0.000004 -0.096026  0.015104  0.000000  0.335074 -0.164430
         Z  12   0.000001 -0.015104  0.021209  0.000000 -0.164430  0.208259



 *****************************************
 **** OUTPUT FROM PROGRAM POINT GROUP ****
 *****************************************



 Character Table
 --------------------------
 C2v   E   C2z  s(xz) s(yz)
 --------------------------
 A1    1.   1.   1.   1.
 A2    1.   1.  -1.  -1.
 B1    1.  -1.   1.  -1.
 B2    1.  -1.  -1.   1.
 --------------------------


 Translations, Rotations and
 Vibrations in each irreductive
 representation
------------------------------
 C2v     Trans  Rot   Vib   Tot
------------------------------
 A1       1     0     3     4
 A2       0     1     0     1
 B1       1     1     1     3
 B2       1     1     2     4
------------------------------
 Sum      3     3     6    12
------------------------------


 CARTESIAN COORDINATES 
 --------------------- 

  1  C     x     0.000000
  2        y     0.000000
  3        z    -0.520349

  4  S     x     0.000000
  5        y     0.000000
  6        z     1.078525

  7  F     x     0.000000
  8        y    -1.055221
  9        z    -1.295538

 10  F     x     0.000000
 11        y     1.055221
 12        z    -1.295538


 SYMMETRY COORDINATES 
 -------------------- 

                                1 C                           2 S 
                        X         Y         Z         X         Y         Z
                        1         2         3         4         5         6
         A1    1   0.000000  0.000000  1.000000  0.000000  0.000000  0.000000
         A1    2   0.000000  0.000000  0.000000  0.000000  0.000000  1.000000
         A1    3   0.000000  0.000000  0.000000  0.000000  0.000000  0.000000
         A1    4   0.000000  0.000000  0.000000  0.000000  0.000000  0.000000

         A2    5   0.000000  0.000000  0.000000  0.000000  0.000000  0.000000

         B1    6   1.000000 -0.000000  0.000000  0.000000  0.000000  0.000000
         B1    7   0.000000  0.000000  0.000000  1.000000 -0.000000  0.000000
         B1    8   0.000000  0.000000  0.000000  0.000000  0.000000  0.000000

         B2    9   0.000000  1.000000  0.000000  0.000000  0.000000  0.000000
         B2   10   0.000000  0.000000  0.000000  0.000000  1.000000  0.000000
         B2   11   0.000000  0.000000  0.000000  0.000000  0.000000  0.000000
         B2   12   0.000000  0.000000  0.000000  0.000000  0.000000  0.000000

                                3 F                           4 F 
                        X         Y         Z         X         Y         Z
                        7         8         9        10        11        12
         A1    1   0.000000  0.000000  0.000000  0.000000  0.000000  0.000000
         A1    2   0.000000  0.000000  0.000000  0.000000  0.000000  0.000000
         A1    3   0.000000  0.707107  0.000000 -0.000000 -0.707107  0.000000
         A1    4   0.000000  0.000000  0.707107  0.000000  0.000000  0.707107

         A2    5   0.707107  0.000000  0.000000 -0.707107  0.000000  0.000000

         B1    6   0.000000  0.000000  0.000000  0.000000  0.000000  0.000000
         B1    7   0.000000  0.000000  0.000000  0.000000  0.000000  0.000000
         B1    8   0.707107  0.000000  0.000000  0.707107 -0.000000  0.000000

         B2    9   0.000000  0.000000  0.000000  0.000000  0.000000  0.000000
         B2   10   0.000000  0.000000  0.000000  0.000000  0.000000  0.000000
         B2   11   0.000000  0.707107  0.000000  0.000000  0.707107  0.000000
         B2   12   0.000000  0.000000  0.707107  0.000000  0.000000 -0.707107


 -------------------------------------------------- 
 BLOCK-DIAGONALIZED ENERGY HESSIAN (hartree/bohr^2) 
 -------------------------------------------------- 

  A1  BLOCK
  ---------

               1         2         3         4
   1     0.72702  -0.36129  -0.17506  -0.25861
   2    -0.36129   0.45456  -0.03608  -0.06593
   3    -0.17506  -0.03608   0.43110   0.14933
   4    -0.25861  -0.06593   0.14933   0.22947


  A2  BLOCK
  ---------

               1
   1     0.00003


  B1  BLOCK
  ---------

               1         2         3
   1     0.15583  -0.05085  -0.07422
   2    -0.05085   0.01659   0.02424
   3    -0.07422   0.02424   0.03533


  B2  BLOCK
  ---------

               1         2         3         4
   1     0.51328  -0.04035  -0.33441  -0.20239
   2    -0.04035   0.04553  -0.00366  -0.05151
   3    -0.33441  -0.00366   0.23905   0.17953
   4    -0.20239  -0.05151   0.17953   0.18705



 -------------
 @ POINT GROUP : C2v 
 ---------------------------
 IRREP   #   VIB FREQ / cm-1
 ---------------------------
 A1      1       1398.82 
 A1      2        808.57 
 A1      3        533.77 

 B1      4        637.21 

 B2      5       1257.10 
 B2      6        424.59 
 ---------------------------


 @  VIBRATIONAL FREQUENCIES  ( in cm-1 )               
    NORMAL COORDINATES       ( in bohr*sqrt(amu) ) and 
    REDUCED MASSES           ( in amu )                


 ----------------------------------------------------------------
 MODE #                 1         2         3         4         5
 VIB FREQ         1398.82   1257.10    808.57    637.21    533.77 

 REDMASS          13.1679   13.5023   20.7006   12.8439   21.3528

 ----------------------------------------------------------------
         X   1  -0.000001 -0.000000  0.000021  0.265382 -0.000003
   1 C   Y   2  -0.000000  0.241206  0.000000  0.000000 -0.000000
         Z   3   0.259152  0.000001 -0.048481  0.000005  0.040306

         X   4   0.000000  0.000000 -0.000001 -0.032507  0.000000
   2 S   Y   5  -0.000000 -0.003052  0.000000  0.000000  0.000000
         Z   6  -0.045813 -0.000001  0.087213 -0.000006  0.096826

         X   7   0.000001  0.000002 -0.000005 -0.056451  0.000001
   3 F   Y   8  -0.038305 -0.073608 -0.125710  0.000011  0.095120
         Z   9  -0.043296 -0.050175 -0.058077  0.000003 -0.094172

         X  10   0.000000 -0.000002 -0.000005 -0.056451  0.000001
   4 F   Y  11   0.038306 -0.073609  0.125709 -0.000011 -0.095120
         Z  12  -0.043296  0.050176 -0.058075  0.000003 -0.094172
 ----------------------------------------------------------------

 ----------------------------------------------------------------
 MODE #                 6         7         8         9        10
 VIB FREQ          424.59      6.23      2.32      0.77      0.42 

 REDMASS          18.9317   19.0037   24.2276   21.2571   20.5481

 ----------------------------------------------------------------
         X   1  -0.000000 -0.000008  0.095423  0.003644 -0.011343
   1 C   Y   2  -0.111613 -0.002275 -0.002598  0.106621  0.015902
         Z   3   0.000000 -0.000535  0.013070 -0.016054  0.108485

         X   4   0.000000 -0.000015  0.146520  0.006182 -0.016157
   2 S   Y   5   0.080301 -0.004895 -0.002265  0.119049  0.018406
         Z   6  -0.000001 -0.000536  0.013069 -0.016053  0.108479

         X   7  -0.000002 -0.162152  0.070655 -0.001683 -0.010431
   3 F   Y   8  -0.032320 -0.001013 -0.002759  0.100600  0.014676
         Z   9  -0.126147 -0.002259  0.013291 -0.007857  0.110152

         X  10   0.000002  0.162142  0.070704  0.006513 -0.007594
   4 F   Y  11  -0.032321 -0.001012 -0.002758  0.100596  0.014703
         Z  12   0.126148  0.001188  0.012853 -0.024256  0.106849
 ----------------------------------------------------------------

 ----------------------------------
 MODE #                11        12
 VIB FREQ            5.95i     6.72i
 REDMASS          21.7370   20.7408
 ----------------------------------
         X   1   0.001582 -0.060462
   1 C   Y   2  -0.032559 -0.001508
         Z   3  -0.000558 -0.000707

         X   4  -0.003590  0.091872
   2 S   Y   5   0.101347  0.002799
         Z   6  -0.000559 -0.000708

         X   7   0.001332 -0.134352
   3 F   Y   8  -0.097457 -0.003594
         Z   9   0.087794  0.002135

         X  10   0.006844 -0.134214
   4 F   Y  11  -0.097457 -0.003596
         Z  12  -0.088911 -0.003549
 ----------------------------------
