

 **************************************
 *                                    *
 *    OUTPUT FROM PROGRAM PLACZEK     *
 *                                    *
 **************************************
                                                             
 *  A Program Designed to Compute Infrared and Raman Spectra 
 *                                                           
 *  Written by Luciano N. Vidal                              
 *  Universidade Tecnologica Federal do Parana, Brazil       
 *                                                           
 *  If results obtained with this code are published,        
 *  an appropriate citation would be:                        
 *                                                           
 ** For Raman Properties:                                    
 *                                                           
 *  Vidal, L.N., P.A.M. Vazquez; Quim. Nova, 26(4), (2003), 507-511
 *  Vidal, L.N., P.A.M. Vazquez; Int. J. Quant. Chem., 103(5), (2005), 632-648
 *                                                           
 ** For Infrared Properties:                                 
 *                                                           
 *  Faria, S.H.D.M., da Silva Jr., J.V., Haiduke, R.L.A., Vidal, L.N.,
 *  Vazquez, P.A.M., Bruns, R.E.; J. Phys. Chem. A, 111, (2007), 7870-7875
 *                                                           
 *  NOTE:                                                    
 *                                                           
 *  This is an experimental code. The author accept no responsibility for the
 *  performance of the code or for the correctness of the results. Report
 *  bugs to lnvidal@utfpr.edu.br                          
 *                                                           
 *****************************
 * Release date: August.2020 *
 *****************************

       RUNCTRL OPTIONS
       ===============

       REMOTE   = F
       RESTART  = F
       FRIEND   = AIMAll              

       USE SYMMETRY  = F


       VIBANA OPTIONS
       ==============

       HF    = F
       MP2   = F
       CCS   = F
       CC2   = F
       CCSD  = F
       QCISD = F
       DHF   = F
       DFT   = F

       DALHESS    = F
       GAMHESS    = F
       GAUSHES    = T
       C4HESS     = F
       GRADHESS   = F

       RUN        = F


       INFRARED OPTIONS
       ================


       HF    = F
       MP2   = T
       CCS   = F
       CC2   = F
       CCSD  = F
       QCISD = F
       DHF   = F
       DFT   = F


       RUN  = T

       ANGSTROM = T


       OVERTONES = F

       EXPENSIVE DERIVATIVES = F


 *************************************
 **** OUTPUT FROM PROGRAM ROTOANA ****
 *************************************

 ------------------------------------------------------
 - ROTATIONAL ANALYSIS WAS DONE USING FRIEND.INP FILE -
 ------------------------------------------------------
                             x            y            z
 * Center of Mass (in A):    0.000000     0.000000    -0.652669

 Inertia Tensor (in u*A^2)
 ------------------------- 
                   x              y              z
  x        85.530336       0.000000       0.000000
  y         0.000000      42.927457       0.000000
  z         0.000000       0.000000      42.602878

 Principal Moments and Principal Axes of Inertia
 -----------------------------------------------
                                 x       y       z
 IA  =     42.602878  u*A^2    ( 0.0000  0.0000  1.0000 )
 IB  =     42.927457  u*A^2    ( 0.0000  1.0000  0.0000 )
 IC  =     85.530336  u*A^2    ( 1.0000  0.0000  0.0000 )

 Principal Cartesian Coordinates 
 ------------------------------- 
       x                    y                    z
O      0.000000000000000    0.000000000000000    2.518242023654504
C      0.000000000000000    0.000000000000000    0.303212762605906
F      0.000000000000000   -2.000989430368664   -1.155823999234374
F      0.000000000000000    2.000989430368664   -1.155823999234374

 * Molecule Recognized as Non-Linear

 Rotational Constants
 --------------------
 A =        11862.56 MHz     (        0.395692 cm-1)
 B =        11772.86 MHz     (        0.392700 cm-1)
 C =         5908.77 MHz     (        0.197095 cm-1)
 * The molecule is an Asymmetric Top
 * The molecule is Planar

 Atom  Z   Isotopic Mass   Abundance        x             y             z
 O     8.      15.994915    99.762 %        0.000000      0.000000      0.679927
 C     6.      12.000000    98.900 %        0.000000      0.000000     -0.492216
 F     9.      18.998403   100.000 %        0.000000     -1.058878     -1.264305
 F     9.      18.998403   100.000 %        0.000000      1.058878     -1.264305

 Total mass:          65.991721 amu
 Natural abundance:   98.665 %


 **************************************
 **** OUTPUT FROM PROGRAM SYMMETRY ****
 **************************************

 * Threshold to consider two distances equal (angstrom) : 5.00D-03

 * Threshold to consider two inertia moments equal : 1.00D-01


 * The following coordinates were used to locate the point group : 
   (center of mass in the origin)

   #  Atom  Z   Isotopic Mass        x             y             z
   1    O   8.      15.994915        0.000000      0.000000      1.332596
   2    C   6.      12.000000        0.000000      0.000000      0.160453
   3    F   9.      18.998403        0.000000     -1.058878     -0.611636
   4    F   9.      18.998403        0.000000      1.058878     -0.611636

 Interatomic distances (in A) 
 ---------------------------- 
            1 O      2 C      3 F      4 F 
   1 O    0.0000   1.1721   2.2139   2.2139
   2 C    1.1721   0.0000   1.3105   1.3105
   3 F    2.2139   1.3105   0.0000   2.1178
   4 F    2.2139   1.3105   2.1178   0.0000


 Symmetrically Equivalent Atoms (SEA): 
 -------------------------------------   
 Set | # Atoms | SEA 
   1 |     1   |    1

   2 |     1   |    2

   3 |     2   |    3   4


 * The number of C_n^k axes found is :  1
   ---------------------------------
 Cn-Axis   n   k   theta         Direction (x y z)
    1      2   1     180    0.00000   0.00000  -1.00000

 * The number of reflexion planes found is :  2
   ---------------------------------------
 Plane    Normal vector (x y z)
   1      0.00000  -1.00000   0.00000
   2      1.00000   0.00000   0.00000

 --------------------
 * Point group found: C2v 
 --------------------

 * Order of the group:    4

 * The number of atoms is:    4

 ************************************
 **** OUTPUT FROM PROGRAM VIBANA ****
 ************************************


 @ MOLECULAR HESSIAN READ FROM GAUSSIAN.log FILE                                


                         ==========================
                         =  ENERGY HESSIAN (a.u.) =
                         ==========================


                                1 O                           2 C 
                        X         Y         Z         X         Y         Z
                        1         2         3         4         5         6
         X   1   0.036564  0.000000  0.000005 -0.092202  0.000000 -0.000015
   1 O   Y   2   0.000000  0.108128  0.000004  0.000000 -0.102140 -0.000011
         Z   3   0.000005  0.000004  1.010370 -0.000008  0.000000 -0.879758

         X   4  -0.092202  0.000000 -0.000008  0.232326  0.000000  0.000021
   2 C   Y   5   0.000000 -0.102140  0.000000  0.000000  0.581406  0.000000
         Z   6  -0.000015 -0.000011 -0.879758  0.000021  0.000000  1.221760

         X   7   0.027821  0.000002  0.000010 -0.070055 -0.000007 -0.000024
   3 F   Y   8   0.000003 -0.002988 -0.039695 -0.000004 -0.239628 -0.115010
         Z   9   0.000005 -0.062101 -0.065326 -0.000006 -0.118162 -0.170976

         X  10   0.027821 -0.000002  0.000010 -0.070055  0.000007 -0.000024
   4 F   Y  11  -0.000003 -0.002992  0.039695  0.000004 -0.239628  0.115010
         Z  12   0.000005  0.062109 -0.065327 -0.000006  0.118162 -0.170976


                                3 F                           4 F 
                        X         Y         Z         X         Y         Z
                        7         8         9        10        11        12
         X   1   0.027821  0.000003  0.000005  0.027821 -0.000003  0.000005
   1 O   Y   2   0.000002 -0.002988 -0.062101 -0.000002 -0.002992  0.062109
         Z   3   0.000010 -0.039695 -0.065326  0.000010  0.039695 -0.065327

         X   4  -0.070055 -0.000004 -0.000006 -0.070055  0.000004 -0.000006
   2 C   Y   5  -0.000007 -0.239628 -0.118162  0.000007 -0.239628  0.118162
         Z   6  -0.000024 -0.115010 -0.170976 -0.000024  0.115010 -0.170976

         X   7   0.021141  0.000006  0.000008  0.021085 -0.000001  0.000006
   3 F   Y   8   0.000006  0.339467  0.167453  0.000000 -0.096857 -0.012777
         Z   9   0.000008  0.167453  0.218231  0.000006  0.012777  0.018064

         X  10   0.021085  0.000000  0.000006  0.021141 -0.000006  0.000008
   4 F   Y  11  -0.000001 -0.096857  0.012777 -0.000006  0.339467 -0.167453
         Z  12   0.000006 -0.012777  0.018064  0.000008 -0.167453  0.218231



 @  VIBRATIONAL FREQUENCIES  ( in cm-1 )               
    NORMAL COORDINATES       ( in bohr*sqrt(amu) ) and 
    REDUCED MASSES           ( in amu )                


 ----------------------------------------------------------------
 MODE #                 1         2         3         4         5
 VIB FREQ         1990.86   1295.51    991.97    794.23    629.67 

 REDMASS          13.1621   13.2208   17.2671   12.7422   16.9945

 ----------------------------------------------------------------
         X   1  -0.000002  0.000000 -0.000008 -0.077403 -0.000000
   1 O   Y   2  -0.000001 -0.022088 -0.000003 -0.000000  0.161580
         Z   3  -0.145839  0.000000  0.131391 -0.000004 -0.000003

         X   4   0.000004 -0.000000  0.000019  0.259970  0.000000
   2 C   Y   5   0.000000  0.249470 -0.000000  0.000000 -0.075126
         Z   6   0.232877 -0.000000  0.083176 -0.000009 -0.000001

         X   7  -0.000003 -0.000002 -0.000006 -0.049515  0.000001
   3 F   Y   8  -0.009478 -0.069486 -0.101052  0.000013 -0.044282
         Z   9  -0.012151 -0.040367 -0.081573  0.000005 -0.107632

         X  10  -0.000003  0.000002 -0.000006 -0.049515 -0.000001
   4 F   Y  11   0.009478 -0.069486  0.101053 -0.000013 -0.044269
         Z  12  -0.012151  0.040366 -0.081575  0.000005  0.107635
 ----------------------------------------------------------------

 ----------------------------------------------------------------
 MODE #                 6         7         8         9        10
 VIB FREQ          589.58      8.88      2.39      0.86      1.63i

 REDMASS          17.6610   18.9983   17.0548   16.2271   16.4980

 ----------------------------------------------------------------
         X   1  -0.000002  0.000002 -0.009739  0.143060 -0.000211
   1 O   Y   2  -0.000005 -0.000143  0.083564  0.006328 -0.000735
         Z   3  -0.093982 -0.000001  0.001399  0.000277  0.123096

         X   4   0.000011  0.000005 -0.009102  0.124623 -0.000175
   2 C   Y   5   0.000004 -0.000825  0.114722  0.008474 -0.001259
         Z   6  -0.083846 -0.000001  0.001399  0.000280  0.123090

         X   7   0.000001 -0.162214 -0.010061  0.112408 -0.000136
   3 F   Y   8  -0.126554 -0.001267  0.135223  0.009887 -0.001595
         Z   9   0.066059  0.000610 -0.026708 -0.001663  0.123562

         X  10   0.000002  0.162228 -0.007306  0.112595 -0.000167
   4 F   Y  11   0.126558 -0.001267  0.135223  0.009885 -0.001613
         Z  12   0.066049 -0.000612  0.029504  0.002208  0.122616
 ----------------------------------------------------------------

 ----------------------------------
 MODE #                11        12
 VIB FREQ            8.84i     8.89i
 REDMASS          17.2323   17.1339
 ----------------------------------
         X   1   0.019534  0.188643
   1 O   Y   2  -0.169146  0.017029
         Z   3   0.000164 -0.000017

         X   4   0.001330  0.011553
   2 C   Y   5  -0.046905  0.004352
         Z   6   0.000163 -0.000018

         X   7  -0.011189 -0.104922
   3 F   Y   8   0.033560 -0.003994
         Z   9  -0.110189  0.011429

         X  10  -0.010109 -0.105038
   4 F   Y  11   0.033560 -0.003992
         Z  12   0.110522 -0.011459
 ----------------------------------

 -------------------------------------------
 ----  CARTESIAN CHARGE TENSORS (a.u.)  ----
 -------------------------------------------


@       ATOMIC POLAR TENSOR FOR ATOM  O   1

              dX          dY          dZ

  d PX  -1.20127720  0.00000000  0.00000000
  d PY   0.00000000 -1.20127720  0.00000000
  d PZ   0.00000000  0.00000000 -1.20127720


@       ATOMIC POLAR TENSOR FOR ATOM  C   2

              dX          dY          dZ

  d PX   2.59846990  0.00000000  0.00000000
  d PY   0.00000000  2.59846990  0.00000000
  d PZ   0.00000000  0.00000000  2.59846990


@       ATOMIC POLAR TENSOR FOR ATOM  F   3

              dX          dY          dZ

  d PX  -0.69843822  0.00000000  0.00000000
  d PY   0.00000000 -0.69843822  0.00000000
  d PZ   0.00000000  0.00000000 -0.69843822


@       ATOMIC POLAR TENSOR FOR ATOM  F   4

              dX          dY          dZ

  d PX  -0.69843750  0.00000000  0.00000000
  d PY   0.00000000 -0.69843750  0.00000000
  d PZ   0.00000000  0.00000000 -0.69843750



 @ 
 @ GAPT Atomic Charges from => ATOMIC CHARGE TENSORS <=                       
 @ 
 @ J. Cioslowski, J. Am. Chem. Soc., 111(22), 8333-8336, 1989
 @ 

 -------------------------
 Atom  #     Charge / a.u.
 -------------------------
 O     1         -1.201277
 C     2          2.598470
 F     3         -0.698438
 F     4         -0.698438
 -------------------------
 Total Charge :   0.000317
 -------------------------


 ------------------------------------------------
 ----  CARTESIAN CHARGE FLUX TENSORS (a.u.)  ----
 ------------------------------------------------


@       ATOMIC POLAR TENSOR FOR ATOM  O   1

              dX          dY          dZ

  d PX   0.00000000  0.00000000  0.00000000
  d PY  -0.00001030 -0.06872124  0.00000929
  d PZ   0.00018477 -0.00729588  1.54412425


@       ATOMIC POLAR TENSOR FOR ATOM  C   2

              dX          dY          dZ

  d PX   0.00000000  0.00000000  0.00000000
  d PY  -0.00003344 -0.71823646 -0.00010105
  d PZ   0.00052453 -0.00621534 -1.76886163


@       ATOMIC POLAR TENSOR FOR ATOM  F   3

              dX          dY          dZ

  d PX   0.00000000  0.00000000  0.00000000
  d PY   0.00005702  0.39358112  0.32502548
  d PZ   0.00173634  0.22224266  0.10684892


@       ATOMIC POLAR TENSOR FOR ATOM  F   4

              dX          dY          dZ

  d PX   0.00000000  0.00000000  0.00000000
  d PY  -0.00000456  0.39367801 -0.32494422
  d PZ   0.00160940 -0.21705806  0.11655087



 @ 
 @ GAPT Atomic Charges from => ATOMIC CHARGE FLUX TENSORS <=                  
 @ 
 @ J. Cioslowski, J. Am. Chem. Soc., 111(22), 8333-8336, 1989
 @ 

 -------------------------
 Atom  #     Charge / a.u.
 -------------------------
 O     1          0.491801
 C     2         -0.829033
 F     3          0.166810
 F     4          0.170076
 -------------------------
 Total Charge :  -0.000345
 -------------------------


 ------------------------------------------------
 ----  CARTESIAN DIPOLE FLUX TENSORS (a.u.)  ----
 ------------------------------------------------


@       ATOMIC POLAR TENSOR FOR ATOM  O   1

              dX          dY          dZ

  d PX   0.86045094  0.00917657 -0.00781624
  d PY   0.01275588  0.75706667 -0.01672958
  d PZ  -0.00284287  0.00310720 -1.32269564


@       ATOMIC POLAR TENSOR FOR ATOM  C   2

              dX          dY          dZ

  d PX  -1.99492698  0.01689582  0.00710573
  d PY  -0.00129255  0.16291744 -0.01285998
  d PZ  -0.00059577  0.00411406  1.42217210


@       ATOMIC POLAR TENSOR FOR ATOM  F   3

              dX          dY          dZ

  d PX   0.55927174  0.00075734  0.01688875
  d PY  -0.01847194 -0.43990071 -0.67207261
  d PZ   0.00011703 -0.62695119 -0.03894489


@       ATOMIC POLAR TENSOR FOR ATOM  F   4

              dX          dY          dZ

  d PX   0.56098633  0.00129713 -0.00785270
  d PY  -0.00900787 -0.44628946  0.67943077
  d PZ   0.00215226  0.63416976 -0.05523202



 @ 
 @ GAPT Atomic Charges from => ATOMIC DIPOLE FLUX TENSORS <=                  
 @ 
 @ J. Cioslowski, J. Am. Chem. Soc., 111(22), 8333-8336, 1989
 @ 

 -------------------------
 Atom  #     Charge / a.u.
 -------------------------
 O     1          0.098274
 C     2         -0.136612
 F     3          0.026809
 F     4          0.019822
 -------------------------
 Total Charge :   0.008292
 -------------------------


 ---------------------------------------------------
 ----  CARTESIAN MOLECULAR POLAR TENSOR (a.u.)  ----
 ---------------------------------------------------


@       ATOMIC POLAR TENSOR FOR ATOM  O   1

              dX          dY          dZ

  d PX  -0.34082625  0.00917657 -0.00781624
  d PY   0.01274559 -0.51293177 -0.01672029
  d PZ  -0.00265811 -0.00418867 -0.97984859


@       ATOMIC POLAR TENSOR FOR ATOM  C   2

              dX          dY          dZ

  d PX   0.60354293  0.01689582  0.00710573
  d PY  -0.00132599  2.04315088 -0.01296103
  d PZ  -0.00007124 -0.00210128  2.25178037


@       ATOMIC POLAR TENSOR FOR ATOM  F   3

              dX          dY          dZ

  d PX  -0.13916648  0.00075734  0.01688875
  d PY  -0.01841492 -0.74475781 -0.34704713
  d PZ   0.00185337 -0.40470853 -0.63053420


@       ATOMIC POLAR TENSOR FOR ATOM  F   4

              dX          dY          dZ

  d PX  -0.13745118  0.00129713 -0.00785270
  d PY  -0.00901243 -0.75104896  0.35448655
  d PZ   0.00376166  0.41711169 -0.63711866



 @ 
 @ GAPT Atomic Charges from => TOTAL (C+CF+DF) ATOMIC POLAR TENSOR <=         
 @ 
 @ J. Cioslowski, J. Am. Chem. Soc., 111(22), 8333-8336, 1989
 @ 

 -------------------------
 Atom  #     Charge / a.u.
 -------------------------
 O     1         -0.611202
 C     2          1.632825
 F     3         -0.504819
 F     4         -0.508540
 -------------------------
 Total Charge :   0.008263
 -------------------------




 ************************************
 *   OUTPUT FROM PROGRAM INFRAINT   *
 ************************************

 -----------------------------------------------------------------------------------
 ATOMIC CONTRIBUTIONS TO THE IR INTENSITIES

 Ax = K.( \sum_b{ (dPx^a/dxb).(dxb/dQj) +
                  (dPx^a/dyb).(dyb/dQj) +
                  (dPx^a/dzb).(dzb/dQj) } ).(dPx/dQj)

 Ay = K.( \sum_b{ (dPy^a/dxb).(dxb/dQj) +
                  (dPy^a/dyb).(dyb/dQj) +
                  (dPy^a/dzb).(dzb/dQj) } ).(dPy/dQj)

 Az = K.( \sum_b{ (dPz^a/dxb).(dxb/dQj) +
                  (dPz^a/dyb).(dyb/dQj) +
                  (dPz^a/dzb).(dzb/dQj) } ).(dPz/dQj)

  K = 974.864 km.amu / (mol.e^2)

 Px^a = x-component of the atomic dipole moment of atom a
 Py^a = y-component of the atomic dipole moment of atom a
 Pz^a = z-component of the atomic dipole moment of atom a

 xb = x-coordinate of atom b
 yb = y-coordinate of atom b
 zb = z-coordinate of atom b
 -----------------------------------------------------------------------------------

 -------------------------------------------------------------------------------------------------------------
 MODE # 1 ( 1990.86 cm-1)
 -------------------------------------------------------------------------------------------------------------

  ATOM         Ax          Ay          Az      (Ax + Ay + Az)
 O    1       -0.00        0.00       78.12        78.12
 C    2        0.01        0.00      498.76       498.77
 F    3        0.00       -0.04      -56.06       -56.09
 F    4       -0.00        0.04      -56.05       -56.01

 ----------------------------------------------
  ATOM        C         CT        DP      TOTAL
 O    1    117.93   -206.68    166.87     78.12
 C    2    407.32   -102.59    194.04    498.77
 F    3      5.71    -62.07      0.26    -56.09
 F    4      5.72    -62.16      0.43    -56.01

 -------------------------------------------------------------------------------------------------------------
  ATOM       C.C      CT.CT     DP.DP      C.CT     CT.C       C.DP     DP.C      CT.DP     DP.CT     TOTAL
 O    1    136.17    192.76    129.83   -109.99   -238.65     91.75    192.69   -160.79   -155.64     78.12
 C    2    470.33     95.69    150.96   -379.90   -118.46    316.89    224.05    -79.82   -180.97    498.77
 F    3      6.60     57.94      0.19     -5.33    -71.73      4.44      0.40    -48.28     -0.33    -56.09
 F    4      6.60     57.92      0.35     -5.33    -71.71      4.45      0.39    -48.37     -0.31    -56.01
 -------------------------------------------------------------------------------------------------------------
 Total intensity =  464.79 km/mol
 -------------------------------------------------------------------------------------------------------------

 -------------------------------------------------------------------------------------------------------------
 MODE # 2 ( 1295.51 cm-1)
 -------------------------------------------------------------------------------------------------------------

  ATOM         Ax          Ay          Az      (Ax + Ay + Az)
 O    1       -0.00      -95.26        0.00       -95.26
 C    2        0.01      518.23        0.00       518.24
 F    3        0.00       -3.46       -0.00        -3.46
 F    4       -0.00       -3.46        0.00        -3.46

 ----------------------------------------------
  ATOM        C         CT        DP      TOTAL
 O    1     16.90     -0.00   -112.16    -95.26
 C    2    412.84      0.00    105.39    518.24
 F    3     30.87    -82.11     47.79     -3.46
 F    4     30.95    -82.59     48.18     -3.46

 -------------------------------------------------------------------------------------------------------------
  ATOM       C.C      CT.CT     DP.DP      C.CT     CT.C       C.DP     DP.C      CT.DP     DP.CT     TOTAL
 O    1     19.97     -0.00    -24.04     -6.69     -0.00      3.62   -132.51     -0.00     44.40    -95.26
 C    2    487.76      0.00     22.60   -163.42      0.00     88.51    124.51      0.00    -41.72    518.24
 F    3     36.52     32.80     10.26    -12.27    -97.28      6.62     56.68    -17.62    -19.16     -3.46
 F    4     36.52     32.39     10.31    -12.20    -97.30      6.63     56.70    -17.69    -18.83     -3.46
 -------------------------------------------------------------------------------------------------------------
 Total intensity =  416.07 km/mol
 -------------------------------------------------------------------------------------------------------------

 -------------------------------------------------------------------------------------------------------------
 MODE # 3 (  991.97 cm-1)
 -------------------------------------------------------------------------------------------------------------

  ATOM         Ax          Ay          Az      (Ax + Ay + Az)
 O    1        0.00       -0.00       -4.18        -4.18
 C    2        0.00        0.02      109.64       109.66
 F    3        0.00        0.06      -23.47       -23.41
 F    4        0.00       -0.06      -23.47       -23.53

 ----------------------------------------------
  ATOM        C         CT        DP      TOTAL
 O    1    -37.70     23.90      9.62     -4.18
 C    2     51.62     44.41     13.63    109.66
 F    3     13.30    -34.43     -2.27    -23.41
 F    4     13.92    -35.51     -1.94    -23.53

 -------------------------------------------------------------------------------------------------------------
  ATOM       C.C      CT.CT     DP.DP      C.CT     CT.C       C.DP     DP.C      CT.DP     DP.CT     TOTAL
 O    1    -26.50     -0.67      3.13      1.06     16.80    -12.25      6.76      7.77     -0.27     -4.18
 C    2     36.29     -1.24      4.44     -1.45     31.22     16.78      9.57     14.43     -0.38    109.66
 F    3      9.57      0.98     -0.85     -0.38    -24.59      4.11     -1.48    -10.83      0.06    -23.41
 F    4      9.57      0.98     -0.52     -0.38    -24.59      4.73     -1.48    -11.91      0.06    -23.53
 -------------------------------------------------------------------------------------------------------------
 Total intensity =   58.54 km/mol
 -------------------------------------------------------------------------------------------------------------

 -------------------------------------------------------------------------------------------------------------
 MODE # 4 (  794.23 cm-1)
 -------------------------------------------------------------------------------------------------------------

  ATOM         Ax          Ay          Az      (Ax + Ay + Az)
 O    1      -16.59        0.00       -0.00       -16.59
 C    2       83.56        0.00        0.00        83.56
 F    3      -14.58       -0.00        0.00       -14.58
 F    4      -14.57        0.00        0.00       -14.57

 ----------------------------------------------
  ATOM        C         CT        DP      TOTAL
 O    1     17.86      0.00    -34.44    -16.59
 C    2    129.72     -0.00    -46.16     83.56
 F    3      6.64      0.00    -21.22    -14.58
 F    4      6.64      0.00    -21.22    -14.57

 -------------------------------------------------------------------------------------------------------------
  ATOM       C.C      CT.CT     DP.DP      C.CT     CT.C       C.DP     DP.C      CT.DP     DP.CT     TOTAL
 O    1     75.93      0.00    112.02     -0.00      0.00    -58.08   -146.47      0.00     -0.00    -16.59
 C    2    551.64     -0.00    150.13      0.00     -0.00   -421.92   -196.29     -0.00      0.00     83.56
 F    3     28.24      0.00     69.01      0.00      0.00    -21.60    -90.23      0.00     -0.00    -14.58
 F    4     28.24      0.00     69.01     -0.00      0.00    -21.60    -90.22      0.00     -0.00    -14.57
 -------------------------------------------------------------------------------------------------------------
 Total intensity =   37.83 km/mol
 -------------------------------------------------------------------------------------------------------------

 -------------------------------------------------------------------------------------------------------------
 MODE # 5 (  629.67 cm-1)
 -------------------------------------------------------------------------------------------------------------

  ATOM         Ax          Ay          Az      (Ax + Ay + Az)
 O    1       -0.00        2.27       -0.00         2.27
 C    2        0.01       10.72        0.00        10.73
 F    3        0.00       -2.13        0.02        -2.11
 F    4       -0.00       -2.13       -0.02        -2.15

 ----------------------------------------------
  ATOM        C         CT        DP      TOTAL
 O    1     17.91      0.00    -15.64      2.27
 C    2     18.01     -0.00     -7.28     10.73
 F    3     -2.98      2.92     -2.05     -2.11
 F    4     -2.72      2.79     -2.22     -2.15

 -------------------------------------------------------------------------------------------------------------
  ATOM       C.C      CT.CT     DP.DP      C.CT     CT.C       C.DP     DP.C      CT.DP     DP.CT     TOTAL
 O    1     61.96     -0.00     48.70     11.72      0.00    -55.78    -54.10      0.00    -10.24      2.27
 C    2     62.32      0.00     22.72     11.79     -0.00    -56.10    -25.23     -0.00     -4.77     10.73
 F    3     -9.87      1.87      6.74     -1.86      9.89      8.75     -7.39     -8.84     -1.40     -2.11
 F    4     -9.87      1.87      6.56     -1.87      9.89      9.02     -7.39     -8.97     -1.39     -2.15
 -------------------------------------------------------------------------------------------------------------
 Total intensity =    8.74 km/mol
 -------------------------------------------------------------------------------------------------------------

 -------------------------------------------------------------------------------------------------------------
 MODE # 6 (  589.58 cm-1)
 -------------------------------------------------------------------------------------------------------------

  ATOM         Ax          Ay          Az      (Ax + Ay + Az)
 O    1       -0.00       -0.00       -6.15        -6.15
 C    2        0.00        0.01       12.92        12.93
 F    3       -0.00        0.02       -0.54        -0.52
 F    4       -0.00       -0.02       -0.54        -0.56

 ----------------------------------------------
  ATOM        C         CT        DP      TOTAL
 O    1     -8.41      0.64      1.62     -6.15
 C    2     16.24     -0.67     -2.64     12.93
 F    3      3.64      1.38     -5.54     -0.52
 F    4      3.23      1.45     -5.25     -0.56

 -------------------------------------------------------------------------------------------------------------
  ATOM       C.C      CT.CT     DP.DP      C.CT     CT.C       C.DP     DP.C      CT.DP     DP.CT     TOTAL
 O    1    -21.71      0.32     -3.36     -4.14      1.66     17.44      4.19     -1.34      0.80     -6.15
 C    2     41.89     -0.33      5.49      8.00     -1.73    -33.65     -6.82      1.39     -1.30     12.93
 F    3      8.87      0.70     11.04      1.70      3.65     -6.93    -13.92     -2.97     -2.66     -0.52
 F    4      8.87      0.70     11.32      1.69      3.65     -7.33    -13.91     -2.90     -2.65     -0.56
 -------------------------------------------------------------------------------------------------------------
 Total intensity =    5.70 km/mol
 -------------------------------------------------------------------------------------------------------------

 -------------------------------------------------------------------------------------------------------------
 MODE # 7 (    8.88 cm-1)
 -------------------------------------------------------------------------------------------------------------

  ATOM         Ax          Ay          Az      (Ax + Ay + Az)
 O    1        0.00        0.00        0.00         0.00
 C    2        0.00       -0.00        0.00        -0.00
 F    3        0.02        0.00       -0.00         0.02
 F    4       -0.02        0.00        0.00        -0.02

 ----------------------------------------------
  ATOM        C         CT        DP      TOTAL
 O    1      0.00     -0.00      0.00      0.00
 C    2     -0.00     -0.00      0.00     -0.00
 F    3      0.03     -0.00     -0.01      0.02
 F    4     -0.03     -0.00      0.01     -0.02

 -------------------------------------------------------------------------------------------------------------
  ATOM       C.C      CT.CT     DP.DP      C.CT     CT.C       C.DP     DP.C      CT.DP     DP.CT     TOTAL
 O    1     -0.00      0.00      0.00     -0.00     -0.00      0.00     -0.00     -0.00     -0.00      0.00
 C    2      0.00      0.00      0.00      0.00     -0.00     -0.00     -0.00     -0.00     -0.00     -0.00
 F    3     -0.00      0.00     -0.01      0.00      0.00      0.03     -0.00     -0.00     -0.00      0.02
 F    4     -0.00     -0.00      0.01     -0.00      0.00     -0.03      0.00     -0.00      0.00     -0.02
 -------------------------------------------------------------------------------------------------------------
 Total intensity =    0.00 km/mol
 -------------------------------------------------------------------------------------------------------------

 -------------------------------------------------------------------------------------------------------------
 MODE # 8 (    2.39 cm-1)
 -------------------------------------------------------------------------------------------------------------

  ATOM         Ax          Ay          Az      (Ax + Ay + Az)
 O    1        0.03       -0.98       -0.00        -0.95
 C    2       -0.05        2.67        0.00         2.62
 F    3        0.02       -0.80        0.01        -0.78
 F    4        0.01       -0.80       -0.01        -0.80

 ----------------------------------------------
  ATOM        C         CT        DP      TOTAL
 O    1     -0.86      0.00     -0.09     -0.95
 C    2      2.59     -0.00      0.03      2.62
 F    3     -0.80      0.00      0.03     -0.78
 F    4     -0.84      0.00      0.04     -0.80

 -------------------------------------------------------------------------------------------------------------
  ATOM       C.C      CT.CT     DP.DP      C.CT     CT.C       C.DP     DP.C      CT.DP     DP.CT     TOTAL
 O    1     -0.86     -0.00     -0.00     -0.00      0.00      0.00     -0.09      0.00     -0.00     -0.95
 C    2      2.56      0.00      0.01      0.01     -0.00      0.01      0.03     -0.00     -0.00      2.62
 F    3     -0.81     -0.00     -0.01     -0.01      0.00      0.02      0.03      0.00      0.00     -0.78
 F    4     -0.81      0.00      0.01      0.00      0.00     -0.03      0.03     -0.00     -0.00     -0.80
 -------------------------------------------------------------------------------------------------------------
 Total intensity =    0.09 km/mol
 -------------------------------------------------------------------------------------------------------------

 -------------------------------------------------------------------------------------------------------------
 MODE # 9 (    0.86 cm-1)
 -------------------------------------------------------------------------------------------------------------

  ATOM         Ax          Ay          Az      (Ax + Ay + Az)
 O    1        0.73        0.01       -0.00         0.73
 C    2       -1.41       -0.02        0.00        -1.43
 F    3        0.35        0.01        0.00         0.36
 F    4        0.35        0.01       -0.00         0.36

 ----------------------------------------------
  ATOM        C         CT        DP      TOTAL
 O    1      0.76      0.00     -0.03      0.73
 C    2     -1.43      0.00      0.00     -1.43
 F    3      0.35     -0.00      0.01      0.36
 F    4      0.35     -0.00      0.01      0.36

 -------------------------------------------------------------------------------------------------------------
  ATOM       C.C      CT.CT     DP.DP      C.CT     CT.C       C.DP     DP.C      CT.DP     DP.CT     TOTAL
 O    1      0.86      0.00      0.00     -0.00      0.00     -0.11     -0.03     -0.00     -0.00      0.73
 C    2     -1.62      0.00      0.00      0.00      0.00      0.19      0.00     -0.00     -0.00     -1.43
 F    3      0.39      0.00     -0.00      0.00      0.00     -0.04      0.01     -0.00     -0.00      0.36
 F    4      0.39     -0.00     -0.00     -0.00      0.00     -0.04      0.01     -0.00      0.00      0.36
 -------------------------------------------------------------------------------------------------------------
 Total intensity =    0.02 km/mol
 -------------------------------------------------------------------------------------------------------------

 -------------------------------------------------------------------------------------------------------------
 MODE #10 (    1.63 cm-1)
 -------------------------------------------------------------------------------------------------------------

  ATOM         Ax          Ay          Az      (Ax + Ay + Az)
 O    1        0.00       -0.00       -0.07        -0.08
 C    2        0.00        0.02        0.16         0.17
 F    3        0.00       -0.00       -0.04        -0.05
 F    4        0.00       -0.00       -0.04        -0.04

 ----------------------------------------------
  ATOM        C         CT        DP      TOTAL
 O    1     -0.07      0.00     -0.00     -0.08
 C    2      0.17     -0.00      0.01      0.17
 F    3     -0.05     -0.00      0.00     -0.05
 F    4     -0.05      0.00      0.00     -0.04

 -------------------------------------------------------------------------------------------------------------
  ATOM       C.C      CT.CT     DP.DP      C.CT     CT.C       C.DP     DP.C      CT.DP     DP.CT     TOTAL
 O    1     -0.01     -0.00     -0.00      0.02      0.00     -0.09     -0.00      0.00      0.00     -0.08
 C    2      0.01      0.00      0.01     -0.05     -0.00      0.20      0.00     -0.00     -0.00      0.17
 F    3     -0.00     -0.00      0.00      0.01     -0.00     -0.06      0.00     -0.00     -0.00     -0.05
 F    4     -0.00     -0.00      0.00      0.01      0.00     -0.05      0.00      0.00      0.00     -0.04
 -------------------------------------------------------------------------------------------------------------
 Total intensity =    0.01 km/mol
 -------------------------------------------------------------------------------------------------------------

 -------------------------------------------------------------------------------------------------------------
 MODE #11 (    8.84 cm-1)
 -------------------------------------------------------------------------------------------------------------

  ATOM         Ax          Ay          Az      (Ax + Ay + Az)
 O    1        0.14        2.99       -0.00         3.13
 C    2        0.01       -2.31        0.00        -2.31
 F    3       -0.04       -0.17        0.02        -0.19
 F    4       -0.04       -0.17       -0.02        -0.23

 ----------------------------------------------
  ATOM        C         CT        DP      TOTAL
 O    1      3.88      0.00     -0.75      3.13
 C    2     -2.25      0.00     -0.06     -2.31
 F    3     -0.46     -0.00      0.27     -0.19
 F    4     -0.51      0.00      0.28     -0.23

 -------------------------------------------------------------------------------------------------------------
  ATOM       C.C      CT.CT     DP.DP      C.CT     CT.C       C.DP     DP.C      CT.DP     DP.CT     TOTAL
 O    1      6.94      0.00      0.58      0.00     -0.00     -3.06     -1.33     -0.00     -0.00      3.13
 C    2     -4.11      0.01      0.10      0.00     -0.00      1.86     -0.15     -0.01     -0.01     -2.31
 F    3     -0.83     -0.00     -0.17      0.21     -0.00      0.16      0.49      0.00     -0.05     -0.19
 F    4     -0.82     -0.00     -0.26     -0.21      0.00      0.52      0.48     -0.00      0.05     -0.23
 -------------------------------------------------------------------------------------------------------------
 Total intensity =    0.40 km/mol
 -------------------------------------------------------------------------------------------------------------

 -------------------------------------------------------------------------------------------------------------
 MODE #12 (    8.89 cm-1)
 -------------------------------------------------------------------------------------------------------------

  ATOM         Ax          Ay          Az      (Ax + Ay + Az)
 O    1        4.61       -0.05       -0.00         4.56
 C    2       -1.00        0.06        0.00        -0.94
 F    3       -1.43        0.00        0.01        -1.42
 F    4       -1.43        0.00       -0.01        -1.43

 ----------------------------------------------
  ATOM        C         CT        DP      TOTAL
 O    1      6.07     -0.00     -1.51      4.56
 C    2     -0.78      0.00     -0.16     -0.94
 F    3     -1.97     -0.00      0.55     -1.42
 F    4     -1.99     -0.00      0.55     -1.43

 -------------------------------------------------------------------------------------------------------------
  ATOM       C.C      CT.CT     DP.DP      C.CT     CT.C       C.DP     DP.C      CT.DP     DP.CT     TOTAL
 O    1     11.11     -0.00      1.24      0.00     -0.00     -5.04     -2.76     -0.00     -0.00      4.56
 C    2     -1.50      0.00      0.19     -0.00      0.00      0.73     -0.35      0.00      0.00     -0.94
 F    3     -3.58      0.00     -0.45      0.00      0.00      1.61      1.00     -0.00     -0.00     -1.42
 F    4     -3.58     -0.00     -0.45     -0.00      0.00      1.60      1.00     -0.00      0.00     -1.43
 -------------------------------------------------------------------------------------------------------------
 Total intensity =    0.76 km/mol
 -------------------------------------------------------------------------------------------------------------

 -----------------------------------------------------------------------------------
 DYNAMIC CONTRIBUTIONS TO THE IR INTENSITIES

 Ax = K.( (dPx/dxa).(dxa/dQj) +
          (dPx/dya).(dya/dQj) +
          (dPx/dza).(dza/dQj) ).(dPx/dQj)

 Ay = K.( (dPy/dxa).(dxa/dQj) +
          (dPy/dya).(dya/dQj) +
          (dPy/dza).(dza/dQj) ).(dPy/dQj)

 Az = K.( (dPz/dxa).(dxa/dQj) +
          (dPz/dya).(dya/dQj) +
          (dPz/dza).(dza/dQj) ).(dPz/dQj)

  K = 974.864 km.amu / (mol.e^2)

 Px = x-component of the molecular dipole moment
 Py = y-component of the molecular dipole moment
 Pz = z-component of the molecular dipole moment

 xa = x-coordinate of atom a
 ya = y-coordinate of atom a
 za = z-coordinate of atom a
 -----------------------------------------------------------------------------------

 -------------------------------------------------------------------------------------------------------------
 MODE # 1 ( 1990.86 cm-1)
 -------------------------------------------------------------------------------------------------------------

  ATOM         Ax          Ay          Az      (Ax + Ay + Az)
 O    1        0.00       -0.00       96.19        96.19
 C    2        0.00        0.00      352.98       352.98
 F    3       -0.00       -0.01        7.74         7.73
 F    4        0.00        0.01        7.87         7.88

 ----------------------------------------------
  ATOM        C         CT        DP      TOTAL
 O    1    117.93   -151.58    129.85     96.19
 C    2    407.32   -277.28    222.94    352.98
 F    3      5.71     -2.29      4.31      7.73
 F    4      5.72     -2.34      4.51      7.88

 -------------------------------------------------------------------------------------------------------------
  ATOM       C.C      CF.CF     DF.DF      C.CF     CF.C       C.DF     DF.C      CF.DF     DF.CF     TOTAL
 O    1    136.17    141.38    101.02   -109.99   -175.03     91.75    149.93   -117.93   -121.11     96.19
 C    2    470.33    258.61    173.45   -379.90   -320.17    316.89    257.42   -215.72   -207.93    352.98
 F    3      6.60      2.14      3.35     -5.33     -2.65      4.44      4.99     -1.78     -4.03      7.73
 F    4      6.60      2.18      3.51     -5.33     -2.70      4.45      5.19     -1.82     -4.19      7.88
 -------------------------------------------------------------------------------------------------------------
 Total intensity =  464.79 km/mol
 -------------------------------------------------------------------------------------------------------------

 -------------------------------------------------------------------------------------------------------------
 MODE # 2 ( 1295.51 cm-1)
 -------------------------------------------------------------------------------------------------------------

  ATOM         Ax          Ay          Az      (Ax + Ay + Az)
 O    1       -0.00        7.22       -0.00         7.21
 C    2        0.01      324.62        0.00       324.63
 F    3       -0.00       41.88       -0.08        41.80
 F    4       -0.00       42.35        0.08        42.43

 ----------------------------------------------
  ATOM        C         CT        DP      TOTAL
 O    1     16.90      0.97    -10.65      7.21
 C    2    412.84   -114.11     25.89    324.63
 F    3     30.87    -25.74     36.67     41.80
 F    4     30.95    -25.81     37.29     42.43

 -------------------------------------------------------------------------------------------------------------
  ATOM       C.C      CF.CF     DF.DF      C.CF     CF.C       C.DF     DF.C      CF.DF     DF.CF     TOTAL
 O    1     19.97     -0.38     -2.28     -6.69      1.14      3.62    -12.58      0.21      4.22      7.21
 C    2    487.76     45.17      5.56   -163.42   -134.82     88.51     30.58    -24.46    -10.25    324.63
 F    3     36.52     10.23      7.87    -12.27    -30.45      6.62     43.41     -5.52    -14.60     41.80
 F    4     36.52     10.18      7.99    -12.20    -30.45      6.63     43.97     -5.53    -14.67     42.43
 -------------------------------------------------------------------------------------------------------------
 Total intensity =  416.07 km/mol
 -------------------------------------------------------------------------------------------------------------

 -------------------------------------------------------------------------------------------------------------
 MODE # 3 (  991.97 cm-1)
 -------------------------------------------------------------------------------------------------------------

  ATOM         Ax          Ay          Az      (Ax + Ay + Az)
 O    1        0.00        0.01      -30.75       -30.74
 C    2       -0.00        0.00       44.73        44.74
 F    3        0.00       -0.46       22.05        21.60
 F    4       -0.00        0.46       22.48        22.94

 ----------------------------------------------
  ATOM        C         CT        DP      TOTAL
 O    1    -37.70     48.46    -41.50    -30.74
 C    2     51.62    -35.14     28.26     44.74
 F    3     13.30     -7.15     15.46     21.60
 F    4     13.92     -7.80     16.82     22.94

 -------------------------------------------------------------------------------------------------------------
  ATOM       C.C      CF.CF     DF.DF      C.CF     CF.C       C.DF     DF.C      CF.DF     DF.CF     TOTAL
 O    1    -26.50     -1.36    -13.48      1.06     34.07    -12.25    -29.18     15.75      1.16    -30.74
 C    2     36.29      0.98      9.19     -1.45    -24.70     16.78     19.86    -11.42     -0.79     44.74
 F    3      9.57      0.21      4.73     -0.38     -5.23      4.11     11.17     -2.13     -0.45     21.60
 F    4      9.57      0.21      5.77     -0.38     -5.28      4.73     11.52     -2.73     -0.46     22.94
 -------------------------------------------------------------------------------------------------------------
 Total intensity =   58.54 km/mol
 -------------------------------------------------------------------------------------------------------------

 -------------------------------------------------------------------------------------------------------------
 MODE # 4 (  794.23 cm-1)
 -------------------------------------------------------------------------------------------------------------

  ATOM         Ax          Ay          Az      (Ax + Ay + Az)
 O    1        5.07       -0.00       -0.00         5.07
 C    2       30.13       -0.00        0.00        30.13
 F    3        1.32        0.00        0.00         1.32
 F    4        1.31        0.00        0.00         1.31

 ----------------------------------------------
  ATOM        C         CT        DP      TOTAL
 O    1     17.86      0.00    -12.79      5.07
 C    2    129.72     -0.00    -99.59     30.13
 F    3      6.64      0.00     -5.32      1.32
 F    4      6.64      0.00     -5.33      1.31

 -------------------------------------------------------------------------------------------------------------
  ATOM       C.C      CF.CF     DF.DF      C.CF     CF.C       C.DF     DF.C      CF.DF     DF.CF     TOTAL
 O    1     75.93      0.00     41.60     -0.00      0.00    -58.08    -54.39      0.00      0.00      5.07
 C    2    551.64     -0.00    323.92      0.00     -0.00   -421.92   -423.51     -0.00      0.00     30.13
 F    3     28.24      0.00     17.30      0.00      0.00    -21.60    -22.61      0.00     -0.00      1.32
 F    4     28.24      0.00     17.35     -0.00      0.00    -21.60    -22.68      0.00     -0.00      1.31
 -------------------------------------------------------------------------------------------------------------
 Total intensity =   37.83 km/mol
 -------------------------------------------------------------------------------------------------------------

 -------------------------------------------------------------------------------------------------------------
 MODE # 5 (  629.67 cm-1)
 -------------------------------------------------------------------------------------------------------------

  ATOM         Ax          Ay          Az      (Ax + Ay + Az)
 O    1       -0.00        7.65        0.00         7.64
 C    2        0.00       14.16       -0.00        14.16
 F    3        0.00       -6.49       -0.15        -6.63
 F    4        0.00       -6.59        0.15        -6.43

 ----------------------------------------------
  ATOM        C         CT        DP      TOTAL
 O    1     17.91      1.03    -11.29      7.64
 C    2     18.01     -4.98      1.13     14.16
 F    3     -2.98      4.87     -8.52     -6.63
 F    4     -2.72      4.80     -8.51     -6.43

 -------------------------------------------------------------------------------------------------------------
  ATOM       C.C      CF.CF     DF.DF      C.CF     CF.C       C.DF     DF.C      CF.DF     DF.CF     TOTAL
 O    1     61.96      0.67     35.15     11.72      3.54    -55.78    -39.05     -3.19     -7.39      7.64
 C    2     62.32     -3.26     -3.51     11.79    -17.23    -56.10      3.91     15.51      0.74     14.16
 F    3     -9.87      3.16     26.33     -1.86     16.73      8.75    -29.31    -15.02     -5.54     -6.63
 F    4     -9.87      3.17     26.76     -1.87     16.73      9.02    -29.65    -15.10     -5.61     -6.43
 -------------------------------------------------------------------------------------------------------------
 Total intensity =    8.74 km/mol
 -------------------------------------------------------------------------------------------------------------

 -------------------------------------------------------------------------------------------------------------
 MODE # 6 (  589.58 cm-1)
 -------------------------------------------------------------------------------------------------------------

  ATOM         Ax          Ay          Az      (Ax + Ay + Az)
 O    1        0.00        0.00       -6.86        -6.86
 C    2       -0.00        0.00       14.07        14.07
 F    3        0.00        0.16       -0.71        -0.55
 F    4       -0.00       -0.16       -0.80        -0.96

 ----------------------------------------------
  ATOM        C         CT        DP      TOTAL
 O    1     -8.41     10.81     -9.26     -6.86
 C    2     16.24    -11.05      8.89     14.07
 F    3      3.64      1.50     -5.69     -0.55
 F    4      3.23      1.54     -5.74     -0.96

 -------------------------------------------------------------------------------------------------------------
  ATOM       C.C      CF.CF     DF.DF      C.CF     CF.C       C.DF     DF.C      CF.DF     DF.CF     TOTAL
 O    1    -21.71      5.33     19.21     -4.14     27.90     17.44    -23.90    -22.42     -4.56     -6.86
 C    2     41.89     -5.44    -18.42      8.00    -28.52    -33.65     22.93     22.91      4.38     14.07
 F    3      8.87      0.77     11.88      1.70      4.05     -6.93    -14.76     -3.32     -2.82     -0.55
 F    4      8.87      0.73     11.81      1.69      3.80     -7.33    -14.73     -2.99     -2.81     -0.96
 -------------------------------------------------------------------------------------------------------------
 Total intensity =    5.70 km/mol
 -------------------------------------------------------------------------------------------------------------

 -------------------------------------------------------------------------------------------------------------
 MODE # 7 (    8.88 cm-1)
 -------------------------------------------------------------------------------------------------------------

  ATOM         Ax          Ay          Az      (Ax + Ay + Az)
 O    1       -0.00        0.00        0.00         0.00
 C    2       -0.00       -0.00       -0.00        -0.00
 F    3        0.01        0.01       -0.00         0.01
 F    4       -0.01       -0.00        0.00        -0.01

 ----------------------------------------------
  ATOM        C         CT        DP      TOTAL
 O    1      0.00      0.00     -0.00      0.00
 C    2     -0.00      0.00     -0.00     -0.00
 F    3      0.03     -0.00     -0.02      0.01
 F    4     -0.03     -0.00      0.02     -0.01

 -------------------------------------------------------------------------------------------------------------
  ATOM       C.C      CF.CF     DF.DF      C.CF     CF.C       C.DF     DF.C      CF.DF     DF.CF     TOTAL
 O    1     -0.00     -0.00     -0.00     -0.00     -0.00      0.00      0.00      0.00      0.00      0.00
 C    2      0.00     -0.00     -0.00      0.00     -0.00     -0.00      0.00      0.00      0.00     -0.00
 F    3     -0.00      0.00     -0.02      0.00      0.00      0.03     -0.00     -0.00     -0.00      0.01
 F    4     -0.00     -0.00      0.02     -0.00      0.00     -0.03      0.00     -0.00      0.00     -0.01
 -------------------------------------------------------------------------------------------------------------
 Total intensity =    0.00 km/mol
 -------------------------------------------------------------------------------------------------------------

 -------------------------------------------------------------------------------------------------------------
 MODE # 8 (    2.39 cm-1)
 -------------------------------------------------------------------------------------------------------------

  ATOM         Ax          Ay          Az      (Ax + Ay + Az)
 O    1        0.01       -0.38       -0.00        -0.37
 C    2       -0.01        2.08        0.00         2.07
 F    3        0.00       -0.81       -0.03        -0.84
 F    4        0.00       -0.81        0.03        -0.77

 ----------------------------------------------
  ATOM        C         CT        DP      TOTAL
 O    1     -0.86     -0.05      0.54     -0.37
 C    2      2.59     -0.73      0.22      2.07
 F    3     -0.80      0.42     -0.45     -0.84
 F    4     -0.84      0.36     -0.29     -0.77

 -------------------------------------------------------------------------------------------------------------
  ATOM       C.C      CF.CF     DF.DF      C.CF     CF.C       C.DF     DF.C      CF.DF     DF.CF     TOTAL
 O    1     -0.86     -0.00     -0.01     -0.00     -0.05      0.00      0.54      0.00      0.00     -0.37
 C    2      2.56     -0.00      0.05      0.01     -0.71      0.01      0.16     -0.02     -0.00      2.07
 F    3     -0.81     -0.01     -0.13     -0.01      0.38      0.02     -0.36      0.04      0.03     -0.84
 F    4     -0.81      0.01      0.09      0.00      0.38     -0.03     -0.35     -0.02     -0.03     -0.77
 -------------------------------------------------------------------------------------------------------------
 Total intensity =    0.09 km/mol
 -------------------------------------------------------------------------------------------------------------

 -------------------------------------------------------------------------------------------------------------
 MODE # 9 (    0.86 cm-1)
 -------------------------------------------------------------------------------------------------------------

  ATOM         Ax          Ay          Az      (Ax + Ay + Az)
 O    1        0.21        0.00       -0.00         0.21
 C    2       -0.33       -0.01        0.00        -0.34
 F    3        0.07        0.01       -0.00         0.07
 F    4        0.07        0.01        0.00         0.07

 ----------------------------------------------
  ATOM        C         CT        DP      TOTAL
 O    1      0.76      0.00     -0.54      0.21
 C    2     -1.43      0.00      1.09     -0.34
 F    3      0.35     -0.00     -0.27      0.07
 F    4      0.35     -0.00     -0.27      0.07

 -------------------------------------------------------------------------------------------------------------
  ATOM       C.C      CF.CF     DF.DF      C.CF     CF.C       C.DF     DF.C      CF.DF     DF.CF     TOTAL
 O    1      0.86      0.00      0.07     -0.00     -0.00     -0.11     -0.62      0.00     -0.00      0.21
 C    2     -1.62     -0.00     -0.17      0.00     -0.00      0.19      1.25      0.01      0.00     -0.34
 F    3      0.39      0.00      0.05      0.00      0.00     -0.04     -0.32     -0.00     -0.00      0.07
 F    4      0.39     -0.00      0.05     -0.00      0.00     -0.04     -0.32     -0.00      0.00      0.07
 -------------------------------------------------------------------------------------------------------------
 Total intensity =    0.02 km/mol
 -------------------------------------------------------------------------------------------------------------

 -------------------------------------------------------------------------------------------------------------
 MODE #10 (    1.63 cm-1)
 -------------------------------------------------------------------------------------------------------------

  ATOM         Ax          Ay          Az      (Ax + Ay + Az)
 O    1       -0.00        0.00       -0.06        -0.06
 C    2        0.00        0.01        0.14         0.15
 F    3        0.00        0.12       -0.04         0.08
 F    4       -0.00       -0.12       -0.04        -0.16

 ----------------------------------------------
  ATOM        C         CT        DP      TOTAL
 O    1     -0.07      0.09     -0.07     -0.06
 C    2      0.17     -0.11      0.09      0.15
 F    3     -0.05     -0.10      0.23      0.08
 F    4     -0.05      0.12     -0.24     -0.16

 -------------------------------------------------------------------------------------------------------------
  ATOM       C.C      CF.CF     DF.DF      C.CF     CF.C       C.DF     DF.C      CF.DF     DF.CF     TOTAL
 O    1     -0.01     -0.03     -0.09      0.02      0.01     -0.09     -0.01      0.12      0.02     -0.06
 C    2      0.01      0.03      0.11     -0.05     -0.01      0.20      0.01     -0.13     -0.03      0.15
 F    3     -0.00     -0.00      0.22      0.01     -0.01     -0.06      0.01     -0.10      0.00      0.08
 F    4     -0.00     -0.00     -0.23      0.01      0.01     -0.05     -0.01      0.12      0.00     -0.16
 -------------------------------------------------------------------------------------------------------------
 Total intensity =    0.01 km/mol
 -------------------------------------------------------------------------------------------------------------

 -------------------------------------------------------------------------------------------------------------
 MODE #11 (    8.84 cm-1)
 -------------------------------------------------------------------------------------------------------------

  ATOM         Ax          Ay          Az      (Ax + Ay + Az)
 O    1        0.06        1.58        0.00         1.65
 C    2       -0.00       -1.75        0.00        -1.75
 F    3        0.00        0.25        0.02         0.27
 F    4       -0.00        0.26       -0.02         0.23

 ----------------------------------------------
  ATOM        C         CT        DP      TOTAL
 O    1      3.88      0.21     -2.45      1.65
 C    2     -2.25      0.61     -0.11     -1.75
 F    3     -0.46     -0.41      1.14      0.27
 F    4     -0.51     -0.41      1.15      0.23

 -------------------------------------------------------------------------------------------------------------
  ATOM       C.C      CF.CF     DF.DF      C.CF     CF.C       C.DF     DF.C      CF.DF     DF.CF     TOTAL
 O    1      6.94      0.00      1.92      0.00      0.39     -3.06     -4.37     -0.18     -0.00      1.65
 C    2     -4.11      0.00      0.13      0.00      1.13      1.86     -0.24     -0.52      0.00     -1.75
 F    3     -0.83     -0.01     -0.85      0.21     -0.76      0.16      2.04      0.36     -0.04      0.27
 F    4     -0.82      0.01     -0.94     -0.21     -0.76      0.52      2.05      0.34      0.04      0.23
 -------------------------------------------------------------------------------------------------------------
 Total intensity =    0.40 km/mol
 -------------------------------------------------------------------------------------------------------------

 -------------------------------------------------------------------------------------------------------------
 MODE #12 (    8.89 cm-1)
 -------------------------------------------------------------------------------------------------------------

  ATOM         Ax          Ay          Az      (Ax + Ay + Az)
 O    1        1.74       -0.02        0.00         1.72
 C    2       -0.19        0.03        0.00        -0.16
 F    3       -0.40        0.00        0.01        -0.39
 F    4       -0.39       -0.00       -0.01        -0.40

 ----------------------------------------------
  ATOM        C         CT        DP      TOTAL
 O    1      6.07     -0.00     -4.35      1.72
 C    2     -0.78     -0.01      0.62     -0.16
 F    3     -1.97      0.01      1.57     -0.39
 F    4     -1.99      0.01      1.58     -0.40

 -------------------------------------------------------------------------------------------------------------
  ATOM       C.C      CF.CF     DF.DF      C.CF     CF.C       C.DF     DF.C      CF.DF     DF.CF     TOTAL
 O    1     11.11      0.00      3.62      0.00      0.00     -5.04     -7.96     -0.01      0.00      1.72
 C    2     -1.50      0.00     -0.49     -0.00      0.01      0.73      1.12     -0.02      0.00     -0.16
 F    3     -3.58     -0.00     -1.29      0.00     -0.01      1.61      2.86      0.01     -0.00     -0.39
 F    4     -3.58      0.00     -1.30     -0.00     -0.01      1.60      2.88      0.01      0.00     -0.40
 -------------------------------------------------------------------------------------------------------------
 Total intensity =    0.76 km/mol
 -------------------------------------------------------------------------------------------------------------



********************************************************************************
 THEORY LEVEL OF THE DIPOLE MOMENT: MP2                            
********************************************************************************



          Dipole Moment / a.u. (Atomic Contrib.)
          --------------------------------------
          Charge        Dipole        Total
          --------------------------------------
     X    0.00000000   -0.00037596   -0.00037596
     Y    0.00000144   -0.00039816   -0.00039672
     Z   -0.62306594    0.21583258   -0.40723337

  Norm    0.62306594    0.21583327    0.40723374
          --------------------------------------



          Dipole Moment / Debye (Atomic Contrib.)
          --------------------------------------
          Charge        Dipole        Total
          --------------------------------------
     X    0.00000000   -0.00095561   -0.00095561
     Y    0.00000366   -0.00101203   -0.00100837
     Z   -1.58369032    0.54859677   -1.03509356

  Norm    1.58369032    0.54859853    1.03509449
          --------------------------------------




 ------------------------------------------------------- 
 MOLECULAR CHARGE TENSOR IN THE NORMAL COORDINATES BASIS 
 units = e / sqrt(amu)                                      
 ------------------------------------------------------- 

         d Q  1      d Q  2      d Q  3      d Q  4      d Q  5
  d PX   0.00001732 -0.00000006  0.00006808  0.83767307  0.00000020
  d PY   0.00000203  0.77183721  0.00000299  0.00000014 -0.32746729
  d PZ   0.79729019 -0.00000036  0.17224280 -0.00002376 -0.00000265
  Norm   0.79729019  0.77183721  0.17224281  0.83767307  0.32746729


         d Q  6      d Q  7      d Q  8      d Q  9      d Q 10
  d PX   0.00002993  0.00000090  0.00017780 -0.00517687  0.00001000
  d PY   0.00001301 -0.00020242  0.00882780  0.00060814 -0.00014830
  d PZ  -0.19724331  0.00000013  0.00000205  0.00001430  0.00003445
  Norm   0.19724331  0.00020243  0.00882959  0.00521249  0.00015257


         d Q 11      d Q 12
  d PX  -0.00513431 -0.04994772
  d PY   0.03443159 -0.00357093
  d PZ  -0.00000589 -0.00000641
  Norm   0.03481229  0.05007521



 ------------------------------------------------------------ 
 MOLECULAR CHARGE FLUX TENSOR IN THE NORMAL COORDINATES BASIS 
 units = e / sqrt(amu)                                      
 ------------------------------------------------------------ 

         d Q  1      d Q  2      d Q  3      d Q  4      d Q  5
  d PX   0.00000000  0.00000000  0.00000000  0.00000000  0.00000000
  d PY  -0.00002493 -0.25860084 -0.00000298 -0.00001050 -0.06196052
  d PZ  -0.64399903 -0.00135747 -0.00685959 -0.00002824  0.00009872
  Norm   0.64399903  0.25860440  0.00685959  0.00003013  0.06196060


         d Q  6      d Q  7      d Q  8      d Q  9      d Q 10
  d PX   0.00000000  0.00000000  0.00000000  0.00000000  0.00000000
  d PY   0.00002760 -0.00000807  0.00004764  0.00000380 -0.00000187
  d PZ  -0.03764663 -0.00002674 -0.00038711  0.00043327 -0.00015310
  Norm   0.03764664  0.00002793  0.00039003  0.00043329  0.00015311


         d Q 11      d Q 12
  d PX   0.00000000  0.00000000
  d PY   0.00000458 -0.00000863
  d PZ   0.00274115 -0.00059054
  Norm   0.00274115  0.00059060



 ------------------------------------------------------------ 
 MOLECULAR DIPOLE FLUX TENSOR IN THE NORMAL COORDINATES BASIS 
 units = e / sqrt(amu)                                      
 ------------------------------------------------------------ 

         d Q  1      d Q  2      d Q  3      d Q  4      d Q  5
  d PX   0.00267668  0.00287087 -0.00117062 -0.64069225 -0.00254066
  d PY  -0.00070596  0.14005392 -0.00451719  0.00003753  0.29479084
  d PZ   0.53718923 -0.00020172  0.07962281 -0.00007050 -0.00187043
  Norm   0.53719636  0.14008349  0.07975943  0.64069226  0.29480772


         d Q  6      d Q  7      d Q  8      d Q  9      d Q 10
  d PX   0.00078133  0.00027497  0.00235168  0.00068969  0.00100319
  d PY   0.00231648  0.00158991  0.00021327 -0.00140667 -0.00271410
  d PZ   0.15844747  0.00032675  0.00127387 -0.00012621  0.00062306
  Norm   0.15846633  0.00164626  0.00268302  0.00157173  0.00295989


         d Q 11      d Q 12
  d PX  -0.00277869  0.02216997
  d PY  -0.01574982  0.00694841
  d PZ  -0.00235389 -0.00055455
  Norm   0.01616536  0.02323996



 ------------------------------------------------------ 
 MOLECULAR POLAR TENSOR IN THE NORMAL COORDINATES BASIS 
 units = e / sqrt(amu)                                      
 ------------------------------------------------------ 

         d Q  1      d Q  2      d Q  3      d Q  4      d Q  5
  d PX   0.00269400  0.00287081 -0.00110254  0.19698082 -0.00254046
  d PY  -0.00072887  0.65329029 -0.00451718  0.00002716 -0.09463698
  d PZ   0.69048039 -0.00155955  0.24500602 -0.00012251 -0.00177437
  Norm   0.69048603  0.65329846  0.24505014  0.19698086  0.09468770


         d Q  6      d Q  7      d Q  8      d Q  9      d Q 10
  d PX   0.00081126  0.00027587  0.00252948 -0.00448718  0.00101320
  d PY   0.00235709  0.00137942  0.00908871 -0.00079473 -0.00286426
  d PZ  -0.07644247  0.00030013  0.00088881  0.00032136  0.00050441
  Norm   0.07648310  0.00143839  0.00947591  0.00456833  0.00307977


         d Q 11      d Q 12
  d PX  -0.00791300 -0.02777775
  d PY   0.01868635  0.00336886
  d PZ   0.00038137 -0.00115150
  Norm   0.02029632  0.02800497



   Vibrational Frequencies and IR Intensities
   ------------------------------------------

  ============================================================
  mode    frequency          IR intensity      Boltzmann(298K)
  ============================================================
       cm-1    hartrees     km/mol  (D/A)**2/amu
  ------------------------------------------------------------
   1  1990.86   0.009071     464.787   10.9997    0.999932756
   2  1295.51   0.005903     416.071    9.8468    0.998072823
   3   991.97   0.004520      58.540    1.3854    0.991661647
   4   794.23   0.003619      37.826    0.8952    0.978348962
   5   629.67   0.002869       8.740    0.2069    0.952097682
   6   589.58   0.002686       5.703    0.1350    0.941873323
   7     8.88   0.000040       0.002    0.0000    0.041950722
   8     2.39   0.000011       0.088    0.0021    0.011471792
   9     0.86   0.000004       0.020    0.0005    0.004135535
  10     1.63   0.000007       0.009    0.0002    0.007818993
  11     8.84   0.000040       0.402    0.0095    0.041769187
  12     8.89   0.000040       0.765    0.0181    0.041986142
  -----------------------------------------------------------




      Host name     : trapista                                
      Date and time : Sat Nov 27 01:32:47 2021



      **************************************
      ****  END OF PLACZEK CALCULATION  ****
      **************************************


