

 **************************************
 *                                    *
 *    OUTPUT FROM PROGRAM PLACZEK     *
 *                                    *
 **************************************
                                                             
 *  A Program Designed to Compute Infrared and Raman Spectra 
 *                                                           
 *  Written by Luciano N. Vidal                              
 *  Universidade Tecnologica Federal do Parana, Brazil       
 *                                                           
 *  If results obtained with this code are published,        
 *  an appropriate citation would be:                        
 *                                                           
 ** For Raman Properties:                                    
 *                                                           
 *  Vidal, L.N., P.A.M. Vazquez; Quim. Nova, 26(4), (2003), 507-511
 *  Vidal, L.N., P.A.M. Vazquez; Int. J. Quant. Chem., 103(5), (2005), 632-648
 *                                                           
 ** For Infrared Properties:                                 
 *                                                           
 *  Faria, S.H.D.M., da Silva Jr., J.V., Haiduke, R.L.A., Vidal, L.N.,
 *  Vazquez, P.A.M., Bruns, R.E.; J. Phys. Chem. A, 111, (2007), 7870-7875
 *                                                           
 *  NOTE:                                                    
 *                                                           
 *  This is an experimental code. The author accept no responsibility for the
 *  performance of the code or for the correctness of the results. Report
 *  bugs to lnvidal@utfpr.edu.br                          
 *                                                           
 ********************************
 * Release date: September.2020 *
 ********************************

       RUNCTRL OPTIONS
       ===============

       REMOTE   = F
       RESTART  = F
       FRIEND   = GAUSSIAN            

       USE SYMMETRY  = F


       VIBANA OPTIONS
       ==============

       HF    = F
       MP2   = F
       CCS   = F
       CC2   = F
       CCSD  = F
       QCISD = F
       DHF   = F
       DFT   = F

       DALHESS    = F
       GAMHESS    = F
       GAUSHES    = T
       C4HESS     = F
       GRADHESS   = F

       RUN        = F


       INFRARED OPTIONS
       ================


       HF    = F
       MP2   = F
       CCS   = F
       CC2   = F
       CCSD  = F
       QCISD = T
       DHF   = F
       DFT   = F


       RUN  = F

       ANGSTROM = T


       OVERTONES = F

       EXPENSIVE DERIVATIVES = F

 * CCTDP ANALYSIS USING HIRSHFELD ATOMIC CHARGES AND DIPOLES


 *************************************
 **** OUTPUT FROM PROGRAM ROTOANA ****
 *************************************

 ------------------------------------------------------
 - ROTATIONAL ANALYSIS WAS DONE USING FRIEND.INP FILE -
 ------------------------------------------------------
                             x            y            z
 * Center of Mass (in A):    0.000000     0.000000     0.542823

 Inertia Tensor (in u*A^2)
 ------------------------- 
                   x              y              z
  x        30.382445       0.000000       0.000000
  y         0.000000      28.667932       0.000000
  z         0.000000       0.000000       1.714513

 Principal Moments and Principal Axes of Inertia
 -----------------------------------------------
                                 x       y       z
 IA  =      1.714513  u*A^2    ( 0.0000  0.0000  1.0000 )
 IB  =     28.667932  u*A^2    ( 0.0000  1.0000  0.0000 )
 IC  =     30.382445  u*A^2    ( 1.0000  0.0000  0.0000 )

 Principal Cartesian Coordinates 
 ------------------------------- 
       x                    y                    z
C      0.000000000000000    0.000000000000000   -2.075135358367040
S      0.000000000000000    0.000000000000000    0.978029017525733
H      0.000000000000000   -1.742856619780949   -3.159273131738412
H      0.000000000000000    1.742856619780949   -3.159273131738412

 * Molecule Recognized as Non-Linear

 Rotational Constants
 --------------------
 A =       294765.47 MHz     (        9.832318 cm-1)
 B =        17628.73 MHz     (        0.588031 cm-1)
 C =        16633.92 MHz     (        0.554848 cm-1)
 * The molecule is an Asymmetric Top
 * The molecule is Planar

 Atom  Z   Isotopic Mass   Abundance        x             y             z
 C     6.      12.000000    98.900 %        0.000000      0.000000     -0.555291
 S    16.      31.972071    95.020 %        0.000000      0.000000      1.060374
 H     1.       1.007825    99.985 %        0.000000     -0.922280     -1.128992
 H     1.       1.007825    99.985 %        0.000000      0.922280     -1.128992

 Total mass:          45.987721 amu
 Natural abundance:   93.947 %


 **************************************
 **** OUTPUT FROM PROGRAM SYMMETRY ****
 **************************************

 * Threshold to consider two distances equal (angstrom) : 5.00D-03

 * Threshold to consider two inertia moments equal : 1.00D-01


 * The following coordinates were used to locate the point group : 
   (center of mass in the origin)

   #  Atom  Z   Isotopic Mass        x             y             z
   1    C   6.      12.000000        0.000000      0.000000     -1.098114
   2    S  16.      31.972071        0.000000      0.000000      0.517551
   3    H   1.       1.007825        0.000000     -0.922280     -1.671815
   4    H   1.       1.007825        0.000000      0.922280     -1.671815

 Interatomic distances (in A) 
 ---------------------------- 
            1 C      2 S      3 H      4 H 
   1 C    0.0000   1.6157   1.0862   1.0862
   2 S    1.6157   0.0000   2.3757   2.3757
   3 H    1.0862   2.3757   0.0000   1.8446
   4 H    1.0862   2.3757   1.8446   0.0000


 Symmetrically Equivalent Atoms (SEA): 
 -------------------------------------   
 Set | # Atoms | SEA 
   1 |     1   |    1

   2 |     1   |    2

   3 |     2   |    3   4


 * The number of C_n^k axes found is :  1
   ---------------------------------
 Cn-Axis   n   k   theta         Direction (x y z)
    1      2   1     180    0.00000   0.00000  -1.00000

 * The number of reflexion planes found is :  2
   ---------------------------------------
 Plane    Normal vector (x y z)
   1      0.00000  -1.00000   0.00000
   2      1.00000   0.00000   0.00000

 --------------------
 * Point group found: C2v 
 --------------------

 * Order of the group:    4

 * The number of atoms is:    4

 ************************************
 **** OUTPUT FROM PROGRAM VIBANA ****
 ************************************


 @ MOLECULAR HESSIAN READ FROM GAUSSIAN.log FILE                                


                         ==========================
                         =  ENERGY HESSIAN (a.u.) =
                         ==========================


                                1 C                           2 S 
                        X         Y         Z         X         Y         Z
                        1         2         3         4         5         6
         X   1   0.110457  0.000000  0.000001 -0.028915  0.000000  0.000002
   1 C   Y   2   0.000000  0.575975 -0.000002  0.000000 -0.046160 -0.000003
         Z   3   0.000001 -0.000002  0.643567  0.000002  0.000000 -0.398628

         X   4  -0.028915  0.000000  0.000002  0.007574  0.000000  0.000003
   2 S   Y   5   0.000000 -0.046160  0.000000  0.000000  0.028110  0.000000
         Z   6   0.000002 -0.000003 -0.398628  0.000003  0.000000  0.439220

         X   7  -0.040768  0.000000 -0.000003  0.010683  0.000000 -0.000002
   3 H   Y   8  -0.000002 -0.264898 -0.119715 -0.000003  0.009022  0.003333
         Z   9  -0.000002 -0.124321 -0.122470 -0.000003 -0.019019 -0.020300

         X  10  -0.040768  0.000000 -0.000002  0.010683  0.000000 -0.000002
   4 H   Y  11   0.000002 -0.264905  0.119714  0.000003  0.009021 -0.003333
         Z  12  -0.000002  0.124327 -0.122470 -0.000003  0.019019 -0.020300


                                3 H                           4 H 
                        X         Y         Z         X         Y         Z
                        7         8         9        10        11        12
         X   1  -0.040768 -0.000002 -0.000002 -0.040768  0.000002 -0.000002
   1 C   Y   2   0.000000 -0.264898 -0.124321  0.000000 -0.264905  0.124327
         Z   3  -0.000003 -0.119715 -0.122470 -0.000002  0.119714 -0.122470

         X   4   0.010683 -0.000003 -0.000003  0.010683  0.000003 -0.000003
   2 S   Y   5   0.000000  0.009022 -0.019019  0.000000  0.009021  0.019019
         Z   6  -0.000002  0.003333 -0.020300 -0.000002 -0.003333 -0.020300

         X   7   0.015057  0.000003  0.000002  0.015013 -0.000003  0.000002
   3 H   Y   8   0.000003  0.272520  0.129862  0.000003 -0.016644 -0.013479
         Z   9   0.000002  0.129862  0.132632  0.000002  0.013480  0.010142

         X  10   0.015013  0.000003  0.000002  0.015057 -0.000003  0.000002
   4 H   Y  11  -0.000003 -0.016644  0.013480 -0.000003  0.272520 -0.129862
         Z  12   0.000002 -0.013479  0.010142  0.000002 -0.129862  0.132632



 *****************************************
 **** OUTPUT FROM PROGRAM POINT GROUP ****
 *****************************************



 Character Table
 --------------------------
 C2v   E   C2z  s(xz) s(yz)
 --------------------------
 A1    1.   1.   1.   1.
 A2    1.   1.  -1.  -1.
 B1    1.  -1.   1.  -1.
 B2    1.  -1.  -1.   1.
 --------------------------


 Translations, Rotations and
 Vibrations in each irreductive
 representation
------------------------------
 C2v     Trans  Rot   Vib   Tot
------------------------------
 A1       1     0     3     4
 A2       0     1     0     1
 B1       1     1     1     3
 B2       1     1     2     4
------------------------------
 Sum      3     3     6    12
------------------------------


 CARTESIAN COORDINATES 
 --------------------- 

  1  C     x     0.000000
  2        y     0.000000
  3        z    -0.555291

  4  S     x     0.000000
  5        y     0.000000
  6        z     1.060374

  7  H     x     0.000000
  8        y    -0.922280
  9        z    -1.128992

 10  H     x     0.000000
 11        y     0.922280
 12        z    -1.128992


 SYMMETRY COORDINATES 
 -------------------- 

                                1 C                           2 S 
                        X         Y         Z         X         Y         Z
                        1         2         3         4         5         6
         A1    1   0.000000  0.000000  1.000000  0.000000  0.000000  0.000000
         A1    2   0.000000  0.000000  0.000000  0.000000  0.000000  1.000000
         A1    3   0.000000  0.000000  0.000000  0.000000  0.000000  0.000000
         A1    4   0.000000  0.000000  0.000000  0.000000  0.000000  0.000000

         A2    5   0.000000  0.000000  0.000000  0.000000  0.000000  0.000000

         B1    6   1.000000 -0.000000  0.000000  0.000000  0.000000  0.000000
         B1    7   0.000000  0.000000  0.000000  1.000000 -0.000000  0.000000
         B1    8   0.000000  0.000000  0.000000  0.000000  0.000000  0.000000

         B2    9   0.000000  1.000000  0.000000  0.000000  0.000000  0.000000
         B2   10   0.000000  0.000000  0.000000  0.000000  1.000000  0.000000
         B2   11   0.000000  0.000000  0.000000  0.000000  0.000000  0.000000
         B2   12   0.000000  0.000000  0.000000  0.000000  0.000000  0.000000

                                3 H                           4 H 
                        X         Y         Z         X         Y         Z
                        7         8         9        10        11        12
         A1    1   0.000000  0.000000  0.000000  0.000000  0.000000  0.000000
         A1    2   0.000000  0.000000  0.000000  0.000000  0.000000  0.000000
         A1    3   0.000000  0.707107  0.000000 -0.000000 -0.707107  0.000000
         A1    4   0.000000  0.000000  0.707107  0.000000  0.000000  0.707107

         A2    5   0.707107  0.000000  0.000000 -0.707107  0.000000  0.000000

         B1    6   0.000000  0.000000  0.000000  0.000000  0.000000  0.000000
         B1    7   0.000000  0.000000  0.000000  0.000000  0.000000  0.000000
         B1    8   0.707107  0.000000  0.000000  0.707107 -0.000000  0.000000

         B2    9   0.000000  0.000000  0.000000  0.000000  0.000000  0.000000
         B2   10   0.000000  0.000000  0.000000  0.000000  0.000000  0.000000
         B2   11   0.000000  0.707107  0.000000  0.000000  0.707107  0.000000
         B2   12   0.000000  0.000000  0.707107  0.000000  0.000000 -0.707107


 -------------------------------------------------- 
 BLOCK-DIAGONALIZED ENERGY HESSIAN (hartree/bohr^2) 
 -------------------------------------------------- 

  A1  BLOCK
  ---------

               1         2         3         4
   1     0.64357  -0.39863  -0.16930  -0.17320
   2    -0.39863   0.43922   0.00471  -0.02871
   3    -0.16930   0.00471   0.28916   0.11638
   4    -0.17320  -0.02871   0.11638   0.14277


  A2  BLOCK
  ---------

               1
   1     0.00004


  B1  BLOCK
  ---------

               1         2         3
   1     0.11046  -0.02891  -0.05765
   2    -0.02891   0.00757   0.01511
   3    -0.05765   0.01511   0.03007


  B2  BLOCK
  ---------

               1         2         3         4
   1     0.57598  -0.04616  -0.37463  -0.17582
   2    -0.04616   0.02811   0.01276  -0.02690
   3    -0.37463   0.01276   0.25588   0.14334
   4    -0.17582  -0.02690   0.14334   0.12249



 -------------
 @ POINT GROUP : C2v 
 ---------------------------
 IRREP   #   VIB FREQ / cm-1
 ---------------------------
 A1      1       3105.96 
 A1      2       1509.40 
 A1      3       1086.30 

 B1      4       1018.85 

 B2      5       3193.24 
 B2      6       1007.62 
 ---------------------------


 @  VIBRATIONAL FREQUENCIES  ( in cm-1 )               
    NORMAL COORDINATES       ( in bohr*sqrt(amu) ) and 
    REDUCED MASSES           ( in amu )                


 ----------------------------------------------------------------
 MODE #                 1         2         3         4         5
 VIB FREQ         3193.24   3105.96   1509.40   1086.30   1018.85 

 REDMASS           1.1197    1.0506    1.1768    4.7499    1.2930

 ----------------------------------------------------------------
         X   1   0.000000  0.000001 -0.000001 -0.000027 -0.139768
   1 C   Y   2  -0.095343  0.000001  0.000001  0.000004  0.000000
         Z   3   0.000001  0.060830 -0.113264  0.212273 -0.000041

         X   4   0.000000  0.000000 -0.000000  0.000002  0.013743
   2 S   Y   5   0.000109 -0.000000 -0.000000 -0.000001 -0.000000
         Z   6   0.000000 -0.001278  0.009140 -0.097195  0.000020

         X   7  -0.000000 -0.000016  0.000012  0.000131  0.613857
   3 H   Y   8   0.565870 -0.597659 -0.371762 -0.027106 -0.000001
         Z   9   0.348948 -0.341897  0.529350  0.278004 -0.000074

         X  10   0.000000 -0.000015  0.000010  0.000132  0.613857
   4 H   Y  11   0.565903  0.597625  0.371763  0.027096  0.000001
         Z  12  -0.348967 -0.341876  0.529349  0.277973 -0.000074
 ----------------------------------------------------------------

 ----------------------------------------------------------------
 MODE #                 6         7         8         9        10
 VIB FREQ         1007.62     33.81      4.87      3.28      0.25i

 REDMASS           1.2040    1.0078    3.0780   21.9861   11.5947

 ----------------------------------------------------------------
         X   1  -0.000000 -0.000000 -0.000025  0.093269 -0.000000
   1 C   Y   2  -0.113156  0.000014  0.228139  0.000041  0.030541
         Z   3   0.000005 -0.000000 -0.005759 -0.000001  0.143518

         X   4   0.000000  0.000000 -0.000030  0.166514  0.000002
   2 S   Y   5   0.026750 -0.000001 -0.056561 -0.000014  0.035312
         Z   6  -0.000003  0.000000 -0.005758 -0.000002  0.143520

         X   7   0.000000 -0.704356  0.000017  0.067296  0.000002
   3 H   Y   8   0.249338  0.000019  0.329187  0.000061  0.028851
         Z   9  -0.588523 -0.000009 -0.168216 -0.000031  0.146233

         X  10   0.000000  0.704356 -0.000062  0.067296 -0.000004
   4 H   Y  11   0.249338  0.000020  0.329189  0.000060  0.028848
         Z  12   0.588541  0.000009  0.156691  0.000031  0.140792
 ----------------------------------------------------------------

 ----------------------------------
 MODE #                11        12
 VIB FREQ            1.33i    12.99i
 REDMASS          19.5182    3.4723
 ----------------------------------
         X   1  -0.000001  0.234732
   1 C   Y   2   0.091970  0.000008
         Z   3  -0.033376 -0.000001

         X   4   0.000004 -0.057980
   2 S   Y   5   0.161603  0.000000
         Z   6  -0.033375  0.000001

         X   7   0.000005  0.338774
   3 H   Y   8   0.067257  0.000007
         Z   9   0.006355 -0.000012

         X  10  -0.000009  0.338774
   4 H   Y  11   0.067259  0.000014
         Z  12  -0.073107 -0.000003
 ----------------------------------

 -------------------------------------------
 ----  CARTESIAN CHARGE TENSORS (a.u.)  ----
 -------------------------------------------


@       ATOMIC POLAR TENSOR FOR ATOM  C   1

              dX          dY          dZ

  d PX  -0.00892900  0.00000000  0.00000000
  d PY   0.00000000 -0.00892900  0.00000000
  d PZ   0.00000000  0.00000000 -0.00892900


@       ATOMIC POLAR TENSOR FOR ATOM  S   2

              dX          dY          dZ

  d PX  -0.08909800  0.00000000  0.00000000
  d PY   0.00000000 -0.08909800  0.00000000
  d PZ   0.00000000  0.00000000 -0.08909800


@       ATOMIC POLAR TENSOR FOR ATOM  H   3

              dX          dY          dZ

  d PX   0.04901400  0.00000000  0.00000000
  d PY   0.00000000  0.04901400  0.00000000
  d PZ   0.00000000  0.00000000  0.04901400


@       ATOMIC POLAR TENSOR FOR ATOM  H   4

              dX          dY          dZ

  d PX   0.04901400  0.00000000  0.00000000
  d PY   0.00000000  0.04901400  0.00000000
  d PZ   0.00000000  0.00000000  0.04901400



 @ 
 @ GAPT Atomic Charges from => ATOMIC CHARGE TENSORS <=                       
 @ 
 @ J. Cioslowski, J. Am. Chem. Soc., 111(22), 8333-8336, 1989
 @ 

 -------------------------
 Atom  #     Charge / a.u.
 -------------------------
 C     1         -0.008929
 S     2         -0.089098
 H     3          0.049014
 H     4          0.049014
 -------------------------
 Total Charge :   0.000001
 -------------------------


 ----------------------------------------------------
 ----  CARTESIAN CHARGE TRANSFER TENSORS (a.u.)  ----
 ----------------------------------------------------


@       ATOMIC POLAR TENSOR FOR ATOM  C   1

              dX          dY          dZ

  d PX   0.00000000  0.00000000  0.00000000
  d PY   0.00000000  0.06345286  0.00000000
  d PZ   0.00000000  0.00000000  0.42408496


@       ATOMIC POLAR TENSOR FOR ATOM  S   2

              dX          dY          dZ

  d PX   0.00000000  0.00000000  0.00000000
  d PY   0.00000000 -0.06336064  0.00000000
  d PZ   0.00000000  0.00000000 -0.34740087


@       ATOMIC POLAR TENSOR FOR ATOM  H   3

              dX          dY          dZ

  d PX   0.00000000  0.00000000  0.00000000
  d PY   0.00000000  0.00004611  0.05552126
  d PZ   0.00000000  0.08170382 -0.03827297


@       ATOMIC POLAR TENSOR FOR ATOM  H   4

              dX          dY          dZ

  d PX   0.00000000  0.00000000  0.00000000
  d PY   0.00000000  0.00004611 -0.05552126
  d PZ   0.00000000 -0.08170382 -0.03827297



 @ 
 @ GAPT Atomic Charges from => ATOMIC CHARGE TRANSFER TENSORS <=              
 @ 
 @ J. Cioslowski, J. Am. Chem. Soc., 111(22), 8333-8336, 1989
 @ 

 -------------------------
 Atom  #     Charge / a.u.
 -------------------------
 C     1          0.162513
 S     2         -0.136921
 H     3         -0.012742
 H     4         -0.012742
 -------------------------
 Total Charge :   0.000108
 -------------------------


 --------------------------------------------------------
 ----  CARTESIAN DIPOLE POLARIZATION TENSORS (a.u.)  ----
 --------------------------------------------------------


@       ATOMIC POLAR TENSOR FOR ATOM  C   1

              dX          dY          dZ

  d PX  -0.16192823  0.00000000  0.00000000
  d PY   0.00000000  0.11028053  0.00000000
  d PZ   0.00000000  0.00000000  0.04471547


@       ATOMIC POLAR TENSOR FOR ATOM  S   2

              dX          dY          dZ

  d PX  -0.03275607  0.00000000  0.00000000
  d PY   0.00000000 -0.01190649  0.00000000
  d PZ   0.00000000  0.00000000  0.08128162


@       ATOMIC POLAR TENSOR FOR ATOM  H   3

              dX          dY          dZ

  d PX   0.09736861  0.00000000  0.00000000
  d PY   0.00000000 -0.04921348 -0.10935447
  d PZ   0.00000000 -0.15856795 -0.06297209


@       ATOMIC POLAR TENSOR FOR ATOM  H   4

              dX          dY          dZ

  d PX   0.09736861  0.00000000  0.00000000
  d PY   0.00000000 -0.04921348  0.10935447
  d PZ   0.00000000  0.15856795 -0.06299855



 @ 
 @ GAPT Atomic Charges from => ATOMIC DIPOLE POLARIZATION TENSORS <=          
 @ 
 @ J. Cioslowski, J. Am. Chem. Soc., 111(22), 8333-8336, 1989
 @ 

 -------------------------
 Atom  #     Charge / a.u.
 -------------------------
 C     1         -0.002311
 S     2          0.012206
 H     3         -0.004939
 H     4         -0.004948
 -------------------------
 Total Charge :   0.000009
 -------------------------


 ---------------------------------------------------
 ----  CARTESIAN MOLECULAR POLAR TENSOR (a.u.)  ----
 ---------------------------------------------------


@       ATOMIC POLAR TENSOR FOR ATOM  C   1

              dX          dY          dZ

  d PX  -0.17085723  0.00000000  0.00000000
  d PY   0.00000000  0.16480439  0.00000000
  d PZ   0.00000000  0.00000000  0.45987144


@       ATOMIC POLAR TENSOR FOR ATOM  S   2

              dX          dY          dZ

  d PX  -0.12185407  0.00000000  0.00000000
  d PY   0.00000000 -0.16436512  0.00000000
  d PZ   0.00000000  0.00000000 -0.35521725


@       ATOMIC POLAR TENSOR FOR ATOM  H   3

              dX          dY          dZ

  d PX   0.14638261  0.00000000  0.00000000
  d PY   0.00000000 -0.00015337 -0.05383321
  d PZ   0.00000000 -0.07686413 -0.05223106


@       ATOMIC POLAR TENSOR FOR ATOM  H   4

              dX          dY          dZ

  d PX   0.14638261  0.00000000  0.00000000
  d PY   0.00000000 -0.00015337  0.05383321
  d PZ   0.00000000  0.07686413 -0.05225752



 @ 
 @ GAPT Atomic Charges from => TOTAL (C+CF+DF) ATOMIC POLAR TENSOR <=         
 @ 
 @ J. Cioslowski, J. Am. Chem. Soc., 111(22), 8333-8336, 1989
 @ 

 -------------------------
 Atom  #     Charge / a.u.
 -------------------------
 C     1          0.151273
 S     2         -0.213812
 H     3          0.031333
 H     4          0.031324
 -------------------------
 Total Charge :   0.000117
 -------------------------




 ************************************
 *   OUTPUT FROM PROGRAM INFRAINT   *
 ************************************

 -----------------------------------------------------------------------------------
 ATOMIC CONTRIBUTIONS TO THE IR INTENSITIES

 Ax = K.( \sum_b{ (dPx^a/dxb).(dxb/dQj) +
                  (dPx^a/dyb).(dyb/dQj) +
                  (dPx^a/dzb).(dzb/dQj) } ).(dPx/dQj)

 Ay = K.( \sum_b{ (dPy^a/dxb).(dxb/dQj) +
                  (dPy^a/dyb).(dyb/dQj) +
                  (dPy^a/dzb).(dzb/dQj) } ).(dPy/dQj)

 Az = K.( \sum_b{ (dPz^a/dxb).(dxb/dQj) +
                  (dPz^a/dyb).(dyb/dQj) +
                  (dPz^a/dzb).(dzb/dQj) } ).(dPz/dQj)

  K = 974.864 km.amu / (mol.e^2)

 Px^a = x-component of the atomic dipole moment of atom a
 Py^a = y-component of the atomic dipole moment of atom a
 Pz^a = z-component of the atomic dipole moment of atom a

 xb = x-coordinate of atom b
 yb = y-coordinate of atom b
 zb = z-coordinate of atom b
 -----------------------------------------------------------------------------------

 -------------------------------------------------------------------------------------------------------------
 MODE # 1 ( 3193.24 cm-1)
 -------------------------------------------------------------------------------------------------------------

  ATOM         Ax          Ay          Az      (Ax + Ay + Az)
 C    1       -0.00        5.66        0.00         5.66
 S    2        0.00       -0.71        0.00        -0.71
 H    3        0.00       -1.08       -0.00        -1.08
 H    4       -0.00       -1.08        0.00        -1.08

 ----------------------------------------------
  ATOM        C         CT        DP      TOTAL
 C    1     -0.04      0.00      5.70      5.66
 S    2      0.00     -0.00     -0.71     -0.71
 H    3     -1.45     -0.85      1.22     -1.08
 H    4     -1.45     -0.85      1.22     -1.08
 -------------------------------------------------------------------------------------------------------------
 Total intensity =    2.79 km/mol
 -------------------------------------------------------------------------------------------------------------

 -------------------------------------------------------------------------------------------------------------
 MODE # 2 ( 3105.96 cm-1)
 -------------------------------------------------------------------------------------------------------------

  ATOM         Ax          Ay          Az      (Ax + Ay + Az)
 C    1       -0.00        0.00       11.70        11.70
 S    2        0.00       -0.00        9.49         9.49
 H    3        0.00       -0.00        1.27         1.27
 H    4        0.00        0.00        1.27         1.27

 ----------------------------------------------
  ATOM        C         CT        DP      TOTAL
 C    1     -0.08      0.00     11.78     11.70
 S    2      0.02     -4.30     13.77      9.49
 H    3     -2.55     -1.29      5.11      1.27
 H    4     -2.55     -1.29      5.11      1.27
 -------------------------------------------------------------------------------------------------------------
 Total intensity =   23.73 km/mol
 -------------------------------------------------------------------------------------------------------------

 -------------------------------------------------------------------------------------------------------------
 MODE # 3 ( 1509.40 cm-1)
 -------------------------------------------------------------------------------------------------------------

  ATOM         Ax          Ay          Az      (Ax + Ay + Az)
 C    1       -0.00        0.00        2.12         2.12
 S    2        0.00       -0.00        8.50         8.50
 H    3        0.00       -0.00       -3.91        -3.91
 H    4        0.00        0.00       -3.91        -3.91

 ----------------------------------------------
  ATOM        C         CT        DP      TOTAL
 C    1     -0.05      0.00      2.17      2.12
 S    2      0.04      6.09      2.37      8.50
 H    3     -1.35      0.93     -3.49     -3.91
 H    4     -1.35      0.93     -3.49     -3.91
 -------------------------------------------------------------------------------------------------------------
 Total intensity =    2.79 km/mol
 -------------------------------------------------------------------------------------------------------------

 -------------------------------------------------------------------------------------------------------------
 MODE # 4 ( 1086.30 cm-1)
 -------------------------------------------------------------------------------------------------------------

  ATOM         Ax          Ay          Az      (Ax + Ay + Az)
 C    1       -0.00       -0.00       -1.16        -1.16
 S    2        0.00        0.00        5.20         5.20
 H    3        0.00       -0.00        3.59         3.59
 H    4        0.00        0.00        3.59         3.59

 ----------------------------------------------
  ATOM        C         CT        DP      TOTAL
 C    1     -0.20      0.00     -0.96     -1.16
 S    2      0.91      9.50     -5.21      5.20
 H    3      1.42      0.38      1.79      3.59
 H    4      1.42      0.38      1.79      3.59
 -------------------------------------------------------------------------------------------------------------
 Total intensity =   11.22 km/mol
 -------------------------------------------------------------------------------------------------------------

 -------------------------------------------------------------------------------------------------------------
 MODE # 5 ( 1018.85 cm-1)
 -------------------------------------------------------------------------------------------------------------

  ATOM         Ax          Ay          Az      (Ax + Ay + Az)
 C    1      -16.19       -0.00       -0.00       -16.19
 S    2       13.65        0.00        0.00        13.65
 H    3       21.15       -0.00        0.00        21.15
 H    4       21.15        0.00        0.00        21.15

 ----------------------------------------------
  ATOM        C         CT        DP      TOTAL
 C    1      0.25      0.00    -16.44    -16.19
 S    2     -0.24      0.00     13.89     13.65
 H    3      5.92      0.00     15.22     21.15
 H    4      5.92      0.00     15.22     21.15
 -------------------------------------------------------------------------------------------------------------
 Total intensity =   39.75 km/mol
 -------------------------------------------------------------------------------------------------------------

 -------------------------------------------------------------------------------------------------------------
 MODE # 6 ( 1007.62 cm-1)
 -------------------------------------------------------------------------------------------------------------

  ATOM         Ax          Ay          Az      (Ax + Ay + Az)
 C    1       -0.00       -2.21        0.00        -2.21
 S    2        0.00        3.35       -0.00         3.35
 H    3        0.00        0.22        0.00         0.22
 H    4        0.00        0.22       -0.00         0.22

 ----------------------------------------------
  ATOM        C         CT        DP      TOTAL
 C    1      0.04      0.00     -2.25     -2.21
 S    2     -0.09     -0.00      3.45      3.35
 H    3      0.48     -1.46      1.19      0.22
 H    4      0.48     -1.46      1.19      0.22
 -------------------------------------------------------------------------------------------------------------
 Total intensity =    1.58 km/mol
 -------------------------------------------------------------------------------------------------------------

 -----------------------------------------------------------------------------------
 DYNAMIC CONTRIBUTIONS TO THE IR INTENSITIES

 Ax = K.( (dPx/dxa).(dxa/dQj) +
          (dPx/dya).(dya/dQj) +
          (dPx/dza).(dza/dQj) ).(dPx/dQj)

 Ay = K.( (dPy/dxa).(dxa/dQj) +
          (dPy/dya).(dya/dQj) +
          (dPy/dza).(dza/dQj) ).(dPy/dQj)

 Az = K.( (dPz/dxa).(dxa/dQj) +
          (dPz/dya).(dya/dQj) +
          (dPz/dza).(dza/dQj) ).(dPz/dQj)

  K = 974.864 km.amu / (mol.e^2)

 Px = x-component of the molecular dipole moment
 Py = y-component of the molecular dipole moment
 Pz = z-component of the molecular dipole moment

 xa = x-coordinate of atom a
 ya = y-coordinate of atom a
 za = z-coordinate of atom a
 -----------------------------------------------------------------------------------

 -------------------------------------------------------------------------------------------------------------
 MODE # 1 ( 3193.24 cm-1)
 -------------------------------------------------------------------------------------------------------------

  ATOM         Ax          Ay          Az      (Ax + Ay + Az)
 C    1        0.00        0.82        0.00         0.82
 S    2        0.00        0.00       -0.00         0.00
 H    3        0.00        0.98       -0.00         0.98
 H    4       -0.00        0.98        0.00         0.98

 ----------------------------------------------
  ATOM        C         CT        DP      TOTAL
 C    1     -0.04      0.32      0.55      0.82
 S    2      0.00      0.00      0.00      0.00
 H    3     -1.45     -1.01      3.44      0.98
 H    4     -1.45     -1.01      3.44      0.98
 -------------------------------------------------------------------------------------------------------------
 Total intensity =    2.79 km/mol
 -------------------------------------------------------------------------------------------------------------

 -------------------------------------------------------------------------------------------------------------
 MODE # 2 ( 3105.96 cm-1)
 -------------------------------------------------------------------------------------------------------------

  ATOM         Ax          Ay          Az      (Ax + Ay + Az)
 C    1        0.00        0.00        4.25         4.25
 S    2        0.00        0.00        0.07         0.07
 H    3        0.00        0.00        9.70         9.70
 H    4        0.00       -0.00        9.70         9.70

 ----------------------------------------------
  ATOM        C         CT        DP      TOTAL
 C    1     -0.08      3.92      0.41      4.25
 S    2      0.02      0.07     -0.02      0.07
 H    3     -2.55     -5.44     17.69      9.70
 H    4     -2.55     -5.44     17.69      9.70
 -------------------------------------------------------------------------------------------------------------
 Total intensity =   23.73 km/mol
 -------------------------------------------------------------------------------------------------------------

 -------------------------------------------------------------------------------------------------------------
 MODE # 3 ( 1509.40 cm-1)
 -------------------------------------------------------------------------------------------------------------

  ATOM         Ax          Ay          Az      (Ax + Ay + Az)
 C    1        0.00        0.00        2.72         2.72
 S    2        0.00        0.00        0.17         0.17
 H    3        0.00       -0.00       -0.05        -0.05
 H    4        0.00        0.00       -0.05        -0.05

 ----------------------------------------------
  ATOM        C         CT        DP      TOTAL
 C    1     -0.05      2.50      0.26      2.72
 S    2      0.04      0.17     -0.04      0.17
 H    3     -1.35      2.64     -1.34     -0.05
 H    4     -1.35      2.64     -1.34     -0.05
 -------------------------------------------------------------------------------------------------------------
 Total intensity =    2.79 km/mol
 -------------------------------------------------------------------------------------------------------------

 -------------------------------------------------------------------------------------------------------------
 MODE # 4 ( 1086.30 cm-1)
 -------------------------------------------------------------------------------------------------------------

  ATOM         Ax          Ay          Az      (Ax + Ay + Az)
 C    1        0.00       -0.00       10.21        10.21
 S    2       -0.00       -0.00        3.61         3.61
 H    3        0.00        0.00       -1.30        -1.30
 H    4        0.00       -0.00       -1.30        -1.30

 ----------------------------------------------
  ATOM        C         CT        DP      TOTAL
 C    1     -0.20      9.41      0.99     10.21
 S    2      0.91      3.53     -0.83      3.61
 H    3      1.42     -1.34     -1.38     -1.30
 H    4      1.42     -1.34     -1.38     -1.30
 -------------------------------------------------------------------------------------------------------------
 Total intensity =   11.22 km/mol
 -------------------------------------------------------------------------------------------------------------

 -------------------------------------------------------------------------------------------------------------
 MODE # 5 ( 1018.85 cm-1)
 -------------------------------------------------------------------------------------------------------------

  ATOM         Ax          Ay          Az      (Ax + Ay + Az)
 C    1        4.70       -0.00        0.00         4.70
 S    2       -0.33       -0.00        0.00        -0.33
 H    3       17.69       -0.00       -0.00        17.69
 H    4       17.69        0.00       -0.00        17.69

 ----------------------------------------------
  ATOM        C         CT        DP      TOTAL
 C    1      0.25      0.00      4.46      4.70
 S    2     -0.24      0.00     -0.09     -0.33
 H    3      5.92     -0.00     11.77     17.69
 H    4      5.92     -0.00     11.77     17.69
 -------------------------------------------------------------------------------------------------------------
 Total intensity =   39.75 km/mol
 -------------------------------------------------------------------------------------------------------------

 -------------------------------------------------------------------------------------------------------------
 MODE # 6 ( 1007.62 cm-1)
 -------------------------------------------------------------------------------------------------------------

  ATOM         Ax          Ay          Az      (Ax + Ay + Az)
 C    1        0.00       -0.73       -0.00        -0.73
 S    2       -0.00       -0.17       -0.00        -0.17
 H    3        0.00        1.24       -0.00         1.24
 H    4        0.00        1.24        0.00         1.24

 ----------------------------------------------
  ATOM        C         CT        DP      TOTAL
 C    1      0.04     -0.28     -0.49     -0.73
 S    2     -0.09     -0.07     -0.01     -0.17
 H    3      0.48     -1.28      2.04      1.24
 H    4      0.48     -1.28      2.04      1.24
 -------------------------------------------------------------------------------------------------------------
 Total intensity =    1.58 km/mol
 -------------------------------------------------------------------------------------------------------------



********************************************************************************
 THEORY LEVEL OF THE DIPOLE MOMENT: QCISD                          
********************************************************************************



          Dipole Moment / a.u. (Atomic Contrib.)
          --------------------------------------
          Charge        Dipole        Total
          --------------------------------------
     X    0.00000000    0.00000000    0.00000000
     Y    0.00000000    0.00000000    0.00000000
     Z   -0.37830775   -0.31114200   -0.68944975

  Norm    0.37830775    0.31114200    0.68944975
          --------------------------------------



          Dipole Moment / Debye (Atomic Contrib.)
          --------------------------------------
          Charge        Dipole        Total
          --------------------------------------
     X    0.00000000    0.00000000    0.00000000
     Y    0.00000000    0.00000000    0.00000000
     Z   -0.96157128   -0.79085140   -1.75242268

  Norm    0.96157128    0.79085140    1.75242268
          --------------------------------------




 ------------------------------------------------------- 
 MOLECULAR CHARGE TENSOR IN THE NORMAL COORDINATES BASIS 
 units = e / sqrt(amu)                                      
 ------------------------------------------------------- 

         d Q  1      d Q  2      d Q  3      d Q  4      d Q  5
  d PX  -0.00000000 -0.00000157  0.00000109  0.00001299  0.06019872
  d PY   0.05631439 -0.00000163  0.00000004 -0.00000045 -0.00000000
  d PZ  -0.00000096 -0.03394377  0.05208804  0.03401519 -0.00000864
  Norm   0.05631439  0.03394377  0.05208804  0.03401519  0.06019872


         d Q  6
  d PX   0.00000001
  d PY   0.02306910
  d PZ   0.00000109
  Norm   0.02306910



 ----------------------------------------------------------- 
 MOLECULAR CHARGE TRANSFER TENSOR IN THE NORMAL COORD. BASIS 
 units = e / sqrt(amu)                                      
 ----------------------------------------------------------- 

         d Q  1      d Q  2      d Q  3      d Q  4      d Q  5
  d PX   0.00000000  0.00000000  0.00000000  0.00000000  0.00000000
  d PY   0.03274458 -0.00000105  0.00000011  0.00000209  0.00000001
  d PZ  -0.00000134 -0.04524823 -0.15247715  0.09808003 -0.00001906
  Norm   0.03274458  0.04524823  0.15247715  0.09808003  0.00001906


         d Q  6
  d PX   0.00000000
  d PY  -0.07420399
  d PZ   0.00000258
  Norm   0.07420399



 ----------------------------------------------------------- 
 MOLECULAR DIPOLE POLARIZ. TENSOR IN THE NORMAL COORD. BASIS 
 units = e / sqrt(amu)                                      
 ----------------------------------------------------------- 

         d Q  1      d Q  2      d Q  3      d Q  4      d Q  5
  d PX  -0.00000000 -0.00000321  0.00000235  0.00002997  0.14172314
  d PY  -0.14253439  0.00000401 -0.00000005 -0.00000253 -0.00000001
  d PZ   0.00001575  0.23521763  0.04689501 -0.02483199  0.00000937
  Norm   0.14253439  0.23521763  0.04689501  0.02483201  0.14172314


         d Q  6
  d PX   0.00000001
  d PY   0.09137823
  d PZ  -0.00001665
  Norm   0.09137823



 ------------------------------------------------------ 
 MOLECULAR POLAR TENSOR IN THE NORMAL COORDINATES BASIS 
 units = e / sqrt(amu)                                      
 ------------------------------------------------------ 

         d Q  1      d Q  2      d Q  3      d Q  4      d Q  5
  d PX  -0.00000000 -0.00000478  0.00000344  0.00004296  0.20192186
  d PY  -0.05347543  0.00000133  0.00000010 -0.00000089 -0.00000000
  d PZ   0.00001345  0.15602563 -0.05349409  0.10726323 -0.00001834
  Norm   0.05347543  0.15602563  0.05349409  0.10726323  0.20192186


         d Q  6
  d PX   0.00000002
  d PY   0.04024334
  d PZ  -0.00001298
  Norm   0.04024334



   Vibrational Frequencies and IR Intensities
   ------------------------------------------

  ============================================================
  mode    frequency          IR intensity      Boltzmann(298K)
  ============================================================
       cm-1    hartrees     km/mol  (D/A)**2/amu
  ------------------------------------------------------------
   1  3193.24   0.014549       2.788    0.0660    0.999999797
   2  3105.96   0.014152      23.732    0.5616    0.999999691
   3  1509.40   0.006877       2.790    0.0660    0.999313442
   4  1086.30   0.004950      11.216    0.2654    0.994711014
   5  1018.85   0.004642      39.748    0.9407    0.992676096
   6  1007.62   0.004591       1.579    0.0374    0.992268199
  -----------------------------------------------------------


 ===============================================================================
 IRREP    #   g_k  VIB FREQ      IR Intensities       Boltzmann  Dipole Operator
 ===============================================================================
                     cm-1       km/mol  (D/A)**2/amu     298K     mu_x mu_y mu_z
  ------------------------------------------------------------------------------
  A1      1    1    3105.96     23.732     0.5616     0.9999997    ia   ia    a
  A1      2    1    1509.40      2.790     0.0660     0.9993134    ia   ia    a
  A1      3    1    1086.30     11.216     0.2654     0.9947110    ia   ia    a
  B1      4    1    1018.85     39.748     0.9407     0.9926761     a   ia   ia
  B2      5    1    3193.24      2.788     0.0660     0.9999998    ia    a   ia
  B2      6    1    1007.62      1.579     0.0374     0.9922682    ia    a   ia
  ------------------------------------------------------------------------------




      Host name     : trapista                                
      Date and time : Thu Sep 15 09:44:29 2022



      **************************************
      ****  END OF PLACZEK CALCULATION  ****
      **************************************


