

 **************************************
 *                                    *
 *    OUTPUT FROM PROGRAM PLACZEK     *
 *                                    *
 **************************************
                                                             
 *  A Program Designed to Compute Infrared and Raman Spectra 
 *                                                           
 *  Written by Luciano N. Vidal                              
 *  Universidade Tecnologica Federal do Parana, Brazil       
 *                                                           
 *  If results obtained with this code are published,        
 *  an appropriate citation would be:                        
 *                                                           
 ** For Raman Properties:                                    
 *                                                           
 *  Vidal, L.N., P.A.M. Vazquez; Quim. Nova, 26(4), (2003), 507-511
 *  Vidal, L.N., P.A.M. Vazquez; Int. J. Quant. Chem., 103(5), (2005), 632-648
 *                                                           
 ** For Infrared Properties:                                 
 *                                                           
 *  Faria, S.H.D.M., da Silva Jr., J.V., Haiduke, R.L.A., Vidal, L.N.,
 *  Vazquez, P.A.M., Bruns, R.E.; J. Phys. Chem. A, 111, (2007), 7870-7875
 *                                                           
 *  NOTE:                                                    
 *                                                           
 *  This is an experimental code. The author accept no responsibility for the
 *  performance of the code or for the correctness of the results. Report
 *  bugs to lnvidal@utfpr.edu.br                          
 *                                                           
 *****************************
 * Release date: August.2020 *
 *****************************

       RUNCTRL OPTIONS
       ===============

       REMOTE   = F
       RESTART  = F
       FRIEND   = AIMAll              

       USE SYMMETRY  = F


       VIBANA OPTIONS
       ==============

       HF    = F
       MP2   = F
       CCS   = F
       CC2   = F
       CCSD  = F
       QCISD = F
       DHF   = F
       DFT   = F

       DALHESS    = F
       GAMHESS    = F
       GAUSHES    = T
       C4HESS     = F
       GRADHESS   = F

       RUN        = F


       INFRARED OPTIONS
       ================


       HF    = F
       MP2   = T
       CCS   = F
       CC2   = F
       CCSD  = F
       QCISD = F
       DHF   = F
       DFT   = F


       RUN  = T

       ANGSTROM = T


       OVERTONES = F

       EXPENSIVE DERIVATIVES = F


 *************************************
 **** OUTPUT FROM PROGRAM ROTOANA ****
 *************************************

 ------------------------------------------------------
 - ROTATIONAL ANALYSIS WAS DONE USING FRIEND.INP FILE -
 ------------------------------------------------------
                             x            y            z
 * Center of Mass (in A):    0.000000     0.000000     0.542823

 Inertia Tensor (in u*A^2)
 ------------------------- 
                   x              y              z
  x        30.382445       0.000000       0.000000
  y         0.000000      28.667932       0.000000
  z         0.000000       0.000000       1.714513

 Principal Moments and Principal Axes of Inertia
 -----------------------------------------------
                                 x       y       z
 IA  =      1.714513  u*A^2    ( 0.0000  0.0000  1.0000 )
 IB  =     28.667932  u*A^2    ( 0.0000  1.0000  0.0000 )
 IC  =     30.382445  u*A^2    ( 1.0000  0.0000  0.0000 )

 Principal Cartesian Coordinates 
 ------------------------------- 
       x                    y                    z
C      0.000000000000000    0.000000000000000   -2.075135358367040
S      0.000000000000000    0.000000000000000    0.978029017525733
H      0.000000000000000   -1.742856619780949   -3.159273131738412
H      0.000000000000000    1.742856619780949   -3.159273131738412

 * Molecule Recognized as Non-Linear

 Rotational Constants
 --------------------
 A =       294765.47 MHz     (        9.832318 cm-1)
 B =        17628.73 MHz     (        0.588031 cm-1)
 C =        16633.92 MHz     (        0.554848 cm-1)
 * The molecule is an Asymmetric Top
 * The molecule is Planar

 Atom  Z   Isotopic Mass   Abundance        x             y             z
 C     6.      12.000000    98.900 %        0.000000      0.000000     -0.555291
 S    16.      31.972071    95.020 %        0.000000      0.000000      1.060374
 H     1.       1.007825    99.985 %        0.000000     -0.922280     -1.128992
 H     1.       1.007825    99.985 %        0.000000      0.922280     -1.128992

 Total mass:          45.987721 amu
 Natural abundance:   93.947 %


 **************************************
 **** OUTPUT FROM PROGRAM SYMMETRY ****
 **************************************

 * Threshold to consider two distances equal (angstrom) : 5.00D-03

 * Threshold to consider two inertia moments equal : 1.00D-01


 * The following coordinates were used to locate the point group : 
   (center of mass in the origin)

   #  Atom  Z   Isotopic Mass        x             y             z
   1    C   6.      12.000000        0.000000      0.000000     -1.098114
   2    S  16.      31.972071        0.000000      0.000000      0.517551
   3    H   1.       1.007825        0.000000     -0.922280     -1.671815
   4    H   1.       1.007825        0.000000      0.922280     -1.671815

 Interatomic distances (in A) 
 ---------------------------- 
            1 C      2 S      3 H      4 H 
   1 C    0.0000   1.6157   1.0862   1.0862
   2 S    1.6157   0.0000   2.3757   2.3757
   3 H    1.0862   2.3757   0.0000   1.8446
   4 H    1.0862   2.3757   1.8446   0.0000


 Symmetrically Equivalent Atoms (SEA): 
 -------------------------------------   
 Set | # Atoms | SEA 
   1 |     1   |    1

   2 |     1   |    2

   3 |     2   |    3   4


 * The number of C_n^k axes found is :  1
   ---------------------------------
 Cn-Axis   n   k   theta         Direction (x y z)
    1      2   1     180    0.00000   0.00000  -1.00000

 * The number of reflexion planes found is :  2
   ---------------------------------------
 Plane    Normal vector (x y z)
   1      0.00000  -1.00000   0.00000
   2      1.00000   0.00000   0.00000

 --------------------
 * Point group found: C2v 
 --------------------

 * Order of the group:    4

 * The number of atoms is:    4

 ************************************
 **** OUTPUT FROM PROGRAM VIBANA ****
 ************************************


 @ MOLECULAR HESSIAN READ FROM GAUSSIAN.log FILE                                


                         ==========================
                         =  ENERGY HESSIAN (a.u.) =
                         ==========================


                                1 C                           2 S 
                        X         Y         Z         X         Y         Z
                        1         2         3         4         5         6
         X   1   0.110457  0.000000  0.000001 -0.028915  0.000000  0.000002
   1 C   Y   2   0.000000  0.575975 -0.000002  0.000000 -0.046160 -0.000003
         Z   3   0.000001 -0.000002  0.643567  0.000002  0.000000 -0.398628

         X   4  -0.028915  0.000000  0.000002  0.007574  0.000000  0.000003
   2 S   Y   5   0.000000 -0.046160  0.000000  0.000000  0.028110  0.000000
         Z   6   0.000002 -0.000003 -0.398628  0.000003  0.000000  0.439220

         X   7  -0.040768  0.000000 -0.000003  0.010683  0.000000 -0.000002
   3 H   Y   8  -0.000002 -0.264898 -0.119715 -0.000003  0.009022  0.003333
         Z   9  -0.000002 -0.124321 -0.122470 -0.000003 -0.019019 -0.020300

         X  10  -0.040768  0.000000 -0.000002  0.010683  0.000000 -0.000002
   4 H   Y  11   0.000002 -0.264905  0.119714  0.000003  0.009021 -0.003333
         Z  12  -0.000002  0.124327 -0.122470 -0.000003  0.019019 -0.020300


                                3 H                           4 H 
                        X         Y         Z         X         Y         Z
                        7         8         9        10        11        12
         X   1  -0.040768 -0.000002 -0.000002 -0.040768  0.000002 -0.000002
   1 C   Y   2   0.000000 -0.264898 -0.124321  0.000000 -0.264905  0.124327
         Z   3  -0.000003 -0.119715 -0.122470 -0.000002  0.119714 -0.122470

         X   4   0.010683 -0.000003 -0.000003  0.010683  0.000003 -0.000003
   2 S   Y   5   0.000000  0.009022 -0.019019  0.000000  0.009021  0.019019
         Z   6  -0.000002  0.003333 -0.020300 -0.000002 -0.003333 -0.020300

         X   7   0.015057  0.000003  0.000002  0.015013 -0.000003  0.000002
   3 H   Y   8   0.000003  0.272520  0.129862  0.000003 -0.016644 -0.013479
         Z   9   0.000002  0.129862  0.132632  0.000002  0.013480  0.010142

         X  10   0.015013  0.000003  0.000002  0.015057 -0.000003  0.000002
   4 H   Y  11  -0.000003 -0.016644  0.013480 -0.000003  0.272520 -0.129862
         Z  12   0.000002 -0.013479  0.010142  0.000002 -0.129862  0.132632



 @  VIBRATIONAL FREQUENCIES  ( in cm-1 )               
    NORMAL COORDINATES       ( in bohr*sqrt(amu) ) and 
    REDUCED MASSES           ( in amu )                


 ----------------------------------------------------------------
 MODE #                 1         2         3         4         5
 VIB FREQ         3193.24   3105.96   1509.40   1086.30   1018.85 

 REDMASS           1.1197    1.0506    1.1768    4.7499    1.2930

 ----------------------------------------------------------------
         X   1   0.000000  0.000001 -0.000001 -0.000027 -0.139768
   1 C   Y   2  -0.095343  0.000001  0.000001  0.000004  0.000000
         Z   3   0.000001  0.060830 -0.113264  0.212273 -0.000041

         X   4   0.000000  0.000000 -0.000000  0.000002  0.013743
   2 S   Y   5   0.000109 -0.000000 -0.000000 -0.000001 -0.000000
         Z   6   0.000000 -0.001278  0.009140 -0.097195  0.000020

         X   7  -0.000000 -0.000016  0.000012  0.000131  0.613857
   3 H   Y   8   0.565870 -0.597659 -0.371762 -0.027106 -0.000001
         Z   9   0.348948 -0.341897  0.529350  0.278004 -0.000074

         X  10   0.000000 -0.000015  0.000010  0.000132  0.613857
   4 H   Y  11   0.565903  0.597625  0.371763  0.027096  0.000001
         Z  12  -0.348967 -0.341876  0.529349  0.277973 -0.000074
 ----------------------------------------------------------------

 ----------------------------------------------------------------
 MODE #                 6         7         8         9        10
 VIB FREQ         1007.62     33.81      4.87      3.28      0.25i

 REDMASS           1.2040    1.0078    3.0780   21.9861   11.5947

 ----------------------------------------------------------------
         X   1  -0.000000 -0.000000 -0.000025  0.093269 -0.000000
   1 C   Y   2  -0.113156  0.000014  0.228139  0.000041  0.030541
         Z   3   0.000005 -0.000000 -0.005759 -0.000001  0.143518

         X   4   0.000000  0.000000 -0.000030  0.166514  0.000002
   2 S   Y   5   0.026750 -0.000001 -0.056561 -0.000014  0.035312
         Z   6  -0.000003  0.000000 -0.005758 -0.000002  0.143520

         X   7   0.000000 -0.704356  0.000017  0.067296  0.000002
   3 H   Y   8   0.249338  0.000019  0.329187  0.000061  0.028851
         Z   9  -0.588523 -0.000009 -0.168216 -0.000031  0.146233

         X  10   0.000000  0.704356 -0.000062  0.067296 -0.000004
   4 H   Y  11   0.249338  0.000020  0.329189  0.000060  0.028848
         Z  12   0.588541  0.000009  0.156691  0.000031  0.140792
 ----------------------------------------------------------------

 ----------------------------------
 MODE #                11        12
 VIB FREQ            1.33i    12.99i
 REDMASS          19.5182    3.4723
 ----------------------------------
         X   1  -0.000001  0.234732
   1 C   Y   2   0.091970  0.000008
         Z   3  -0.033376 -0.000001

         X   4   0.000004 -0.057980
   2 S   Y   5   0.161603  0.000000
         Z   6  -0.033375  0.000001

         X   7   0.000005  0.338774
   3 H   Y   8   0.067257  0.000007
         Z   9   0.006355 -0.000012

         X  10  -0.000009  0.338774
   4 H   Y  11   0.067259  0.000014
         Z  12  -0.073107 -0.000003
 ----------------------------------

 -------------------------------------------
 ----  CARTESIAN CHARGE TENSORS (a.u.)  ----
 -------------------------------------------


@       ATOMIC POLAR TENSOR FOR ATOM  C   1

              dX          dY          dZ

  d PX  -0.56483328  0.00000000  0.00000000
  d PY   0.00000000 -0.56483328  0.00000000
  d PZ   0.00000000  0.00000000 -0.56483328


@       ATOMIC POLAR TENSOR FOR ATOM  S   2

              dX          dY          dZ

  d PX   0.42809692  0.00000000  0.00000000
  d PY   0.00000000  0.42809692  0.00000000
  d PZ   0.00000000  0.00000000  0.42809692


@       ATOMIC POLAR TENSOR FOR ATOM  H   3

              dX          dY          dZ

  d PX   0.06840677  0.00000000  0.00000000
  d PY   0.00000000  0.06840677  0.00000000
  d PZ   0.00000000  0.00000000  0.06840677


@       ATOMIC POLAR TENSOR FOR ATOM  H   4

              dX          dY          dZ

  d PX   0.06840105  0.00000000  0.00000000
  d PY   0.00000000  0.06840105  0.00000000
  d PZ   0.00000000  0.00000000  0.06840105



 @ 
 @ GAPT Atomic Charges from => ATOMIC CHARGE TENSORS <=                       
 @ 
 @ J. Cioslowski, J. Am. Chem. Soc., 111(22), 8333-8336, 1989
 @ 

 -------------------------
 Atom  #     Charge / a.u.
 -------------------------
 C     1         -0.564833
 S     2          0.428097
 H     3          0.068407
 H     4          0.068401
 -------------------------
 Total Charge :   0.000071
 -------------------------


 ------------------------------------------------
 ----  CARTESIAN CHARGE FLUX TENSORS (a.u.)  ----
 ------------------------------------------------


@       ATOMIC POLAR TENSOR FOR ATOM  C   1

              dX          dY          dZ

  d PX   0.00000000  0.00000000  0.00000000
  d PY   0.00005835 -0.37380093 -0.00000010
  d PZ  -0.00117785 -0.00173047  4.40573207


@       ATOMIC POLAR TENSOR FOR ATOM  S   2

              dX          dY          dZ

  d PX   0.00000000  0.00000000  0.00000000
  d PY  -0.00006129 -0.08501125 -0.00001104
  d PZ  -0.00096775 -0.00203946 -4.27276097


@       ATOMIC POLAR TENSOR FOR ATOM  H   3

              dX          dY          dZ

  d PX   0.00000000  0.00000000  0.00000000
  d PY  -0.00005296  0.22952132  0.21685870
  d PZ   0.00035357  0.30391868 -0.06769627


@       ATOMIC POLAR TENSOR FOR ATOM  H   4

              dX          dY          dZ

  d PX   0.00000000  0.00000000  0.00000000
  d PY  -0.00004577  0.22950260 -0.21686052
  d PZ   0.00111308 -0.30028097 -0.06414562



 @ 
 @ GAPT Atomic Charges from => ATOMIC CHARGE FLUX TENSORS <=                  
 @ 
 @ J. Cioslowski, J. Am. Chem. Soc., 111(22), 8333-8336, 1989
 @ 

 -------------------------
 Atom  #     Charge / a.u.
 -------------------------
 C     1          1.343977
 S     2         -1.452591
 H     3          0.053942
 H     4          0.055119
 -------------------------
 Total Charge :   0.000447
 -------------------------


 ------------------------------------------------
 ----  CARTESIAN DIPOLE FLUX TENSORS (a.u.)  ----
 ------------------------------------------------


@       ATOMIC POLAR TENSOR FOR ATOM  C   1

              dX          dY          dZ

  d PX   0.39396033  0.00108877  0.00214735
  d PY   0.00132680  1.10177648  0.00874539
  d PZ   0.00049372  0.00106644 -3.38136122


@       ATOMIC POLAR TENSOR FOR ATOM  S   2

              dX          dY          dZ

  d PX  -0.55043402  0.00082887 -0.00047567
  d PY  -0.00017549 -0.50939405 -0.00260706
  d PZ   0.00046814  0.00094778  3.48955506


@       ATOMIC POLAR TENSOR FOR ATOM  H   3

              dX          dY          dZ

  d PX   0.08046796 -0.00065103  0.00104937
  d PY   0.00163120 -0.29197987 -0.27667771
  d PZ   0.00006927 -0.37992459 -0.05434981


@       ATOMIC POLAR TENSOR FOR ATOM  H   4

              dX          dY          dZ

  d PX   0.07473098 -0.00211204 -0.00338174
  d PY  -0.00394794 -0.29848731  0.26938627
  d PZ  -0.00056174  0.37798298 -0.05520445



 @ 
 @ GAPT Atomic Charges from => ATOMIC DIPOLE FLUX TENSORS <=                  
 @ 
 @ J. Cioslowski, J. Am. Chem. Soc., 111(22), 8333-8336, 1989
 @ 

 -------------------------
 Atom  #     Charge / a.u.
 -------------------------
 C     1         -0.628541
 S     2          0.809909
 H     3         -0.088621
 H     4         -0.092987
 -------------------------
 Total Charge :  -0.000240
 -------------------------


 ---------------------------------------------------
 ----  CARTESIAN MOLECULAR POLAR TENSOR (a.u.)  ----
 ---------------------------------------------------


@       ATOMIC POLAR TENSOR FOR ATOM  C   1

              dX          dY          dZ

  d PX  -0.17087295  0.00108877  0.00214735
  d PY   0.00138514  0.16314227  0.00874529
  d PZ  -0.00068413 -0.00066404  0.45953757


@       ATOMIC POLAR TENSOR FOR ATOM  S   2

              dX          dY          dZ

  d PX  -0.12233710  0.00082887 -0.00047567
  d PY  -0.00023679 -0.16630838 -0.00261810
  d PZ  -0.00049960 -0.00109169 -0.35510900


@       ATOMIC POLAR TENSOR FOR ATOM  H   3

              dX          dY          dZ

  d PX   0.14887473 -0.00065103  0.00104937
  d PY   0.00157824  0.00594823 -0.05981901
  d PZ   0.00042284 -0.07600591 -0.05363931


@       ATOMIC POLAR TENSOR FOR ATOM  H   4

              dX          dY          dZ

  d PX   0.14313203 -0.00211204 -0.00338174
  d PY  -0.00399372 -0.00058366  0.05252576
  d PZ   0.00055135  0.07770201 -0.05094902



 @ 
 @ GAPT Atomic Charges from => TOTAL (C+CF+DF) ATOMIC POLAR TENSOR <=         
 @ 
 @ J. Cioslowski, J. Am. Chem. Soc., 111(22), 8333-8336, 1989
 @ 

 -------------------------
 Atom  #     Charge / a.u.
 -------------------------
 C     1          0.150602
 S     2         -0.214585
 H     3          0.033728
 H     4          0.030533
 -------------------------
 Total Charge :   0.000278
 -------------------------




 ************************************
 *   OUTPUT FROM PROGRAM INFRAINT   *
 ************************************

 -----------------------------------------------------------------------------------
 ATOMIC CONTRIBUTIONS TO THE IR INTENSITIES

 Ax = K.( \sum_b{ (dPx^a/dxb).(dxb/dQj) +
                  (dPx^a/dyb).(dyb/dQj) +
                  (dPx^a/dzb).(dzb/dQj) } ).(dPx/dQj)

 Ay = K.( \sum_b{ (dPy^a/dxb).(dxb/dQj) +
                  (dPy^a/dyb).(dyb/dQj) +
                  (dPy^a/dzb).(dzb/dQj) } ).(dPy/dQj)

 Az = K.( \sum_b{ (dPz^a/dxb).(dxb/dQj) +
                  (dPz^a/dyb).(dyb/dQj) +
                  (dPz^a/dzb).(dzb/dQj) } ).(dPz/dQj)

  K = 974.864 km.amu / (mol.e^2)

 Px^a = x-component of the atomic dipole moment of atom a
 Py^a = y-component of the atomic dipole moment of atom a
 Pz^a = z-component of the atomic dipole moment of atom a

 xb = x-coordinate of atom b
 yb = y-coordinate of atom b
 zb = z-coordinate of atom b
 -----------------------------------------------------------------------------------

 -------------------------------------------------------------------------------------------------------------
 MODE # 1 ( 3193.24 cm-1)
 -------------------------------------------------------------------------------------------------------------

  ATOM         Ax          Ay          Az      (Ax + Ay + Az)
 C    1        0.00       36.17        0.00        36.17
 S    2       -0.00       -3.87        0.00        -3.87
 H    3        0.00      -14.84        0.03       -14.82
 H    4       -0.00      -14.85       -0.03       -14.87

 ----------------------------------------------
  ATOM        C         CT        DP      TOTAL
 C    1     -2.72      0.00     38.88     36.17
 S    2     -0.00      0.00     -3.86     -3.87
 H    3     -1.95    -11.24     -1.63    -14.82
 H    4     -1.95    -11.29     -1.63    -14.87

 -------------------------------------------------------------------------------------------------------------
  ATOM       C.C      CT.CT     DP.DP      C.CT     CT.C       C.DP     DP.C      CT.DP     DP.CT     TOTAL
 C    1      6.89      0.00    473.29     23.45     -0.00    -33.06    -98.68     -0.00   -335.72     36.17
 S    2      0.01      0.00    -47.04      0.02     -0.00     -0.03      9.81     -0.00     33.36     -3.87
 H    3      4.96     97.54    -19.78     16.88     28.59    -23.79      4.13   -137.37     14.03    -14.82
 H    4      4.96     97.02    -19.80     16.83     28.60    -23.74      4.13   -136.91     14.05    -14.87
 -------------------------------------------------------------------------------------------------------------
 Total intensity =    2.61 km/mol
 -------------------------------------------------------------------------------------------------------------

 -------------------------------------------------------------------------------------------------------------
 MODE # 2 ( 3105.96 cm-1)
 -------------------------------------------------------------------------------------------------------------

  ATOM         Ax          Ay          Az      (Ax + Ay + Az)
 C    1       -0.00        0.00      132.33       132.33
 S    2       -0.00       -0.00       17.93        17.93
 H    3        0.00        0.32      -63.27       -62.95
 H    4        0.00       -0.32      -63.26       -63.57

 ----------------------------------------------
  ATOM        C         CT        DP      TOTAL
 C    1     -5.23     75.28     62.27    132.33
 S    2     -0.08     34.55    -16.54     17.93
 H    3     -3.52    -57.89     -1.53    -62.95
 H    4     -3.59    -58.42     -1.56    -63.57

 -------------------------------------------------------------------------------------------------------------
  ATOM       C.C      CT.CT     DP.DP      C.CT     CT.C       C.DP     DP.C      CT.DP     DP.CT     TOTAL
 C    1      2.74    -20.54    111.86      1.43    -39.41     -9.39    -32.60    135.23    -16.99    132.33
 S    2      0.04     -9.43    -29.72      0.02    -18.09     -0.15      8.66     62.07      4.51     17.93
 H    3      1.86     15.87     -2.77      0.97     30.45     -6.36      0.81   -104.21      0.42    -62.95
 H    4      1.86     15.86     -2.79      0.97     30.44     -6.42      0.81   -104.72      0.42    -63.57
 -------------------------------------------------------------------------------------------------------------
 Total intensity =   23.73 km/mol
 -------------------------------------------------------------------------------------------------------------

 -------------------------------------------------------------------------------------------------------------
 MODE # 3 ( 1509.40 cm-1)
 -------------------------------------------------------------------------------------------------------------

  ATOM         Ax          Ay          Az      (Ax + Ay + Az)
 C    1        0.00        0.05      -17.11       -17.05
 S    2        0.00        0.00       11.80        11.80
 H    3       -0.00        1.13        4.05         5.18
 H    4       -0.00       -1.13        4.05         2.92

 ----------------------------------------------
  ATOM        C         CT        DP      TOTAL
 C    1     -3.34      5.24    -18.95    -17.05
 S    2     -0.20     23.59    -11.59     11.80
 H    3     -1.71      8.11     -1.22      5.18
 H    4     -2.07      6.49     -1.50      2.92

 -------------------------------------------------------------------------------------------------------------
  ATOM       C.C      CT.CT     DP.DP      C.CT     CT.C       C.DP     DP.C      CT.DP     DP.CT     TOTAL
 C    1      8.75     81.48    226.89    -51.92    -13.73     39.83     49.83    -62.51   -295.68    -17.05
 S    2      0.54    367.00    138.30     -3.18    -61.86      2.44     30.38   -281.55   -180.27     11.80
 H    3      4.95    113.56     16.38    -29.39    -19.14     22.73      3.57    -86.31    -21.17      5.18
 H    4      4.95    113.55     16.11    -29.38    -19.14     22.36      3.57    -87.93    -21.18      2.92
 -------------------------------------------------------------------------------------------------------------
 Total intensity =    2.85 km/mol
 -------------------------------------------------------------------------------------------------------------

 -------------------------------------------------------------------------------------------------------------
 MODE # 4 ( 1086.30 cm-1)
 -------------------------------------------------------------------------------------------------------------

  ATOM         Ax          Ay          Az      (Ax + Ay + Az)
 C    1        0.00        0.00      -19.06       -19.06
 S    2        0.00        0.00       15.15        15.15
 H    3        0.00       -0.00        7.55         7.55
 H    4        0.00        0.00        7.55         7.55

 ----------------------------------------------
  ATOM        C         CT        DP      TOTAL
 C    1    -12.52     40.55    -47.09    -19.06
 S    2     -4.35     85.94    -66.44     15.15
 H    3      1.99      4.52      1.04      7.55
 H    4      1.99      4.52      1.04      7.55

 -------------------------------------------------------------------------------------------------------------
  ATOM       C.C      CT.CT     DP.DP      C.CT     CT.C       C.DP     DP.C      CT.DP     DP.CT     TOTAL
 C    1     14.43    490.99    468.80   -151.66    -46.73    124.70     54.26   -403.71   -570.14    -19.06
 S    2      5.01   1040.65    661.52    -52.63    -99.04     43.27     76.56   -855.68   -804.52     15.15
 H    3     -2.29     54.76    -10.38     24.05     -5.21    -19.78     -1.20    -45.03     12.62      7.55
 H    4     -2.29     54.75    -10.37     24.05     -5.21    -19.78     -1.20    -45.02     12.61      7.55
 -------------------------------------------------------------------------------------------------------------
 Total intensity =   11.19 km/mol
 -------------------------------------------------------------------------------------------------------------

 -------------------------------------------------------------------------------------------------------------
 MODE # 5 ( 1018.85 cm-1)
 -------------------------------------------------------------------------------------------------------------

  ATOM         Ax          Ay          Az      (Ax + Ay + Az)
 C    1       58.50        0.00        0.00        58.50
 S    2      -20.39       -0.00       -0.00       -20.39
 H    3        0.73        0.00       -0.00         0.73
 H    4        0.73        0.00       -0.00         0.73

 ----------------------------------------------
  ATOM        C         CT        DP      TOTAL
 C    1     15.50      0.00     42.99     58.50
 S    2      1.16     -0.00    -21.55    -20.39
 H    3      8.25      0.00     -7.52      0.73
 H    4      8.25      0.00     -7.51      0.73

 -------------------------------------------------------------------------------------------------------------
  ATOM       C.C      CT.CT     DP.DP      C.CT     CT.C       C.DP     DP.C      CT.DP     DP.CT     TOTAL
 C    1     12.99      0.00      6.97      0.00      0.00      2.51     36.03     -0.00     -0.00     58.50
 S    2      0.97     -0.00     -3.49      0.00     -0.00      0.19    -18.06      0.00      0.00    -20.39
 H    3      6.91     -0.00     -1.22     -0.00     -0.00      1.34     -6.30      0.00      0.00      0.73
 H    4      6.91      0.00     -1.22     -0.00      0.00      1.34     -6.30      0.00     -0.00      0.73
 -------------------------------------------------------------------------------------------------------------
 Total intensity =   39.57 km/mol
 -------------------------------------------------------------------------------------------------------------

 -------------------------------------------------------------------------------------------------------------
 MODE # 6 ( 1007.62 cm-1)
 -------------------------------------------------------------------------------------------------------------

  ATOM         Ax          Ay          Az      (Ax + Ay + Az)
 C    1        0.01        8.03        0.00         8.05
 S    2       -0.00       -2.20       -0.00        -2.20
 H    3       -0.00       -1.95       -0.22        -2.17
 H    4        0.00       -1.95        0.22        -1.73

 ----------------------------------------------
  ATOM        C         CT        DP      TOTAL
 C    1      2.78      0.01      5.27      8.05
 S    2      0.50      0.00     -2.70     -2.20
 H    3      0.66     -2.31     -0.51     -2.17
 H    4      0.82     -2.06     -0.49     -1.73

 -------------------------------------------------------------------------------------------------------------
  ATOM       C.C      CT.CT     DP.DP      C.CT     CT.C       C.DP     DP.C      CT.DP     DP.CT     TOTAL
 C    1      6.82      0.01      4.24     -6.28     -0.00      2.23     12.92     -0.00    -11.90      8.05
 S    2      1.22      0.00     -2.17     -1.13     -0.00      0.40     -6.64     -0.00      6.11     -2.20
 H    3      1.82      4.76     -0.39     -1.80     -5.38      0.64     -1.23     -1.69      1.11     -2.17
 H    4      1.82      5.14     -0.41     -1.55     -5.38      0.55     -1.23     -1.83      1.16     -1.73
 -------------------------------------------------------------------------------------------------------------
 Total intensity =    1.95 km/mol
 -------------------------------------------------------------------------------------------------------------

 -------------------------------------------------------------------------------------------------------------
 MODE # 7 (   33.81 cm-1)
 -------------------------------------------------------------------------------------------------------------

  ATOM         Ax          Ay          Az      (Ax + Ay + Az)
 C    1        0.02        0.01        0.00         0.03
 S    2       -0.00        0.00        0.00         0.00
 H    3        0.02        0.00       -0.00         0.02
 H    4       -0.02       -0.00       -0.00        -0.02

 ----------------------------------------------
  ATOM        C         CT        DP      TOTAL
 C    1      0.00      0.00      0.03      0.03
 S    2      0.00      0.00      0.00      0.00
 H    3      0.19      0.00     -0.17      0.02
 H    4     -0.19     -0.00      0.17     -0.02

 -------------------------------------------------------------------------------------------------------------
  ATOM       C.C      CT.CT     DP.DP      C.CT     CT.C       C.DP     DP.C      CT.DP     DP.CT     TOTAL
 C    1      0.00      0.00      0.03      0.00      0.00      0.00      0.00     -0.00     -0.00      0.03
 S    2      0.00      0.00      0.00      0.00      0.00      0.00      0.00     -0.00     -0.00      0.00
 H    3      0.00     -0.00     -0.17     -0.00      0.00      0.19     -0.00      0.00      0.00      0.02
 H    4     -0.00     -0.00      0.17      0.00     -0.00     -0.19      0.00     -0.00      0.00     -0.02
 -------------------------------------------------------------------------------------------------------------
 Total intensity =    0.03 km/mol
 -------------------------------------------------------------------------------------------------------------

 -------------------------------------------------------------------------------------------------------------
 MODE # 8 (    4.87 cm-1)
 -------------------------------------------------------------------------------------------------------------

  ATOM         Ax          Ay          Az      (Ax + Ay + Az)
 C    1        0.00       -3.51        0.00        -3.51
 S    2        0.00        6.03       -0.00         6.03
 H    3       -0.00        0.91       -0.00         0.91
 H    4        0.00        0.91        0.00         0.91

 ----------------------------------------------
  ATOM        C         CT        DP      TOTAL
 C    1     -8.37      0.00      4.86     -3.51
 S    2     -1.58      0.00      7.60      6.03
 H    3      1.45      0.01     -0.55      0.91
 H    4      1.47      0.01     -0.57      0.91

 -------------------------------------------------------------------------------------------------------------
  ATOM       C.C      CT.CT     DP.DP      C.CT     CT.C       C.DP     DP.C      CT.DP     DP.CT     TOTAL
 C    1     13.57      0.00     12.73     -0.02     -0.00    -21.92     -7.88     -0.00      0.01     -3.51
 S    2      2.55      0.00     19.90     -0.01     -0.00     -4.12    -12.32     -0.00      0.02      6.03
 H    3     -2.37      0.00     -1.47     -0.01     -0.01      3.84      0.91      0.01      0.01      0.91
 H    4     -2.37     -0.00     -1.47      0.02     -0.01      3.82      0.91      0.02     -0.02      0.91
 -------------------------------------------------------------------------------------------------------------
 Total intensity =    4.33 km/mol
 -------------------------------------------------------------------------------------------------------------

 -------------------------------------------------------------------------------------------------------------
 MODE # 9 (    3.28 cm-1)
 -------------------------------------------------------------------------------------------------------------

  ATOM         Ax          Ay          Az      (Ax + Ay + Az)
 C    1        1.16        0.00        0.00         1.16
 S    2       -0.67       -0.00        0.00        -0.67
 H    3       -0.11        0.00        0.00        -0.11
 H    4       -0.11        0.00        0.00        -0.11

 ----------------------------------------------
  ATOM        C         CT        DP      TOTAL
 C    1      0.86      0.00      0.31      1.16
 S    2     -1.16     -0.00      0.49     -0.67
 H    3     -0.07      0.00     -0.04     -0.11
 H    4     -0.07     -0.00     -0.04     -0.11

 -------------------------------------------------------------------------------------------------------------
  ATOM       C.C      CT.CT     DP.DP      C.CT     CT.C       C.DP     DP.C      CT.DP     DP.CT     TOTAL
 C    1     -1.43      0.00      0.82      0.00      0.00      2.28     -0.51     -0.00     -0.00      1.16
 S    2      1.93     -0.00      1.30      0.00     -0.00     -3.09     -0.82      0.00     -0.00     -0.67
 H    3      0.12      0.00     -0.10      0.00      0.00     -0.20      0.06     -0.00     -0.00     -0.11
 H    4      0.12     -0.00     -0.10     -0.00      0.00     -0.20      0.06      0.00      0.00     -0.11
 -------------------------------------------------------------------------------------------------------------
 Total intensity =    0.27 km/mol
 -------------------------------------------------------------------------------------------------------------

 -------------------------------------------------------------------------------------------------------------
 MODE #10 (    0.25 cm-1)
 -------------------------------------------------------------------------------------------------------------

  ATOM         Ax          Ay          Az      (Ax + Ay + Az)
 C    1        0.00        0.02        0.00         0.03
 S    2        0.00       -0.02       -0.00        -0.02
 H    3        0.00       -0.00       -0.00        -0.00
 H    4        0.00       -0.00       -0.00        -0.00

 ----------------------------------------------
  ATOM        C         CT        DP      TOTAL
 C    1      0.02      0.00      0.00      0.03
 S    2     -0.02     -0.00      0.00     -0.02
 H    3     -0.00      0.00     -0.00     -0.00
 H    4     -0.00     -0.00     -0.00     -0.00

 -------------------------------------------------------------------------------------------------------------
  ATOM       C.C      CT.CT     DP.DP      C.CT     CT.C       C.DP     DP.C      CT.DP     DP.CT     TOTAL
 C    1     -0.03     -0.00      0.00     -0.01     -0.00      0.06     -0.00      0.00     -0.00      0.03
 S    2      0.03      0.00      0.01      0.01      0.00     -0.06     -0.00     -0.00     -0.00     -0.02
 H    3      0.00     -0.00     -0.00      0.00     -0.00     -0.01      0.00      0.00     -0.00     -0.00
 H    4      0.00     -0.00     -0.00      0.00      0.00     -0.01      0.00     -0.00      0.00     -0.00
 -------------------------------------------------------------------------------------------------------------
 Total intensity =    0.00 km/mol
 -------------------------------------------------------------------------------------------------------------

 -------------------------------------------------------------------------------------------------------------
 MODE #11 (    1.33 cm-1)
 -------------------------------------------------------------------------------------------------------------

  ATOM         Ax          Ay          Az      (Ax + Ay + Az)
 C    1        0.00        1.09       -0.00         1.08
 S    2        0.00       -0.63        0.00        -0.63
 H    3        0.00       -0.10        0.00        -0.10
 H    4       -0.00       -0.10        0.00        -0.10

 ----------------------------------------------
  ATOM        C         CT        DP      TOTAL
 C    1      0.80      0.00      0.28      1.08
 S    2     -1.07      0.00      0.44     -0.63
 H    3     -0.07      0.00     -0.03     -0.10
 H    4     -0.07      0.00     -0.03     -0.10

 -------------------------------------------------------------------------------------------------------------
  ATOM       C.C      CT.CT     DP.DP      C.CT     CT.C       C.DP     DP.C      CT.DP     DP.CT     TOTAL
 C    1     -1.34      0.00      0.74     -0.01      0.00      2.15     -0.46     -0.00      0.00      1.08
 S    2      1.78      0.00      1.18      0.01      0.00     -2.86     -0.74     -0.00      0.00     -0.63
 H    3      0.12      0.00     -0.09     -0.00     -0.00     -0.19      0.05      0.00      0.00     -0.10
 H    4      0.12     -0.00     -0.09      0.00     -0.00     -0.19      0.05      0.00     -0.00     -0.10
 -------------------------------------------------------------------------------------------------------------
 Total intensity =    0.25 km/mol
 -------------------------------------------------------------------------------------------------------------

 -------------------------------------------------------------------------------------------------------------
 MODE #12 (   12.99 cm-1)
 -------------------------------------------------------------------------------------------------------------

  ATOM         Ax          Ay          Az      (Ax + Ay + Az)
 C    1       -3.73        0.00        0.00        -3.73
 S    2        6.13       -0.00        0.00         6.13
 H    3        0.92        0.00       -0.00         0.92
 H    4        0.92        0.00       -0.00         0.92

 ----------------------------------------------
  ATOM        C         CT        DP      TOTAL
 C    1     -8.52      0.00      4.78     -3.73
 S    2     -1.59      0.00      7.73      6.13
 H    3      1.49      0.00     -0.57      0.92
 H    4      1.49     -0.00     -0.57      0.92

 -------------------------------------------------------------------------------------------------------------
  ATOM       C.C      CT.CT     DP.DP      C.CT     CT.C       C.DP     DP.C      CT.DP     DP.CT     TOTAL
 C    1     14.35      0.00     12.85      0.00      0.00    -22.87     -8.06     -0.00     -0.00     -3.73
 S    2      2.69      0.00     20.75      0.00      0.00     -4.28    -13.02     -0.00     -0.00      6.13
 H    3     -2.51     -0.00     -1.53     -0.00      0.00      4.00      0.96      0.00      0.00      0.92
 H    4     -2.51     -0.00     -1.53     -0.00     -0.00      4.00      0.96     -0.00     -0.00      0.92
 -------------------------------------------------------------------------------------------------------------
 Total intensity =    4.23 km/mol
 -------------------------------------------------------------------------------------------------------------

 -----------------------------------------------------------------------------------
 DYNAMIC CONTRIBUTIONS TO THE IR INTENSITIES

 Ax = K.( (dPx/dxa).(dxa/dQj) +
          (dPx/dya).(dya/dQj) +
          (dPx/dza).(dza/dQj) ).(dPx/dQj)

 Ay = K.( (dPy/dxa).(dxa/dQj) +
          (dPy/dya).(dya/dQj) +
          (dPy/dza).(dza/dQj) ).(dPy/dQj)

 Az = K.( (dPz/dxa).(dxa/dQj) +
          (dPz/dya).(dya/dQj) +
          (dPz/dza).(dza/dQj) ).(dPz/dQj)

  K = 974.864 km.amu / (mol.e^2)

 Px = x-component of the molecular dipole moment
 Py = y-component of the molecular dipole moment
 Pz = z-component of the molecular dipole moment

 xa = x-coordinate of atom a
 ya = y-coordinate of atom a
 za = z-coordinate of atom a
 -----------------------------------------------------------------------------------

 -------------------------------------------------------------------------------------------------------------
 MODE # 1 ( 3193.24 cm-1)
 -------------------------------------------------------------------------------------------------------------

  ATOM         Ax          Ay          Az      (Ax + Ay + Az)
 C    1        0.00        0.78        0.00         0.78
 S    2       -0.00        0.00       -0.00         0.00
 H    3        0.00        0.88       -0.01         0.88
 H    4        0.00        0.94        0.01         0.95

 ----------------------------------------------
  ATOM        C         CT        DP      TOTAL
 C    1     -2.72     -1.80      5.30      0.78
 S    2     -0.00      0.00      0.00      0.00
 H    3     -1.95    -10.36     13.18      0.88
 H    4     -1.95    -10.38     13.28      0.95

 -------------------------------------------------------------------------------------------------------------
  ATOM       C.C      CF.CF     DF.DF      C.CF     CF.C       C.DF     DF.C      CF.DF     DF.CF     TOTAL
 C    1      6.89     15.52     64.50     23.45      4.56    -33.06    -13.45    -21.88    -45.75      0.78
 S    2      0.01     -0.00      0.03      0.02     -0.00     -0.03     -0.01      0.01     -0.02      0.00
 H    3      4.96     89.66    160.92     16.88     26.31    -23.79    -33.51   -126.33   -114.23      0.88
 H    4      4.96     89.38    161.22     16.83     26.31    -23.74    -33.66   -126.07   -114.28      0.95
 -------------------------------------------------------------------------------------------------------------
 Total intensity =    2.61 km/mol
 -------------------------------------------------------------------------------------------------------------

 -------------------------------------------------------------------------------------------------------------
 MODE # 2 ( 3105.96 cm-1)
 -------------------------------------------------------------------------------------------------------------

  ATOM         Ax          Ay          Az      (Ax + Ay + Az)
 C    1        0.00       -0.00        4.25         4.25
 S    2        0.00       -0.00        0.07         0.07
 H    3        0.00       -0.01        9.70         9.68
 H    4       -0.00        0.02        9.71         9.73

 ----------------------------------------------
  ATOM        C         CT        DP      TOTAL
 C    1     -5.23     40.76    -31.29      4.25
 S    2     -0.08      0.83     -0.68      0.07
 H    3     -3.52    -23.93     37.14      9.68
 H    4     -3.59    -24.14     37.46      9.73

 -------------------------------------------------------------------------------------------------------------
  ATOM       C.C      CF.CF     DF.DF      C.CF     CF.C       C.DF     DF.C      CF.DF     DF.CF     TOTAL
 C    1      2.74    -11.12    -56.20      1.43    -21.34     -9.39     16.38     73.22      8.53      4.25
 S    2      0.04     -0.23     -1.22      0.02     -0.43     -0.15      0.36      1.49      0.18      0.07
 H    3      1.86      6.58     66.89      0.97     12.62     -6.36    -19.56    -43.13    -10.20      9.68
 H    4      1.86      6.53     67.10      0.97     12.54     -6.42    -19.49    -43.21    -10.15      9.73
 -------------------------------------------------------------------------------------------------------------
 Total intensity =   23.73 km/mol
 -------------------------------------------------------------------------------------------------------------

 -------------------------------------------------------------------------------------------------------------
 MODE # 3 ( 1509.40 cm-1)
 -------------------------------------------------------------------------------------------------------------

  ATOM         Ax          Ay          Az      (Ax + Ay + Az)
 C    1        0.00        0.01        2.72         2.72
 S    2        0.00        0.00        0.17         0.17
 H    3       -0.00        0.24        0.01         0.25
 H    4        0.01       -0.20       -0.10        -0.29

 ----------------------------------------------
  ATOM        C         CT        DP      TOTAL
 C    1     -3.34     26.03    -19.97      2.72
 S    2     -0.20      2.04     -1.66      0.17
 H    3     -1.71      7.55     -5.60      0.25
 H    4     -2.07      7.81     -6.03     -0.29

 -------------------------------------------------------------------------------------------------------------
  ATOM       C.C      CF.CF     DF.DF      C.CF     CF.C       C.DF     DF.C      CF.DF     DF.CF     TOTAL
 C    1      8.75    404.97    238.45    -51.92    -68.25     39.83     52.39   -310.68   -310.81      2.72
 S    2      0.54     31.69     19.86     -3.18     -5.34      2.44      4.36    -24.31    -25.88      0.17
 H    3      4.95    120.77     70.29    -29.39    -20.36     22.73     15.38    -92.86    -91.28      0.25
 H    4      4.95    118.15     69.07    -29.38    -19.91     22.36     15.22    -90.43    -90.32     -0.29
 -------------------------------------------------------------------------------------------------------------
 Total intensity =    2.85 km/mol
 -------------------------------------------------------------------------------------------------------------

 -------------------------------------------------------------------------------------------------------------
 MODE # 4 ( 1086.30 cm-1)
 -------------------------------------------------------------------------------------------------------------

  ATOM         Ax          Ay          Az      (Ax + Ay + Az)
 C    1       -0.00       -0.00       10.19        10.19
 S    2       -0.00       -0.00        3.61         3.61
 H    3       -0.00        0.00       -1.34        -1.34
 H    4        0.00       -0.00       -1.26        -1.26

 ----------------------------------------------
  ATOM        C         CT        DP      TOTAL
 C    1    -12.52     97.69    -74.98     10.19
 S    2     -4.35     43.38    -35.43      3.61
 H    3      1.99     -2.83     -0.50     -1.34
 H    4      1.99     -2.71     -0.54     -1.26

 -------------------------------------------------------------------------------------------------------------
  ATOM       C.C      CF.CF     DF.DF      C.CF     CF.C       C.DF     DF.C      CF.DF     DF.CF     TOTAL
 C    1     14.43   1182.93    746.51   -151.66   -112.57    124.70     86.40   -972.66   -907.89     10.19
 S    2      5.01    525.29    352.75    -52.63    -49.99     43.27     40.83   -431.92   -429.00      3.61
 H    3     -2.29    -34.22      5.01     24.05      3.26    -19.78      0.58     28.14     -6.09     -1.34
 H    4     -2.29    -32.85      5.30     24.05      3.13    -19.78      0.61     27.01     -6.45     -1.26
 -------------------------------------------------------------------------------------------------------------
 Total intensity =   11.19 km/mol
 -------------------------------------------------------------------------------------------------------------

 -------------------------------------------------------------------------------------------------------------
 MODE # 5 ( 1018.85 cm-1)
 -------------------------------------------------------------------------------------------------------------

  ATOM         Ax          Ay          Az      (Ax + Ay + Az)
 C    1        4.69        0.00        0.00         4.69
 S    2       -0.33        0.00       -0.00        -0.33
 H    3       17.95       -0.00        0.00        17.95
 H    4       17.26        0.00        0.00        17.26

 ----------------------------------------------
  ATOM        C         CT        DP      TOTAL
 C    1     15.50      0.00    -10.81      4.69
 S    2      1.16     -0.00     -1.49     -0.33
 H    3      8.25      0.00      9.70     17.95
 H    4      8.25      0.00      9.01     17.26

 -------------------------------------------------------------------------------------------------------------
  ATOM       C.C      CF.CF     DF.DF      C.CF     CF.C       C.DF     DF.C      CF.DF     DF.CF     TOTAL
 C    1     12.99     -0.00     -1.75      0.00     -0.00      2.51     -9.06      0.00      0.00      4.69
 S    2      0.97     -0.00     -0.24      0.00     -0.00      0.19     -1.24      0.00      0.00     -0.33
 H    3      6.91      0.00      1.57     -0.00      0.00      1.34      8.13      0.00     -0.00     17.95
 H    4      6.91      0.00      1.46     -0.00      0.00      1.34      7.55     -0.00     -0.00     17.26
 -------------------------------------------------------------------------------------------------------------
 Total intensity =   39.57 km/mol
 -------------------------------------------------------------------------------------------------------------

 -------------------------------------------------------------------------------------------------------------
 MODE # 6 ( 1007.62 cm-1)
 -------------------------------------------------------------------------------------------------------------

  ATOM         Ax          Ay          Az      (Ax + Ay + Az)
 C    1        0.00       -0.80        0.00        -0.80
 S    2       -0.00       -0.19       -0.00        -0.19
 H    3        0.00        1.59        0.03         1.62
 H    4        0.01        1.34       -0.02         1.32

 ----------------------------------------------
  ATOM        C         CT        DP      TOTAL
 C    1      2.78      1.84     -5.41     -0.80
 S    2      0.50     -0.10     -0.59     -0.19
 H    3      0.66     -2.83      3.79      1.62
 H    4      0.82     -3.28      3.79      1.32

 -------------------------------------------------------------------------------------------------------------
  ATOM       C.C      CF.CF     DF.DF      C.CF     CF.C       C.DF     DF.C      CF.DF     DF.CF     TOTAL
 C    1      6.82     -4.16     -4.36     -6.28      4.51      2.23    -13.31      1.48     12.25     -0.80
 S    2      1.22      0.22     -0.48     -1.13     -0.24      0.40     -1.45     -0.08      1.34     -0.19
 H    3      1.82      7.27      3.22     -1.80     -7.51      0.64      9.61     -2.59     -9.04      1.62
 H    4      1.82      6.57      2.88     -1.55     -7.51      0.55      8.98     -2.34     -8.07      1.32
 -------------------------------------------------------------------------------------------------------------
 Total intensity =    1.95 km/mol
 -------------------------------------------------------------------------------------------------------------

 -------------------------------------------------------------------------------------------------------------
 MODE # 7 (   33.81 cm-1)
 -------------------------------------------------------------------------------------------------------------

  ATOM         Ax          Ay          Az      (Ax + Ay + Az)
 C    1       -0.00       -0.00       -0.00        -0.00
 S    2        0.00       -0.00       -0.00        -0.00
 H    3        0.41        0.00       -0.00         0.42
 H    4       -0.40        0.01        0.00        -0.39

 ----------------------------------------------
  ATOM        C         CT        DP      TOTAL
 C    1      0.00      0.00     -0.00     -0.00
 S    2      0.00     -0.00     -0.00     -0.00
 H    3      0.19     -0.00      0.23      0.42
 H    4     -0.19      0.00     -0.20     -0.39

 -------------------------------------------------------------------------------------------------------------
  ATOM       C.C      CF.CF     DF.DF      C.CF     CF.C       C.DF     DF.C      CF.DF     DF.CF     TOTAL
 C    1      0.00     -0.00     -0.00      0.00      0.00      0.00     -0.00      0.00      0.00     -0.00
 S    2      0.00     -0.00     -0.00      0.00     -0.00      0.00     -0.00     -0.00      0.00     -0.00
 H    3      0.00     -0.00      0.23     -0.00     -0.00      0.19      0.00     -0.00     -0.00      0.42
 H    4     -0.00      0.00     -0.20      0.00      0.00     -0.19     -0.00     -0.00     -0.00     -0.39
 -------------------------------------------------------------------------------------------------------------
 Total intensity =    0.03 km/mol
 -------------------------------------------------------------------------------------------------------------

 -------------------------------------------------------------------------------------------------------------
 MODE # 8 (    4.87 cm-1)
 -------------------------------------------------------------------------------------------------------------

  ATOM         Ax          Ay          Az      (Ax + Ay + Az)
 C    1       -0.00        2.42       -0.00         2.41
 S    2        0.00        0.61        0.00         0.61
 H    3        0.00        0.78       -0.01         0.77
 H    4        0.00        0.52        0.02         0.54

 ----------------------------------------------
  ATOM        C         CT        DP      TOTAL
 C    1     -8.37     -5.56     16.35      2.41
 S    2     -1.58      0.33      1.86      0.61
 H    3      1.45      2.64     -3.32      0.77
 H    4      1.47      2.60     -3.54      0.54

 -------------------------------------------------------------------------------------------------------------
  ATOM       C.C      CF.CF     DF.DF      C.CF     CF.C       C.DF     DF.C      CF.DF     DF.CF     TOTAL
 C    1     13.57     -0.05     42.74     -0.02      8.98    -21.92    -26.47    -14.49      0.07      2.41
 S    2      2.55      0.04      4.92     -0.01     -0.51     -4.12     -3.04      0.80     -0.02      0.61
 H    3     -2.37      0.17     -8.37     -0.01     -4.12      3.84      5.22      6.59     -0.18      0.77
 H    4     -2.37     -0.15     -9.60      0.02     -4.38      3.82      5.90      7.13      0.16      0.54
 -------------------------------------------------------------------------------------------------------------
 Total intensity =    4.33 km/mol
 -------------------------------------------------------------------------------------------------------------

 -------------------------------------------------------------------------------------------------------------
 MODE # 9 (    3.28 cm-1)
 -------------------------------------------------------------------------------------------------------------

  ATOM         Ax          Ay          Az      (Ax + Ay + Az)
 C    1        0.26       -0.00        0.00         0.26
 S    2        0.33        0.00        0.00         0.33
 H    3       -0.16       -0.00       -0.00        -0.16
 H    4       -0.16        0.00       -0.00        -0.16

 ----------------------------------------------
  ATOM        C         CT        DP      TOTAL
 C    1      0.86      0.00     -0.60      0.26
 S    2     -1.16      0.00      1.49      0.33
 H    3     -0.07     -0.00     -0.09     -0.16
 H    4     -0.07     -0.00     -0.08     -0.16

 -------------------------------------------------------------------------------------------------------------
  ATOM       C.C      CF.CF     DF.DF      C.CF     CF.C       C.DF     DF.C      CF.DF     DF.CF     TOTAL
 C    1     -1.43      0.00     -1.59      0.00      0.00      2.28      1.00     -0.00     -0.00      0.26
 S    2      1.93      0.00      3.97      0.00      0.00     -3.09     -2.48     -0.00     -0.00      0.33
 H    3      0.12     -0.00     -0.23      0.00     -0.00     -0.20      0.15      0.00      0.00     -0.16
 H    4      0.12     -0.00     -0.22     -0.00     -0.00     -0.20      0.14      0.00      0.00     -0.16
 -------------------------------------------------------------------------------------------------------------
 Total intensity =    0.27 km/mol
 -------------------------------------------------------------------------------------------------------------

 -------------------------------------------------------------------------------------------------------------
 MODE #10 (    0.25 cm-1)
 -------------------------------------------------------------------------------------------------------------

  ATOM         Ax          Ay          Az      (Ax + Ay + Az)
 C    1       -0.00       -0.01       -0.00        -0.01
 S    2        0.00        0.01        0.00         0.01
 H    3       -0.00        0.01        0.00         0.01
 H    4        0.00       -0.01        0.00        -0.01

 ----------------------------------------------
  ATOM        C         CT        DP      TOTAL
 C    1      0.02     -0.01     -0.02     -0.01
 S    2     -0.02      0.03      0.00      0.01
 H    3     -0.00     -0.05      0.06      0.01
 H    4     -0.00      0.03     -0.03     -0.01

 -------------------------------------------------------------------------------------------------------------
  ATOM       C.C      CF.CF     DF.DF      C.CF     CF.C       C.DF     DF.C      CF.DF     DF.CF     TOTAL
 C    1     -0.03      0.08     -0.02     -0.01     -0.01      0.06      0.06     -0.07     -0.06     -0.01
 S    2      0.03     -0.07     -0.03      0.01     -0.01     -0.06     -0.03      0.11      0.06      0.01
 H    3      0.00     -0.00      0.15      0.00      0.07     -0.01     -0.09     -0.11     -0.00      0.01
 H    4      0.00     -0.00     -0.09      0.00     -0.04     -0.01      0.05      0.07      0.00     -0.01
 -------------------------------------------------------------------------------------------------------------
 Total intensity =    0.00 km/mol
 -------------------------------------------------------------------------------------------------------------

 -------------------------------------------------------------------------------------------------------------
 MODE #11 (    1.33 cm-1)
 -------------------------------------------------------------------------------------------------------------

  ATOM         Ax          Ay          Az      (Ax + Ay + Az)
 C    1        0.00       -0.23        0.00        -0.23
 S    2        0.00        0.42       -0.00         0.41
 H    3       -0.00       -0.00        0.00         0.00
 H    4        0.00        0.06       -0.00         0.06

 ----------------------------------------------
  ATOM        C         CT        DP      TOTAL
 C    1      0.80      0.57     -1.59     -0.23
 S    2     -1.07      0.18      1.30      0.41
 H    3     -0.07     -0.27      0.34      0.00
 H    4     -0.07     -0.48      0.61      0.06

 -------------------------------------------------------------------------------------------------------------
  ATOM       C.C      CF.CF     DF.DF      C.CF     CF.C       C.DF     DF.C      CF.DF     DF.CF     TOTAL
 C    1     -1.34      0.06     -4.15     -0.01     -0.89      2.15      2.60      1.39     -0.05     -0.23
 S    2      1.78     -0.06      3.37      0.01     -0.35     -2.86     -2.12      0.60      0.05      0.41
 H    3      0.12     -0.01      0.88     -0.00      0.43     -0.19     -0.55     -0.69      0.01      0.00
 H    4      0.12      0.01      1.65      0.00      0.81     -0.19     -1.02     -1.30     -0.01      0.06
 -------------------------------------------------------------------------------------------------------------
 Total intensity =    0.25 km/mol
 -------------------------------------------------------------------------------------------------------------

 -------------------------------------------------------------------------------------------------------------
 MODE #12 (   12.99 cm-1)
 -------------------------------------------------------------------------------------------------------------

  ATOM         Ax          Ay          Az      (Ax + Ay + Az)
 C    1       -2.58       -0.00       -0.00        -2.58
 S    2        0.46       -0.00        0.00         0.46
 H    3        3.24       -0.00        0.00         3.24
 H    4        3.12        0.00        0.00         3.12

 ----------------------------------------------
  ATOM        C         CT        DP      TOTAL
 C    1     -8.52     -0.00      5.94     -2.58
 S    2     -1.59      0.00      2.05      0.46
 H    3      1.49      0.00      1.75      3.24
 H    4      1.49      0.00      1.63      3.12

 -------------------------------------------------------------------------------------------------------------
  ATOM       C.C      CF.CF     DF.DF      C.CF     CF.C       C.DF     DF.C      CF.DF     DF.CF     TOTAL
 C    1     14.35     -0.00     15.95      0.00     -0.00    -22.87    -10.01      0.00      0.00     -2.58
 S    2      2.69      0.00      5.51      0.00     -0.00     -4.28     -3.46     -0.00     -0.00      0.46
 H    3     -2.51      0.00      4.70     -0.00      0.00      4.00     -2.95      0.00     -0.00      3.24
 H    4     -2.51      0.00      4.37     -0.00      0.00      4.00     -2.74     -0.00     -0.00      3.12
 -------------------------------------------------------------------------------------------------------------
 Total intensity =    4.23 km/mol
 -------------------------------------------------------------------------------------------------------------



********************************************************************************
 THEORY LEVEL OF THE DIPOLE MOMENT: MP2                            
********************************************************************************



          Dipole Moment / a.u. (Atomic Contrib.)
          --------------------------------------
          Charge        Dipole        Total
          --------------------------------------
     X    0.00000000    0.00012857    0.00012857
     Y   -0.00000997   -0.00007286   -0.00008282
     Z    1.15865675   -1.84810986   -0.68945311

  Norm    1.15865675    1.84810987    0.68945313
          --------------------------------------



          Dipole Moment / Debye (Atomic Contrib.)
          --------------------------------------
          Charge        Dipole        Total
          --------------------------------------
     X    0.00000000    0.00032681    0.00032681
     Y   -0.00002534   -0.00018518   -0.00021052
     Z    2.94503897   -4.69747020   -1.75243123

  Norm    2.94503897    4.69747022    1.75243127
          --------------------------------------




 ------------------------------------------------------- 
 MOLECULAR CHARGE TENSOR IN THE NORMAL COORDINATES BASIS 
 units = e / sqrt(amu)                                      
 ------------------------------------------------------- 

         d Q  1      d Q  2      d Q  3      d Q  4      d Q  5
  d PX  -0.00000000 -0.00000257  0.00000220  0.00003407  0.16880969
  d PY   0.13131740 -0.00000645 -0.00000258 -0.00000355 -0.00000001
  d PZ  -0.00000015 -0.08167864  0.14030717 -0.12347676  0.00002192
  Norm   0.13131740  0.08167864  0.14030717  0.12347676  0.16880969


         d Q  6      d Q  7      d Q  8      d Q  9      d Q 10
  d PX   0.00000002 -0.00000403 -0.00000197  0.02780910  0.00000089
  d PY   0.10947700 -0.00000580 -0.10803885 -0.00002088  0.00181300
  d PZ  -0.00000642  0.00000026 -0.00000144 -0.00000025  0.00001042
  Norm   0.10947700  0.00000707  0.10803885  0.02780910  0.00181303


         d Q 11      d Q 12
  d PX   0.00000153 -0.11105834
  d PY   0.02643592 -0.00000293
  d PZ  -0.00000215  0.00000003
  Norm   0.02643592  0.11105834



 ------------------------------------------------------------ 
 MOLECULAR CHARGE FLUX TENSOR IN THE NORMAL COORDINATES BASIS 
 units = e / sqrt(amu)                                      
 ------------------------------------------------------------ 

         d Q  1      d Q  2      d Q  3      d Q  4      d Q  5
  d PX   0.00000000  0.00000000  0.00000000  0.00000000  0.00000000
  d PY   0.44673523 -0.00002310 -0.00000791  0.00000318 -0.00006959
  d PZ   0.00098199 -0.04255954 -0.83247268  1.29748465  0.00079248
  Norm   0.44673631  0.04255955  0.83247268  1.29748465  0.00079553


         d Q  6      d Q  7      d Q  8      d Q  9      d Q 10
  d PX   0.00000000  0.00000000  0.00000000  0.00000000  0.00000000
  d PY  -0.10078185  0.00000507  0.00017559 -0.00001137  0.00000245
  d PZ   0.00317282  0.00053293  0.00148430 -0.00016773  0.00012488
  Norm   0.10083178  0.00053295  0.00149465  0.00016811  0.00012490


         d Q 11      d Q 12
  d PX   0.00000000  0.00000000
  d PY  -0.00001068 -0.00001619
  d PZ  -0.00042413  0.00026629
  Norm   0.00042426  0.00026678



 ------------------------------------------------------------ 
 MOLECULAR DIPOLE FLUX TENSOR IN THE NORMAL COORDINATES BASIS 
 units = e / sqrt(amu)                                      
 ------------------------------------------------------------ 

         d Q  1      d Q  2      d Q  3      d Q  4      d Q  5
  d PX  -0.00012103  0.00005328 -0.00202411 -0.00017704  0.03264222
  d PY  -0.62979305 -0.00084408 -0.00729289 -0.00009459 -0.00160990
  d PZ  -0.00089342  0.28026529  0.63864986 -1.06685425 -0.00014595
  Norm   0.62979369  0.28026657  0.63869471  1.06685427  0.03268222


         d Q  6      d Q  7      d Q  8      d Q  9      d Q 10
  d PX  -0.00339782 -0.00404096 -0.00142070 -0.04446647 -0.00010134
  d PY   0.03585169 -0.00392034  0.17451273 -0.00002766 -0.00302367
  d PZ  -0.00111165 -0.00044279 -0.00057604  0.00008683 -0.00017579
  Norm   0.03602950  0.00564752  0.17451946  0.04446656  0.00303048


         d Q 11      d Q 12
  d PX   0.00024395  0.17696648
  d PY  -0.04236095 -0.00045847
  d PZ   0.00020144 -0.00006749
  Norm   0.04236213  0.17696708



 ------------------------------------------------------ 
 MOLECULAR POLAR TENSOR IN THE NORMAL COORDINATES BASIS 
 units = e / sqrt(amu)                                      
 ------------------------------------------------------ 

         d Q  1      d Q  2      d Q  3      d Q  4      d Q  5
  d PX  -0.00012104  0.00005071 -0.00202192 -0.00014297  0.20145191
  d PY  -0.05174042 -0.00087362 -0.00730337 -0.00009496 -0.00167950
  d PZ   0.00008842  0.15602711 -0.05351565  0.10715365  0.00066845
  Norm   0.05174064  0.15602957  0.05404953  0.10715378  0.20146002


         d Q  6      d Q  7      d Q  8      d Q  9      d Q 10
  d PX  -0.00339780 -0.00404499 -0.00142267 -0.01665738 -0.00010045
  d PY   0.04454684 -0.00392107  0.06664947 -0.00005992 -0.00120823
  d PZ   0.00205475  0.00009039  0.00090681 -0.00008114 -0.00004049
  Norm   0.04472346  0.00563426  0.06667082  0.01665768  0.00121307


         d Q 11      d Q 12
  d PX   0.00024548  0.06590814
  d PY  -0.01593571 -0.00047760
  d PZ  -0.00022484  0.00019883
  Norm   0.01593919  0.06591017



   Vibrational Frequencies and IR Intensities
   ------------------------------------------

  ============================================================
  mode    frequency          IR intensity      Boltzmann(298K)
  ============================================================
       cm-1    hartrees     km/mol  (D/A)**2/amu
  ------------------------------------------------------------
   1  3193.24   0.014549       2.610    0.0618    0.999999797
   2  3105.96   0.014152      23.733    0.5617    0.999999691
   3  1509.40   0.006877       2.848    0.0674    0.999313442
   4  1086.30   0.004950      11.193    0.2649    0.994711014
   5  1018.85   0.004642      39.566    0.9364    0.992676096
   6  1007.62   0.004591       1.950    0.0461    0.992268199
   7    33.81   0.000154       0.031    0.0007    0.150543934
   8     4.87   0.000022       4.333    0.1026    0.023238939
   9     3.28   0.000015       0.271    0.0064    0.015722444
  10     0.25   0.000001       0.001    0.0000    0.001218729
  11     1.33   0.000006       0.248    0.0059    0.006405635
  12    12.99   0.000059       4.235    0.1002    0.060750721
  -----------------------------------------------------------




      Host name     : trapista                                
      Date and time : Wed Nov 17 18:28:47 2021



      **************************************
      ****  END OF PLACZEK CALCULATION  ****
      **************************************


