

 **************************************
 *                                    *
 *    OUTPUT FROM PROGRAM PLACZEK     *
 *                                    *
 **************************************
                                                             
 *  A Program Designed to Compute Infrared and Raman Spectra 
 *                                                           
 *  Written by Luciano N. Vidal                              
 *  Universidade Tecnologica Federal do Parana, Brazil       
 *                                                           
 *  If results obtained with this code are published,        
 *  an appropriate citation would be:                        
 *                                                           
 ** For Raman Properties:                                    
 *                                                           
 *  Vidal, L.N., P.A.M. Vazquez; Quim. Nova, 26(4), (2003), 507-511
 *  Vidal, L.N., P.A.M. Vazquez; Int. J. Quant. Chem., 103(5), (2005), 632-648
 *                                                           
 ** For Infrared Properties:                                 
 *                                                           
 *  Faria, S.H.D.M., da Silva Jr., J.V., Haiduke, R.L.A., Vidal, L.N.,
 *  Vazquez, P.A.M., Bruns, R.E.; J. Phys. Chem. A, 111, (2007), 7870-7875
 *                                                           
 *  NOTE:                                                    
 *                                                           
 *  This is an experimental code. The author accept no responsibility for the
 *  performance of the code or for the correctness of the results. Report
 *  bugs to lnvidal@utfpr.edu.br                          
 *                                                           
 ********************************
 * Release date: September.2020 *
 ********************************

       RUNCTRL OPTIONS
       ===============

       REMOTE   = F
       RESTART  = F
       FRIEND   = GAUSSIAN            

       USE SYMMETRY  = F


       VIBANA OPTIONS
       ==============

       HF    = F
       MP2   = F
       CCS   = F
       CC2   = F
       CCSD  = F
       QCISD = F
       DHF   = F
       DFT   = F

       DALHESS    = F
       GAMHESS    = F
       GAUSHES    = T
       C4HESS     = F
       GRADHESS   = F

       RUN        = F


       INFRARED OPTIONS
       ================


       HF    = F
       MP2   = F
       CCS   = F
       CC2   = F
       CCSD  = F
       QCISD = T
       DHF   = F
       DFT   = F


       RUN  = T

       ANGSTROM = T


       OVERTONES = F

       EXPENSIVE DERIVATIVES = F

 * CCTDP ANALYSIS USING HIRSHFELD ATOMIC CHARGES AND DIPOLES


 *************************************
 **** OUTPUT FROM PROGRAM ROTOANA ****
 *************************************

 ------------------------------------------------------
 - ROTATIONAL ANALYSIS WAS DONE USING FRIEND.INP FILE -
 ------------------------------------------------------
                             x            y            z
 * Center of Mass (in A):    0.000000     0.000000    -1.093817

 Inertia Tensor (in u*A^2)
 ------------------------- 
                   x              y              z
  x       580.961587       0.000000       0.000000
  y         0.000000     192.645108       0.000000
  z         0.000000       0.000000     388.316479

 Principal Moments and Principal Axes of Inertia
 -----------------------------------------------
                                 x       y       z
 IA  =    192.645108  u*A^2    ( 0.0000  1.0000  0.0000 )
 IB  =    388.316479  u*A^2    ( 0.0000  0.0000  1.0000 )
 IC  =    580.961587  u*A^2    ( 1.0000  0.0000  0.0000 )

 Principal Cartesian Coordinates 
 ------------------------------- 
       x                    y                    z
C      0.000000000000000    1.085393841124068    0.000000000000000
S      0.000000000000000    4.114895066354464    0.000000000000000
Br     0.000000000000000   -0.916051013243129   -2.964065678354008
Br     0.000000000000000   -0.916051013243129    2.964065678354008

 * Molecule Recognized as Non-Linear

 Rotational Constants
 --------------------
 A =         2623.37 MHz     (        0.087506 cm-1)
 B =         1301.46 MHz     (        0.043412 cm-1)
 C =          869.90 MHz     (        0.029017 cm-1)
 * The molecule is an Asymmetric Top
 * The molecule is Planar

 Atom  Z   Isotopic Mass   Abundance        x             y             z
 C     6.      12.000000    98.900 %        0.000000      0.000000     -0.519451
 S    16.      31.972071    95.020 %        0.000000      0.000000      1.083692
 Br   35.      78.918336    50.690 %        0.000000     -1.568516     -1.578570
 Br   35.      78.918336    50.690 %        0.000000      1.568516     -1.578570

 Total mass:         201.808743 amu
 Natural abundance:   24.147 %


 **************************************
 **** OUTPUT FROM PROGRAM SYMMETRY ****
 **************************************

 * Threshold to consider two distances equal (angstrom) : 5.00D-03

 * Threshold to consider two inertia moments equal : 1.00D-01


 * The following coordinates were used to locate the point group : 
   (center of mass in the origin)

   #  Atom  Z   Isotopic Mass        x             y             z
   1    C   6.      12.000000        0.000000      0.000000      0.574366
   2    S  16.      31.972071        0.000000      0.000000      2.177509
   3    Br 35.      78.918336        0.000000     -1.568516     -0.484753
   4    Br 35.      78.918336        0.000000      1.568516     -0.484753

 Interatomic distances (in A) 
 ---------------------------- 
            1 C      2 S      3 Br     4 Br
   1 C    0.0000   1.6031   1.8926   1.8926
   2 S    1.6031   0.0000   3.0900   3.0900
   3 Br   1.8926   3.0900   0.0000   3.1370
   4 Br   1.8926   3.0900   3.1370   0.0000


 Symmetrically Equivalent Atoms (SEA): 
 -------------------------------------   
 Set | # Atoms | SEA 
   1 |     1   |    1

   2 |     1   |    2

   3 |     2   |    3   4


 * The number of C_n^k axes found is :  1
   ---------------------------------
 Cn-Axis   n   k   theta         Direction (x y z)
    1      2   1     180    0.00000   0.00000  -1.00000

 * The number of reflexion planes found is :  2
   ---------------------------------------
 Plane    Normal vector (x y z)
   1      0.00000  -1.00000   0.00000
   2      1.00000   0.00000   0.00000

 --------------------
 * Point group found: C2v 
 --------------------

 * Order of the group:    4

 * The number of atoms is:    4

 ************************************
 **** OUTPUT FROM PROGRAM VIBANA ****
 ************************************


 @ MOLECULAR HESSIAN READ FROM GAUSSIAN.log FILE                                


                         ==========================
                         =  ENERGY HESSIAN (a.u.) =
                         ==========================


                                1 C                           2 S 
                        X         Y         Z         X         Y         Z
                        1         2         3         4         5         6
         X   1   0.077495  0.000000 -0.000002 -0.030921  0.000000  0.000008
   1 C   Y   2   0.000000  0.231261  0.000000  0.000000 -0.035809 -0.000004
         Z   3  -0.000002  0.000000  0.477671  0.000000  0.000000 -0.370035

         X   4  -0.030921  0.000000  0.000000  0.012357  0.000000 -0.000007
   2 S   Y   5   0.000000 -0.035809  0.000000  0.000000  0.043703  0.000006
         Z   6   0.000008 -0.000004 -0.370035 -0.000007  0.000006  0.431060

         X   7  -0.023287  0.000000  0.000000  0.009273  0.000000 -0.000004
   3 Br  Y   8  -0.000005 -0.097714 -0.045959  0.000005 -0.003955 -0.020074
         Z   9  -0.000003 -0.047725 -0.053818  0.000004 -0.024934 -0.030514

         X  10  -0.023287  0.000000 -0.000002  0.009273  0.000000 -0.000003
   4 Br  Y  11   0.000005 -0.097720  0.045958 -0.000005 -0.003947  0.020075
         Z  12  -0.000003  0.047730 -0.053818  0.000004  0.024928 -0.030514


                                3 Br                          4 Br
                        X         Y         Z         X         Y         Z
                        7         8         9        10        11        12
         X   1  -0.023287 -0.000005 -0.000003 -0.023287  0.000005 -0.000003
   1 C   Y   2   0.000000 -0.097714 -0.047725  0.000000 -0.097720  0.047730
         Z   3   0.000000 -0.045959 -0.053818 -0.000002  0.045958 -0.053818

         X   4   0.009273  0.000005  0.000004  0.009273 -0.000005  0.000004
   2 S   Y   5   0.000000 -0.003955 -0.024934  0.000000 -0.003947  0.024928
         Z   6  -0.000004 -0.020074 -0.030514 -0.000003  0.020075 -0.030514

         X   7   0.007018  0.000003  0.000002  0.007004 -0.000003  0.000002
   3 Br  Y   8   0.000003  0.139007  0.069340  0.000003 -0.037344 -0.003318
         Z   9   0.000002  0.069340  0.079459  0.000002  0.003318  0.004875

         X  10   0.007004  0.000003  0.000002  0.007018 -0.000003  0.000002
   4 Br  Y  11  -0.000003 -0.037344  0.003318 -0.000003  0.139007 -0.069340
         Z  12   0.000002 -0.003318  0.004875  0.000002 -0.069340  0.079459



 *****************************************
 **** OUTPUT FROM PROGRAM POINT GROUP ****
 *****************************************



 Character Table
 --------------------------
 C2v   E   C2z  s(xz) s(yz)
 --------------------------
 A1    1.   1.   1.   1.
 A2    1.   1.  -1.  -1.
 B1    1.  -1.   1.  -1.
 B2    1.  -1.  -1.   1.
 --------------------------


 Translations, Rotations and
 Vibrations in each irreductive
 representation
------------------------------
 C2v     Trans  Rot   Vib   Tot
------------------------------
 A1       1     0     3     4
 A2       0     1     0     1
 B1       1     1     1     3
 B2       1     1     2     4
------------------------------
 Sum      3     3     6    12
------------------------------


 CARTESIAN COORDINATES 
 --------------------- 

  1  C     x     0.000000
  2        y     0.000000
  3        z    -0.519451

  4  S     x     0.000000
  5        y     0.000000
  6        z     1.083692

  7  Br    x     0.000000
  8        y    -1.568516
  9        z    -1.578570

 10  Br    x     0.000000
 11        y     1.568516
 12        z    -1.578570


 SYMMETRY COORDINATES 
 -------------------- 

                                1 C                           2 S 
                        X         Y         Z         X         Y         Z
                        1         2         3         4         5         6
         A1    1   0.000000  0.000000  1.000000  0.000000  0.000000  0.000000
         A1    2   0.000000  0.000000  0.000000  0.000000  0.000000  1.000000
         A1    3   0.000000  0.000000  0.000000  0.000000  0.000000  0.000000
         A1    4   0.000000  0.000000  0.000000  0.000000  0.000000  0.000000

         A2    5   0.000000  0.000000  0.000000  0.000000  0.000000  0.000000

         B1    6   1.000000 -0.000000  0.000000  0.000000  0.000000  0.000000
         B1    7   0.000000  0.000000  0.000000  1.000000 -0.000000  0.000000
         B1    8   0.000000  0.000000  0.000000  0.000000  0.000000  0.000000

         B2    9   0.000000  1.000000  0.000000  0.000000  0.000000  0.000000
         B2   10   0.000000  0.000000  0.000000  0.000000  1.000000  0.000000
         B2   11   0.000000  0.000000  0.000000  0.000000  0.000000  0.000000
         B2   12   0.000000  0.000000  0.000000  0.000000  0.000000  0.000000

                                3 Br                          4 Br
                        X         Y         Z         X         Y         Z
                        7         8         9        10        11        12
         A1    1   0.000000  0.000000  0.000000  0.000000  0.000000  0.000000
         A1    2   0.000000  0.000000  0.000000  0.000000  0.000000  0.000000
         A1    3   0.000000  0.707107  0.000000 -0.000000 -0.707107  0.000000
         A1    4   0.000000  0.000000  0.707107  0.000000  0.000000  0.707107

         A2    5   0.707107  0.000000  0.000000 -0.707107  0.000000  0.000000

         B1    6   0.000000  0.000000  0.000000  0.000000  0.000000  0.000000
         B1    7   0.000000  0.000000  0.000000  0.000000  0.000000  0.000000
         B1    8   0.707107  0.000000  0.000000  0.707107 -0.000000  0.000000

         B2    9   0.000000  0.000000  0.000000  0.000000  0.000000  0.000000
         B2   10   0.000000  0.000000  0.000000  0.000000  0.000000  0.000000
         B2   11   0.000000  0.707107  0.000000  0.000000  0.707107  0.000000
         B2   12   0.000000  0.000000  0.707107  0.000000  0.000000 -0.707107


 -------------------------------------------------- 
 BLOCK-DIAGONALIZED ENERGY HESSIAN (hartree/bohr^2) 
 -------------------------------------------------- 

  A1  BLOCK
  ---------

               1         2         3         4
   1     0.47767  -0.37004  -0.06500  -0.07611
   2    -0.37004   0.43106  -0.02839  -0.04315
   3    -0.06500  -0.02839   0.17635   0.06602
   4    -0.07611  -0.04315   0.06602   0.08433


  A2  BLOCK
  ---------

               1
   1     0.00001


  B1  BLOCK
  ---------

               1         2         3
   1     0.07750  -0.03092  -0.03293
   2    -0.03092   0.01236   0.01311
   3    -0.03293   0.01311   0.01402


  B2  BLOCK
  ---------

               1         2         3         4
   1     0.23126  -0.03581  -0.13819  -0.06750
   2    -0.03581   0.04370  -0.00559  -0.03526
   3    -0.13819  -0.00559   0.10166   0.07266
   4    -0.06750  -0.03526   0.07266   0.07458



 -------------
 @ POINT GROUP : C2v 
 ---------------------------
 IRREP   #   VIB FREQ / cm-1
 ---------------------------
 A1      1       1147.05 
 A1      2        380.07 
 A1      3        187.69 

 B1      4        430.73 

 B2      5        740.53 
 B2      6        236.58 
 ---------------------------


 @  VIBRATIONAL FREQUENCIES  ( in cm-1 )               
    NORMAL COORDINATES       ( in bohr*sqrt(amu) ) and 
    REDUCED MASSES           ( in amu )                


 ----------------------------------------------------------------
 MODE #                 1         2         3         4         5
 VIB FREQ         1147.05    740.53    430.73    380.07    236.58 

 REDMASS          13.8615   12.7575   12.7085   33.1630   42.1120

 ----------------------------------------------------------------
         X   1  -0.000002 -0.000000  0.276855 -0.000091  0.000000
   1 C   Y   2   0.000001  0.278097  0.000000  0.000004 -0.021712
         Z   3   0.255922 -0.000002  0.000032  0.096934 -0.000006

         X   4   0.000000  0.000000 -0.041462  0.000009  0.000000
   2 S   Y   5  -0.000000 -0.015105  0.000000  0.000009  0.133960
         Z   6  -0.081324 -0.000002  0.000039  0.126473 -0.000008

         X   7   0.000000  0.000000 -0.012649  0.000003  0.000000
   3 Br  Y   8  -0.002751 -0.018081 -0.000012 -0.035959 -0.025488
         Z   9  -0.002984 -0.009090 -0.000010 -0.032990 -0.044888

         X  10  -0.000000 -0.000000 -0.012649  0.000003 -0.000000
   4 Br  Y  11   0.002751 -0.018083  0.000012  0.035956 -0.025489
         Z  12  -0.002984  0.009091 -0.000010 -0.032987  0.044892
 ----------------------------------------------------------------

 ----------------------------------------------------------------
 MODE #                 6         7         8         9        10
 VIB FREQ          187.69      5.43      5.16      2.15      0.38 

 REDMASS          56.0697   55.6567   41.2125   78.9167   50.4116

 ----------------------------------------------------------------
         X   1  -0.000004  0.000001  0.024350  0.000005  0.003081
   1 C   Y   2   0.000001  0.023634  0.000001  0.000064  0.044862
         Z   3  -0.059036  0.000025  0.000414  0.000418  0.054202

         X   4  -0.000003  0.000003  0.136539  0.000003  0.003653
   2 S   Y   5  -0.000002  0.090036 -0.000001  0.000063  0.044988
         Z   6  -0.060928  0.000025  0.000415  0.000418  0.054202

         X   7  -0.000000 -0.000002 -0.050140 -0.079588  0.003113
   3 Br  Y   8  -0.070959 -0.020327  0.000001  0.000065  0.044793
         Z   9   0.016840  0.065126  0.000412  0.000416  0.054312

         X  10  -0.000000  0.000001 -0.050139  0.079603  0.002292
   4 Br  Y  11   0.070959 -0.020329  0.000003  0.000065  0.044783
         Z  12   0.016838 -0.065072  0.000415  0.000419  0.054082
 ----------------------------------------------------------------

 ----------------------------------
 MODE #                11        12
 VIB FREQ            0.24i     1.22i
 REDMASS          50.3856   41.1150
 ----------------------------------
         X   1   0.002923  0.077935
   1 C   Y   2  -0.054337  0.000264
         Z   3   0.044745 -0.003949

         X   4   0.003526  0.104353
   2 S   Y   5  -0.054528  0.000266
         Z   6   0.044745 -0.003948

         X   7   0.002767  0.060379
   3 Br  Y   8  -0.054216  0.000260
         Z   9   0.044562 -0.003949

         X  10   0.002279  0.060419
   4 Br  Y  11  -0.054224  0.000265
         Z  12   0.044918 -0.003953
 ----------------------------------
