

 **************************************
 *                                    *
 *    OUTPUT FROM PROGRAM PLACZEK     *
 *                                    *
 **************************************
                                                             
 *  A Program Designed to Compute Infrared and Raman Spectra 
 *                                                           
 *  Written by Luciano N. Vidal                              
 *  Universidade Tecnologica Federal do Parana, Brazil       
 *                                                           
 *  If results obtained with this code are published,        
 *  an appropriate citation would be:                        
 *                                                           
 ** For Raman Properties:                                    
 *                                                           
 *  Vidal, L.N., P.A.M. Vazquez; Quim. Nova, 26(4), (2003), 507-511
 *  Vidal, L.N., P.A.M. Vazquez; Int. J. Quant. Chem., 103(5), (2005), 632-648
 *                                                           
 ** For Infrared Properties:                                 
 *                                                           
 *  Faria, S.H.D.M., da Silva Jr., J.V., Haiduke, R.L.A., Vidal, L.N.,
 *  Vazquez, P.A.M., Bruns, R.E.; J. Phys. Chem. A, 111, (2007), 7870-7875
 *                                                           
 *  NOTE:                                                    
 *                                                           
 *  This is an experimental code. The author accept no responsibility for the
 *  performance of the code or for the correctness of the results. Report
 *  bugs to lnvidal@utfpr.edu.br                          
 *                                                           
 ********************************
 * Release date: September.2020 *
 ********************************

       RUNCTRL OPTIONS
       ===============

       REMOTE   = F
       RESTART  = F
       FRIEND   = GAUSSIAN            

       USE SYMMETRY  = F


       VIBANA OPTIONS
       ==============

       HF    = F
       MP2   = F
       CCS   = F
       CC2   = F
       CCSD  = F
       QCISD = F
       DHF   = F
       DFT   = F

       DALHESS    = F
       GAMHESS    = F
       GAUSHES    = T
       C4HESS     = F
       GRADHESS   = F

       RUN        = F


       INFRARED OPTIONS
       ================


       HF    = F
       MP2   = F
       CCS   = F
       CC2   = F
       CCSD  = F
       QCISD = T
       DHF   = F
       DFT   = F


       RUN  = F

       ANGSTROM = T


       OVERTONES = F

       EXPENSIVE DERIVATIVES = F

 * CCTDP ANALYSIS USING HIRSHFELD ATOMIC CHARGES AND DIPOLES


 *************************************
 **** OUTPUT FROM PROGRAM ROTOANA ****
 *************************************

 ------------------------------------------------------
 - ROTATIONAL ANALYSIS WAS DONE USING FRIEND.INP FILE -
 ------------------------------------------------------
                             x            y            z
 * Center of Mass (in A):    0.000000     0.000000    -1.286635

 Inertia Tensor (in u*A^2)
 ------------------------- 
                   x              y              z
  x       481.541276       0.000000       0.000000
  y         0.000000      80.413096       0.000000
  z         0.000000       0.000000     401.128180

 Principal Moments and Principal Axes of Inertia
 -----------------------------------------------
                                 x       y       z
 IA  =     80.413096  u*A^2    ( 0.0000  1.0000  0.0000 )
 IB  =    401.128180  u*A^2    ( 0.0000  0.0000  1.0000 )
 IC  =    481.541276  u*A^2    ( 1.0000  0.0000  0.0000 )

 Principal Cartesian Coordinates 
 ------------------------------- 
       x                    y                    z
C      0.000000000000000    1.502098823026145    0.000000000000000
Br     0.000000000000000   -0.491677522685252   -3.012565499608593
Br     0.000000000000000   -0.491677522685252    3.012565499608593
O      0.000000000000000    3.724906196846372    0.000000000000000

 * Molecule Recognized as Non-Linear

 Rotational Constants
 --------------------
 A =         6284.79 MHz     (        0.209638 cm-1)
 B =         1259.89 MHz     (        0.042026 cm-1)
 C =         1049.50 MHz     (        0.035008 cm-1)
 * The molecule is an Asymmetric Top
 * The molecule is Planar

 Atom  Z   Isotopic Mass   Abundance        x             y             z
 C     6.      12.000000    98.900 %        0.000000      0.000000     -0.491759
 Br   35.      78.918336    50.690 %        0.000000     -1.594181     -1.546820
 Br   35.      78.918336    50.690 %        0.000000      1.594181     -1.546820
 O     8.      15.994915    99.762 %        0.000000      0.000000      0.684500

 Total mass:         185.831587 amu
 Natural abundance:   25.352 %


 **************************************
 **** OUTPUT FROM PROGRAM SYMMETRY ****
 **************************************

 * Threshold to consider two distances equal (angstrom) : 5.00D-03

 * Threshold to consider two inertia moments equal : 1.00D-01


 * The following coordinates were used to locate the point group : 
   (center of mass in the origin)

   #  Atom  Z   Isotopic Mass        x             y             z
   1    C   6.      12.000000        0.000000      0.000000      0.794876
   2    Br 35.      78.918336        0.000000     -1.594181     -0.260185
   3    Br 35.      78.918336        0.000000      1.594181     -0.260185
   4    O   8.      15.994915        0.000000      0.000000      1.971135

 Interatomic distances (in A) 
 ---------------------------- 
            1 C      2 Br     3 Br     4 O 
   1 C    0.0000   1.9117   1.9117   1.1763
   2 Br   1.9117   0.0000   3.1884   2.7423
   3 Br   1.9117   3.1884   0.0000   2.7423
   4 O    1.1763   2.7423   2.7423   0.0000


 Symmetrically Equivalent Atoms (SEA): 
 -------------------------------------   
 Set | # Atoms | SEA 
   1 |     1   |    1

   2 |     2   |    2   3

   3 |     1   |    4


 * The number of C_n^k axes found is :  1
   ---------------------------------
 Cn-Axis   n   k   theta         Direction (x y z)
    1      2   1     180    0.00000   0.00000  -1.00000

 * The number of reflexion planes found is :  2
   ---------------------------------------
 Plane    Normal vector (x y z)
   1      0.00000  -1.00000   0.00000
   2      1.00000   0.00000   0.00000

 --------------------
 * Point group found: C2v 
 --------------------

 * Order of the group:    4

 * The number of atoms is:    4

 ************************************
 **** OUTPUT FROM PROGRAM VIBANA ****
 ************************************


 @ MOLECULAR HESSIAN READ FROM GAUSSIAN.log FILE                                


                         ==========================
                         =  ENERGY HESSIAN (a.u.) =
                         ==========================


                                1 C                           2 Br
                        X         Y         Z         X         Y         Z
                        1         2         3         4         5         6
         X   1   0.107452  0.000000  0.000003 -0.028297 -0.000001 -0.000001
   1 C   Y   2   0.000000  0.252845 -0.000010  0.000000 -0.090275 -0.033067
         Z   3   0.000003 -0.000010  0.936331 -0.000002 -0.025128 -0.037658

         X   4  -0.028297  0.000000 -0.000002  0.007458  0.000000  0.000000
   2 Br  Y   5  -0.000001 -0.090275 -0.025128  0.000000  0.128647  0.064513
         Z   6  -0.000001 -0.033067 -0.037658  0.000000  0.064513  0.074695

         X   7  -0.028297  0.000000 -0.000001  0.007443  0.000000  0.000000
   3 Br  Y   8   0.000001 -0.090284  0.025127  0.000000 -0.032789  0.003049
         Z   9  -0.000001  0.033076 -0.037657  0.000000 -0.003049  0.004492

         X  10  -0.050887  0.000000  0.000023  0.013421 -0.000007 -0.000007
   4 O   Y  11   0.000000 -0.072307  0.000003  0.000000 -0.005570 -0.034495
         Z  12   0.000000  0.000000 -0.860976  0.000002 -0.036331 -0.041547


                                3 Br                          4 O 
                        X         Y         Z         X         Y         Z
                        7         8         9        10        11        12
         X   1  -0.028297  0.000001 -0.000001 -0.050887  0.000000  0.000000
   1 C   Y   2   0.000000 -0.090284  0.033076  0.000000 -0.072307  0.000000
         Z   3  -0.000001  0.025127 -0.037657  0.000023  0.000003 -0.860976

         X   4   0.007443  0.000000  0.000000  0.013421  0.000000  0.000002
   2 Br  Y   5   0.000000 -0.032789 -0.003049 -0.000007 -0.005570 -0.036331
         Z   6   0.000000  0.003049  0.004492 -0.000007 -0.034495 -0.041547

         X   7   0.007458  0.000000  0.000000  0.013421  0.000000  0.000002
   3 Br  Y   8   0.000000  0.128646 -0.064512  0.000007 -0.005568  0.036331
         Z   9   0.000000 -0.064512  0.074695 -0.000007  0.034493 -0.041547

         X  10   0.013421  0.000007 -0.000007  0.024026  0.000000 -0.000008
   4 O   Y  11   0.000000 -0.005568  0.034493  0.000000  0.083451  0.000000
         Z  12   0.000002  0.036331 -0.041547 -0.000008  0.000000  0.944064



 *****************************************
 **** OUTPUT FROM PROGRAM POINT GROUP ****
 *****************************************



 Character Table
 --------------------------
 C2v   E   C2z  s(xz) s(yz)
 --------------------------
 A1    1.   1.   1.   1.
 A2    1.   1.  -1.  -1.
 B1    1.  -1.   1.  -1.
 B2    1.  -1.  -1.   1.
 --------------------------


 Translations, Rotations and
 Vibrations in each irreductive
 representation
------------------------------
 C2v     Trans  Rot   Vib   Tot
------------------------------
 A1       1     0     3     4
 A2       0     1     0     1
 B1       1     1     1     3
 B2       1     1     2     4
------------------------------
 Sum      3     3     6    12
------------------------------


 CARTESIAN COORDINATES 
 --------------------- 

  1  C     x     0.000000
  2        y     0.000000
  3        z    -0.491759

  4  Br    x     0.000000
  5        y    -1.594181
  6        z    -1.546820

  7  Br    x     0.000000
  8        y     1.594181
  9        z    -1.546820

 10  O     x     0.000000
 11        y     0.000000
 12        z     0.684500


 SYMMETRY COORDINATES 
 -------------------- 

                                1 C                           2 Br
                        X         Y         Z         X         Y         Z
                        1         2         3         4         5         6
         A1    1   0.000000  0.000000  1.000000  0.000000  0.000000  0.000000
         A1    2   0.000000  0.000000  0.000000  0.000000  0.707107  0.000000
         A1    3   0.000000  0.000000  0.000000  0.000000  0.000000  0.707107
         A1    4   0.000000  0.000000  0.000000  0.000000  0.000000  0.000000

         A2    5   0.000000  0.000000  0.000000  0.707107  0.000000  0.000000

         B1    6   1.000000 -0.000000  0.000000  0.000000  0.000000  0.000000
         B1    7   0.000000  0.000000  0.000000  0.707107  0.000000  0.000000
         B1    8   0.000000  0.000000  0.000000  0.000000  0.000000  0.000000

         B2    9   0.000000  1.000000  0.000000  0.000000  0.000000  0.000000
         B2   10   0.000000  0.000000  0.000000  0.000000  0.707107  0.000000
         B2   11   0.000000  0.000000  0.000000  0.000000  0.000000  0.707107
         B2   12   0.000000  0.000000  0.000000  0.000000  0.000000  0.000000

                                3 Br                          4 O 
                        X         Y         Z         X         Y         Z
                        7         8         9        10        11        12
         A1    1   0.000000  0.000000  0.000000  0.000000  0.000000  0.000000
         A1    2  -0.000000 -0.707107  0.000000  0.000000  0.000000  0.000000
         A1    3   0.000000  0.000000  0.707107  0.000000  0.000000  0.000000
         A1    4   0.000000  0.000000  0.000000  0.000000  0.000000  1.000000

         A2    5  -0.707107  0.000000  0.000000  0.000000  0.000000  0.000000

         B1    6   0.000000  0.000000  0.000000  0.000000  0.000000  0.000000
         B1    7   0.707107 -0.000000  0.000000  0.000000  0.000000  0.000000
         B1    8   0.000000  0.000000  0.000000  1.000000 -0.000000  0.000000

         B2    9   0.000000  0.000000  0.000000  0.000000  0.000000  0.000000
         B2   10   0.000000  0.707107  0.000000  0.000000  0.000000  0.000000
         B2   11   0.000000  0.000000 -0.707107  0.000000  0.000000  0.000000
         B2   12   0.000000  0.000000  0.000000  0.000000  1.000000  0.000000


 -------------------------------------------------- 
 BLOCK-DIAGONALIZED ENERGY HESSIAN (hartree/bohr^2) 
 -------------------------------------------------- 

  A1  BLOCK
  ---------

               1         2         3         4
   1     0.93633  -0.03554  -0.05326  -0.86098
   2    -0.03554   0.16144   0.06146  -0.05138
   3    -0.05326   0.06146   0.07919  -0.05876
   4    -0.86098  -0.05138  -0.05876   0.94406


  A2  BLOCK
  ---------

               1
   1     0.00002


  B1  BLOCK
  ---------

               1         2         3
   1     0.10745  -0.04002  -0.05089
   2    -0.04002   0.01490   0.01898
   3    -0.05089   0.01898   0.02403


  B2  BLOCK
  ---------

               1         2         3         4
   1     0.25284  -0.12767  -0.04677  -0.07231
   2    -0.12767   0.09586   0.06756  -0.00788
   3    -0.04677   0.06756   0.07020  -0.04878
   4    -0.07231  -0.00788  -0.04878   0.08345



 -------------
 @ POINT GROUP : C2v 
 ---------------------------
 IRREP   #   VIB FREQ / cm-1
 ---------------------------
 A1      1       1863.34 
 A1      2        442.53 
 A1      3        184.99 

 B1      4        530.47 

 B2      5        786.27 
 B2      6        363.36 
 ---------------------------


 @  VIBRATIONAL FREQUENCIES  ( in cm-1 )               
    NORMAL COORDINATES       ( in bohr*sqrt(amu) ) and 
    REDUCED MASSES           ( in amu )                


 ----------------------------------------------------------------
 MODE #                 1         2         3         4         5
 VIB FREQ         1863.34    786.27    530.47    442.53    363.36 

 REDMASS          13.4228   12.5853   12.6363   17.7336   20.0041

 ----------------------------------------------------------------
         X   1   0.000000 -0.000000  0.264714  0.000024 -0.000000
   1 C   Y   2  -0.000002  0.273169 -0.000000  0.000010  0.044917
         Z   3   0.219013 -0.000005 -0.000007  0.162233 -0.000002

         X   4  -0.000000 -0.000000 -0.010602 -0.000000 -0.000000
   2 Br  Y   5   0.000040 -0.014044  0.000001 -0.027886 -0.024830
         Z   6  -0.000144 -0.004331  0.000001 -0.028932 -0.032249

         X   7  -0.000000 -0.000000 -0.010602 -0.000000 -0.000000
   3 Br  Y   8  -0.000040 -0.014046 -0.000001  0.027882 -0.024831
         Z   9  -0.000144  0.004333  0.000001 -0.028930  0.032250

         X  10   0.000003 -0.000000 -0.094014  0.000021 -0.000000
   4 O   Y  11   0.000000 -0.066368  0.000000 -0.000002  0.211326
         Z  12  -0.162890 -0.000008 -0.000008  0.163833 -0.000002
 ----------------------------------------------------------------

 ----------------------------------------------------------------
 MODE #                 6         7         8         9        10
 VIB FREQ          184.99      2.25      1.85      1.55      0.36 

 REDMASS          53.2308   78.9104   73.0743   58.4749   46.6522

 ----------------------------------------------------------------
         X   1   0.000001  0.000083  0.000130  0.059151 -0.008186
   1 C   Y   2   0.000000 -0.000007 -0.010680 -0.000064 -0.001652
         Z   3   0.060574  0.000880  0.000541  0.010090  0.072613

         X   4   0.000000 -0.079485  0.000187  0.076298 -0.009649
   2 Br  Y   5   0.074553 -0.000012 -0.050647  0.000093 -0.000813
         Z   6  -0.010809  0.000888  0.060917  0.009859  0.071354

         X   7   0.000001  0.079697  0.000146  0.075817 -0.011510
   3 Br  Y   8  -0.074553 -0.000012 -0.050647  0.000096 -0.000790
         Z   9  -0.010809  0.000873 -0.059832  0.010339  0.073922

         X  10   0.000002  0.000057  0.000088  0.040312 -0.005518
   4 O   Y  11  -0.000000 -0.000001  0.033897 -0.000241 -0.002600
         Z  12   0.061376  0.000880  0.000542  0.010090  0.072615
 ----------------------------------------------------------------

 ----------------------------------
 MODE #                11        12
 VIB FREQ            1.22i    10.43i
 REDMASS          35.6373   16.0327
 ----------------------------------
         X   1  -0.000103  0.098457
   1 C   Y   2   0.081104 -0.000000
         Z   3   0.001561 -0.000047

         X   4  -0.000119 -0.018068
   2 Br  Y   5   0.054369  0.000002
         Z   6   0.041933 -0.000024

         X   7  -0.000149 -0.018068
   3 Br  Y   8   0.054371 -0.000003
         Z   9  -0.038816 -0.000024

         X  10  -0.000068  0.228091
   4 O   Y  11   0.110908 -0.000000
         Z  12   0.001561 -0.000043
 ----------------------------------

 -------------------------------------------
 ----  CARTESIAN CHARGE TENSORS (a.u.)  ----
 -------------------------------------------


@       ATOMIC POLAR TENSOR FOR ATOM  C   1

              dX          dY          dZ

  d PX   0.16908300  0.00000000  0.00000000
  d PY   0.00000000  0.16908300  0.00000000
  d PZ   0.00000000  0.00000000  0.16908300


@       ATOMIC POLAR TENSOR FOR ATOM  Br  2

              dX          dY          dZ

  d PX   0.00376900  0.00000000  0.00000000
  d PY   0.00000000  0.00376900  0.00000000
  d PZ   0.00000000  0.00000000  0.00376900


@       ATOMIC POLAR TENSOR FOR ATOM  Br  3

              dX          dY          dZ

  d PX   0.00376900  0.00000000  0.00000000
  d PY   0.00000000  0.00376900  0.00000000
  d PZ   0.00000000  0.00000000  0.00376900


@       ATOMIC POLAR TENSOR FOR ATOM  O   4

              dX          dY          dZ

  d PX  -0.17662400  0.00000000  0.00000000
  d PY   0.00000000 -0.17662400  0.00000000
  d PZ   0.00000000  0.00000000 -0.17662400



 @ 
 @ GAPT Atomic Charges from => ATOMIC CHARGE TENSORS <=                       
 @ 
 @ J. Cioslowski, J. Am. Chem. Soc., 111(22), 8333-8336, 1989
 @ 

 -------------------------
 Atom  #     Charge / a.u.
 -------------------------
 C     1          0.169083
 Br    2          0.003769
 Br    3          0.003769
 O     4         -0.176624
 -------------------------
 Total Charge :  -0.000003
 -------------------------


 ----------------------------------------------------
 ----  CARTESIAN CHARGE TRANSFER TENSORS (a.u.)  ----
 ----------------------------------------------------


@       ATOMIC POLAR TENSOR FOR ATOM  C   1

              dX          dY          dZ

  d PX   0.00000000  0.00000000  0.00000000
  d PY   0.00000000  1.93182854  0.00000000
  d PZ   0.00000000  0.00000000  1.33273682


@       ATOMIC POLAR TENSOR FOR ATOM  Br  2

              dX          dY          dZ

  d PX   0.00000000  0.00000000  0.00000000
  d PY   0.00000000 -0.76090259 -0.35239371
  d PZ   0.00000000 -0.26368041 -0.26074301


@       ATOMIC POLAR TENSOR FOR ATOM  Br  3

              dX          dY          dZ

  d PX   0.00000000  0.00000000  0.00000000
  d PY   0.00000000 -0.76090259  0.35239371
  d PZ   0.00000000  0.26368041 -0.26074301


@       ATOMIC POLAR TENSOR FOR ATOM  O   4

              dX          dY          dZ

  d PX   0.00000000  0.00000000  0.00000000
  d PY   0.00000000 -0.40986394  0.00000000
  d PZ   0.00000000  0.00000000 -0.81125080



 @ 
 @ GAPT Atomic Charges from => ATOMIC CHARGE TRANSFER TENSORS <=              
 @ 
 @ J. Cioslowski, J. Am. Chem. Soc., 111(22), 8333-8336, 1989
 @ 

 -------------------------
 Atom  #     Charge / a.u.
 -------------------------
 C     1          1.088188
 Br    2         -0.340549
 Br    3         -0.340549
 O     4         -0.407038
 -------------------------
 Total Charge :   0.000053
 -------------------------


 --------------------------------------------------------
 ----  CARTESIAN DIPOLE POLARIZATION TENSORS (a.u.)  ----
 --------------------------------------------------------


@       ATOMIC POLAR TENSOR FOR ATOM  C   1

              dX          dY          dZ

  d PX  -0.04540340  0.00000000  0.00000000
  d PY   0.00000000  0.08498586  0.00000000
  d PZ   0.00000000  0.00000000  0.11782131


@       ATOMIC POLAR TENSOR FOR ATOM  Br  2

              dX          dY          dZ

  d PX   0.02148459  0.00000000  0.00000000
  d PY   0.00000000 -0.01140377  0.00195796
  d PZ   0.00000000 -0.01825661  0.09170641


@       ATOMIC POLAR TENSOR FOR ATOM  Br  3

              dX          dY          dZ

  d PX   0.02148459  0.00000000  0.00000000
  d PY   0.00000000 -0.01140377 -0.00195796
  d PZ   0.00000000  0.01825661  0.09170641


@       ATOMIC POLAR TENSOR FOR ATOM  O   4

              dX          dY          dZ

  d PX   0.00238130  0.00000000  0.00000000
  d PY   0.00000000 -0.06207249  0.00000000
  d PZ   0.00000000  0.00000000 -0.30120767



 @ 
 @ GAPT Atomic Charges from => ATOMIC DIPOLE POLARIZATION TENSORS <=          
 @ 
 @ J. Cioslowski, J. Am. Chem. Soc., 111(22), 8333-8336, 1989
 @ 

 -------------------------
 Atom  #     Charge / a.u.
 -------------------------
 C     1          0.052468
 Br    2          0.033929
 Br    3          0.033929
 O     4         -0.120300
 -------------------------
 Total Charge :   0.000026
 -------------------------


 ---------------------------------------------------
 ----  CARTESIAN MOLECULAR POLAR TENSOR (a.u.)  ----
 ---------------------------------------------------


@       ATOMIC POLAR TENSOR FOR ATOM  C   1

              dX          dY          dZ

  d PX   0.12367960  0.00000000  0.00000000
  d PY   0.00000000  2.18589740  0.00000000
  d PZ   0.00000000  0.00000000  1.61964113


@       ATOMIC POLAR TENSOR FOR ATOM  Br  2

              dX          dY          dZ

  d PX   0.02525359  0.00000000  0.00000000
  d PY   0.00000000 -0.76853736 -0.35043575
  d PZ   0.00000000 -0.28193702 -0.16526760


@       ATOMIC POLAR TENSOR FOR ATOM  Br  3

              dX          dY          dZ

  d PX   0.02525359  0.00000000  0.00000000
  d PY   0.00000000 -0.76853736  0.35043575
  d PZ   0.00000000  0.28193702 -0.16526760


@       ATOMIC POLAR TENSOR FOR ATOM  O   4

              dX          dY          dZ

  d PX  -0.17424270  0.00000000  0.00000000
  d PY   0.00000000 -0.64856042  0.00000000
  d PZ   0.00000000  0.00000000 -1.28908247



 @ 
 @ GAPT Atomic Charges from => TOTAL (C+CF+DF) ATOMIC POLAR TENSOR <=         
 @ 
 @ J. Cioslowski, J. Am. Chem. Soc., 111(22), 8333-8336, 1989
 @ 

 -------------------------
 Atom  #     Charge / a.u.
 -------------------------
 C     1          1.309739
 Br    2         -0.302850
 Br    3         -0.302850
 O     4         -0.703962
 -------------------------
 Total Charge :   0.000077
 -------------------------




 ************************************
 *   OUTPUT FROM PROGRAM INFRAINT   *
 ************************************

 -----------------------------------------------------------------------------------
 ATOMIC CONTRIBUTIONS TO THE IR INTENSITIES

 Ax = K.( \sum_b{ (dPx^a/dxb).(dxb/dQj) +
                  (dPx^a/dyb).(dyb/dQj) +
                  (dPx^a/dzb).(dzb/dQj) } ).(dPx/dQj)

 Ay = K.( \sum_b{ (dPy^a/dxb).(dxb/dQj) +
                  (dPy^a/dyb).(dyb/dQj) +
                  (dPy^a/dzb).(dzb/dQj) } ).(dPy/dQj)

 Az = K.( \sum_b{ (dPz^a/dxb).(dxb/dQj) +
                  (dPz^a/dyb).(dyb/dQj) +
                  (dPz^a/dzb).(dzb/dQj) } ).(dPz/dQj)

  K = 974.864 km.amu / (mol.e^2)

 Px^a = x-component of the atomic dipole moment of atom a
 Py^a = y-component of the atomic dipole moment of atom a
 Pz^a = z-component of the atomic dipole moment of atom a

 xb = x-coordinate of atom b
 yb = y-coordinate of atom b
 zb = z-coordinate of atom b
 -----------------------------------------------------------------------------------

 -------------------------------------------------------------------------------------------------------------
 MODE # 1 ( 1863.34 cm-1)
 -------------------------------------------------------------------------------------------------------------

  ATOM         Ax          Ay          Az      (Ax + Ay + Az)
 C    1        0.00        0.00       39.81        39.81
 Br   2       -0.00       -0.00       61.04        61.04
 Br   3       -0.00        0.00       61.04        61.04
 O    4        0.00       -0.00      149.01       149.01

 ----------------------------------------------
  ATOM        C         CT        DP      TOTAL
 C    1     20.39      0.00     19.42     39.81
 Br   2     -0.00     66.64     -5.60     61.04
 Br   3     -0.00     66.65     -5.60     61.04
 O    4     15.84    100.18     32.98    149.01
 -------------------------------------------------------------------------------------------------------------
 Total intensity =  310.90 km/mol
 -------------------------------------------------------------------------------------------------------------

 -------------------------------------------------------------------------------------------------------------
 MODE # 2 (  786.27 cm-1)
 -------------------------------------------------------------------------------------------------------------

  ATOM         Ax          Ay          Az      (Ax + Ay + Az)
 C    1        0.00       48.00       -0.00        48.00
 Br   2       -0.00      190.91        0.00       190.91
 Br   3       -0.00      190.91       -0.00       190.91
 O    4        0.00        1.01        0.00         1.01

 ----------------------------------------------
  ATOM        C         CT        DP      TOTAL
 C    1     29.93      0.00     18.07     48.00
 Br   2     -0.03    187.73      3.22    190.91
 Br   3     -0.03    187.73      3.22    190.91
 O    4      7.60     -0.00     -6.59      1.01
 -------------------------------------------------------------------------------------------------------------
 Total intensity =  430.83 km/mol
 -------------------------------------------------------------------------------------------------------------

 -------------------------------------------------------------------------------------------------------------
 MODE # 3 (  530.47 cm-1)
 -------------------------------------------------------------------------------------------------------------

  ATOM         Ax          Ay          Az      (Ax + Ay + Az)
 C    1        5.46        0.00        0.00         5.46
 Br   2       -1.77        0.00       -0.00        -1.77
 Br   3       -1.77       -0.00       -0.00        -1.77
 O    4        0.38       -0.00        0.00         0.38

 ----------------------------------------------
  ATOM        C         CT        DP      TOTAL
 C    1      2.12      0.00      3.34      5.46
 Br   2     -0.00      0.00     -1.77     -1.77
 Br   3     -0.00      0.00     -1.77     -1.77
 O    4      0.79      0.00     -0.41      0.38
 -------------------------------------------------------------------------------------------------------------
 Total intensity =    2.30 km/mol
 -------------------------------------------------------------------------------------------------------------

 -------------------------------------------------------------------------------------------------------------
 MODE # 4 (  442.53 cm-1)
 -------------------------------------------------------------------------------------------------------------

  ATOM         Ax          Ay          Az      (Ax + Ay + Az)
 C    1       -0.00        0.00        2.67         2.67
 Br   2        0.00        0.00        0.55         0.55
 Br   3        0.00       -0.00        0.55         0.54
 O    4        0.00        0.00        2.00         2.00

 ----------------------------------------------
  ATOM        C         CT        DP      TOTAL
 C    1      2.06      0.00      0.61      2.67
 Br   2     -0.01      2.63     -2.07      0.55
 Br   3     -0.01      2.63     -2.07      0.54
 O    4     -2.17      3.22      0.95      2.00
 -------------------------------------------------------------------------------------------------------------
 Total intensity =    5.76 km/mol
 -------------------------------------------------------------------------------------------------------------

 -------------------------------------------------------------------------------------------------------------
 MODE # 5 (  363.36 cm-1)
 -------------------------------------------------------------------------------------------------------------

  ATOM         Ax          Ay          Az      (Ax + Ay + Az)
 C    1        0.00       -0.22        0.00        -0.22
 Br   2       -0.00        0.68       -0.00         0.68
 Br   3       -0.00        0.68        0.00         0.68
 O    4        0.00       -0.66        0.00        -0.66

 ----------------------------------------------
  ATOM        C         CT        DP      TOTAL
 C    1      0.16      0.00     -0.38     -0.22
 Br   2     -0.00      0.65      0.03      0.68
 Br   3     -0.00      0.65      0.03      0.68
 O    4     -0.80      0.00      0.13     -0.66
 -------------------------------------------------------------------------------------------------------------
 Total intensity =    0.47 km/mol
 -------------------------------------------------------------------------------------------------------------

 -------------------------------------------------------------------------------------------------------------
 MODE # 6 (  184.99 cm-1)
 -------------------------------------------------------------------------------------------------------------

  ATOM         Ax          Ay          Az      (Ax + Ay + Az)
 C    1       -0.00        0.00       -0.28        -0.28
 Br   2        0.00        0.00        0.20         0.20
 Br   3        0.00       -0.00        0.20         0.20
 O    4        0.00        0.00        0.24         0.24

 ----------------------------------------------
  ATOM        C         CT        DP      TOTAL
 C    1     -0.19      0.00     -0.08     -0.28
 Br   2      0.00      0.02      0.18      0.20
 Br   3      0.00      0.02      0.18      0.20
 O    4      0.21      0.01      0.02      0.24
 -------------------------------------------------------------------------------------------------------------
 Total intensity =    0.37 km/mol
 -------------------------------------------------------------------------------------------------------------

 -----------------------------------------------------------------------------------
 DYNAMIC CONTRIBUTIONS TO THE IR INTENSITIES

 Ax = K.( (dPx/dxa).(dxa/dQj) +
          (dPx/dya).(dya/dQj) +
          (dPx/dza).(dza/dQj) ).(dPx/dQj)

 Ay = K.( (dPy/dxa).(dxa/dQj) +
          (dPy/dya).(dya/dQj) +
          (dPy/dza).(dza/dQj) ).(dPy/dQj)

 Az = K.( (dPz/dxa).(dxa/dQj) +
          (dPz/dya).(dya/dQj) +
          (dPz/dza).(dza/dQj) ).(dPz/dQj)

  K = 974.864 km.amu / (mol.e^2)

 Px = x-component of the molecular dipole moment
 Py = y-component of the molecular dipole moment
 Pz = z-component of the molecular dipole moment

 xa = x-coordinate of atom a
 ya = y-coordinate of atom a
 za = z-coordinate of atom a
 -----------------------------------------------------------------------------------

 -------------------------------------------------------------------------------------------------------------
 MODE # 1 ( 1863.34 cm-1)
 -------------------------------------------------------------------------------------------------------------

  ATOM         Ax          Ay          Az      (Ax + Ay + Az)
 C    1       -0.00        0.00      195.29       195.29
 Br   2        0.00       -0.00        0.01         0.01
 Br   3        0.00        0.00        0.01         0.01
 O    4        0.00        0.00      115.60       115.60

 ----------------------------------------------
  ATOM        C         CT        DP      TOTAL
 C    1     20.39    160.69     14.21    195.29
 Br   2     -0.00      0.01     -0.01      0.01
 Br   3     -0.00      0.01     -0.01      0.01
 O    4     15.84     72.75     27.01    115.60
 -------------------------------------------------------------------------------------------------------------
 Total intensity =  310.90 km/mol
 -------------------------------------------------------------------------------------------------------------

 -------------------------------------------------------------------------------------------------------------
 MODE # 2 (  786.27 cm-1)
 -------------------------------------------------------------------------------------------------------------

  ATOM         Ax          Ay          Az      (Ax + Ay + Az)
 C    1       -0.00      386.98       -0.00       386.98
 Br   2       -0.00        7.98        0.00         7.98
 Br   3       -0.00        7.98       -0.00         7.98
 O    4        0.00       27.90        0.00        27.90

 ----------------------------------------------
  ATOM        C         CT        DP      TOTAL
 C    1     29.93    342.00     15.05    386.98
 Br   2     -0.03      7.91      0.10      7.98
 Br   3     -0.03      7.92      0.10      7.98
 O    4      7.60     17.63      2.67     27.90
 -------------------------------------------------------------------------------------------------------------
 Total intensity =  430.83 km/mol
 -------------------------------------------------------------------------------------------------------------

 -------------------------------------------------------------------------------------------------------------
 MODE # 3 (  530.47 cm-1)
 -------------------------------------------------------------------------------------------------------------

  ATOM         Ax          Ay          Az      (Ax + Ay + Az)
 C    1        1.55        0.00        0.00         1.55
 Br   2       -0.01        0.00        0.00        -0.01
 Br   3       -0.01       -0.00        0.00        -0.01
 O    4        0.78        0.00       -0.00         0.78

 ----------------------------------------------
  ATOM        C         CT        DP      TOTAL
 C    1      2.12      0.00     -0.57      1.55
 Br   2     -0.00      0.00     -0.01     -0.01
 Br   3     -0.00      0.00     -0.01     -0.01
 O    4      0.79     -0.00     -0.01      0.78
 -------------------------------------------------------------------------------------------------------------
 Total intensity =    2.30 km/mol
 -------------------------------------------------------------------------------------------------------------

 -------------------------------------------------------------------------------------------------------------
 MODE # 4 (  442.53 cm-1)
 -------------------------------------------------------------------------------------------------------------

  ATOM         Ax          Ay          Az      (Ax + Ay + Az)
 C    1       -0.00        0.00       19.69        19.69
 Br   2        0.00        0.00        0.95         0.95
 Br   3        0.00       -0.00        0.95         0.95
 O    4        0.00        0.00      -15.82       -15.82

 ----------------------------------------------
  ATOM        C         CT        DP      TOTAL
 C    1      2.06     16.20      1.43     19.69
 Br   2     -0.01      1.12     -0.16      0.95
 Br   3     -0.01      1.12     -0.16      0.95
 O    4     -2.17     -9.96     -3.70    -15.82
 -------------------------------------------------------------------------------------------------------------
 Total intensity =    5.76 km/mol
 -------------------------------------------------------------------------------------------------------------

 -------------------------------------------------------------------------------------------------------------
 MODE # 5 (  363.36 cm-1)
 -------------------------------------------------------------------------------------------------------------

  ATOM         Ax          Ay          Az      (Ax + Ay + Az)
 C    1       -0.00        2.10        0.00         2.10
 Br   2       -0.00        0.65       -0.00         0.65
 Br   3       -0.00        0.65        0.00         0.65
 O    4        0.00       -2.93       -0.00        -2.93

 ----------------------------------------------
  ATOM        C         CT        DP      TOTAL
 C    1      0.16      1.85      0.08      2.10
 Br   2     -0.00      0.65      0.00      0.65
 Br   3     -0.00      0.65      0.00      0.65
 O    4     -0.80     -1.85     -0.28     -2.93
 -------------------------------------------------------------------------------------------------------------
 Total intensity =    0.47 km/mol
 -------------------------------------------------------------------------------------------------------------

 -------------------------------------------------------------------------------------------------------------
 MODE # 6 (  184.99 cm-1)
 -------------------------------------------------------------------------------------------------------------

  ATOM         Ax          Ay          Az      (Ax + Ay + Az)
 C    1       -0.00        0.00       -1.86        -1.86
 Br   2       -0.00       -0.00        0.37         0.37
 Br   3       -0.00        0.00        0.37         0.37
 O    4        0.00        0.00        1.50         1.50

 ----------------------------------------------
  ATOM        C         CT        DP      TOTAL
 C    1     -0.19     -1.53     -0.14     -1.86
 Br   2      0.00      0.32      0.04      0.37
 Br   3      0.00      0.32      0.04      0.37
 O    4      0.21      0.95      0.35      1.50
 -------------------------------------------------------------------------------------------------------------
 Total intensity =    0.37 km/mol
 -------------------------------------------------------------------------------------------------------------



********************************************************************************
 THEORY LEVEL OF THE DIPOLE MOMENT: QCISD                          
********************************************************************************



          Dipole Moment / a.u. (Atomic Contrib.)
          --------------------------------------
          Charge        Dipole        Total
          --------------------------------------
     X    0.00000000    0.00000000    0.00000000
     Y    0.00000000    0.00000000    0.00000000
     Z   -0.40762743   -0.08037300   -0.48800043

  Norm    0.40762743    0.08037300    0.48800043
          --------------------------------------



          Dipole Moment / Debye (Atomic Contrib.)
          --------------------------------------
          Charge        Dipole        Total
          --------------------------------------
     X    0.00000000    0.00000000    0.00000000
     Y    0.00000000    0.00000000    0.00000000
     Z   -1.03609517   -0.20428968   -1.24038485

  Norm    1.03609517    0.20428968    1.24038485
          --------------------------------------




 ------------------------------------------------------- 
 MOLECULAR CHARGE TENSOR IN THE NORMAL COORDINATES BASIS 
 units = e / sqrt(amu)                                      
 ------------------------------------------------------- 

         d Q  1      d Q  2      d Q  3      d Q  4      d Q  5
  d PX  -0.00000047  0.00000000  0.06128390  0.00000035  0.00000000
  d PY  -0.00000036  0.05780441 -0.00000000  0.00000202 -0.02991775
  d PZ   0.06580060  0.00000047  0.00000030 -0.00172412 -0.00000000
  Norm   0.06580060  0.05780441  0.06128390  0.00172412  0.02991775


         d Q  6
  d PX  -0.00000011
  d PY   0.00000011
  d PZ  -0.00067995
  Norm   0.00067995



 ----------------------------------------------------------- 
 MOLECULAR CHARGE TRANSFER TENSOR IN THE NORMAL COORD. BASIS 
 units = e / sqrt(amu)                                      
 ----------------------------------------------------------- 

         d Q  1      d Q  2      d Q  3      d Q  4      d Q  5
  d PX   0.00000000  0.00000000  0.00000000  0.00000000  0.00000000
  d PY  -0.00000350  0.57934261 -0.00000000  0.00002378  0.06067404
  d PZ   0.42408522 -0.00000193 -0.00000366  0.11309673 -0.00000140
  Norm   0.42408522  0.57934261  0.00000366  0.11309674  0.06067404


         d Q  6
  d PX   0.00000000
  d PY   0.00000055
  d PZ  -0.00274165
  Norm   0.00274165



 ----------------------------------------------------------- 
 MOLECULAR DIPOLE POLARIZ. TENSOR IN THE NORMAL COORD. BASIS 
 units = e / sqrt(amu)                                      
 ----------------------------------------------------------- 

         d Q  1      d Q  2      d Q  3      d Q  4      d Q  5
  d PX  -0.00000001  0.00000000 -0.01269838 -0.00000105  0.00000000
  d PY  -0.00000017  0.02763843 -0.00000000  0.00000101 -0.00886019
  d PZ   0.07484041  0.00000185  0.00000182 -0.03452160  0.00000034
  Norm   0.07484041  0.02763843  0.01269838  0.03452160  0.00886019


         d Q  6
  d PX  -0.00000004
  d PY   0.00000004
  d PZ  -0.01605477
  Norm   0.01605477



 ------------------------------------------------------ 
 MOLECULAR POLAR TENSOR IN THE NORMAL COORDINATES BASIS 
 units = e / sqrt(amu)                                      
 ------------------------------------------------------ 

         d Q  1      d Q  2      d Q  3      d Q  4      d Q  5
  d PX  -0.00000048  0.00000000  0.04858552 -0.00000070  0.00000000
  d PY  -0.00000403  0.66478545 -0.00000000  0.00002682  0.02189610
  d PZ   0.56472623  0.00000039 -0.00000153  0.07685102 -0.00000106
  Norm   0.56472623  0.66478545  0.04858552  0.07685103  0.02189610


         d Q  6
  d PX  -0.00000016
  d PY   0.00000070
  d PZ  -0.01947637
  Norm   0.01947637



   Vibrational Frequencies and IR Intensities
   ------------------------------------------

  ============================================================
  mode    frequency          IR intensity      Boltzmann(298K)
  ============================================================
       cm-1    hartrees     km/mol  (D/A)**2/amu
  ------------------------------------------------------------
   1  1863.34   0.008490     310.899    7.3578    0.999875576
   2   786.27   0.003582     430.831   10.1961    0.977500126
   3   530.47   0.002417       2.301    0.0545    0.922686310
   4   442.53   0.002016       5.758    0.1363    0.881813636
   5   363.36   0.001656       0.467    0.0111    0.826824590
   6   184.99   0.000843       0.370    0.0088    0.590441919
  -----------------------------------------------------------


 ===============================================================================
 IRREP    #   g_k  VIB FREQ      IR Intensities       Boltzmann  Dipole Operator
 ===============================================================================
                     cm-1       km/mol  (D/A)**2/amu     298K     mu_x mu_y mu_z
  ------------------------------------------------------------------------------
  A1      1    1    1863.34    310.899     7.3578     0.9998756    ia   ia    a
  A1      2    1     442.53      5.758     0.1363     0.8818136    ia   ia    a
  A1      3    1     184.99      0.370     0.0088     0.5904419    ia   ia    a
  B1      4    1     530.47      2.301     0.0545     0.9226863     a   ia   ia
  B2      5    1     786.27    430.831    10.1961     0.9775001    ia    a   ia
  B2      6    1     363.36      0.467     0.0111     0.8268246    ia    a   ia
  ------------------------------------------------------------------------------




      Host name     : trapista                                
      Date and time : Thu Sep 15 09:45:56 2022



      **************************************
      ****  END OF PLACZEK CALCULATION  ****
      **************************************


